#
# A fatal error has been detected by the Java Runtime Environment:
#
#  EXCEPTION_ACCESS_VIOLATION (0xc0000005) at pc=0x0000000000000000, pid=11552, tid=5112
#
# JRE version: Java(TM) SE Runtime Environment (25.0.1+8) (build 25.0.1+8-LTS-27)
# Java VM: Java HotSpot(TM) 64-Bit Server VM (25.0.1+8-LTS-27, mixed mode, sharing, tiered, compressed oops, compressed class ptrs, g1 gc, windows-amd64)
# Problematic frame:
# C  [freetype.dll+0x5a7a]
#
# No core dump will be written. Minidumps are not enabled by default on client versions of Windows
#
# If you would like to submit a bug report, please visit:
#   https://bugreport.java.com/bugreport/crash.jsp
# The crash happened outside the Java Virtual Machine in native code.
# See problematic frame for where to report the bug.
#

---------------  S U M M A R Y ------------

Command Line: -Dfile.encoding=UTF-8 -Duser.country=GB -Duser.language=en -Duser.variant com.servilious.projmtn.Game -enableDevMode

Host: 13th Gen Intel(R) Core(TM) i5-13420H, 12 cores, 15G,  Windows 11 , 64 bit Build 26100 (10.0.26100.8521)
Time: Wed Jul  1 11:54:47 2026 GMT Summer Time elapsed time: 0.775064 seconds (0d 0h 0m 0s)

---------------  T H R E A D  ---------------

Current thread (0x0000017597ca6320):  JavaThread "main"             [_thread_in_native, id=5112, stack(0x0000006279200000,0x0000006279300000) (1024K)]

Stack: [0x0000006279200000,0x0000006279300000],  sp=0x00000062792febb0,  free space=1018k
Native frames: (J=compiled Java code, j=interpreted, Vv=VM code, C=native code)

Java frames: (J=compiled Java code, j=interpreted, Vv=VM code)
v  ~RuntimeStub::nep_invoker_blob 0x00000175aa07ba68
j  java.lang.invoke.LambdaForm$MH+0x000000008510a000.invoke(Ljava/lang/Object;JJJ)I+12 java.base@25.0.1
j  java.lang.invoke.LambdaForm$MH+0x0000000085111000.invokeExact_MT(Ljava/lang/Object;JJJLjava/lang/Object;)I+23 java.base@25.0.1
j  jdk.internal.foreign.abi.DowncallStub+0x000000008510a400.invoke(Ljava/lang/foreign/SegmentAllocator;Ljava/lang/foreign/MemorySegment;JJ)I+52 java.base@25.0.1
j  java.lang.invoke.LambdaForm$DMH+0x000000008510ac00.invokeStaticInit(Ljava/lang/Object;Ljava/lang/Object;Ljava/lang/Object;JJ)I+16 java.base@25.0.1
j  java.lang.invoke.LambdaForm$MH+0x0000000085110000.invoke(Ljava/lang/Object;Ljava/lang/Object;JJ)I+43 java.base@25.0.1
j  java.lang.invoke.LambdaForm$MH+0x0000000085110800.invokeExact_MT(Ljava/lang/Object;Ljava/lang/Object;JJLjava/lang/Object;)I+23 java.base@25.0.1
j  org.lwjgl.system.JNIBindingsImpl+0x0000000085070000.invokePPI(Ljava/lang/foreign/MemorySegment;JJ)I+7
j  org.lwjgl.system.JNI.invokePPI(JJJ)I+10
j  org.lwjgl.util.freetype.FreeType.nFT_New_Library(JJ)I+9
j  org.lwjgl.util.freetype.FreeType.FT_New_Library(Lorg/lwjgl/util/freetype/FT_Memory;Lorg/lwjgl/PointerBuffer;)I+19
j  com.servilious.projmtn.Game.main([Ljava/lang/String;)V+94
v  ~StubRoutines::call_stub 0x00000175a9df12ed

siginfo: EXCEPTION_ACCESS_VIOLATION (0xc0000005), data execution prevention violation at address 0x0000000000000000


Registers:
RAX=0x0000000000000000, RBX=0x00000175ba367880, RCX=0x00000175bf303b80, RDX=0x0000000000000178
RSP=0x00000062792feba8, RBP=0x00000062792fec00, RSI=0x00000175b9a27e70, RDI=0x00000175bf303b80
R8 =0x00000175bf303b80, R9 =0x00000175b9a27e70, R10=0x00007ff8a46e5a50, R11=0x00000175aa43f280
R12=0x0000000000000000, R13=0x00000062792fec18, R14=0x00000062792fece0, R15=0x0000017597ca6320
RIP=0x0000000000000000, EFLAGS=0x0000000000010202

XMM[0]=0x3b3b3b3b3b3b3b3b 0x3b3b3b3b3b3b3b3b
XMM[1]=0x0000000000000000 0x0000000000000000
XMM[2]=0x2525252525252525 0x2525252525252525
XMM[3]=0x69706d6f43246d72 0x6f466164626d614c
XMM[4]=0x697461746f6e6e61 0x2f6d762f6c616e72
XMM[5]=0x78302b484d246d72 0x6f466164626d614c
XMM[6]=0x0000000000000000 0x9f1b22ef50a84614
XMM[7]=0x0000000000000000 0x91ff0dc6f74dde34
XMM[8]=0x0000000000000000 0x8e8662f20aa274b1
XMM[9]=0x0000000000000000 0xba829b1add31c85e
XMM[10]=0x0000000000000000 0x0000000022af2d44
XMM[11]=0x0000000000000000 0x11072ae0ee38f33e
XMM[12]=0x0000000000000000 0x00000000dd31c85e
XMM[13]=0x0000000000000000 0x0000000000000000
XMM[14]=0x0000000000000000 0x0000000000000000
XMM[15]=0x0000000000000000 0x0000000000000000
  MXCSR=0x00001fa0


Register to memory mapping:

RAX=0x0 is null
RBX={method} {0x00000175ba367888} 'linkToNative' '(JJJLjava/lang/Object;)I' in 'java/lang/invoke/MethodHandle'
RCX=0x00000175bf303b80 points into unknown readable memory: 0x0000000000000000 | 00 00 00 00 00 00 00 00
RDX=0x0000000000000178 is an unknown value
RSP=0x00000062792feba8 is pointing into the stack for thread: 0x0000017597ca6320
RBP=0x00000062792fec00 is pointing into the stack for thread: 0x0000017597ca6320
RSI=0x00000175b9a27e70 points into unknown readable memory: 0x0000000000000000 | 00 00 00 00 00 00 00 00
RDI=0x00000175bf303b80 points into unknown readable memory: 0x0000000000000000 | 00 00 00 00 00 00 00 00
R8 =0x00000175bf303b80 points into unknown readable memory: 0x0000000000000000 | 00 00 00 00 00 00 00 00
R9 =0x00000175b9a27e70 points into unknown readable memory: 0x0000000000000000 | 00 00 00 00 00 00 00 00
R10=0x00007ff8a46e5a50 freetype.dll
R11=0x00000175aa43f280 is at entry_point+0 in (nmethod*)0x00000175aa43f188
Compiled method (n/a) 828 2302     n 0       java.lang.invoke.MethodHandle::linkToNative(JJJL)I (native)
 total in heap  [0x00000175aa43f188,0x00000175aa43f288] = 256
 main code      [0x00000175aa43f280,0x00000175aa43f287] = 7
 stub code      [0x00000175aa43f287,0x00000175aa43f288] = 1
R12=0x0 is null
R13=0x00000062792fec18 is pointing into the stack for thread: 0x0000017597ca6320
R14=0x00000062792fece0 is pointing into the stack for thread: 0x0000017597ca6320
R15=0x0000017597ca6320 is a thread

Top of Stack: (sp=0x00000062792feba8)
0x00000062792feba8:   00007ff8a46e5a7a 3ff0000000000000   zZn............?
0x00000062792febb8:   0000017597ca6320 0000000000000001    c..u...........
0x00000062792febc8:   00007ff8a1f4f6c6 0000000711f13410   .........4......
0x00000062792febd8:   00000175aa07baa1 00000175ba367880   ....u....x6.u...
0x00000062792febe8:   0000000085018e48 0000000000000001   H...............
0x00000062792febf8:   fffffffe00000000 00000062792fec98   ........../yb...
0x00000062792fec08:   00000175a9df8c60 00000175a9df8c60   `...u...`...u...
0x00000062792fec18:   0000000711f13410 00000175b9a27e70   .4......p~..u...
0x00000062792fec28:   0000000000000000 00000175bf303b80   .........;0.u...
0x00000062792fec38:   0000000000000000 00007ff8a46e5a50   ........PZn.....
0x00000062792fec48:   0000000000000000 fffffffffffffff7   ................
0x00000062792fec58:   00000175ba928254 0000000000000009   T...u...........
0x00000062792fec68:   00000175ba9283f8 0000000000000000   ....u...........
0x00000062792fec78:   0000000711f1ae00 00000175ba928260   ........`...u...
0x00000062792fec88:   fffffffffffffff0 00000062792fecb0   ........../yb...
0x00000062792fec98:   00000062792fed30 00000175a9df8c60   0./yb...`...u...
0x00000062792feca8:   0000000711f13410 00000175b9a27e70   .4......p~..u...
0x00000062792fecb8:   0000000000000000 00000175bf303b80   .........;0.u...
0x00000062792fecc8:   0000000000000000 00007ff8a46e5a50   ........PZn.....
0x00000062792fecd8:   0000000000000000 0000000711f1af30   ........0.......
0x00000062792fece8:   fffffffffffffff7 00000175ba92e29f   ............u...
0x00000062792fecf8:   0000000000000009 00000175ba92e460   ........`...u...
0x00000062792fed08:   0000000000000000 0000000711f7da08   ................
0x00000062792fed18:   00000175ba92e2b0 fffffffffffffff0   ....u...........
0x00000062792fed28:   00000062792fed40 00000062792fedc8   @./yb...../yb...
0x00000062792fed38:   00000175a9df8c60 0000000713fc2568   `...u...h%......
0x00000062792fed48:   00000175b9a27e70 0000000000000000   p~..u...........
0x00000062792fed58:   00000175bf303b80 0000000000000000   .;0.u...........
0x00000062792fed68:   00007ff8a46e5a50 0000000000000000   PZn.............
0x00000062792fed78:   0000000711f1af30 fffffffffffffff7   0...............
0x00000062792fed88:   00000175ba928ba4 0000000000000010   ....u...........
0x00000062792fed98:   00000175ba928da8 0000000000000000   ....u...........

Instructions: (pc=0x00007ff8a46e5a7a)
  0x00007ff8a46e597a:   ff d0 4c 8b e0 48 85 c0 75 07 bb 40 00 00 00 eb
  0x00007ff8a46e598a:   18 48 8d 48 08 33 d2 41 b8 a8 00 00 00 e8 b4 20
  0x00007ff8a46e599a:   19 00 49 89 2c 24 4d 89 27 85 db 75 1b 4c 8b e7
  0x00007ff8a46e59aa:   48 8b 84 24 88 00 00 00 48 8b 40 68 48 85 c0 74
  0x00007ff8a46e59ba:   07 49 8b cc ff d0 8b d8 48 8b 44 24 20 48 8b 00
  0x00007ff8a46e59ca:   f7 40 08 00 00 01 00 74 55 48 8b 45 08 ba 48 00
  0x00007ff8a46e59da:   00 00 48 8b cd ff d0 48 85 c0 0f 84 4a ff ff ff
  0x00007ff8a46e59ea:   0f 57 c0 33 c9 0f 11 00 33 db 0f 11 40 10 0f 11
  0x00007ff8a46e59fa:   40 20 0f 11 40 30 48 89 48 40 48 89 87 e8 00 00
  0x00007ff8a46e5a0a:   00 48 8b 46 78 48 89 47 10 48 89 7e 78 4d 85 f6
  0x00007ff8a46e5a1a:   0f 84 9f fe ff ff 49 89 3e e9 97 fe ff ff 85 db
  0x00007ff8a46e5a2a:   74 df 48 8b cf e8 bc 5a 00 00 49 8b 45 10 48 8b
  0x00007ff8a46e5a3a:   d7 49 8b cd ff d0 e9 7a fe ff ff cc cc cc cc cc
  0x00007ff8a46e5a4a:   cc cc cc cc cc cc 48 89 74 24 10 57 48 83 ec 20
  0x00007ff8a46e5a5a:   48 8b f2 48 8b f9 48 85 c9 74 7b 48 85 d2 74 76
  0x00007ff8a46e5a6a:   48 8b 41 08 ba 78 01 00 00 48 89 5c 24 30 ff d0
=>0x00007ff8a46e5a7a:   48 8b d8 48 85 c0 74 49 48 8d 48 14 33 d2 41 b8
  0x00007ff8a46e5a8a:   5c 01 00 00 e8 bd 1f 19 00 48 c7 83 70 01 00 00
  0x00007ff8a46e5a9a:   01 00 00 00 33 c0 48 89 3b c7 43 08 02 00 00 00
  0x00007ff8a46e5aaa:   c7 43 0c 0e 00 00 00 c7 43 10 01 00 00 00 48 89
  0x00007ff8a46e5aba:   1e 48 8b 5c 24 30 48 8b 74 24 38 48 83 c4 20 5f
  0x00007ff8a46e5aca:   c3 48 8b 5c 24 30 b8 40 00 00 00 48 8b 74 24 38
  0x00007ff8a46e5ada:   48 83 c4 20 5f c3 48 8b 74 24 38 b8 06 00 00 00
  0x00007ff8a46e5aea:   48 83 c4 20 5f c3 48 83 ec 78 41 8b c1 48 85 d2
  0x00007ff8a46e5afa:   75 0a b8 06 00 00 00 48 83 c4 78 c3 4c 8b 8c 24
  0x00007ff8a46e5b0a:   a0 00 00 00 48 89 54 24 38 48 8d 54 24 30 44 89
  0x00007ff8a46e5b1a:   44 24 40 44 8b c0 c7 44 24 30 01 00 00 00 48 c7
  0x00007ff8a46e5b2a:   44 24 50 00 00 00 00 c6 44 24 20 01 e8 a5 6b 00
  0x00007ff8a46e5b3a:   00 48 83 c4 78 c3 40 55 41 54 48 83 ec 38 4c 8b
  0x00007ff8a46e5b4a:   e2 48 8b e9 48 85 c9 75 0d b8 23 00 00 00 48 83
  0x00007ff8a46e5b5a:   c4 38 41 5c 5d c3 48 89 5c 24 58 4d 85 e4 75 12
  0x00007ff8a46e5b6a:   48 8b 5c 24 58 b8 06 00 00 00 48 83 c4 38 41 5c


Stack slot to memory mapping:

stack at sp + 0 slots: 0x3ff0000000000000 is an unknown value
stack at sp + 1 slots: 0x0000017597ca6320 is a thread
stack at sp + 2 slots: 0x0000000000000001 is an unknown value
stack at sp + 3 slots: 0x00007ff8a1f4f6c6 jvm.dll
stack at sp + 4 slots: 0x0000000711f13410 is an oop: jdk.internal.foreign.abi.NativeEntryPoint 
{0x0000000711f13410} - klass: 'jdk/internal/foreign/abi/NativeEntryPoint' - flags: 

 - ---- fields (total size 3 words):
 - private final 'methodType' 'Ljava/lang/invoke/MethodType;' @12  a 'java/lang/invoke/MethodType'{0x0000000713fc2568} = (JJJ)I (0xe27f84ad)
 - private final 'downcallStubAddress' 'J' @16  1604875434592 (0x00000175aa07ba60)
stack at sp + 5 slots: 0x00000175aa07baa1 is at code_begin+65 in 
[CodeBlob kind:6 (0x00000175aa07ba08)]
Framesize: 6
Runtime Stub (0x00000175aa07ba08): nep_invoker_blob
--------------------------------------------------------------------------------
Decoding CodeBlob, name: nep_invoker_blob, at  [0x00000175aa07ba60, 0x00000175aa07bb68]  264 bytes
[MachCode]
  0x00000175aa07ba60: 5548 8bec | 4883 ec20 | c5f8 7749 | 89af 3804 | 0000 49ba | 68ba 07aa | 7501 0000 | 4d89 9730 
  0x00000175aa07ba80: 0400 0049 | 89a7 2804 | 0000 41c7 | 87d4 0400 | 0004 0000 | 004c 8bd2 | 498b d149 | 8bc8 41ff 
  0x00000175aa07baa0: d2c5 f877 | 41c7 87d4 | 0400 0005 | 0000 00f0 | 8344 24c0 | 0049 3b6f | 280f 874d | 0000 0041 
  0x00000175aa07bac0: 83bf d004 | 0000 000f | 853f 0000 | 0041 c787 | d404 0000 | 0800 0000 | 4183 bf50 | 0500 0002 
  0x00000175aa07bae0: 0f84 5300 | 0000 49c7 | 8728 0400 | 0000 0000 | 0049 c787 | 3804 0000 | 0000 0000 | 49c7 8730 
  0x00000175aa07bb00: 0400 0000 | 0000 00c5 | f877 c9c3 | 4889 0424 | 498b cfc5 | f877 4c8b | e448 83ec | 2048 83e4 
  0x00000175aa07bb20: f048 b8a0 | acf4 a1f8 | 7f00 00ff | d049 8be4 | 4d33 e448 | 8b04 24eb | 9448 8904 | 24c5 f877 
  0x00000175aa07bb40: 4c8b e448 | 83ec 2048 | 83e4 f048 | b810 f72d | a2f8 7f00 | 00ff d049 | 8be4 4d33 | e448 8b04 
  0x00000175aa07bb60: 24eb 83f4 | f4f4 f4f4 
[/MachCode]
--------------------------------------------------------------------------------
stack at sp + 6 slots: {method} {0x00000175ba367888} 'linkToNative' '(JJJLjava/lang/Object;)I' in 'java/lang/invoke/MethodHandle'
stack at sp + 7 slots: 0x0000000085018e48 is a pointer to class: 
java.lang.invoke.NativeMethodHandle {0x0000000085018e50}
 - instance size:     5
 - klass size:        108
 - access:            final synchronized 
 - flags:             rewritten has_nonstatic_fields defined_by_boot_loader has_localvariable_table has_final_method has_resolved_methods 
 - state:             fully_initialized
 - name:              'java/lang/invoke/NativeMethodHandle'
 - super:             'java/lang/invoke/MethodHandle'
 - sub:               
 - arrays:            null
 - methods:           Array<T>(0x00000175ba1a6a90)
 - method ordering:   Array<T>(0x0000000084720208)
 - local interfaces:  Array<T>(0x00000000846a06a8)
 - trans. interfaces: Array<T>(0x000000008480cf70)
 - secondary supers: Array<T>(0x000000008480cf70)
 - hash_slot:         34
 - secondary bitmap: 0x8000000000000000
 - constants:         constant pool [266] {0x00000175ba1a6108} for 'java/lang/invoke/NativeMethodHandle' cache=0x00000175ba2dcf98
 - class loader data:  loader data: 0x00000175b935def0 of 'bootstrap'
 - source file:       'NativeMethodHandle.java'
 - inner classes:     Array<T>(0x00000175ba1a7530)
 - nest members:     Array<T>(0x00000175ba1a7568)
 - permitted subclasses:     Array<T>(0x00000000846a06a0)
 - java mirror:       a 'java/lang/Class'{0x0000000713f911e8} = 'java/lang/invoke/NativeMethodHandle'
 - vtable length      43  (start addr: 0x0000000085019020)
 - itable length      5 (start addr: 0x0000000085019178)
 - ---- static fields (1 words):
 - private static final 'IMPL_NAMES' 'Ljava/lang/invoke/MemberName$Factory;' @120 
 - static final synthetic '$assertionsDisabled' 'Z' @124 
 - ---- non-static fields (6 words):
 - private 'customizationCount' 'B' @12 
 - private volatile 'updateInProgress' 'Z' @13 
 - private final 'type' 'Ljava/lang/invoke/MethodType;' @16 
 - final 'form' 'Ljava/lang/invoke/LambdaForm;' @20 
 - private 'asTypeCache' 'Ljava/lang/invoke/MethodHandle;' @24 
 - private 'asTypeSoftCache' 'Ljava/lang/ref/SoftReference;' @28 
 - final 'nep' 'Ljdk/internal/foreign/abi/NativeEntryPoint;' @32 
 - non-static oop maps (1 entries): 16-32 

Lock stack of current Java thread (top to bottom):

--------------------------------------------------------------------------------
Decoding CodeBlob, name: nep_invoker_blob, at  [0x00000175aa07ba60, 0x00000175aa07bb68]  264 bytes
[MachCode]
  0x00000175aa07ba60: 5548 8bec | 4883 ec20 | c5f8 7749 | 89af 3804 | 0000 49ba | 68ba 07aa | 7501 0000 | 4d89 9730 
  0x00000175aa07ba80: 0400 0049 | 89a7 2804 | 0000 41c7 | 87d4 0400 | 0004 0000 | 004c 8bd2 | 498b d149 | 8bc8 41ff 
  0x00000175aa07baa0: d2c5 f877 | 41c7 87d4 | 0400 0005 | 0000 00f0 | 8344 24c0 | 0049 3b6f | 280f 874d | 0000 0041 
  0x00000175aa07bac0: 83bf d004 | 0000 000f | 853f 0000 | 0041 c787 | d404 0000 | 0800 0000 | 4183 bf50 | 0500 0002 
  0x00000175aa07bae0: 0f84 5300 | 0000 49c7 | 8728 0400 | 0000 0000 | 0049 c787 | 3804 0000 | 0000 0000 | 49c7 8730 
  0x00000175aa07bb00: 0400 0000 | 0000 00c5 | f877 c9c3 | 4889 0424 | 498b cfc5 | f877 4c8b | e448 83ec | 2048 83e4 
  0x00000175aa07bb20: f048 b8a0 | acf4 a1f8 | 7f00 00ff | d049 8be4 | 4d33 e448 | 8b04 24eb | 9448 8904 | 24c5 f877 
  0x00000175aa07bb40: 4c8b e448 | 83ec 2048 | 83e4 f048 | b810 f72d | a2f8 7f00 | 00ff d049 | 8be4 4d33 | e448 8b04 
  0x00000175aa07bb60: 24eb 83f4 | f4f4 f4f4 
[/MachCode]
--------------------------------------------------------------------------------


---------------  P R O C E S S  ---------------

Threads class SMR info:
_java_thread_list=0x00000175be941fa0, length=12, elements={
0x0000017597ca6320, 0x00000175b94a7440, 0x00000175b94a7ea0, 0x00000175b94a8d00,
0x00000175b94aac80, 0x00000175b94adb90, 0x00000175b94aec30, 0x00000175b94dc220,
0x00000175b94dce30, 0x00000175b9a19700, 0x00000175b9a2d1d0, 0x00000175b9a2a6c0
}

Java Threads: ( => current thread )
=>0x0000017597ca6320 JavaThread "main"                              [_thread_in_native, id=5112, stack(0x0000006279200000,0x0000006279300000) (1024K)]
  0x00000175b94a7440 JavaThread "Reference Handler"          daemon [_thread_blocked, id=15600, stack(0x0000006279a00000,0x0000006279b00000) (1024K)]
  0x00000175b94a7ea0 JavaThread "Finalizer"                  daemon [_thread_blocked, id=10248, stack(0x0000006279b00000,0x0000006279c00000) (1024K)]
  0x00000175b94a8d00 JavaThread "Signal Dispatcher"          daemon [_thread_blocked, id=21184, stack(0x0000006279c00000,0x0000006279d00000) (1024K)]
  0x00000175b94aac80 JavaThread "Attach Listener"            daemon [_thread_blocked, id=1784, stack(0x0000006279d00000,0x0000006279e00000) (1024K)]
  0x00000175b94adb90 JavaThread "Service Thread"             daemon [_thread_blocked, id=15384, stack(0x0000006279e00000,0x0000006279f00000) (1024K)]
  0x00000175b94aec30 JavaThread "Monitor Deflation Thread"   daemon [_thread_blocked, id=18364, stack(0x0000006279f00000,0x000000627a000000) (1024K)]
  0x00000175b94dc220 JavaThread "C2 CompilerThread0"         daemon [_thread_blocked, id=17560, stack(0x000000627a000000,0x000000627a100000) (1024K)]
  0x00000175b94dce30 JavaThread "C1 CompilerThread0"         daemon [_thread_blocked, id=20320, stack(0x000000627a100000,0x000000627a200000) (1024K)]
  0x00000175b9a19700 JavaThread "Notification Thread"        daemon [_thread_blocked, id=21372, stack(0x000000627a200000,0x000000627a300000) (1024K)]
  0x00000175b9a2d1d0 JavaThread "Common-Cleaner"             daemon [_thread_blocked, id=412, stack(0x000000627a300000,0x000000627a400000) (1024K)]
  0x00000175b9a2a6c0 JavaThread "C2 CompilerThread1"         daemon [_thread_blocked, id=19816, stack(0x000000627a400000,0x000000627a500000) (1024K)]
Total: 12

Other Threads:
  0x00000175b9496e10 VMThread "VM Thread"                           [id=22376, stack(0x0000006279900000,0x0000006279a00000) (1024K)]
  0x00000175b9486640 WatcherThread "VM Periodic Task Thread"        [id=21260, stack(0x0000006279800000,0x0000006279900000) (1024K)]
  0x000001759a0ace90 WorkerThread "GC Thread#0"                     [id=24044, stack(0x0000006279300000,0x0000006279400000) (1024K)]
  0x000001759a0c6870 ConcurrentGCThread "G1 Main Marker"            [id=15396, stack(0x0000006279400000,0x0000006279500000) (1024K)]
  0x000001759a0c7410 WorkerThread "G1 Conc#0"                       [id=9336, stack(0x0000006279500000,0x0000006279600000) (1024K)]
  0x000001759a0fe9a0 ConcurrentGCThread "G1 Refine#0"               [id=22000, stack(0x0000006279600000,0x0000006279700000) (1024K)]
  0x00000175b93517f0 ConcurrentGCThread "G1 Service"                [id=23868, stack(0x0000006279700000,0x0000006279800000) (1024K)]
Total: 7

Threads with active compile tasks:
Total: 0

VM state: not at safepoint (normal execution)

VM Mutex/Monitor currently owned by a thread: None

Heap address: 0x0000000704a00000, size: 4022 MB, Compressed Oops mode: Zero based, Oop shift amount: 3

CDS archive(s) mapped at: [0x0000000084000000-0x0000000084dd0000-0x0000000084dd0000), size 14483456, SharedBaseAddress: 0x0000000084000000, ArchiveRelocationMode: 1.
Compressed class space mapped at: 0x0000000085000000-0x00000000c5000000, reserved size: 1073741824
UseCompressedClassPointers 1, UseCompactObjectHeaders 0
Narrow klass pointer bits 32, Max shift 3
Narrow klass base: 0x0000000084000000, Narrow klass shift: 0
Encoding Range: [0x0000000084000000 - 0x0000000184000000), (4294967296 bytes)
Klass Range:    [0x0000000084010000 - 0x00000000c5000000), (1090453504 bytes)
Klass ID Range:  [65536 - 1090519033) (1090453497)
Protection zone: [0x0000000084000000 - 0x0000000084010000), (65536 bytes)

GC Precious Log:
 CardTable entry size: 512
 Card Set container configuration: InlinePtr #cards 4 size 8 Array Of Cards #cards 16 size 48 Howl #buckets 8 coarsen threshold 3686 Howl Bitmap #cards 512 size 80 coarsen threshold 460 Card regions per heap region 1 cards per card region 4096
 CPUs: 12 total, 12 available
 Memory: 16087M
 Large Page Support: Disabled
 NUMA Support: Disabled
 Compressed Oops: Enabled (Zero based)
 Heap Region Size: 2M
 Heap Min Capacity: 8M
 Heap Initial Capacity: 252M
 Heap Max Capacity: 4022M
 Pre-touch: Disabled
 Parallel Workers: 10
 Concurrent Workers: 3
 Concurrent Refinement Workers: 10
 Periodic GC: Disabled

Heap:
 garbage-first heap   total reserved 4118528K, committed 260096K, used 38037K [0x0000000704a00000, 0x0000000800000000)
  region size 2048K, 20 young (40960K), 0 survivors (0K)

Heap Regions: E=young(eden), S=young(survivor), O=old, HS=humongous(starts), HC=humongous(continues), CS=collection set, F=free, TAMS=top-at-mark-start, PB=parsable bottom
|   0|0x0000000704a00000, 0x0000000704a00000, 0x0000000704c00000|  0%| F|  |TAMS 0x0000000704a00000| PB 0x0000000704a00000| Untracked |  0
|   1|0x0000000704c00000, 0x0000000704c00000, 0x0000000704e00000|  0%| F|  |TAMS 0x0000000704c00000| PB 0x0000000704c00000| Untracked |  0
|   2|0x0000000704e00000, 0x0000000704e00000, 0x0000000705000000|  0%| F|  |TAMS 0x0000000704e00000| PB 0x0000000704e00000| Untracked |  0
|   3|0x0000000705000000, 0x0000000705000000, 0x0000000705200000|  0%| F|  |TAMS 0x0000000705000000| PB 0x0000000705000000| Untracked |  0
|   4|0x0000000705200000, 0x0000000705200000, 0x0000000705400000|  0%| F|  |TAMS 0x0000000705200000| PB 0x0000000705200000| Untracked |  0
|   5|0x0000000705400000, 0x0000000705400000, 0x0000000705600000|  0%| F|  |TAMS 0x0000000705400000| PB 0x0000000705400000| Untracked |  0
|   6|0x0000000705600000, 0x0000000705600000, 0x0000000705800000|  0%| F|  |TAMS 0x0000000705600000| PB 0x0000000705600000| Untracked |  0
|   7|0x0000000705800000, 0x0000000705800000, 0x0000000705a00000|  0%| F|  |TAMS 0x0000000705800000| PB 0x0000000705800000| Untracked |  0
|   8|0x0000000705a00000, 0x0000000705a00000, 0x0000000705c00000|  0%| F|  |TAMS 0x0000000705a00000| PB 0x0000000705a00000| Untracked |  0
|   9|0x0000000705c00000, 0x0000000705c00000, 0x0000000705e00000|  0%| F|  |TAMS 0x0000000705c00000| PB 0x0000000705c00000| Untracked |  0
|  10|0x0000000705e00000, 0x0000000705e00000, 0x0000000706000000|  0%| F|  |TAMS 0x0000000705e00000| PB 0x0000000705e00000| Untracked |  0
|  11|0x0000000706000000, 0x0000000706000000, 0x0000000706200000|  0%| F|  |TAMS 0x0000000706000000| PB 0x0000000706000000| Untracked |  0
|  12|0x0000000706200000, 0x0000000706200000, 0x0000000706400000|  0%| F|  |TAMS 0x0000000706200000| PB 0x0000000706200000| Untracked |  0
|  13|0x0000000706400000, 0x0000000706400000, 0x0000000706600000|  0%| F|  |TAMS 0x0000000706400000| PB 0x0000000706400000| Untracked |  0
|  14|0x0000000706600000, 0x0000000706600000, 0x0000000706800000|  0%| F|  |TAMS 0x0000000706600000| PB 0x0000000706600000| Untracked |  0
|  15|0x0000000706800000, 0x0000000706800000, 0x0000000706a00000|  0%| F|  |TAMS 0x0000000706800000| PB 0x0000000706800000| Untracked |  0
|  16|0x0000000706a00000, 0x0000000706a00000, 0x0000000706c00000|  0%| F|  |TAMS 0x0000000706a00000| PB 0x0000000706a00000| Untracked |  0
|  17|0x0000000706c00000, 0x0000000706c00000, 0x0000000706e00000|  0%| F|  |TAMS 0x0000000706c00000| PB 0x0000000706c00000| Untracked |  0
|  18|0x0000000706e00000, 0x0000000706e00000, 0x0000000707000000|  0%| F|  |TAMS 0x0000000706e00000| PB 0x0000000706e00000| Untracked |  0
|  19|0x0000000707000000, 0x0000000707000000, 0x0000000707200000|  0%| F|  |TAMS 0x0000000707000000| PB 0x0000000707000000| Untracked |  0
|  20|0x0000000707200000, 0x0000000707200000, 0x0000000707400000|  0%| F|  |TAMS 0x0000000707200000| PB 0x0000000707200000| Untracked |  0
|  21|0x0000000707400000, 0x0000000707400000, 0x0000000707600000|  0%| F|  |TAMS 0x0000000707400000| PB 0x0000000707400000| Untracked |  0
|  22|0x0000000707600000, 0x0000000707600000, 0x0000000707800000|  0%| F|  |TAMS 0x0000000707600000| PB 0x0000000707600000| Untracked |  0
|  23|0x0000000707800000, 0x0000000707800000, 0x0000000707a00000|  0%| F|  |TAMS 0x0000000707800000| PB 0x0000000707800000| Untracked |  0
|  24|0x0000000707a00000, 0x0000000707a00000, 0x0000000707c00000|  0%| F|  |TAMS 0x0000000707a00000| PB 0x0000000707a00000| Untracked |  0
|  25|0x0000000707c00000, 0x0000000707c00000, 0x0000000707e00000|  0%| F|  |TAMS 0x0000000707c00000| PB 0x0000000707c00000| Untracked |  0
|  26|0x0000000707e00000, 0x0000000707e00000, 0x0000000708000000|  0%| F|  |TAMS 0x0000000707e00000| PB 0x0000000707e00000| Untracked |  0
|  27|0x0000000708000000, 0x0000000708000000, 0x0000000708200000|  0%| F|  |TAMS 0x0000000708000000| PB 0x0000000708000000| Untracked |  0
|  28|0x0000000708200000, 0x0000000708200000, 0x0000000708400000|  0%| F|  |TAMS 0x0000000708200000| PB 0x0000000708200000| Untracked |  0
|  29|0x0000000708400000, 0x0000000708400000, 0x0000000708600000|  0%| F|  |TAMS 0x0000000708400000| PB 0x0000000708400000| Untracked |  0
|  30|0x0000000708600000, 0x0000000708600000, 0x0000000708800000|  0%| F|  |TAMS 0x0000000708600000| PB 0x0000000708600000| Untracked |  0
|  31|0x0000000708800000, 0x0000000708800000, 0x0000000708a00000|  0%| F|  |TAMS 0x0000000708800000| PB 0x0000000708800000| Untracked |  0
|  32|0x0000000708a00000, 0x0000000708a00000, 0x0000000708c00000|  0%| F|  |TAMS 0x0000000708a00000| PB 0x0000000708a00000| Untracked |  0
|  33|0x0000000708c00000, 0x0000000708c00000, 0x0000000708e00000|  0%| F|  |TAMS 0x0000000708c00000| PB 0x0000000708c00000| Untracked |  0
|  34|0x0000000708e00000, 0x0000000708e00000, 0x0000000709000000|  0%| F|  |TAMS 0x0000000708e00000| PB 0x0000000708e00000| Untracked |  0
|  35|0x0000000709000000, 0x0000000709000000, 0x0000000709200000|  0%| F|  |TAMS 0x0000000709000000| PB 0x0000000709000000| Untracked |  0
|  36|0x0000000709200000, 0x0000000709200000, 0x0000000709400000|  0%| F|  |TAMS 0x0000000709200000| PB 0x0000000709200000| Untracked |  0
|  37|0x0000000709400000, 0x0000000709400000, 0x0000000709600000|  0%| F|  |TAMS 0x0000000709400000| PB 0x0000000709400000| Untracked |  0
|  38|0x0000000709600000, 0x0000000709600000, 0x0000000709800000|  0%| F|  |TAMS 0x0000000709600000| PB 0x0000000709600000| Untracked |  0
|  39|0x0000000709800000, 0x0000000709800000, 0x0000000709a00000|  0%| F|  |TAMS 0x0000000709800000| PB 0x0000000709800000| Untracked |  0
|  40|0x0000000709a00000, 0x0000000709a00000, 0x0000000709c00000|  0%| F|  |TAMS 0x0000000709a00000| PB 0x0000000709a00000| Untracked |  0
|  41|0x0000000709c00000, 0x0000000709c00000, 0x0000000709e00000|  0%| F|  |TAMS 0x0000000709c00000| PB 0x0000000709c00000| Untracked |  0
|  42|0x0000000709e00000, 0x0000000709e00000, 0x000000070a000000|  0%| F|  |TAMS 0x0000000709e00000| PB 0x0000000709e00000| Untracked |  0
|  43|0x000000070a000000, 0x000000070a000000, 0x000000070a200000|  0%| F|  |TAMS 0x000000070a000000| PB 0x000000070a000000| Untracked |  0
|  44|0x000000070a200000, 0x000000070a200000, 0x000000070a400000|  0%| F|  |TAMS 0x000000070a200000| PB 0x000000070a200000| Untracked |  0
|  45|0x000000070a400000, 0x000000070a400000, 0x000000070a600000|  0%| F|  |TAMS 0x000000070a400000| PB 0x000000070a400000| Untracked |  0
|  46|0x000000070a600000, 0x000000070a600000, 0x000000070a800000|  0%| F|  |TAMS 0x000000070a600000| PB 0x000000070a600000| Untracked |  0
|  47|0x000000070a800000, 0x000000070a800000, 0x000000070aa00000|  0%| F|  |TAMS 0x000000070a800000| PB 0x000000070a800000| Untracked |  0
|  48|0x000000070aa00000, 0x000000070aa00000, 0x000000070ac00000|  0%| F|  |TAMS 0x000000070aa00000| PB 0x000000070aa00000| Untracked |  0
|  49|0x000000070ac00000, 0x000000070ac00000, 0x000000070ae00000|  0%| F|  |TAMS 0x000000070ac00000| PB 0x000000070ac00000| Untracked |  0
|  50|0x000000070ae00000, 0x000000070ae00000, 0x000000070b000000|  0%| F|  |TAMS 0x000000070ae00000| PB 0x000000070ae00000| Untracked |  0
|  51|0x000000070b000000, 0x000000070b000000, 0x000000070b200000|  0%| F|  |TAMS 0x000000070b000000| PB 0x000000070b000000| Untracked |  0
|  52|0x000000070b200000, 0x000000070b200000, 0x000000070b400000|  0%| F|  |TAMS 0x000000070b200000| PB 0x000000070b200000| Untracked |  0
|  53|0x000000070b400000, 0x000000070b400000, 0x000000070b600000|  0%| F|  |TAMS 0x000000070b400000| PB 0x000000070b400000| Untracked |  0
|  54|0x000000070b600000, 0x000000070b600000, 0x000000070b800000|  0%| F|  |TAMS 0x000000070b600000| PB 0x000000070b600000| Untracked |  0
|  55|0x000000070b800000, 0x000000070b800000, 0x000000070ba00000|  0%| F|  |TAMS 0x000000070b800000| PB 0x000000070b800000| Untracked |  0
|  56|0x000000070ba00000, 0x000000070ba00000, 0x000000070bc00000|  0%| F|  |TAMS 0x000000070ba00000| PB 0x000000070ba00000| Untracked |  0
|  57|0x000000070bc00000, 0x000000070bc00000, 0x000000070be00000|  0%| F|  |TAMS 0x000000070bc00000| PB 0x000000070bc00000| Untracked |  0
|  58|0x000000070be00000, 0x000000070be00000, 0x000000070c000000|  0%| F|  |TAMS 0x000000070be00000| PB 0x000000070be00000| Untracked |  0
|  59|0x000000070c000000, 0x000000070c000000, 0x000000070c200000|  0%| F|  |TAMS 0x000000070c000000| PB 0x000000070c000000| Untracked |  0
|  60|0x000000070c200000, 0x000000070c200000, 0x000000070c400000|  0%| F|  |TAMS 0x000000070c200000| PB 0x000000070c200000| Untracked |  0
|  61|0x000000070c400000, 0x000000070c400000, 0x000000070c600000|  0%| F|  |TAMS 0x000000070c400000| PB 0x000000070c400000| Untracked |  0
|  62|0x000000070c600000, 0x000000070c600000, 0x000000070c800000|  0%| F|  |TAMS 0x000000070c600000| PB 0x000000070c600000| Untracked |  0
|  63|0x000000070c800000, 0x000000070c800000, 0x000000070ca00000|  0%| F|  |TAMS 0x000000070c800000| PB 0x000000070c800000| Untracked |  0
|  64|0x000000070ca00000, 0x000000070ca00000, 0x000000070cc00000|  0%| F|  |TAMS 0x000000070ca00000| PB 0x000000070ca00000| Untracked |  0
|  65|0x000000070cc00000, 0x000000070cc00000, 0x000000070ce00000|  0%| F|  |TAMS 0x000000070cc00000| PB 0x000000070cc00000| Untracked |  0
|  66|0x000000070ce00000, 0x000000070ce00000, 0x000000070d000000|  0%| F|  |TAMS 0x000000070ce00000| PB 0x000000070ce00000| Untracked |  0
|  67|0x000000070d000000, 0x000000070d000000, 0x000000070d200000|  0%| F|  |TAMS 0x000000070d000000| PB 0x000000070d000000| Untracked |  0
|  68|0x000000070d200000, 0x000000070d200000, 0x000000070d400000|  0%| F|  |TAMS 0x000000070d200000| PB 0x000000070d200000| Untracked |  0
|  69|0x000000070d400000, 0x000000070d400000, 0x000000070d600000|  0%| F|  |TAMS 0x000000070d400000| PB 0x000000070d400000| Untracked |  0
|  70|0x000000070d600000, 0x000000070d600000, 0x000000070d800000|  0%| F|  |TAMS 0x000000070d600000| PB 0x000000070d600000| Untracked |  0
|  71|0x000000070d800000, 0x000000070d800000, 0x000000070da00000|  0%| F|  |TAMS 0x000000070d800000| PB 0x000000070d800000| Untracked |  0
|  72|0x000000070da00000, 0x000000070da00000, 0x000000070dc00000|  0%| F|  |TAMS 0x000000070da00000| PB 0x000000070da00000| Untracked |  0
|  73|0x000000070dc00000, 0x000000070dc00000, 0x000000070de00000|  0%| F|  |TAMS 0x000000070dc00000| PB 0x000000070dc00000| Untracked |  0
|  74|0x000000070de00000, 0x000000070de00000, 0x000000070e000000|  0%| F|  |TAMS 0x000000070de00000| PB 0x000000070de00000| Untracked |  0
|  75|0x000000070e000000, 0x000000070e000000, 0x000000070e200000|  0%| F|  |TAMS 0x000000070e000000| PB 0x000000070e000000| Untracked |  0
|  76|0x000000070e200000, 0x000000070e200000, 0x000000070e400000|  0%| F|  |TAMS 0x000000070e200000| PB 0x000000070e200000| Untracked |  0
|  77|0x000000070e400000, 0x000000070e400000, 0x000000070e600000|  0%| F|  |TAMS 0x000000070e400000| PB 0x000000070e400000| Untracked |  0
|  78|0x000000070e600000, 0x000000070e600000, 0x000000070e800000|  0%| F|  |TAMS 0x000000070e600000| PB 0x000000070e600000| Untracked |  0
|  79|0x000000070e800000, 0x000000070e800000, 0x000000070ea00000|  0%| F|  |TAMS 0x000000070e800000| PB 0x000000070e800000| Untracked |  0
|  80|0x000000070ea00000, 0x000000070ea00000, 0x000000070ec00000|  0%| F|  |TAMS 0x000000070ea00000| PB 0x000000070ea00000| Untracked |  0
|  81|0x000000070ec00000, 0x000000070ec00000, 0x000000070ee00000|  0%| F|  |TAMS 0x000000070ec00000| PB 0x000000070ec00000| Untracked |  0
|  82|0x000000070ee00000, 0x000000070ee00000, 0x000000070f000000|  0%| F|  |TAMS 0x000000070ee00000| PB 0x000000070ee00000| Untracked |  0
|  83|0x000000070f000000, 0x000000070f000000, 0x000000070f200000|  0%| F|  |TAMS 0x000000070f000000| PB 0x000000070f000000| Untracked |  0
|  84|0x000000070f200000, 0x000000070f200000, 0x000000070f400000|  0%| F|  |TAMS 0x000000070f200000| PB 0x000000070f200000| Untracked |  0
|  85|0x000000070f400000, 0x000000070f400000, 0x000000070f600000|  0%| F|  |TAMS 0x000000070f400000| PB 0x000000070f400000| Untracked |  0
|  86|0x000000070f600000, 0x000000070f600000, 0x000000070f800000|  0%| F|  |TAMS 0x000000070f600000| PB 0x000000070f600000| Untracked |  0
|  87|0x000000070f800000, 0x000000070f800000, 0x000000070fa00000|  0%| F|  |TAMS 0x000000070f800000| PB 0x000000070f800000| Untracked |  0
|  88|0x000000070fa00000, 0x000000070fa00000, 0x000000070fc00000|  0%| F|  |TAMS 0x000000070fa00000| PB 0x000000070fa00000| Untracked |  0
|  89|0x000000070fc00000, 0x000000070fc00000, 0x000000070fe00000|  0%| F|  |TAMS 0x000000070fc00000| PB 0x000000070fc00000| Untracked |  0
|  90|0x000000070fe00000, 0x000000070fe00000, 0x0000000710000000|  0%| F|  |TAMS 0x000000070fe00000| PB 0x000000070fe00000| Untracked |  0
|  91|0x0000000710000000, 0x0000000710000000, 0x0000000710200000|  0%| F|  |TAMS 0x0000000710000000| PB 0x0000000710000000| Untracked |  0
|  92|0x0000000710200000, 0x0000000710200000, 0x0000000710400000|  0%| F|  |TAMS 0x0000000710200000| PB 0x0000000710200000| Untracked |  0
|  93|0x0000000710400000, 0x0000000710400000, 0x0000000710600000|  0%| F|  |TAMS 0x0000000710400000| PB 0x0000000710400000| Untracked |  0
|  94|0x0000000710600000, 0x0000000710600000, 0x0000000710800000|  0%| F|  |TAMS 0x0000000710600000| PB 0x0000000710600000| Untracked |  0
|  95|0x0000000710800000, 0x0000000710800000, 0x0000000710a00000|  0%| F|  |TAMS 0x0000000710800000| PB 0x0000000710800000| Untracked |  0
|  96|0x0000000710a00000, 0x0000000710a00000, 0x0000000710c00000|  0%| F|  |TAMS 0x0000000710a00000| PB 0x0000000710a00000| Untracked |  0
|  97|0x0000000710c00000, 0x0000000710c00000, 0x0000000710e00000|  0%| F|  |TAMS 0x0000000710c00000| PB 0x0000000710c00000| Untracked |  0
|  98|0x0000000710e00000, 0x0000000710e00000, 0x0000000711000000|  0%| F|  |TAMS 0x0000000710e00000| PB 0x0000000710e00000| Untracked |  0
|  99|0x0000000711000000, 0x0000000711000000, 0x0000000711200000|  0%| F|  |TAMS 0x0000000711000000| PB 0x0000000711000000| Untracked |  0
| 100|0x0000000711200000, 0x0000000711200000, 0x0000000711400000|  0%| F|  |TAMS 0x0000000711200000| PB 0x0000000711200000| Untracked |  0
| 101|0x0000000711400000, 0x0000000711400000, 0x0000000711600000|  0%| F|  |TAMS 0x0000000711400000| PB 0x0000000711400000| Untracked |  0
| 102|0x0000000711600000, 0x0000000711600000, 0x0000000711800000|  0%| F|  |TAMS 0x0000000711600000| PB 0x0000000711600000| Untracked |  0
| 103|0x0000000711800000, 0x0000000711800000, 0x0000000711a00000|  0%| F|  |TAMS 0x0000000711800000| PB 0x0000000711800000| Untracked |  0
| 104|0x0000000711a00000, 0x0000000711a00000, 0x0000000711c00000|  0%| F|  |TAMS 0x0000000711a00000| PB 0x0000000711a00000| Untracked |  0
| 105|0x0000000711c00000, 0x0000000711c00000, 0x0000000711e00000|  0%| F|  |TAMS 0x0000000711c00000| PB 0x0000000711c00000| Untracked |  0
| 106|0x0000000711e00000, 0x0000000711ff3070, 0x0000000712000000| 97%| E|  |TAMS 0x0000000711e00000| PB 0x0000000711e00000| Complete |  0
| 107|0x0000000712000000, 0x0000000712200000, 0x0000000712200000|100%| E|CS|TAMS 0x0000000712000000| PB 0x0000000712000000| Complete |  0
| 108|0x0000000712200000, 0x0000000712400000, 0x0000000712400000|100%| E|CS|TAMS 0x0000000712200000| PB 0x0000000712200000| Complete |  0
| 109|0x0000000712400000, 0x0000000712600000, 0x0000000712600000|100%| E|CS|TAMS 0x0000000712400000| PB 0x0000000712400000| Complete |  0
| 110|0x0000000712600000, 0x0000000712800000, 0x0000000712800000|100%| E|CS|TAMS 0x0000000712600000| PB 0x0000000712600000| Complete |  0
| 111|0x0000000712800000, 0x0000000712a00000, 0x0000000712a00000|100%| E|CS|TAMS 0x0000000712800000| PB 0x0000000712800000| Complete |  0
| 112|0x0000000712a00000, 0x0000000712c00000, 0x0000000712c00000|100%| E|  |TAMS 0x0000000712a00000| PB 0x0000000712a00000| Complete |  0
| 113|0x0000000712c00000, 0x0000000712e00000, 0x0000000712e00000|100%| E|CS|TAMS 0x0000000712c00000| PB 0x0000000712c00000| Complete |  0
| 114|0x0000000712e00000, 0x0000000713000000, 0x0000000713000000|100%| E|CS|TAMS 0x0000000712e00000| PB 0x0000000712e00000| Complete |  0
| 115|0x0000000713000000, 0x0000000713200000, 0x0000000713200000|100%| E|CS|TAMS 0x0000000713000000| PB 0x0000000713000000| Complete |  0
| 116|0x0000000713200000, 0x0000000713400000, 0x0000000713400000|100%| E|CS|TAMS 0x0000000713200000| PB 0x0000000713200000| Complete |  0
| 117|0x0000000713400000, 0x0000000713600000, 0x0000000713600000|100%| E|CS|TAMS 0x0000000713400000| PB 0x0000000713400000| Complete |  0
| 118|0x0000000713600000, 0x0000000713800000, 0x0000000713800000|100%| E|CS|TAMS 0x0000000713600000| PB 0x0000000713600000| Complete |  0
| 119|0x0000000713800000, 0x0000000713a00000, 0x0000000713a00000|100%| E|CS|TAMS 0x0000000713800000| PB 0x0000000713800000| Complete |  0
| 120|0x0000000713a00000, 0x0000000713c00000, 0x0000000713c00000|100%| E|CS|TAMS 0x0000000713a00000| PB 0x0000000713a00000| Complete |  0
| 121|0x0000000713c00000, 0x0000000713e00000, 0x0000000713e00000|100%| E|CS|TAMS 0x0000000713c00000| PB 0x0000000713c00000| Complete |  0
| 122|0x0000000713e00000, 0x0000000714000000, 0x0000000714000000|100%| E|CS|TAMS 0x0000000713e00000| PB 0x0000000713e00000| Complete |  0
| 123|0x0000000714000000, 0x0000000714200000, 0x0000000714200000|100%| E|CS|TAMS 0x0000000714000000| PB 0x0000000714000000| Complete |  0
| 124|0x0000000714200000, 0x0000000714400000, 0x0000000714400000|100%| E|CS|TAMS 0x0000000714200000| PB 0x0000000714200000| Complete |  0
| 125|0x0000000714400000, 0x0000000714600000, 0x0000000714600000|100%| E|CS|TAMS 0x0000000714400000| PB 0x0000000714400000| Complete |  0
|2010|0x00000007ffe00000, 0x00000007fff256a0, 0x0000000800000000| 57%| O|  |TAMS 0x00000007ffe00000| PB 0x00000007ffe00000| Untracked |  0

Card table byte_map: [0x00000175b2600000,0x00000175b2de0000] _byte_map_base: 0x00000175aeddb000

Marking Bits: (CMBitMap*) 0x000001759a0ad620
 Bits: [0x00000175b2de0000, 0x00000175b6cb8000)

Polling page: 0x0000017597e60000

Metaspace:
Metaspace        used 9125K, committed 9792K, reserved 1114112K
 class space     used 638K, committed 960K, reserved 1048576K

Usage:
  Non-class:      8.29 MB used.
      Class:    638.05 KB used.
       Both:      8.91 MB used.

Virtual space:
  Non-class space:       64.00 MB reserved,       8.62 MB ( 13%) committed,  1 nodes.
      Class space:        1.00 GB reserved,     960.00 KB ( <1%) committed,  1 nodes.
             Both:        1.06 GB reserved,       9.56 MB ( <1%) committed. 

Chunk freelists:
   Non-Class:  6.82 MB
       Class:  14.93 MB
        Both:  21.75 MB

MaxMetaspaceSize: unlimited
CompressedClassSpaceSize: 1.00 GB
Initial GC threshold: 21.00 MB
Current GC threshold: 21.00 MB
CDS: on
 - commit_granule_bytes: 65536.
 - commit_granule_words: 8192.
 - virtual_space_node_default_size: 8388608.
 - enlarge_chunks_in_place: 1.
UseCompressedClassPointers 1, UseCompactObjectHeaders 0
Narrow klass pointer bits 32, Max shift 3
Narrow klass base: 0x0000000084000000, Narrow klass shift: 0
Encoding Range: [0x0000000084000000 - 0x0000000184000000), (4294967296 bytes)
Klass Range:    [0x0000000084010000 - 0x00000000c5000000), (1090453504 bytes)
Klass ID Range:  [65536 - 1090519033) (1090453497)
Protection zone: [0x0000000084000000 - 0x0000000084010000), (65536 bytes)


Internal statistics:

num_allocs_failed_limit: 0.
num_arena_births: 848.
num_arena_deaths: 0.
num_vsnodes_births: 2.
num_vsnodes_deaths: 0.
num_space_committed: 152.
num_space_uncommitted: 0.
num_chunks_returned_to_freelist: 0.
num_chunks_taken_from_freelist: 1252.
num_chunk_merges: 0.
num_chunk_splits: 865.
num_chunks_enlarged: 504.
num_inconsistent_stats: 0.

CodeHeap 'non-profiled nmethods': size=120064Kb used=771Kb max_used=771Kb free=119292Kb
 bounds [0x00000175aa380000, 0x00000175aa5f0000, 0x00000175b18c0000]
CodeHeap 'profiled nmethods': size=120000Kb used=3662Kb max_used=3662Kb free=116337Kb
 bounds [0x00000175a28c0000, 0x00000175a2c60000, 0x00000175a9df0000]
CodeHeap 'non-nmethods': size=5696Kb used=2628Kb max_used=2706Kb free=3067Kb
 bounds [0x00000175a9df0000, 0x00000175aa0a0000, 0x00000175aa380000]
CodeCache: size=245760Kb, used=7061Kb, max_used=7139Kb, free=238696Kb
 total_blobs=4089, nmethods=2314, adapters=1653, full_count=0
Compilation: enabled, stopped_count=0, restarted_count=0

Compilation events (20 events):
Event: 0.766 Thread 0x00000175b94dce30 nmethod 2297 0x00000175a2c51308 code [0x00000175a2c51400, 0x00000175a2c51878]
Event: 0.766 Thread 0x00000175b94dce30 2299       3       java.util.ArrayList::toArray (12 bytes)
Event: 0.766 Thread 0x00000175b9a2a6c0 nmethod 2288 0x00000175aa43e708 code [0x00000175aa43e800, 0x00000175aa43f110]
Event: 0.766 Thread 0x00000175b94dce30 nmethod 2299 0x00000175a2c51888 code [0x00000175a2c51980, 0x00000175a2c51bd0]
Event: 0.766 Thread 0x00000175b94dce30 2300       3       jdk.internal.foreign.FunctionDescriptorImpl$$Lambda/0x000000008502b1b8::test (8 bytes)
Event: 0.766 Thread 0x00000175b94dce30 nmethod 2300 0x00000175a2c51c08 code [0x00000175a2c51d00, 0x00000175a2c52038]
Event: 0.766 Thread 0x00000175b94dce30 2301       3       jdk.internal.foreign.FunctionDescriptorImpl::lambda$new$0 (5 bytes)
Event: 0.766 Thread 0x00000175b94dce30 nmethod 2301 0x00000175a2c52088 code [0x00000175a2c52180, 0x00000175a2c52358]
Event: 0.766 Thread 0x00000175b94dce30 2298       1       jdk.internal.foreign.layout.ValueLayouts$AbstractValueLayout::carrier (5 bytes)
Event: 0.766 Thread 0x00000175b94dce30 nmethod 2298 0x00000175aa43f488 code [0x00000175aa43f580, 0x00000175aa43f648]
Event: 0.766 Thread 0x00000175b94dce30 2303       1       jdk.internal.foreign.abi.Binding$VMStore::type (5 bytes)
Event: 0.766 Thread 0x00000175b94dce30 nmethod 2303 0x00000175aa43f788 code [0x00000175aa43f880, 0x00000175aa43f948]
Event: 0.766 Thread 0x00000175b94dce30 2304       3       jdk.internal.classfile.impl.StackMapGenerator$Frame::trimAndCompress (61 bytes)
Event: 0.767 Thread 0x00000175b94dce30 nmethod 2304 0x00000175a2c52388 code [0x00000175a2c52480, 0x00000175a2c52a70]
Event: 0.767 Thread 0x00000175b94dce30 2306       3       java.lang.invoke.DirectMethodHandle::getFunction (53 bytes)
Event: 0.767 Thread 0x00000175b94dce30 nmethod 2306 0x00000175a2c52a88 code [0x00000175a2c52b80, 0x00000175a2c52ea0]
Event: 0.767 Thread 0x00000175b94dce30 2307       3       java.lang.invoke.LambdaForm$NamedFunction::<init> (7 bytes)
Event: 0.767 Thread 0x00000175b94dce30 nmethod 2307 0x00000175a2c52f08 code [0x00000175a2c53000, 0x00000175a2c53258]
Event: 0.767 Thread 0x00000175b94dce30 2310       3       java.lang.invoke.LambdaForm$Name::replaceName (86 bytes)
Event: 0.767 Thread 0x00000175b94dce30 nmethod 2310 0x00000175a2c53288 code [0x00000175a2c53380, 0x00000175a2c53a88]

GC Heap Usage History (0 events):
No events

Metaspace Usage History (0 events):
No events

Dll operation events (8 events):
Event: 0.005 Loaded shared library C:\Program Files\Java\jdk-25\bin\java.dll
Event: 0.042 Loaded shared library C:\Program Files\Java\jdk-25\bin\net.dll
Event: 0.043 Loaded shared library C:\Program Files\Java\jdk-25\bin\nio.dll
Event: 0.045 Loaded shared library C:\Program Files\Java\jdk-25\bin\zip.dll
Event: 0.090 Loaded shared library C:\Program Files\Java\jdk-25\bin\jimage.dll
Event: 0.165 Loaded shared library C:\Users\alexi\AppData\Local\Temp\imgui-java-natives\1.92.0\imgui-java64.dll
Event: 0.204 Loaded shared library C:\Users\alexi\AppData\Local\Temp\lwjgl_alexi\3.4.1+2\x64\lwjgl.dll
Event: 0.606 Loaded shared library C:\Users\alexi\AppData\Local\Temp\lwjgl_alexi\3.4.1+2\x64\lwjgl_opengl.dll

Deoptimization events (20 events):
Event: 0.674 Thread 0x0000017597ca6320 Uncommon trap: trap_request=0xffffff54 fr.pc=0x00000175aa3a5fe4 relative=0x0000000000000064
Event: 0.674 Thread 0x0000017597ca6320 Uncommon trap: reason=speculate_null_check action=make_not_entrant pc=0x00000175aa3a5fe4 method=jdk.internal.misc.Unsafe.getIntUnaligned(Ljava/lang/Object;JZ)I @ 5 c2
Event: 0.674 Thread 0x0000017597ca6320 DEOPT PACKING pc=0x00000175aa3a5fe4 sp=0x00000062792feb40
Event: 0.674 Thread 0x0000017597ca6320 DEOPT UNPACKING pc=0x00000175a9f10b82 sp=0x00000062792feac0 mode 2
Event: 0.687 Thread 0x0000017597ca6320 Uncommon trap: trap_request=0xfffffff4 fr.pc=0x00000175aa3d97e4 relative=0x0000000000000b64
Event: 0.687 Thread 0x0000017597ca6320 Uncommon trap: reason=null_check action=make_not_entrant pc=0x00000175aa3d97e4 method=java.lang.Class.describeConstable()Ljava/util/Optional; @ 17 c2
Event: 0.687 Thread 0x0000017597ca6320 DEOPT PACKING pc=0x00000175aa3d97e4 sp=0x00000062792fe7a0
Event: 0.687 Thread 0x0000017597ca6320 DEOPT UNPACKING pc=0x00000175a9f10b82 sp=0x00000062792fe770 mode 2
Event: 0.687 Thread 0x0000017597ca6320 Uncommon trap: trap_request=0xffffff45 fr.pc=0x00000175aa3f69a0 relative=0x00000000000001a0
Event: 0.687 Thread 0x0000017597ca6320 Uncommon trap: reason=unstable_if action=reinterpret pc=0x00000175aa3f69a0 method=jdk.internal.classfile.impl.DirectMethodBuilder.parameterSlot(I)I @ 11 c2
Event: 0.687 Thread 0x0000017597ca6320 DEOPT PACKING pc=0x00000175aa3f69a0 sp=0x00000062792fe360
Event: 0.687 Thread 0x0000017597ca6320 DEOPT UNPACKING pc=0x00000175a9f10b82 sp=0x00000062792fe2a8 mode 2
Event: 0.701 Thread 0x0000017597ca6320 Uncommon trap: trap_request=0xffffffd6 fr.pc=0x00000175aa431ab4 relative=0x00000000000004b4
Event: 0.701 Thread 0x0000017597ca6320 Uncommon trap: reason=array_check action=maybe_recompile pc=0x00000175aa431ab4 method=jdk.internal.classfile.impl.AttributeHolder.withAttribute(Ljava/lang/classfile/Attribute;)V @ 115 c2
Event: 0.701 Thread 0x0000017597ca6320 DEOPT PACKING pc=0x00000175aa431ab4 sp=0x00000062792fe260
Event: 0.701 Thread 0x0000017597ca6320 DEOPT UNPACKING pc=0x00000175a9f10b82 sp=0x00000062792fe220 mode 2
Event: 0.701 Thread 0x0000017597ca6320 Uncommon trap: trap_request=0xffffff66 fr.pc=0x00000175aa431be0 relative=0x00000000000005e0
Event: 0.701 Thread 0x0000017597ca6320 Uncommon trap: reason=loop_limit_check action=maybe_recompile pc=0x00000175aa431be0 method=jdk.internal.classfile.impl.AttributeHolder.withAttribute(Ljava/lang/classfile/Attribute;)V @ 39 c2
Event: 0.701 Thread 0x0000017597ca6320 DEOPT PACKING pc=0x00000175aa431be0 sp=0x00000062792fe290
Event: 0.701 Thread 0x0000017597ca6320 DEOPT UNPACKING pc=0x00000175a9f10b82 sp=0x00000062792fe260 mode 2

Classes loaded (20 events):
Event: 0.390 Loading class jdk/internal/foreign/abi/UpcallLinker$InvocationData
Event: 0.390 Loading class jdk/internal/foreign/abi/UpcallLinker$InvocationData done
Event: 0.392 Loading class java/util/function/UnaryOperator
Event: 0.392 Loading class java/util/function/UnaryOperator done
Event: 0.394 Loading class jdk/internal/foreign/abi/UpcallStubs
Event: 0.395 Loading class jdk/internal/foreign/abi/UpcallStubs done
Event: 0.395 Loading class jdk/internal/foreign/abi/UpcallStubs$1
Event: 0.395 Loading class jdk/internal/foreign/abi/UpcallStubs$1 done
Event: 0.395 Loading class jdk/internal/foreign/MemorySessionImpl$ResourceList$ResourceCleanup$1
Event: 0.395 Loading class jdk/internal/foreign/MemorySessionImpl$ResourceList$ResourceCleanup$1 done
Event: 0.404 Loading class java/lang/invoke/DirectMethodHandle$StaticAccessor
Event: 0.404 Loading class java/lang/invoke/DirectMethodHandle$StaticAccessor done
Event: 0.404 Loading class jdk/internal/reflect/MethodHandleIntegerFieldAccessorImpl
Event: 0.404 Loading class jdk/internal/reflect/MethodHandleIntegerFieldAccessorImpl done
Event: 0.609 Loading class java/nio/DirectCharBufferU
Event: 0.609 Loading class java/nio/DirectCharBufferU done
Event: 0.712 Loading class jdk/internal/foreign/SegmentBulkOperations
Event: 0.712 Loading class jdk/internal/foreign/SegmentBulkOperations done
Event: 0.712 Loading class jdk/internal/util/Architecture
Event: 0.712 Loading class jdk/internal/util/Architecture done

Classes unloaded (0 events):
No events

Classes redefined (0 events):
No events

Internal exceptions (20 events):
Event: 0.699 Thread 0x0000017597ca6320 Exception <a 'java/lang/NoSuchMethodError'{0x00000007123c9998}: 'void java.lang.invoke.DirectMethodHandle$Holder.invokeInterface(java.lang.Object, java.lang.Object, long, int, int, int)'> (0x00000007123c9998) 
thrown [s\open\src\hotspot\share\interpreter\linkResolver.cpp, line 804]
Event: 0.700 Thread 0x0000017597ca6320 Exception <a 'java/lang/NoSuchMethodError'{0x00000007123e3058}: 'void java.lang.invoke.DelegatingMethodHandle$Holder.reinvoke_L(java.lang.Object, java.lang.Object, long, int, int, int)'> (0x00000007123e3058) 
thrown [s\open\src\hotspot\share\interpreter\linkResolver.cpp, line 804]
Event: 0.700 Thread 0x0000017597ca6320 Exception <a 'java/lang/NoSuchMethodError'{0x000000071200ed90}: 'java.lang.Object java.lang.invoke.DelegatingMethodHandle$Holder.delegate(java.lang.Object, java.lang.Object, long, int, int, int)'> (0x000000071200ed90) 
thrown [s\open\src\hotspot\share\interpreter\linkResolver.cpp, line 804]
Event: 0.701 Thread 0x0000017597ca6320 Exception <a 'java/lang/NoSuchMethodError'{0x0000000712044f68}: 'void java.lang.invoke.DirectMethodHandle$Holder.invokeStatic(java.lang.Object, java.lang.Object, long, int, int, int)'> (0x0000000712044f68) 
thrown [s\open\src\hotspot\share\interpreter\linkResolver.cpp, line 804]
Event: 0.702 Thread 0x0000017597ca6320 Exception <a 'java/lang/NoSuchMethodError'{0x000000071204d978}: 'void java.lang.invoke.DirectMethodHandle$Holder.invokeSpecial(java.lang.Object, java.lang.Object, long, int, int, int)'> (0x000000071204d978) 
thrown [s\open\src\hotspot\share\interpreter\linkResolver.cpp, line 804]
Event: 0.702 Thread 0x0000017597ca6320 Exception <a 'java/lang/NoSuchMethodError'{0x0000000712055710}: 'void java.lang.invoke.Invokers$Holder.exactInvoker(java.lang.Object, java.lang.Object, long, int, int, int)'> (0x0000000712055710) 
thrown [s\open\src\hotspot\share\interpreter\linkResolver.cpp, line 804]
Event: 0.702 Thread 0x0000017597ca6320 Exception <a 'java/lang/NoSuchMethodError'{0x000000071205dc10}: 'void java.lang.invoke.DelegatingMethodHandle$Holder.delegate(java.lang.Object, java.lang.Object, long, int, int, int)'> (0x000000071205dc10) 
thrown [s\open\src\hotspot\share\interpreter\linkResolver.cpp, line 804]
Event: 0.705 Thread 0x0000017597ca6320 Exception <a 'java/lang/NoSuchMethodError'{0x00000007120958e0}: 'void java.lang.invoke.DirectMethodHandle$Holder.invokeInterface(java.lang.Object, java.lang.Object, long, int, int, int, int)'> (0x00000007120958e0) 
thrown [s\open\src\hotspot\share\interpreter\linkResolver.cpp, line 804]
Event: 0.705 Thread 0x0000017597ca6320 Exception <a 'java/lang/NoSuchMethodError'{0x00000007120aeff0}: 'void java.lang.invoke.DelegatingMethodHandle$Holder.reinvoke_L(java.lang.Object, java.lang.Object, long, int, int, int, int)'> (0x00000007120aeff0) 
thrown [s\open\src\hotspot\share\interpreter\linkResolver.cpp, line 804]
Event: 0.706 Thread 0x0000017597ca6320 Exception <a 'java/lang/NoSuchMethodError'{0x00000007120d7438}: 'java.lang.Object java.lang.invoke.DelegatingMethodHandle$Holder.delegate(java.lang.Object, java.lang.Object, long, int, int, int, int)'> (0x00000007120d7438) 
thrown [s\open\src\hotspot\share\interpreter\linkResolver.cpp, line 804]
Event: 0.707 Thread 0x0000017597ca6320 Exception <a 'java/lang/NoSuchMethodError'{0x000000071210e930}: 'void java.lang.invoke.DirectMethodHandle$Holder.invokeStatic(java.lang.Object, java.lang.Object, long, int, int, int, int)'> (0x000000071210e930) 
thrown [s\open\src\hotspot\share\interpreter\linkResolver.cpp, line 804]
Event: 0.707 Thread 0x0000017597ca6320 Exception <a 'java/lang/NoSuchMethodError'{0x00000007121173c8}: 'void java.lang.invoke.DirectMethodHandle$Holder.invokeSpecial(java.lang.Object, java.lang.Object, long, int, int, int, int)'> (0x00000007121173c8) 
thrown [s\open\src\hotspot\share\interpreter\linkResolver.cpp, line 804]
Event: 0.707 Thread 0x0000017597ca6320 Exception <a 'java/lang/NoSuchMethodError'{0x000000071211f198}: 'void java.lang.invoke.Invokers$Holder.exactInvoker(java.lang.Object, java.lang.Object, long, int, int, int, int)'> (0x000000071211f198) 
thrown [s\open\src\hotspot\share\interpreter\linkResolver.cpp, line 804]
Event: 0.707 Thread 0x0000017597ca6320 Exception <a 'java/lang/NoSuchMethodError'{0x0000000712127700}: 'void java.lang.invoke.DelegatingMethodHandle$Holder.delegate(java.lang.Object, java.lang.Object, long, int, int, int, int)'> (0x0000000712127700) 
thrown [s\open\src\hotspot\share\interpreter\linkResolver.cpp, line 804]
Event: 0.708 Thread 0x0000017597ca6320 Exception <a 'java/lang/NoSuchMethodError'{0x0000000712142ab0}: 'void java.lang.invoke.DirectMethodHandle$Holder.invokeInterface(java.lang.Object, java.lang.Object, long, int)'> (0x0000000712142ab0) 
thrown [s\open\src\hotspot\share\interpreter\linkResolver.cpp, line 804]
Event: 0.759 Thread 0x0000017597ca6320 Exception <a 'sun/nio/fs/WindowsException'{0x0000000711ee9148}> (0x0000000711ee9148) 
thrown [s\open\src\hotspot\share\prims\jni.cpp, line 516]
Event: 0.759 Thread 0x0000017597ca6320 Exception <a 'sun/nio/fs/WindowsException'{0x0000000711ee94d8}> (0x0000000711ee94d8) 
thrown [s\open\src\hotspot\share\prims\jni.cpp, line 516]
Event: 0.767 Thread 0x0000017597ca6320 Exception <a 'java/lang/NoSuchMethodError'{0x0000000711f2cf70}: 'int java.lang.invoke.DirectMethodHandle$Holder.invokeStaticInit(java.lang.Object, java.lang.Object, java.lang.Object, long, long)'> (0x0000000711f2cf70) 
thrown [s\open\src\hotspot\share\interpreter\linkResolver.cpp, line 804]
Event: 0.767 Thread 0x0000017597ca6320 Exception <a 'java/lang/NoSuchMethodError'{0x0000000711f3d3f0}: 'int java.lang.invoke.DelegatingMethodHandle$Holder.reinvoke_L(java.lang.Object, java.lang.Object, java.lang.Object, long, long)'> (0x0000000711f3d3f0) 
thrown [s\open\src\hotspot\share\interpreter\linkResolver.cpp, line 804]
Event: 0.767 Thread 0x0000017597ca6320 Exception <a 'java/lang/NoSuchMethodError'{0x0000000711f5e2e8}: 'int java.lang.invoke.DirectMethodHandle$Holder.invokeSpecial(java.lang.Object, java.lang.Object, java.lang.Object, long, long)'> (0x0000000711f5e2e8) 
thrown [s\open\src\hotspot\share\interpreter\linkResolver.cpp, line 804]

VM Operations (18 events):
Event: 0.093 Executing non-safepoint VM operation: HandshakeAllThreads (Deoptimize)
Event: 0.093 Executing non-safepoint VM operation: HandshakeAllThreads (Deoptimize) done
Event: 0.190 Executing non-safepoint VM operation: HandshakeAllThreads (Deoptimize)
Event: 0.190 Executing non-safepoint VM operation: HandshakeAllThreads (Deoptimize) done
Event: 0.244 Executing non-safepoint VM operation: HandshakeAllThreads (Deoptimize)
Event: 0.244 Executing non-safepoint VM operation: HandshakeAllThreads (Deoptimize) done
Event: 0.322 Executing non-safepoint VM operation: HandshakeAllThreads (Deoptimize)
Event: 0.322 Executing non-safepoint VM operation: HandshakeAllThreads (Deoptimize) done
Event: 0.338 Executing non-safepoint VM operation: HandshakeAllThreads (Deoptimize)
Event: 0.338 Executing non-safepoint VM operation: HandshakeAllThreads (Deoptimize) done
Event: 0.344 Executing non-safepoint VM operation: HandshakeAllThreads (Deoptimize)
Event: 0.344 Executing non-safepoint VM operation: HandshakeAllThreads (Deoptimize) done
Event: 0.356 Executing non-safepoint VM operation: HandshakeAllThreads (Deoptimize)
Event: 0.356 Executing non-safepoint VM operation: HandshakeAllThreads (Deoptimize) done
Event: 0.365 Executing non-safepoint VM operation: HandshakeAllThreads (Deoptimize)
Event: 0.365 Executing non-safepoint VM operation: HandshakeAllThreads (Deoptimize) done
Event: 0.387 Executing non-safepoint VM operation: HandshakeAllThreads (Deoptimize)
Event: 0.387 Executing non-safepoint VM operation: HandshakeAllThreads (Deoptimize) done

Memory protections (0 events):
No events

Nmethod flushes (0 events):
No events

Events (16 events):
Event: 0.016 Thread 0x0000017597ca6320 Thread added: 0x0000017597ca6320
Event: 0.022 Thread 0x0000017597ca6320 Thread added: 0x00000175b94a7440
Event: 0.022 Thread 0x0000017597ca6320 Thread added: 0x00000175b94a7ea0
Event: 0.022 Thread 0x0000017597ca6320 Thread added: 0x00000175b94a8d00
Event: 0.022 Thread 0x0000017597ca6320 Thread added: 0x00000175b94aac80
Event: 0.022 Thread 0x0000017597ca6320 Thread added: 0x00000175b94adb90
Event: 0.022 Thread 0x0000017597ca6320 Thread added: 0x00000175b94aec30
Event: 0.023 Thread 0x0000017597ca6320 Thread added: 0x00000175b94dc220
Event: 0.023 Thread 0x0000017597ca6320 Thread added: 0x00000175b94dce30
Event: 0.037 Thread 0x0000017597ca6320 Thread added: 0x00000175b9a19700
Event: 0.039 Thread 0x0000017597ca6320 Thread added: 0x00000175b9a2d1d0
Event: 0.229 Thread 0x00000175b94dce30 Thread added: 0x00000175b9a25620
Event: 0.316 Thread 0x00000175b94dce30 Thread added: 0x00000175b9a27e70
Event: 0.594 Thread 0x00000175b9a27e70 Thread exited: 0x00000175b9a27e70
Event: 0.594 Thread 0x00000175b9a25620 Thread exited: 0x00000175b9a25620
Event: 0.624 Thread 0x00000175b94dce30 Thread added: 0x00000175b9a2a6c0


Dynamic libraries:
0x00007ff6ff730000 - 0x00007ff6ff740000 	C:\Program Files\Java\jdk-25\bin\java.exe
0x00007ff9372a0000 - 0x00007ff937506000 	C:\Windows\SYSTEM32\ntdll.dll
0x00007ff935d30000 - 0x00007ff935df9000 	C:\Windows\System32\KERNEL32.DLL
0x00007ff9345e0000 - 0x00007ff9349da000 	C:\Windows\System32\KERNELBASE.dll
0x00007ff9349e0000 - 0x00007ff934b2c000 	C:\Windows\System32\ucrtbase.dll
0x00007ff911e50000 - 0x00007ff911e67000 	C:\Program Files\Java\jdk-25\bin\jli.dll
0x00007ff90f660000 - 0x00007ff90f67e000 	C:\Program Files\Java\jdk-25\bin\VCRUNTIME140.dll
0x00007ff936bf0000 - 0x00007ff936db7000 	C:\Windows\System32\USER32.dll
0x00007ff918eb0000 - 0x00007ff919142000 	C:\Windows\WinSxS\amd64_microsoft.windows.common-controls_6595b64144ccf1df_6.0.26100.8521_none_3e08b75ce33403b3\COMCTL32.dll
0x00007ff934b30000 - 0x00007ff934b57000 	C:\Windows\System32\win32u.dll
0x00007ff935880000 - 0x00007ff935929000 	C:\Windows\System32\msvcrt.dll
0x00007ff935020000 - 0x00007ff93504b000 	C:\Windows\System32\GDI32.dll
0x00007ff934e50000 - 0x00007ff934f7b000 	C:\Windows\System32\gdi32full.dll
0x00007ff934530000 - 0x00007ff9345d3000 	C:\Windows\System32\msvcp_win.dll
0x00007ff935cf0000 - 0x00007ff935d22000 	C:\Windows\System32\IMM32.DLL
0x00007ff916270000 - 0x00007ff91627c000 	C:\Program Files\Java\jdk-25\bin\vcruntime140_1.dll
0x00007ff8e4330000 - 0x00007ff8e43bd000 	C:\Program Files\Java\jdk-25\bin\msvcp140.dll
0x00007ff8a1ac0000 - 0x00007ff8a291f000 	C:\Program Files\Java\jdk-25\bin\server\jvm.dll
0x00007ff9371a0000 - 0x00007ff937256000 	C:\Windows\System32\ADVAPI32.dll
0x00007ff9359d0000 - 0x00007ff935a7a000 	C:\Windows\System32\sechost.dll
0x00007ff935e00000 - 0x00007ff935f18000 	C:\Windows\System32\RPCRT4.dll
0x00007ff935b80000 - 0x00007ff935c00000 	C:\Windows\System32\WS2_32.dll
0x00007ff9341e0000 - 0x00007ff93423e000 	C:\Windows\SYSTEM32\POWRPROF.dll
0x00007ff923950000 - 0x00007ff923986000 	C:\Windows\SYSTEM32\WINMM.dll
0x00007ff92c5c0000 - 0x00007ff92c5cb000 	C:\Windows\SYSTEM32\VERSION.dll
0x00007ff9341c0000 - 0x00007ff9341d4000 	C:\Windows\SYSTEM32\UMPDC.dll
0x00007ff933280000 - 0x00007ff93329b000 	C:\Windows\SYSTEM32\kernel.appcore.dll
0x00007ff915eb0000 - 0x00007ff915eba000 	C:\Program Files\Java\jdk-25\bin\jimage.dll
0x00007ff9210c0000 - 0x00007ff921302000 	C:\Windows\SYSTEM32\DBGHELP.DLL
0x00007ff936dc0000 - 0x00007ff937143000 	C:\Windows\System32\combase.dll
0x00007ff935c10000 - 0x00007ff935ce9000 	C:\Windows\System32\OLEAUT32.dll
0x00007ff91b1f0000 - 0x00007ff91b22b000 	C:\Windows\SYSTEM32\dbgcore.DLL
0x00007ff934b60000 - 0x00007ff934c08000 	C:\Windows\System32\bcryptPrimitives.dll
0x00007ff90f640000 - 0x00007ff90f65f000 	C:\Program Files\Java\jdk-25\bin\java.dll
0x00007ff936770000 - 0x00007ff936908000 	C:\Windows\System32\ole32.dll
0x00007ff935f20000 - 0x00007ff9366a4000 	C:\Windows\System32\SHELL32.dll
0x00007ff9320d0000 - 0x00007ff932950000 	C:\Windows\SYSTEM32\windows.storage.dll
0x00007ff935280000 - 0x00007ff935376000 	C:\Windows\System32\SHCORE.dll
0x00007ff936b00000 - 0x00007ff936b67000 	C:\Windows\System32\shlwapi.dll
0x00007ff934450000 - 0x00007ff934479000 	C:\Windows\SYSTEM32\profapi.dll
0x00007ff90f540000 - 0x00007ff90f552000 	C:\Program Files\Java\jdk-25\bin\net.dll
0x00007ff9337e0000 - 0x00007ff93384c000 	C:\Windows\system32\mswsock.dll
0x00007ff90e250000 - 0x00007ff90e266000 	C:\Program Files\Java\jdk-25\bin\nio.dll
0x00007ff90f620000 - 0x00007ff90f637000 	C:\Program Files\Java\jdk-25\bin\zip.dll
0x00007ff89ff40000 - 0x00007ff8a09d9000 	C:\Users\alexi\AppData\Local\Temp\imgui-java-natives\1.92.0\imgui-java64.dll
0x00007ff9115a0000 - 0x00007ff911624000 	C:\Users\alexi\AppData\Local\Temp\lwjgl_alexi\3.4.1+2\x64\lwjgl.dll
0x00007ff8a6d00000 - 0x00007ff8a6f70000 	C:\Users\alexi\AppData\Local\Temp\lwjgl_alexi\3.4.1+2\x64\jemalloc.dll
0x00007ff911280000 - 0x00007ff91130a000 	C:\Users\alexi\AppData\Local\Temp\lwjgl_alexi\3.4.1+2\x64\glfw.dll
0x00007ff9170f0000 - 0x00007ff91713b000 	C:\Windows\SYSTEM32\dinput8.dll
0x00007ff92f4e0000 - 0x00007ff92f4fc000 	C:\Windows\SYSTEM32\xinput1_4.dll
0x00007ff934100000 - 0x00007ff93412d000 	C:\Windows\SYSTEM32\DEVOBJ.dll
0x00007ff934130000 - 0x00007ff934181000 	C:\Windows\SYSTEM32\cfgmgr32.dll
0x00007ff931a20000 - 0x00007ff931a4f000 	C:\Windows\SYSTEM32\dwmapi.dll
0x00007ff9174e0000 - 0x00007ff9176c5000 	C:\Windows\SYSTEM32\inputhost.dll
0x00007ff9312a0000 - 0x00007ff9313c5000 	C:\Windows\SYSTEM32\CoreMessaging.dll
0x00007ff931780000 - 0x00007ff93182a000 	C:\Windows\system32\uxtheme.dll
0x00007ff936910000 - 0x00007ff936a6d000 	C:\Windows\System32\MSCTF.dll
0x00007ff933af0000 - 0x00007ff933afc000 	C:\Windows\SYSTEM32\CRYPTBASE.DLL
0x00007ff910050000 - 0x00007ff91015c000 	C:\Windows\SYSTEM32\opengl32.dll
0x00007ff915cf0000 - 0x00007ff915d1d000 	C:\Windows\SYSTEM32\GLU32.dll
0x00007ff931850000 - 0x00007ff931894000 	C:\Windows\SYSTEM32\dxcore.dll
0x00007ff9154b0000 - 0x00007ff9154cd000 	C:\Windows\SYSTEM32\windows.staterepositorycore.dll
0x00007ff89d0b0000 - 0x00007ff89ff35000 	C:\Windows\System32\DriverStore\FileRepository\nv_dispi.inf_amd64_6f3cfb7117944855\nvoglv64.dll
0x00007ff935390000 - 0x00007ff935817000 	C:\Windows\System32\SETUPAPI.dll
0x00007ff9315f0000 - 0x00007ff93161a000 	C:\Windows\SYSTEM32\WTSAPI32.dll
0x00007ff934c10000 - 0x00007ff934d88000 	C:\Windows\System32\CRYPT32.dll
0x00007ff933530000 - 0x00007ff933579000 	C:\Windows\SYSTEM32\SspiCli.dll
0x00007ff933c40000 - 0x00007ff933c53000 	C:\Windows\SYSTEM32\msasn1.dll
0x00007ff92c3a0000 - 0x00007ff92c3db000 	C:\Windows\SYSTEM32\cryptnet.dll
0x00007ff933bd0000 - 0x00007ff933c3a000 	C:\Windows\SYSTEM32\wldp.dll
0x00007ff92c220000 - 0x00007ff92c398000 	C:\Windows\SYSTEM32\drvstore.dll
0x00007ff9333b0000 - 0x00007ff9333e6000 	C:\Windows\SYSTEM32\ntmarta.dll
0x00007ff934f80000 - 0x00007ff935003000 	C:\Windows\System32\WINTRUST.dll
0x00007ff934420000 - 0x00007ff93444a000 	C:\Windows\SYSTEM32\bcrypt.dll
0x00007ff935050000 - 0x00007ff935070000 	C:\Windows\System32\imagehlp.dll
0x00007ff933b00000 - 0x00007ff933b1b000 	C:\Windows\System32\CRYPTSP.dll
0x00007ff9331e0000 - 0x00007ff933219000 	C:\Windows\system32\rsaenh.dll
0x00007ff925640000 - 0x00007ff92b44d000 	C:\Windows\System32\DriverStore\FileRepository\nv_dispi.inf_amd64_6f3cfb7117944855\nvgpucomp64.dll
0x00007ff8c0d40000 - 0x00007ff8c0e87000 	C:\Windows\system32\nvspcap64.dll
0x00007ff933ce0000 - 0x00007ff933d41000 	C:\Windows\SYSTEM32\WINSTA.dll
0x00007ff90e5c0000 - 0x00007ff90e708000 	C:\Windows\SYSTEM32\textinputframework.dll
0x00007ff92cb70000 - 0x00007ff92ce54000 	C:\Windows\SYSTEM32\CoreUIComponents.dll
0x00007ff92e5d0000 - 0x00007ff92e73a000 	C:\Windows\SYSTEM32\wintypes.dll
0x00007ff911a50000 - 0x00007ff911aac000 	C:\Users\alexi\AppData\Local\Temp\lwjgl_alexi\3.4.1+2\x64\lwjgl_opengl.dll
0x00007ff8a46e0000 - 0x00007ff8a4906000 	C:\Users\alexi\AppData\Local\Temp\lwjgl_alexi\3.4.1+2\x64\freetype.dll
0x00007ff917250000 - 0x00007ff917269000 	C:\Windows\SYSTEM32\USP10.dll
0x00007ff92ff80000 - 0x00007ff9301e7000 	C:\Windows\SYSTEM32\DWrite.dll

JVMTI agents: none

dbghelp: loaded successfully - version: 4.0.5 - missing functions: none
symbol engine: initialized successfully - sym options: 0x614 - pdb path: .;C:\Program Files\Java\jdk-25\bin;C:\Windows\SYSTEM32;C:\Windows\WinSxS\amd64_microsoft.windows.common-controls_6595b64144ccf1df_6.0.26100.8521_none_3e08b75ce33403b3;C:\Program Files\Java\jdk-25\bin\server;C:\Users\alexi\AppData\Local\Temp\imgui-java-natives\1.92.0;C:\Users\alexi\AppData\Local\Temp\lwjgl_alexi\3.4.1+2\x64;C:\Windows\System32\DriverStore\FileRepository\nv_dispi.inf_amd64_6f3cfb7117944855

VM Arguments:
jvm_args: -Dfile.encoding=UTF-8 -Duser.country=GB -Duser.language=en -Duser.variant 
java_command: com.servilious.projmtn.Game -enableDevMode
java_class_path (initial): C:\Users\alexi\Desktop\Coding Stuff\Games i try to code\ProjectMountain-Servilious-LWJGL3\build\classes\java\main;C:\Users\alexi\Desktop\Coding Stuff\Games i try to code\ProjectMountain-Servilious-LWJGL3\build\resources\main;C:\Users\alexi\.gradle\caches\modules-2\files-2.1\io.github.spair\imgui-java-app\1.92.0\f1096806f47609ab640e5379e395c052dc2c6942\imgui-java-app-1.92.0.jar;C:\Users\alexi\.gradle\caches\modules-2\files-2.1\io.github.spair\imgui-java-lwjgl3\1.92.0\172b9eb03e2f54a449d4e5a2a62ecb31695c3ca0\imgui-java-lwjgl3-1.92.0.jar;C:\Users\alexi\.gradle\caches\modules-2\files-2.1\org.lwjgl\lwjgl-freetype\3.4.1\caa75a37e857efc9b0686e434d708d6420c5b6ea\lwjgl-freetype-3.4.1.jar;C:\Users\alexi\.gradle\caches\modules-2\files-2.1\org.lwjgl\lwjgl-freetype\3.4.1\32fc9cfd236aca5433d53af78bfb15f1b4c1103e\lwjgl-freetype-3.4.1-natives-windows.jar;C:\Users\alexi\.gradle\caches\modules-2\files-2.1\org.lwjgl\lwjgl-glfw\3.4.1\a782b1ddd175c9107bf300fd92920579ea65e2a4\lwjgl-glfw-3.4.1.jar;C:\Users\alexi\.gradle\caches\modules-2\files-2.1\org.lwjgl\lwjgl-glfw\3.4.1\2eb4aa895ea190ba8cf4356f8cea24d3ebb40ea1\lwjgl-glfw-3.4.1-natives-windows.jar;C:\Users\alexi\.gradle\caches\modules-2\files-2.1\org.lwjgl\lwjgl-glfw\3.4.1\23cdf7655ce9f3b27ad90f08e73345e0d5b46362\lwjgl-glfw-3.4.1-natives-linux.jar;C:\Users\alexi\.gradle\caches\modules-2\files-2.1\org.lwjgl\lwjgl-glfw\3.4.1\3c8538942f58377d59cd7be2dc164ba71a53868a\lwjgl-glfw-3.4.1-natives-macos.jar;C:\Users\alexi\.gradle\caches\modules-2\files-2.1\org.lwjgl\lwjgl-glfw\3.4.1\ef1f8efca5a60ba3512bc4982b88e446ecc43378\lwjgl-glfw-3.4.1-natives-macos-arm64.jar;C:\Users\alexi\.gradle\caches\modules-2\files-2.1\org.lwjgl\lwjgl-jemalloc\3.4.1\16b663092854fc6adfe0a941e61cae2bb2e437b6\lwjgl-jemalloc-3.4.1.jar;C:\Users\alexi\.gradle\caches\modules-2\files-2.1\org.lwjgl\lwjgl-jemalloc\3.4.1\70db8048d1aca8a6365f46f9963b8d6cd77b9e94\lwjgl-jemalloc-3.4.1-natives-windows.jar;C:\Users\alexi\.gradle\caches\modules-2\files-2.1\org.lwjgl\lwjgl-openal\3.4.1\8508bd60589de0539aa465b78fcf838efd07ae9a\lwjgl-openal-3.4.1.jar;C:\Users\alexi\.gradle\caches\modules-2\files-2.1\org.lwjgl\lwjgl-openal\3.4.1\8e83fdfdf65c80c9877c6fb6cb645d239ed7638\lwjgl-openal-3.4.1-natives-windows.jar;C:\Users\alexi\.gradle\caches\modules-2\files-2.1\org.lwjgl\lwjgl-opengl\3.4.1\830412cab823c029cda6b9729f9d2ed36cf79959\lwjgl-opengl-3.4.1.jar;C:\Users\alexi\.gradle\caches\modules-2\files-2.1\org.lwjgl\lwjgl-opengl\3.4.1\617f37ef4e2ffb727bd5e74333e8073ef43ca1ec\lwjgl-opengl-3.4.1-natives-windows.jar;C:\Users\alexi\.gradle\caches\modules-2\files-2.1\org.lwjgl\lwjgl-opengl\3.4.1\b750599f0e75ddb19f1d0fe993f3011334b710ae\lwjgl-opengl-3.4.1-natives-linux.jar;C:\Users\alexi\.gradle\caches\modules-2\files-2.1\org.lwjgl\lwjgl-opengl\3.4.1\ba18fc6012b88494ee893506934b92b01c4ef14b\lwjgl-opengl-3.4.1-natives-macos.jar;C:\Users\alexi\.gradle\caches\modules-2\files-2.1\org.lwjgl\lwjgl-opengl\3.4.1\35b5550058de4960525f465243bd01805f04fd8b\lwjgl-opengl-3.4.1-natives-macos-arm64.jar;C:\Users\alexi\.gradle\caches\modules-2\files-2.1\org.lwjgl\lwjgl-renderdoc\3.4.1\593ca5cd6367702acb8b17014bb3bc0d29603146\lwjgl-renderdoc-3.4.1.jar;C:\Users\alexi\.gradle\caches\modules-2\files-2.1\org.lwjgl\lwjgl-stb\3.4.1\f077c3dafc31924fbe8acb0b913f08977ba27f8e\lwjgl-stb-3.4.1.jar;C:\Users\alexi\.gradle\caches\modules-2\files-2.1\org.lwjgl\lwjgl-stb\3.4.1\b4e13ece83c228ecf57354639d8555076a989d74\lwjgl-stb-3.4.1-natives-windows.jar;C:\Users\alexi\.gradle\caches\modules-2\files-2.1\org.lwjgl\lwjgl-sdl\3.4.1\ec28db6e949478044c649fea25eae43b1b161971\lwjgl-sdl-3.4.1.jar;C:\Users\alexi\.gradle\caches\modules-2\files-2.1\org.lwjgl\lwjgl-sdl\3.4.1\1da71d0ae8ff2f60a94fdb066c889c195d097607\lwjgl-sdl-3.4.1-natives-linux.jar;C:\Users\alexi\.gradle\caches\modules-2\files-2.1\org.lwjgl\lwjgl-sdl\3.4.1\b6dacfb1f46fe1cefac27b030d75b58f3644d1d3\lwjgl-sdl-3.4.1-natives-windows.jar;C:\Users\alexi\.gradle\caches\modules-2\files-2.1\org.lwjgl\lwjgl-sdl\3.4.1\ac01403f6c3b65666417185661e0ab3db0711769\lwjgl-sdl-3.4.1-natives-macos.jar;C:\Users\alexi\.gradle\caches\modules-2\files-2.1\org.lwjgl\lwjgl-sdl\3.4.1\23fcd784ae6126e49b8db333ef5015a2a58f661c\lwjgl-sdl-3.4.1-natives-macos-arm64.jar;C:\Users\alexi\.gradle\caches\modules-2\files-2.1\org.lwjgl\lwjgl\3.4.1\6105690714874b995aa7812e4f7732a21109276c\lwjgl-3.4.1.jar;C:\Users\alexi\.gradle\caches\modules-2\files-2.1\org.lwjgl\lwjgl\3.4.1\96a217f0428ab73487f114a54179a4f41e851a04\lwjgl-3.4.1-natives-windows.jar;C:\Users\alexi\.gradle\caches\modules-2\files-2.1\org.lwjgl\lwjgl\3.4.1\2734e106bd95db49fe0da8cf8bf7fd96475c436c\lwjgl-3.4.1-natives-linux.jar;C:\Users\alexi\.gradle\caches\modules-2\files-2.1\org.lwjgl\lwjgl\3.4.1\b034fd9a67cb8646c01af7efcefcb93be835542b\lwjgl-3.4.1-natives-macos.jar;C:\Users\alexi\.gradle\caches\modules-2\files-2.1\org.lwjgl\lwjgl\3.4.1\b4cbdef4818abd714ee66985344c0949fd1cd6d6\lwjgl-3.4.1-natives-macos-arm64.jar;C:\Users\alexi\.gradle\caches\modules-2\files-2.1\org.joml\joml\1.10.9\438e036486bad66b189bff385dd07dea4f74a146\joml-1.10.9.jar;C:\Users\alexi\.gradle\caches\modules-2\files-2.1\io.github.spair\imgui-java-binding\1.92.0\f56a0ef3f4c0e8c140264b92ea8bbcb5b581b3b5\imgui-java-binding-1.92.0.jar;C:\Users\alexi\.gradle\caches\modules-2\files-2.1\io.github.spair\imgui-java-natives-windows\1.92.0\eece9b8e1d62081aa6939a723d5349aba0ce174c\imgui-java-natives-windows-1.92.0.jar
Launcher Type: SUN_STANDARD

[Global flags]
     intx CICompilerCount                          = 4                                         {product} {ergonomic}
     uint ConcGCThreads                            = 3                                         {product} {ergonomic}
     uint G1ConcRefinementThreads                  = 10                                        {product} {ergonomic}
   size_t G1HeapRegionSize                         = 2097152                                   {product} {ergonomic}
   size_t InitialHeapSize                          = 264241152                                 {product} {ergonomic}
   size_t MarkStackSize                            = 4194304                                   {product} {ergonomic}
   size_t MarkStackSizeMax                         = 536870912                                 {product} {ergonomic}
   size_t MaxHeapSize                              = 4217372672                                {product} {ergonomic}
   size_t MaxNewSize                               = 2529165312                                {product} {ergonomic}
   size_t MinHeapDeltaBytes                        = 2097152                                   {product} {ergonomic}
   size_t MinHeapSize                              = 8388608                                   {product} {ergonomic}
    uintx NonNMethodCodeHeapSize                   = 5832704                                {pd product} {ergonomic}
    uintx NonProfiledCodeHeapSize                  = 122945536                              {pd product} {ergonomic}
    uintx ProfiledCodeHeapSize                     = 122880000                              {pd product} {ergonomic}
    uintx ReservedCodeCacheSize                    = 251658240                              {pd product} {ergonomic}
     bool SegmentedCodeCache                       = true                                      {product} {ergonomic}
   size_t SoftMaxHeapSize                          = 4217372672                             {manageable} {ergonomic}
     bool UseCompressedOops                        = true                           {product lp64_product} {ergonomic}
     bool UseG1GC                                  = true                                      {product} {ergonomic}
     bool UseLargePagesIndividualAllocation        = false                                  {pd product} {ergonomic}

Logging:
Log output configuration:
 #0: stdout all=warning uptime,level,tags foldmultilines=false
 #1: stderr all=off uptime,level,tags foldmultilines=false

Release file:
IMPLEMENTOR="Oracle Corporation" 
JAVA_RUNTIME_VERSION="25.0.1+8-LTS-27" 
JAVA_VERSION="25.0.1" 
JAVA_VERSION_DATE="2025-10-21" 
LIBC="default" 
MODULES="java.base java.compiler java.datatransfer java.xml java.prefs java.desktop java.instrument java.logging java.management java.security.sasl java.naming java.rmi java.management.rmi java.net.http java.scripting java.security.jgss java.transaction.xa java.sql java.sql.rowset java.xml.crypto java.se java.smartcardio jdk.accessibility jdk.internal.jvmstat jdk.attach jdk.charsets jdk.internal.opt jdk.zipfs jdk.compiler jdk.crypto.cryptoki jdk.crypto.ec jdk.crypto.mscapi jdk.dynalink jdk.internal.ed jdk.editpad jdk.internal.vm.ci jdk.graal.compiler jdk.graal.compiler.management jdk.hotspot.agent jdk.httpserver jdk.incubator.vector jdk.internal.le jdk.internal.md jdk.jartool jdk.javadoc jdk.jcmd jdk.management jdk.management.agent jdk.jconsole jdk.jdeps jdk.jdwp.agent jdk.jdi jdk.jfr jdk.jlink jdk.jpackage jdk.jshell jdk.jsobject jdk.jstatd jdk.localedata jdk.management.jfr jdk.naming.dns jdk.naming.rmi jdk.net jdk.nio.mapmode jdk.sctp jdk.security.auth jdk.security.jgss jdk.unsupported jdk.unsupported.desktop jdk.xml.dom" 
OS_ARCH="x86_64" 
OS_NAME="Windows" 
SOURCE=".:git:862c85bc42b7 open:git:78770bfaefd2" 

Environment Variables:
JAVA_HOME=C:\Program Files\Java\jdk-21.0.10
PATH=C:\Program Files\Eclipse Adoptium\jdk-8.0.482.8-hotspot\bin;C:\Windows\system32;C:\Windows;C:\Windows\System32\Wbem;C:\Windows\System32\WindowsPowerShell\v1.0\;C:\Windows\System32\OpenSSH\;C:\Program Files (x86)\NVIDIA Corporation\PhysX\Common;C:\Program Files\NVIDIA Corporation\NVIDIA App\NvDLISR;C:\Program Files\CMake\bin;C:\Program Files\Java\jdk-21.0.10\bin;C:\Program Files\Git\cmd;C:\Program Files (x86)\Microsoft ASP.NET\ASP.NET Web Pages\v1.0\;C:\Program Files\Microsoft SQL Server\110\Tools\Binn\;C:\Program Files (x86)\Windows Kits\10\Windows Performance Toolkit\;C:\Program Files\dotnet\;C:\Program Files\RenderDoc;C:\Users\alexi\AppData\Local\Programs\Eclipse Adoptium\jdk-17.0.17.10-hotspot\bin;C:\Users\alexi\AppData\Local\Microsoft\WindowsApps;C:\Program Files\RenderDoc;
USERNAME=alexi
OS=Windows_NT
PROCESSOR_IDENTIFIER=Intel64 Family 6 Model 186 Stepping 2, GenuineIntel
TMP=C:\Users\alexi\AppData\Local\Temp
TEMP=C:\Users\alexi\AppData\Local\Temp




Compilation memory statistics disabled.

Periodic native trim disabled

---------------  S Y S T E M  ---------------

OS:
 Windows 11 , 64 bit Build 26100 (10.0.26100.8521)
OS uptime: 2 days 21:15 hours
Hyper-V role detected

CPU: total 12 (initial active 12) (6 cores per cpu, 2 threads per core) family 6 model 186 stepping 2 microcode 0x4123, cx8, cmov, fxsr, ht, mmx, 3dnowpref, sse, sse2, sse3, ssse3, sse4.1, sse4.2, popcnt, lzcnt, tsc, tscinvbit, avx, avx2, aes, erms, clmul, bmi1, bmi2, adx, sha, fma, vzeroupper, clflush, clflushopt, clwb, hv, serialize, rdtscp, rdpid, fsrm, gfni, f16c, cet_ibt, cet_ss
Processor Information for processor 0
  Max Mhz: 2100, Current Mhz: 2100, Mhz Limit: 2100
Processor Information for processor 1
  Max Mhz: 2100, Current Mhz: 2100, Mhz Limit: 2100
Processor Information for processor 2
  Max Mhz: 2100, Current Mhz: 2100, Mhz Limit: 2100
Processor Information for processor 3
  Max Mhz: 2100, Current Mhz: 2100, Mhz Limit: 2100
Processor Information for processor 4
  Max Mhz: 2100, Current Mhz: 2100, Mhz Limit: 2100
Processor Information for processor 5
  Max Mhz: 2100, Current Mhz: 2100, Mhz Limit: 2100
Processor Information for processor 6
  Max Mhz: 2100, Current Mhz: 2100, Mhz Limit: 2100
Processor Information for processor 7
  Max Mhz: 2100, Current Mhz: 2100, Mhz Limit: 2100
Processor Information for processor 8
  Max Mhz: 2100, Current Mhz: 1500, Mhz Limit: 1491
Processor Information for processor 9
  Max Mhz: 2100, Current Mhz: 1500, Mhz Limit: 1491
Processor Information for processor 10
  Max Mhz: 2100, Current Mhz: 1500, Mhz Limit: 1491
Processor Information for processor 11
  Max Mhz: 2100, Current Mhz: 1500, Mhz Limit: 1491

Memory: 4k page, system-wide physical 16087M (6240M free)
TotalPageFile size 17239M (AvailPageFile size 5624M)
current process WorkingSet (physical memory assigned to process): 165M, peak: 166M
current process commit charge ("private bytes"): 449M, peak: 461M

vm_info: Java HotSpot(TM) 64-Bit Server VM (25.0.1+8-LTS-27) for windows-amd64 JRE (25.0.1+8-LTS-27), built on 2025-09-25T16:41:16Z with unknown MS VC++:1943

END.
