#
# A fatal error has been detected by the Java Runtime Environment:
#
#  EXCEPTION_ACCESS_VIOLATION (0xc0000005) at pc=0x0000028e1031d9b2, pid=7108, tid=23244
#
# JRE version: Java(TM) SE Runtime Environment (25.0.1+8) (build 25.0.1+8-LTS-27)
# Java VM: Java HotSpot(TM) 64-Bit Server VM (25.0.1+8-LTS-27, mixed mode, sharing, tiered, compressed oops, compressed class ptrs, g1 gc, windows-amd64)
# Problematic frame:
# J 2087 c2 jdk.internal.misc.Unsafe.getLongUnaligned(Ljava/lang/Object;JZ)J java.base@25.0.1 (12 bytes) @ 0x0000028e1031d9b2 [0x0000028e1031d980+0x0000000000000032]
#
# No core dump will be written. Minidumps are not enabled by default on client versions of Windows
#
# If you would like to submit a bug report, please visit:
#   https://bugreport.java.com/bugreport/crash.jsp
#

---------------  S U M M A R Y ------------

Command Line: -Dfile.encoding=UTF-8 -Duser.country=GB -Duser.language=en -Duser.variant com.servilious.projmtn.Game -enableDevMode

Host: 13th Gen Intel(R) Core(TM) i5-13420H, 12 cores, 15G,  Windows 11 , 64 bit Build 26100 (10.0.26100.8521)
Time: Wed Jul  1 15:09:12 2026 GMT Summer Time elapsed time: 0.759539 seconds (0d 0h 0m 0s)

---------------  T H R E A D  ---------------

Current thread (0x0000028e77aa7dc0):  JavaThread "main"             [_thread_in_Java, id=23244, stack(0x000000bbb6d00000,0x000000bbb6e00000) (1024K)]

Stack: [0x000000bbb6d00000,0x000000bbb6e00000],  sp=0x000000bbb6dff080,  free space=1020k
Native frames: (J=compiled Java code, j=interpreted, Vv=VM code, C=native code)
C  0x0000028e1031d9b2  (no source info available)

The last pc belongs to nmethod (printed below).

siginfo: EXCEPTION_ACCESS_VIOLATION (0xc0000005), reading address 0x0000000000000041


Registers:
RAX=0x0000000711ca9e20, RBX=0x0000000713daaa88, RCX=0x0000000000000041, RDX=0x0000000714404c88
RSP=0x000000bbb6dff080, RBP=0x000000bbb6dff3b0, RSI=0x0000000000000041, RDI=0x0000000000000000
R8 =0x0000000000000000, R9 =0x0000000000000041, R10=0x0000000000000041, R11=0x0000000711ca9e48
R12=0x0000000000000000, R13=0x000000bbb6dff358, R14=0x000000bbb6dff050, R15=0x0000028e77aa7dc0
RIP=0x0000028e1031d9b2, EFLAGS=0x0000000000010246

XMM[0]=0x000000bbb6dff3b0 0x0000000000000000
XMM[1]=0x0000000000000000 0x000000bbb6dff0c0
XMM[2]=0x7265626d654d2474 0x63757274532f6d65
XMM[3]=0x0026000000250002 0x000000b11000b319
XMM[4]=0x0030002e0028002c 0x0021002b001a0026
XMM[5]=0x0000028e1a543bf0 0x0000028e1a543918
XMM[6]=0x0000000000000000 0x9f1b22ef50a84614
XMM[7]=0x0000000000000000 0x91ff0dc6f74dde34
XMM[8]=0x0000000000000000 0x8e8662f20aa274b1
XMM[9]=0x0000000000000000 0xba829b1add31c85e
XMM[10]=0x0000000000000000 0x0000000022af2d44
XMM[11]=0x0000000000000000 0x11072ae0ee38f33e
XMM[12]=0x0000000000000000 0x00000000dd31c85e
XMM[13]=0x0000000000000000 0x0000000000000000
XMM[14]=0x0000000000000000 0x0000000000000000
XMM[15]=0x0000000000000000 0x0000000000000000
  MXCSR=0x00001fa0


Register to memory mapping:

RAX=0x0000000711ca9e20 is an oop: jdk.internal.foreign.NativeMemorySegmentImpl 
{0x0000000711ca9e20} - klass: 'jdk/internal/foreign/NativeMemorySegmentImpl' - flags: 

 - ---- fields (total size 5 words):
 - final 'readOnly' 'Z' @12  false (0x00)
 - final 'length' 'J' @16  8 (0x0000000000000008)
 - final 'scope' 'Ljdk/internal/foreign/MemorySessionImpl;' @24  a 'jdk/internal/foreign/GlobalSession'{0x0000000713daaa88} (0xe27b5551)
 - final 'min' 'J' @32  65 (0x0000000000000041)
RBX=0x0000000713daaa88 is an oop: jdk.internal.foreign.GlobalSession 
{0x0000000713daaa88} - klass: 'jdk/internal/foreign/GlobalSession' - flags: 

 - ---- fields (total size 4 words):
 - 'state' 'I' @12  1 (0x00000001)
 - 'acquireCount' 'I' @16  0 (0x00000000)
 - final 'resourceList' 'Ljdk/internal/foreign/MemorySessionImpl$ResourceList;' @20  null (0x00000000)
 - final 'owner' 'Ljava/lang/Thread;' @24  null (0x00000000)
RCX=0x0000000000000041 is an unknown value
RDX=0x0000000714404c88 is an oop: jdk.internal.misc.Unsafe 
{0x0000000714404c88} - klass: 'jdk/internal/misc/Unsafe' - flags: 

 - ---- fields (total size 2 words):
RSP=0x000000bbb6dff080 is pointing into the stack for thread: 0x0000028e77aa7dc0
RBP=0x000000bbb6dff3b0 is pointing into the stack for thread: 0x0000028e77aa7dc0
RSI=0x0000000000000041 is an unknown value
RDI=0x0 is null
R8 =0x0 is null
R9 =0x0000000000000041 is an unknown value
R10=0x0000000000000041 is an unknown value
R11=
[error occurred during error reporting (printing register info), id 0xc0000005, EXCEPTION_ACCESS_VIOLATION (0xc0000005) at pc=0x00007ff8a1e6f280]
R12=0x0 is null
R13=0x000000bbb6dff358 is pointing into the stack for thread: 0x0000028e77aa7dc0
R14=0x000000bbb6dff050 is pointing into the stack for thread: 0x0000028e77aa7dc0
R15=0x0000028e77aa7dc0 is a thread

Top of Stack: (sp=0x000000bbb6dff080)
0x000000bbb6dff080:   00000000fffffffe 0000000711ca9e20   ........ .......
0x000000bbb6dff090:   0000000000000041 000000003d01b160   A.......`..=....
0x000000bbb6dff0a0:   000000003d01b160 0000028e08af5357   `..=....WS......
0x000000bbb6dff0b0:   000000bbb6dff3b0 0000028e08af64a4   .........d......
0x000000bbb6dff0c0:   0000000711ca9e1c 0000028e77aa7dc0   .........}.w....
0x000000bbb6dff0d0:   0000028e1a55a418 0000028e77aa7dc0   ..U......}.w....
0x000000bbb6dff0e0:   0000028e1a55a418 0000028e77aa7dc0   ..U......}.w....
0x000000bbb6dff0f0:   0000028e1a92e000 0000028e77aa7dc0   .........}.w....
0x000000bbb6dff100:   000000bbb6dff358 0000028e0fd095d9   X...............
0x000000bbb6dff110:   0000028e0fcf8408 0000000000000000   ................
0x000000bbb6dff120:   0000020000000000 000000bbb6dff3b0   ................
0x000000bbb6dff130:   000000bbb6dff358 0000028e77aa7dc0   X........}.w....
0x000000bbb6dff140:   000000003d050a00 0000028e1a55a418   ...=......U.....
0x000000bbb6dff150:   0000028e77aa7dc0 0000028e1a55a418   .}.w......U.....
0x000000bbb6dff160:   0000028e77aa7dc0 fffffffe00000000   .}.w............
0x000000bbb6dff170:   0000000000000000 0000000000000000   ................
0x000000bbb6dff180:   000000bbb6dff358 0000028e0fd095d9   X...............
0x000000bbb6dff190:   0000028e0fcf8408 0000000000000000   ................
0x000000bbb6dff1a0:   0000020000000000 000000bbb6dff3b0   ................
0x000000bbb6dff1b0:   000000bbb6dff358 0000028e77aa7dc0   X........}.w....
0x000000bbb6dff1c0:   0000028e1a930da1 00007ff8a1ac0000   ................
0x000000bbb6dff1d0:   0000028e77aa7dc0 00007ff8a1ac0000   .}.w............
0x000000bbb6dff1e0:   0000028e77aa7dc0 0000000000000000   .}.w............
0x000000bbb6dff1f0:   000000bbb6dff300 00007ff8a1f34d53   ........SM......
0x000000bbb6dff200:   0000028e1a55a418 00000000000000b8   ..U.............
0x000000bbb6dff210:   000000bbb6dff230 000000bbb6dff2f8   0...............
0x000000bbb6dff220:   9f1b22ef50a84601 0000000000000108   .F.P."..........
0x000000bbb6dff230:   0000028e1a930dc8 0000028e77aa7dc0   .........}.w....
0x000000bbb6dff240:   000000bbb6dff358 0000028e0fd07899   X........x......
0x000000bbb6dff250:   0000028e0fcf8408 0000000000000000   ................
0x000000bbb6dff260:   0000000000000000 000000bbb6dff3b0   ................
0x000000bbb6dff270:   000000bbb6dff358 000000bbb6dff3c8   X...............

Instructions: (pc=0x0000028e1031d9b2)
  0x0000028e1031d8b2:   00 00 08 00 00 00 30 00 00 00 e0 00 2a 00 01 00
  0x0000028e1031d8c2:   00 00 00 00 00 00 00 00 00 00 00 00 00 00 02 00
  0x0000028e1031d8d2:   00 00 00 00 00 00 a0 26 49 3c 00 00 00 00 00 00
  0x0000028e1031d8e2:   00 00 00 00 00 00 20 27 9b 1e 8e 02 00 00 40 4e
  0x0000028e1031d8f2:   02 1f 8e 02 00 00 00 00 00 00 00 00 00 00 00 00
  0x0000028e1031d902:   00 00 00 00 00 00 00 00 00 00 00 00 00 00 00 00
  0x0000028e1031d912:   00 00 00 00 00 00 80 d9 31 10 8e 02 00 00 02 00
  0x0000028e1031d922:   10 00 ff ff ff ff 80 00 00 00 10 00 00 00 a0 01
  0x0000028e1031d932:   00 00 a0 01 00 00 a5 01 00 00 ff ff ff ff ff ff
  0x0000028e1031d942:   00 00 00 00 10 00 08 00 08 00 08 00 00 00 48 00
  0x0000028e1031d952:   00 00 80 00 00 00 20 00 00 00 27 08 00 00 04 02
  0x0000028e1031d962:   02 00 01 00 00 00 00 00 00 00 00 00 00 00 00 00
  0x0000028e1031d972:   00 00 00 00 00 00 00 00 00 00 00 00 00 00 66 90
  0x0000028e1031d982:   44 8b 52 08 44 3b 50 08 0f 85 50 11 a2 ff 89 84
  0x0000028e1031d992:   24 00 80 ff ff 55 48 83 ec 30 41 81 7f 20 01 00
  0x0000028e1031d9a2:   00 00 0f 85 70 00 00 00 4d 85 c0 75 1a 4d 8b d1
=>0x0000028e1031d9b2:   49 8b 02 85 ff 75 33 48 83 c4 30 5d 49 3b 67 28
  0x0000028e1031d9c2:   0f 87 3c 00 00 00 c3 8b ef 48 89 14 24 4c 89 44
  0x0000028e1031d9d2:   24 08 4c 89 4c 24 10 ba 4c ff ff ff 90 e8 fc 1d
  0x0000028e1031d9e2:   af ff 0f 1f 84 00 5c 01 00 00 ba 45 ff ff ff 8b
  0x0000028e1031d9f2:   ef 48 89 04 24 e8 e4 1d af ff 0f 1f 84 00 74 01
  0x0000028e1031da02:   00 01 49 ba be d9 31 10 8e 02 00 00 4d 89 97 e0
  0x0000028e1031da12:   04 00 00 e9 46 35 a2 ff e8 21 68 a0 ff e9 86 ff
  0x0000028e1031da22:   ff ff f4 f4 f4 f4 e9 33 24 af ff e8 00 00 00 00
  0x0000028e1031da32:   48 83 2c 24 05 e9 24 38 a2 ff f4 f4 f4 f4 00 00
  0x0000028e1031da42:   00 00 00 00 00 00 00 00 00 00 00 00 00 00 00 00
  0x0000028e1031da52:   00 00 00 00 00 00 00 00 00 00 00 00 00 00 00 00
  0x0000028e1031da62:   00 00 00 00 00 00 00 00 00 00 00 00 00 00 00 00
  0x0000028e1031da72:   00 00 00 00 00 00 00 00 00 00 00 00 00 00 00 00
  0x0000028e1031da82:   00 00 00 00 00 00 00 00 00 00 00 00 00 00 00 00
  0x0000028e1031da92:   00 00 00 00 00 00 00 00 00 00 00 00 00 00 00 00
  0x0000028e1031daa2:   00 00 00 00 00 00 00 00 00 00 00 00 00 00 00 00


Stack slot to memory mapping:

stack at sp + 0 slots: 0x00000000fffffffe is an unknown value
stack at sp + 1 slots: 0x0000000711ca9e20 is an oop: jdk.internal.foreign.NativeMemorySegmentImpl 
{0x0000000711ca9e20} - klass: 'jdk/internal/foreign/NativeMemorySegmentImpl' - flags: 

 - ---- fields (total size 5 words):
 - final 'readOnly' 'Z' @12  false (0x00)
 - final 'length' 'J' @16  8 (0x0000000000000008)
 - final 'scope' 'Ljdk/internal/foreign/MemorySessionImpl;' @24  a 'jdk/internal/foreign/GlobalSession'{0x0000000713daaa88} (0xe27b5551)
 - final 'min' 'J' @32  65 (0x0000000000000041)
stack at sp + 2 slots: 0x0000000000000041 is an unknown value
stack at sp + 3 slots: 0x000000003d01b160 is a pointer to class: 
jdk.internal.foreign.NativeMemorySegmentImpl {0x000000003d01b168}
 - instance size:     5
 - klass size:        276
 - access:            public synchronized 
 - flags:             rewritten has_nonstatic_fields has_nonstatic_concrete_methods defined_by_boot_loader has_localvariable_table has_miranda_methods has_final_method 
 - state:             fully_initialized
 - name:              'jdk/internal/foreign/NativeMemorySegmentImpl'
 - super:             'jdk/internal/foreign/AbstractMemorySegmentImpl'
 - sub:               
 - arrays:            null
 - methods:           Array<T>(0x0000028e1a1c5a50)
 - method ordering:   Array<T>(0x000000003c720208)
 - default_methods:   Array<T>(0x0000028e1a1d5e98)
 - default vtable indices:   Array<T>(0x0000028e1a1d5f50)
 - local interfaces:  Array<T>(0x000000003c6a06a8)
 - trans. interfaces: Array<T>(0x0000028e1a1c89e8)
 - secondary supers: Array<T>(0x0000028e1a1d5e78)
 - hash_slot:         47
 - secondary bitmap: 0x00000000080000c0
 - constants:         constant pool [98] {0x0000028e1a1c56b8} for 'jdk/internal/foreign/NativeMemorySegmentImpl' cache=0x0000028e1a1d7860
 - class loader data:  loader data: 0x0000028e7fa3f1b0 of 'bootstrap'
 - source file:       'NativeMemorySegmentImpl.java'
 - inner classes:     Array<T>(0x000000003c6a06a0)
 - nest members:     Array<T>(0x000000003c6a06a0)
 - permitted subclasses:     Array<T>(0x0000028e1a1c6340)
 - java mirror:       a 'java/lang/Class'{0x0000000713d9b710} = 'jdk/internal/foreign/NativeMemorySegmentImpl'
 - vtable length      107  (start addr: 0x000000003d01b338)
 - itable length      109 (start addr: 0x000000003d01b690)
 - ---- static fields (0 words):
 - ---- non-static fields (7 words):
 - final 'readOnly' 'Z' @12 
 - final 'length' 'J' @16 
 - final 'scope' 'Ljdk/internal/foreign/MemorySessionImpl;' @24 
 - final 'min' 'J' @32 
 - non-static oop maps (1 entries): 24-24 
stack at sp + 4 slots: 0x000000003d01b160 is a pointer to class: 
jdk.internal.foreign.NativeMemorySegmentImpl {0x000000003d01b168}
 - instance size:     5
 - klass size:        276
 - access:            public synchronized 
 - flags:             rewritten has_nonstatic_fields has_nonstatic_concrete_methods defined_by_boot_loader has_localvariable_table has_miranda_methods has_final_method 
 - state:             fully_initialized
 - name:              'jdk/internal/foreign/NativeMemorySegmentImpl'
 - super:             'jdk/internal/foreign/AbstractMemorySegmentImpl'
 - sub:               
 - arrays:            null
 - methods:           Array<T>(0x0000028e1a1c5a50)
 - method ordering:   Array<T>(0x000000003c720208)
 - default_methods:   Array<T>(0x0000028e1a1d5e98)
 - default vtable indices:   Array<T>(0x0000028e1a1d5f50)
 - local interfaces:  Array<T>(0x000000003c6a06a8)
 - trans. interfaces: Array<T>(0x0000028e1a1c89e8)
 - secondary supers: Array<T>(0x0000028e1a1d5e78)
 - hash_slot:         47
 - secondary bitmap: 0x00000000080000c0
 - constants:         constant pool [98] {0x0000028e1a1c56b8} for 'jdk/internal/foreign/NativeMemorySegmentImpl' cache=0x0000028e1a1d7860
 - class loader data:  loader data: 0x0000028e7fa3f1b0 of 'bootstrap'
 - source file:       'NativeMemorySegmentImpl.java'
 - inner classes:     Array<T>(0x000000003c6a06a0)
 - nest members:     Array<T>(0x000000003c6a06a0)
 - permitted subclasses:     Array<T>(0x0000028e1a1c6340)
 - java mirror:       a 'java/lang/Class'{0x0000000713d9b710} = 'jdk/internal/foreign/NativeMemorySegmentImpl'
 - vtable length      107  (start addr: 0x000000003d01b338)
 - itable length      109 (start addr: 0x000000003d01b690)
 - ---- static fields (0 words):
 - ---- non-static fields (7 words):
 - final 'readOnly' 'Z' @12 
 - final 'length' 'J' @16 
 - final 'scope' 'Ljdk/internal/foreign/MemorySessionImpl;' @24 
 - final 'min' 'J' @32 
 - non-static oop maps (1 entries): 24-24 
stack at sp + 5 slots: 0x0000028e08af5357 is at entry_point+8663 in (nmethod*)0x0000028e08af3088
Compiled method (c1) 813 2073       3       org.lwjgl.system.MemoryUtil::memGetAddress (8 bytes)
 total in heap  [0x0000028e08af3088,0x0000028e08af7940] = 18616
 main code      [0x0000028e08af3180,0x0000028e08af76f0] = 17776
 stub code      [0x0000028e08af76f0,0x0000028e08af77e0] = 240
 oops           [0x0000028e08af77e0,0x0000028e08af7940] = 352
 mutable data [0x0000028e1ec72130,0x0000028e1ec728d8] = 1960
 relocation     [0x0000028e1ec72130,0x0000028e1ec72620] = 1264
 metadata       [0x0000028e1ec72620,0x0000028e1ec728d8] = 696
 immutable data [0x0000028e1ec70cd0,0x0000028e1ec72120] = 5200
 dependencies   [0x0000028e1ec70cd0,0x0000028e1ec70d70] = 160
 nul chk table  [0x0000028e1ec70d70,0x0000028e1ec70dc8] = 88
 handler table  [0x0000028e1ec70dc8,0x0000028e1ec70e70] = 168
 scopes pcs     [0x0000028e1ec70e70,0x0000028e1ec71630] = 1984
 scopes data    [0x0000028e1ec71630,0x0000028e1ec72120] = 2800
stack at sp + 6 slots: 0x000000bbb6dff3b0 is pointing into the stack for thread: 0x0000028e77aa7dc0
stack at sp + 7 slots: 0x0000028e08af64a4 is at entry_point+13092 in (nmethod*)0x0000028e08af3088
Compiled method (c1) 813 2073       3       org.lwjgl.system.MemoryUtil::memGetAddress (8 bytes)
 total in heap  [0x0000028e08af3088,0x0000028e08af7940] = 18616
 main code      [0x0000028e08af3180,0x0000028e08af76f0] = 17776
 stub code      [0x0000028e08af76f0,0x0000028e08af77e0] = 240
 oops           [0x0000028e08af77e0,0x0000028e08af7940] = 352
 mutable data [0x0000028e1ec72130,0x0000028e1ec728d8] = 1960
 relocation     [0x0000028e1ec72130,0x0000028e1ec72620] = 1264
 metadata       [0x0000028e1ec72620,0x0000028e1ec728d8] = 696
 immutable data [0x0000028e1ec70cd0,0x0000028e1ec72120] = 5200
 dependencies   [0x0000028e1ec70cd0,0x0000028e1ec70d70] = 160
 nul chk table  [0x0000028e1ec70d70,0x0000028e1ec70dc8] = 88
 handler table  [0x0000028e1ec70dc8,0x0000028e1ec70e70] = 168
 scopes pcs     [0x0000028e1ec70e70,0x0000028e1ec71630] = 1984
 scopes data    [0x0000028e1ec71630,0x0000028e1ec72120] = 2800

Lock stack of current Java thread (top to bottom):


Compiled method (c2) 814 2087       4       jdk.internal.misc.Unsafe::getLongUnaligned (12 bytes)
 total in heap  [0x0000028e1031d888,0x0000028e1031da40] = 440
 main code      [0x0000028e1031d980,0x0000028e1031da28] = 168
 stub code      [0x0000028e1031da28,0x0000028e1031da40] = 24
 mutable data [0x0000028e1ec61a70,0x0000028e1ec61aa0] = 48
 relocation     [0x0000028e1ec61a70,0x0000028e1ec61a90] = 32
 metadata       [0x0000028e1ec61a90,0x0000028e1ec61aa0] = 16
 immutable data [0x0000028e1e9b2720,0x0000028e1e9b27a0] = 128
 dependencies   [0x0000028e1e9b2720,0x0000028e1e9b2728] = 8
 scopes pcs     [0x0000028e1e9b2728,0x0000028e1e9b2768] = 64
 scopes data    [0x0000028e1e9b2768,0x0000028e1e9b27a0] = 56

[Constant Pool (empty)]

[MachCode]
[Instructions begin]
  0x0000028e1031d980: 6690 448b | 5208 443b 

  0x0000028e1031d988: ;   {runtime_call Shared Runtime ic_miss_blob}
  0x0000028e1031d988: 5008 0f85 | 5011 a2ff 
[Verified Entry Point]
  0x0000028e1031d990: 8984 2400 | 80ff ff55 | 4883 ec30 | 4181 7f20 | 0100 0000 | 0f85 7000 | 0000 4d85 | c075 1a4d 
  0x0000028e1031d9b0: 8bd1 498b | 0285 ff75 | 3348 83c4 

  0x0000028e1031d9bc: ;   {poll_return}
  0x0000028e1031d9bc: 305d 493b | 6728 0f87 | 3c00 0000 | c38b ef48 | 8914 244c | 8944 2408 | 4c89 4c24 | 10ba 4cff 
  0x0000028e1031d9dc: ;   {runtime_call UncommonTrapBlob}
  0x0000028e1031d9dc: ffff 90e8 

  0x0000028e1031d9e0: ; ImmutableOopMap {[0]=Oop [8]=Oop }
                      ;*invokevirtual getLongUnaligned {reexecute=0 rethrow=0 return_oop=0}
                      ; - jdk.internal.misc.Unsafe::getLongUnaligned@5 (line 3571)
  0x0000028e1031d9e0: fc1d afff 

  0x0000028e1031d9e4: ;   {post_call_nop}
  0x0000028e1031d9e4: 0f1f 8400 | 5c01 0000 | ba45 ffff | ff8b ef48 

  0x0000028e1031d9f4: ;   {runtime_call UncommonTrapBlob}
  0x0000028e1031d9f4: 8904 24e8 

  0x0000028e1031d9f8: ; ImmutableOopMap {}
                      ;*if_icmpne {reexecute=1 rethrow=0 return_oop=0}
                      ; - (reexecute) jdk.internal.misc.Unsafe::convEndian@4 (line 3835)
                      ; - jdk.internal.misc.Unsafe::getLongUnaligned@8 (line 3571)
  0x0000028e1031d9f8: e41d afff 

  0x0000028e1031d9fc: ;   {post_call_nop}
  0x0000028e1031d9fc: 0f1f 8400 | 7401 0001 

  0x0000028e1031da04: ;   {internal_word}
  0x0000028e1031da04: 49ba bed9 | 3110 8e02 | 0000 4d89 | 97e0 0400 

  0x0000028e1031da14: ;   {runtime_call SafepointBlob}
  0x0000028e1031da14: 00e9 4635 

  0x0000028e1031da18: ;   {runtime_call Stub::method_entry_barrier}
  0x0000028e1031da18: a2ff e821 | 68a0 ffe9 | 86ff ffff | f4f4 f4f4 
[Exception Handler]
  0x0000028e1031da28: ;   {runtime_call ExceptionBlob}
  0x0000028e1031da28: e933 24af | ffe8 0000 | 0000 4883 

  0x0000028e1031da34: ;   {runtime_call DeoptimizationBlob}
  0x0000028e1031da34: 2c24 05e9 | 2438 a2ff | f4f4 f4f4 
[/MachCode]


---------------  P R O C E S S  ---------------

Threads class SMR info:
_java_thread_list=0x0000028e1e837fd0, length=13, elements={
0x0000028e77aa7dc0, 0x0000028e7fb95310, 0x0000028e7fb95d70, 0x0000028e7fb9c2d0,
0x0000028e7fba08e0, 0x0000028e7fb9f400, 0x0000028e7fba3130, 0x0000028e7fbac7a0,
0x0000028e7fbbd3f0, 0x0000028e19833eb0, 0x0000028e1983f3e0, 0x0000028e1ebeaf30,
0x0000028e1ebed870
}

Java Threads: ( => current thread )
=>0x0000028e77aa7dc0 JavaThread "main"                              [_thread_in_Java, id=23244, stack(0x000000bbb6d00000,0x000000bbb6e00000) (1024K)]
  0x0000028e7fb95310 JavaThread "Reference Handler"          daemon [_thread_blocked, id=20000, stack(0x000000bbb7500000,0x000000bbb7600000) (1024K)]
  0x0000028e7fb95d70 JavaThread "Finalizer"                  daemon [_thread_blocked, id=4332, stack(0x000000bbb7600000,0x000000bbb7700000) (1024K)]
  0x0000028e7fb9c2d0 JavaThread "Signal Dispatcher"          daemon [_thread_blocked, id=22580, stack(0x000000bbb7700000,0x000000bbb7800000) (1024K)]
  0x0000028e7fba08e0 JavaThread "Attach Listener"            daemon [_thread_blocked, id=23900, stack(0x000000bbb7800000,0x000000bbb7900000) (1024K)]
  0x0000028e7fb9f400 JavaThread "Service Thread"             daemon [_thread_blocked, id=24548, stack(0x000000bbb7900000,0x000000bbb7a00000) (1024K)]
  0x0000028e7fba3130 JavaThread "Monitor Deflation Thread"   daemon [_thread_blocked, id=23344, stack(0x000000bbb7a00000,0x000000bbb7b00000) (1024K)]
  0x0000028e7fbac7a0 JavaThread "C2 CompilerThread0"         daemon [_thread_blocked, id=23736, stack(0x000000bbb7b00000,0x000000bbb7c00000) (1024K)]
  0x0000028e7fbbd3f0 JavaThread "C1 CompilerThread0"         daemon [_thread_blocked, id=5652, stack(0x000000bbb7c00000,0x000000bbb7d00000) (1024K)]
  0x0000028e19833eb0 JavaThread "Notification Thread"        daemon [_thread_blocked, id=13760, stack(0x000000bbb7d00000,0x000000bbb7e00000) (1024K)]
  0x0000028e1983f3e0 JavaThread "Common-Cleaner"             daemon [_thread_blocked, id=23356, stack(0x000000bbb7e00000,0x000000bbb7f00000) (1024K)]
  0x0000028e1ebeaf30 JavaThread "C2 CompilerThread1"         daemon [_thread_blocked, id=23032, stack(0x000000bbb7f00000,0x000000bbb8000000) (1024K)]
  0x0000028e1ebed870 JavaThread "C2 CompilerThread2"         daemon [_thread_blocked, id=17960, stack(0x000000bbb8000000,0x000000bbb8100000) (1024K)]
Total: 13

Other Threads:
  0x0000028e7fb81c70 VMThread "VM Thread"                           [id=21012, stack(0x000000bbb7400000,0x000000bbb7500000) (1024K)]
  0x0000028e7fb73930 WatcherThread "VM Periodic Task Thread"        [id=19844, stack(0x000000bbb7300000,0x000000bbb7400000) (1024K)]
  0x0000028e79e3f540 WorkerThread "GC Thread#0"                     [id=16652, stack(0x000000bbb6e00000,0x000000bbb6f00000) (1024K)]
  0x0000028e79e59120 ConcurrentGCThread "G1 Main Marker"            [id=24144, stack(0x000000bbb6f00000,0x000000bbb7000000) (1024K)]
  0x0000028e79e5a830 WorkerThread "G1 Conc#0"                       [id=4252, stack(0x000000bbb7000000,0x000000bbb7100000) (1024K)]
  0x0000028e7fa3c9b0 ConcurrentGCThread "G1 Refine#0"               [id=6232, stack(0x000000bbb7100000,0x000000bbb7200000) (1024K)]
  0x0000028e7fa3d3c0 ConcurrentGCThread "G1 Service"                [id=23172, stack(0x000000bbb7200000,0x000000bbb7300000) (1024K)]
Total: 7

Threads with active compile tasks:
Total: 0

VM state: not at safepoint (normal execution)

VM Mutex/Monitor currently owned by a thread: None

Heap address: 0x0000000704a00000, size: 4022 MB, Compressed Oops mode: Zero based, Oop shift amount: 3

CDS archive(s) mapped at: [0x000000003c000000-0x000000003cdd0000-0x000000003cdd0000), size 14483456, SharedBaseAddress: 0x000000003c000000, ArchiveRelocationMode: 1.
Compressed class space mapped at: 0x000000003d000000-0x000000007d000000, reserved size: 1073741824
UseCompressedClassPointers 1, UseCompactObjectHeaders 0
Narrow klass pointer bits 32, Max shift 3
Narrow klass base: 0x000000003c000000, Narrow klass shift: 0
Encoding Range: [0x000000003c000000 - 0x000000013c000000), (4294967296 bytes)
Klass Range:    [0x000000003c010000 - 0x000000007d000000), (1090453504 bytes)
Klass ID Range:  [65536 - 1090519033) (1090453497)
Protection zone: [0x000000003c000000 - 0x000000003c010000), (65536 bytes)

GC Precious Log:
 CardTable entry size: 512
 Card Set container configuration: InlinePtr #cards 4 size 8 Array Of Cards #cards 16 size 48 Howl #buckets 8 coarsen threshold 3686 Howl Bitmap #cards 512 size 80 coarsen threshold 460 Card regions per heap region 1 cards per card region 4096
 CPUs: 12 total, 12 available
 Memory: 16087M
 Large Page Support: Disabled
 NUMA Support: Disabled
 Compressed Oops: Enabled (Zero based)
 Heap Region Size: 2M
 Heap Min Capacity: 8M
 Heap Initial Capacity: 252M
 Heap Max Capacity: 4022M
 Pre-touch: Disabled
 Parallel Workers: 10
 Concurrent Workers: 3
 Concurrent Refinement Workers: 10
 Periodic GC: Disabled

Heap:
 garbage-first heap   total reserved 4118528K, committed 260096K, used 42133K [0x0000000704a00000, 0x0000000800000000)
  region size 2048K, 21 young (43008K), 0 survivors (0K)

Heap Regions: E=young(eden), S=young(survivor), O=old, HS=humongous(starts), HC=humongous(continues), CS=collection set, F=free, TAMS=top-at-mark-start, PB=parsable bottom
|   0|0x0000000704a00000, 0x0000000704a00000, 0x0000000704c00000|  0%| F|  |TAMS 0x0000000704a00000| PB 0x0000000704a00000| Untracked |  0
|   1|0x0000000704c00000, 0x0000000704c00000, 0x0000000704e00000|  0%| F|  |TAMS 0x0000000704c00000| PB 0x0000000704c00000| Untracked |  0
|   2|0x0000000704e00000, 0x0000000704e00000, 0x0000000705000000|  0%| F|  |TAMS 0x0000000704e00000| PB 0x0000000704e00000| Untracked |  0
|   3|0x0000000705000000, 0x0000000705000000, 0x0000000705200000|  0%| F|  |TAMS 0x0000000705000000| PB 0x0000000705000000| Untracked |  0
|   4|0x0000000705200000, 0x0000000705200000, 0x0000000705400000|  0%| F|  |TAMS 0x0000000705200000| PB 0x0000000705200000| Untracked |  0
|   5|0x0000000705400000, 0x0000000705400000, 0x0000000705600000|  0%| F|  |TAMS 0x0000000705400000| PB 0x0000000705400000| Untracked |  0
|   6|0x0000000705600000, 0x0000000705600000, 0x0000000705800000|  0%| F|  |TAMS 0x0000000705600000| PB 0x0000000705600000| Untracked |  0
|   7|0x0000000705800000, 0x0000000705800000, 0x0000000705a00000|  0%| F|  |TAMS 0x0000000705800000| PB 0x0000000705800000| Untracked |  0
|   8|0x0000000705a00000, 0x0000000705a00000, 0x0000000705c00000|  0%| F|  |TAMS 0x0000000705a00000| PB 0x0000000705a00000| Untracked |  0
|   9|0x0000000705c00000, 0x0000000705c00000, 0x0000000705e00000|  0%| F|  |TAMS 0x0000000705c00000| PB 0x0000000705c00000| Untracked |  0
|  10|0x0000000705e00000, 0x0000000705e00000, 0x0000000706000000|  0%| F|  |TAMS 0x0000000705e00000| PB 0x0000000705e00000| Untracked |  0
|  11|0x0000000706000000, 0x0000000706000000, 0x0000000706200000|  0%| F|  |TAMS 0x0000000706000000| PB 0x0000000706000000| Untracked |  0
|  12|0x0000000706200000, 0x0000000706200000, 0x0000000706400000|  0%| F|  |TAMS 0x0000000706200000| PB 0x0000000706200000| Untracked |  0
|  13|0x0000000706400000, 0x0000000706400000, 0x0000000706600000|  0%| F|  |TAMS 0x0000000706400000| PB 0x0000000706400000| Untracked |  0
|  14|0x0000000706600000, 0x0000000706600000, 0x0000000706800000|  0%| F|  |TAMS 0x0000000706600000| PB 0x0000000706600000| Untracked |  0
|  15|0x0000000706800000, 0x0000000706800000, 0x0000000706a00000|  0%| F|  |TAMS 0x0000000706800000| PB 0x0000000706800000| Untracked |  0
|  16|0x0000000706a00000, 0x0000000706a00000, 0x0000000706c00000|  0%| F|  |TAMS 0x0000000706a00000| PB 0x0000000706a00000| Untracked |  0
|  17|0x0000000706c00000, 0x0000000706c00000, 0x0000000706e00000|  0%| F|  |TAMS 0x0000000706c00000| PB 0x0000000706c00000| Untracked |  0
|  18|0x0000000706e00000, 0x0000000706e00000, 0x0000000707000000|  0%| F|  |TAMS 0x0000000706e00000| PB 0x0000000706e00000| Untracked |  0
|  19|0x0000000707000000, 0x0000000707000000, 0x0000000707200000|  0%| F|  |TAMS 0x0000000707000000| PB 0x0000000707000000| Untracked |  0
|  20|0x0000000707200000, 0x0000000707200000, 0x0000000707400000|  0%| F|  |TAMS 0x0000000707200000| PB 0x0000000707200000| Untracked |  0
|  21|0x0000000707400000, 0x0000000707400000, 0x0000000707600000|  0%| F|  |TAMS 0x0000000707400000| PB 0x0000000707400000| Untracked |  0
|  22|0x0000000707600000, 0x0000000707600000, 0x0000000707800000|  0%| F|  |TAMS 0x0000000707600000| PB 0x0000000707600000| Untracked |  0
|  23|0x0000000707800000, 0x0000000707800000, 0x0000000707a00000|  0%| F|  |TAMS 0x0000000707800000| PB 0x0000000707800000| Untracked |  0
|  24|0x0000000707a00000, 0x0000000707a00000, 0x0000000707c00000|  0%| F|  |TAMS 0x0000000707a00000| PB 0x0000000707a00000| Untracked |  0
|  25|0x0000000707c00000, 0x0000000707c00000, 0x0000000707e00000|  0%| F|  |TAMS 0x0000000707c00000| PB 0x0000000707c00000| Untracked |  0
|  26|0x0000000707e00000, 0x0000000707e00000, 0x0000000708000000|  0%| F|  |TAMS 0x0000000707e00000| PB 0x0000000707e00000| Untracked |  0
|  27|0x0000000708000000, 0x0000000708000000, 0x0000000708200000|  0%| F|  |TAMS 0x0000000708000000| PB 0x0000000708000000| Untracked |  0
|  28|0x0000000708200000, 0x0000000708200000, 0x0000000708400000|  0%| F|  |TAMS 0x0000000708200000| PB 0x0000000708200000| Untracked |  0
|  29|0x0000000708400000, 0x0000000708400000, 0x0000000708600000|  0%| F|  |TAMS 0x0000000708400000| PB 0x0000000708400000| Untracked |  0
|  30|0x0000000708600000, 0x0000000708600000, 0x0000000708800000|  0%| F|  |TAMS 0x0000000708600000| PB 0x0000000708600000| Untracked |  0
|  31|0x0000000708800000, 0x0000000708800000, 0x0000000708a00000|  0%| F|  |TAMS 0x0000000708800000| PB 0x0000000708800000| Untracked |  0
|  32|0x0000000708a00000, 0x0000000708a00000, 0x0000000708c00000|  0%| F|  |TAMS 0x0000000708a00000| PB 0x0000000708a00000| Untracked |  0
|  33|0x0000000708c00000, 0x0000000708c00000, 0x0000000708e00000|  0%| F|  |TAMS 0x0000000708c00000| PB 0x0000000708c00000| Untracked |  0
|  34|0x0000000708e00000, 0x0000000708e00000, 0x0000000709000000|  0%| F|  |TAMS 0x0000000708e00000| PB 0x0000000708e00000| Untracked |  0
|  35|0x0000000709000000, 0x0000000709000000, 0x0000000709200000|  0%| F|  |TAMS 0x0000000709000000| PB 0x0000000709000000| Untracked |  0
|  36|0x0000000709200000, 0x0000000709200000, 0x0000000709400000|  0%| F|  |TAMS 0x0000000709200000| PB 0x0000000709200000| Untracked |  0
|  37|0x0000000709400000, 0x0000000709400000, 0x0000000709600000|  0%| F|  |TAMS 0x0000000709400000| PB 0x0000000709400000| Untracked |  0
|  38|0x0000000709600000, 0x0000000709600000, 0x0000000709800000|  0%| F|  |TAMS 0x0000000709600000| PB 0x0000000709600000| Untracked |  0
|  39|0x0000000709800000, 0x0000000709800000, 0x0000000709a00000|  0%| F|  |TAMS 0x0000000709800000| PB 0x0000000709800000| Untracked |  0
|  40|0x0000000709a00000, 0x0000000709a00000, 0x0000000709c00000|  0%| F|  |TAMS 0x0000000709a00000| PB 0x0000000709a00000| Untracked |  0
|  41|0x0000000709c00000, 0x0000000709c00000, 0x0000000709e00000|  0%| F|  |TAMS 0x0000000709c00000| PB 0x0000000709c00000| Untracked |  0
|  42|0x0000000709e00000, 0x0000000709e00000, 0x000000070a000000|  0%| F|  |TAMS 0x0000000709e00000| PB 0x0000000709e00000| Untracked |  0
|  43|0x000000070a000000, 0x000000070a000000, 0x000000070a200000|  0%| F|  |TAMS 0x000000070a000000| PB 0x000000070a000000| Untracked |  0
|  44|0x000000070a200000, 0x000000070a200000, 0x000000070a400000|  0%| F|  |TAMS 0x000000070a200000| PB 0x000000070a200000| Untracked |  0
|  45|0x000000070a400000, 0x000000070a400000, 0x000000070a600000|  0%| F|  |TAMS 0x000000070a400000| PB 0x000000070a400000| Untracked |  0
|  46|0x000000070a600000, 0x000000070a600000, 0x000000070a800000|  0%| F|  |TAMS 0x000000070a600000| PB 0x000000070a600000| Untracked |  0
|  47|0x000000070a800000, 0x000000070a800000, 0x000000070aa00000|  0%| F|  |TAMS 0x000000070a800000| PB 0x000000070a800000| Untracked |  0
|  48|0x000000070aa00000, 0x000000070aa00000, 0x000000070ac00000|  0%| F|  |TAMS 0x000000070aa00000| PB 0x000000070aa00000| Untracked |  0
|  49|0x000000070ac00000, 0x000000070ac00000, 0x000000070ae00000|  0%| F|  |TAMS 0x000000070ac00000| PB 0x000000070ac00000| Untracked |  0
|  50|0x000000070ae00000, 0x000000070ae00000, 0x000000070b000000|  0%| F|  |TAMS 0x000000070ae00000| PB 0x000000070ae00000| Untracked |  0
|  51|0x000000070b000000, 0x000000070b000000, 0x000000070b200000|  0%| F|  |TAMS 0x000000070b000000| PB 0x000000070b000000| Untracked |  0
|  52|0x000000070b200000, 0x000000070b200000, 0x000000070b400000|  0%| F|  |TAMS 0x000000070b200000| PB 0x000000070b200000| Untracked |  0
|  53|0x000000070b400000, 0x000000070b400000, 0x000000070b600000|  0%| F|  |TAMS 0x000000070b400000| PB 0x000000070b400000| Untracked |  0
|  54|0x000000070b600000, 0x000000070b600000, 0x000000070b800000|  0%| F|  |TAMS 0x000000070b600000| PB 0x000000070b600000| Untracked |  0
|  55|0x000000070b800000, 0x000000070b800000, 0x000000070ba00000|  0%| F|  |TAMS 0x000000070b800000| PB 0x000000070b800000| Untracked |  0
|  56|0x000000070ba00000, 0x000000070ba00000, 0x000000070bc00000|  0%| F|  |TAMS 0x000000070ba00000| PB 0x000000070ba00000| Untracked |  0
|  57|0x000000070bc00000, 0x000000070bc00000, 0x000000070be00000|  0%| F|  |TAMS 0x000000070bc00000| PB 0x000000070bc00000| Untracked |  0
|  58|0x000000070be00000, 0x000000070be00000, 0x000000070c000000|  0%| F|  |TAMS 0x000000070be00000| PB 0x000000070be00000| Untracked |  0
|  59|0x000000070c000000, 0x000000070c000000, 0x000000070c200000|  0%| F|  |TAMS 0x000000070c000000| PB 0x000000070c000000| Untracked |  0
|  60|0x000000070c200000, 0x000000070c200000, 0x000000070c400000|  0%| F|  |TAMS 0x000000070c200000| PB 0x000000070c200000| Untracked |  0
|  61|0x000000070c400000, 0x000000070c400000, 0x000000070c600000|  0%| F|  |TAMS 0x000000070c400000| PB 0x000000070c400000| Untracked |  0
|  62|0x000000070c600000, 0x000000070c600000, 0x000000070c800000|  0%| F|  |TAMS 0x000000070c600000| PB 0x000000070c600000| Untracked |  0
|  63|0x000000070c800000, 0x000000070c800000, 0x000000070ca00000|  0%| F|  |TAMS 0x000000070c800000| PB 0x000000070c800000| Untracked |  0
|  64|0x000000070ca00000, 0x000000070ca00000, 0x000000070cc00000|  0%| F|  |TAMS 0x000000070ca00000| PB 0x000000070ca00000| Untracked |  0
|  65|0x000000070cc00000, 0x000000070cc00000, 0x000000070ce00000|  0%| F|  |TAMS 0x000000070cc00000| PB 0x000000070cc00000| Untracked |  0
|  66|0x000000070ce00000, 0x000000070ce00000, 0x000000070d000000|  0%| F|  |TAMS 0x000000070ce00000| PB 0x000000070ce00000| Untracked |  0
|  67|0x000000070d000000, 0x000000070d000000, 0x000000070d200000|  0%| F|  |TAMS 0x000000070d000000| PB 0x000000070d000000| Untracked |  0
|  68|0x000000070d200000, 0x000000070d200000, 0x000000070d400000|  0%| F|  |TAMS 0x000000070d200000| PB 0x000000070d200000| Untracked |  0
|  69|0x000000070d400000, 0x000000070d400000, 0x000000070d600000|  0%| F|  |TAMS 0x000000070d400000| PB 0x000000070d400000| Untracked |  0
|  70|0x000000070d600000, 0x000000070d600000, 0x000000070d800000|  0%| F|  |TAMS 0x000000070d600000| PB 0x000000070d600000| Untracked |  0
|  71|0x000000070d800000, 0x000000070d800000, 0x000000070da00000|  0%| F|  |TAMS 0x000000070d800000| PB 0x000000070d800000| Untracked |  0
|  72|0x000000070da00000, 0x000000070da00000, 0x000000070dc00000|  0%| F|  |TAMS 0x000000070da00000| PB 0x000000070da00000| Untracked |  0
|  73|0x000000070dc00000, 0x000000070dc00000, 0x000000070de00000|  0%| F|  |TAMS 0x000000070dc00000| PB 0x000000070dc00000| Untracked |  0
|  74|0x000000070de00000, 0x000000070de00000, 0x000000070e000000|  0%| F|  |TAMS 0x000000070de00000| PB 0x000000070de00000| Untracked |  0
|  75|0x000000070e000000, 0x000000070e000000, 0x000000070e200000|  0%| F|  |TAMS 0x000000070e000000| PB 0x000000070e000000| Untracked |  0
|  76|0x000000070e200000, 0x000000070e200000, 0x000000070e400000|  0%| F|  |TAMS 0x000000070e200000| PB 0x000000070e200000| Untracked |  0
|  77|0x000000070e400000, 0x000000070e400000, 0x000000070e600000|  0%| F|  |TAMS 0x000000070e400000| PB 0x000000070e400000| Untracked |  0
|  78|0x000000070e600000, 0x000000070e600000, 0x000000070e800000|  0%| F|  |TAMS 0x000000070e600000| PB 0x000000070e600000| Untracked |  0
|  79|0x000000070e800000, 0x000000070e800000, 0x000000070ea00000|  0%| F|  |TAMS 0x000000070e800000| PB 0x000000070e800000| Untracked |  0
|  80|0x000000070ea00000, 0x000000070ea00000, 0x000000070ec00000|  0%| F|  |TAMS 0x000000070ea00000| PB 0x000000070ea00000| Untracked |  0
|  81|0x000000070ec00000, 0x000000070ec00000, 0x000000070ee00000|  0%| F|  |TAMS 0x000000070ec00000| PB 0x000000070ec00000| Untracked |  0
|  82|0x000000070ee00000, 0x000000070ee00000, 0x000000070f000000|  0%| F|  |TAMS 0x000000070ee00000| PB 0x000000070ee00000| Untracked |  0
|  83|0x000000070f000000, 0x000000070f000000, 0x000000070f200000|  0%| F|  |TAMS 0x000000070f000000| PB 0x000000070f000000| Untracked |  0
|  84|0x000000070f200000, 0x000000070f200000, 0x000000070f400000|  0%| F|  |TAMS 0x000000070f200000| PB 0x000000070f200000| Untracked |  0
|  85|0x000000070f400000, 0x000000070f400000, 0x000000070f600000|  0%| F|  |TAMS 0x000000070f400000| PB 0x000000070f400000| Untracked |  0
|  86|0x000000070f600000, 0x000000070f600000, 0x000000070f800000|  0%| F|  |TAMS 0x000000070f600000| PB 0x000000070f600000| Untracked |  0
|  87|0x000000070f800000, 0x000000070f800000, 0x000000070fa00000|  0%| F|  |TAMS 0x000000070f800000| PB 0x000000070f800000| Untracked |  0
|  88|0x000000070fa00000, 0x000000070fa00000, 0x000000070fc00000|  0%| F|  |TAMS 0x000000070fa00000| PB 0x000000070fa00000| Untracked |  0
|  89|0x000000070fc00000, 0x000000070fc00000, 0x000000070fe00000|  0%| F|  |TAMS 0x000000070fc00000| PB 0x000000070fc00000| Untracked |  0
|  90|0x000000070fe00000, 0x000000070fe00000, 0x0000000710000000|  0%| F|  |TAMS 0x000000070fe00000| PB 0x000000070fe00000| Untracked |  0
|  91|0x0000000710000000, 0x0000000710000000, 0x0000000710200000|  0%| F|  |TAMS 0x0000000710000000| PB 0x0000000710000000| Untracked |  0
|  92|0x0000000710200000, 0x0000000710200000, 0x0000000710400000|  0%| F|  |TAMS 0x0000000710200000| PB 0x0000000710200000| Untracked |  0
|  93|0x0000000710400000, 0x0000000710400000, 0x0000000710600000|  0%| F|  |TAMS 0x0000000710400000| PB 0x0000000710400000| Untracked |  0
|  94|0x0000000710600000, 0x0000000710600000, 0x0000000710800000|  0%| F|  |TAMS 0x0000000710600000| PB 0x0000000710600000| Untracked |  0
|  95|0x0000000710800000, 0x0000000710800000, 0x0000000710a00000|  0%| F|  |TAMS 0x0000000710800000| PB 0x0000000710800000| Untracked |  0
|  96|0x0000000710a00000, 0x0000000710a00000, 0x0000000710c00000|  0%| F|  |TAMS 0x0000000710a00000| PB 0x0000000710a00000| Untracked |  0
|  97|0x0000000710c00000, 0x0000000710c00000, 0x0000000710e00000|  0%| F|  |TAMS 0x0000000710c00000| PB 0x0000000710c00000| Untracked |  0
|  98|0x0000000710e00000, 0x0000000710e00000, 0x0000000711000000|  0%| F|  |TAMS 0x0000000710e00000| PB 0x0000000710e00000| Untracked |  0
|  99|0x0000000711000000, 0x0000000711000000, 0x0000000711200000|  0%| F|  |TAMS 0x0000000711000000| PB 0x0000000711000000| Untracked |  0
| 100|0x0000000711200000, 0x0000000711200000, 0x0000000711400000|  0%| F|  |TAMS 0x0000000711200000| PB 0x0000000711200000| Untracked |  0
| 101|0x0000000711400000, 0x0000000711400000, 0x0000000711600000|  0%| F|  |TAMS 0x0000000711400000| PB 0x0000000711400000| Untracked |  0
| 102|0x0000000711600000, 0x0000000711600000, 0x0000000711800000|  0%| F|  |TAMS 0x0000000711600000| PB 0x0000000711600000| Untracked |  0
| 103|0x0000000711800000, 0x0000000711800000, 0x0000000711a00000|  0%| F|  |TAMS 0x0000000711800000| PB 0x0000000711800000| Untracked |  0
| 104|0x0000000711a00000, 0x0000000711a00000, 0x0000000711c00000|  0%| F|  |TAMS 0x0000000711a00000| PB 0x0000000711a00000| Untracked |  0
| 105|0x0000000711c00000, 0x0000000711cf5d38, 0x0000000711e00000| 48%| E|  |TAMS 0x0000000711c00000| PB 0x0000000711c00000| Complete |  0
| 106|0x0000000711e00000, 0x0000000712000000, 0x0000000712000000|100%| E|CS|TAMS 0x0000000711e00000| PB 0x0000000711e00000| Complete |  0
| 107|0x0000000712000000, 0x0000000712200000, 0x0000000712200000|100%| E|CS|TAMS 0x0000000712000000| PB 0x0000000712000000| Complete |  0
| 108|0x0000000712200000, 0x0000000712400000, 0x0000000712400000|100%| E|CS|TAMS 0x0000000712200000| PB 0x0000000712200000| Complete |  0
| 109|0x0000000712400000, 0x0000000712600000, 0x0000000712600000|100%| E|CS|TAMS 0x0000000712400000| PB 0x0000000712400000| Complete |  0
| 110|0x0000000712600000, 0x0000000712800000, 0x0000000712800000|100%| E|CS|TAMS 0x0000000712600000| PB 0x0000000712600000| Complete |  0
| 111|0x0000000712800000, 0x0000000712a00000, 0x0000000712a00000|100%| E|CS|TAMS 0x0000000712800000| PB 0x0000000712800000| Complete |  0
| 112|0x0000000712a00000, 0x0000000712c00000, 0x0000000712c00000|100%| E|CS|TAMS 0x0000000712a00000| PB 0x0000000712a00000| Complete |  0
| 113|0x0000000712c00000, 0x0000000712e00000, 0x0000000712e00000|100%| E|CS|TAMS 0x0000000712c00000| PB 0x0000000712c00000| Complete |  0
| 114|0x0000000712e00000, 0x0000000713000000, 0x0000000713000000|100%| E|CS|TAMS 0x0000000712e00000| PB 0x0000000712e00000| Complete |  0
| 115|0x0000000713000000, 0x0000000713200000, 0x0000000713200000|100%| E|CS|TAMS 0x0000000713000000| PB 0x0000000713000000| Complete |  0
| 116|0x0000000713200000, 0x0000000713400000, 0x0000000713400000|100%| E|CS|TAMS 0x0000000713200000| PB 0x0000000713200000| Complete |  0
| 117|0x0000000713400000, 0x0000000713600000, 0x0000000713600000|100%| E|CS|TAMS 0x0000000713400000| PB 0x0000000713400000| Complete |  0
| 118|0x0000000713600000, 0x0000000713800000, 0x0000000713800000|100%| E|CS|TAMS 0x0000000713600000| PB 0x0000000713600000| Complete |  0
| 119|0x0000000713800000, 0x0000000713a00000, 0x0000000713a00000|100%| E|CS|TAMS 0x0000000713800000| PB 0x0000000713800000| Complete |  0
| 120|0x0000000713a00000, 0x0000000713c00000, 0x0000000713c00000|100%| E|CS|TAMS 0x0000000713a00000| PB 0x0000000713a00000| Complete |  0
| 121|0x0000000713c00000, 0x0000000713e00000, 0x0000000713e00000|100%| E|CS|TAMS 0x0000000713c00000| PB 0x0000000713c00000| Complete |  0
| 122|0x0000000713e00000, 0x0000000714000000, 0x0000000714000000|100%| E|CS|TAMS 0x0000000713e00000| PB 0x0000000713e00000| Complete |  0
| 123|0x0000000714000000, 0x0000000714200000, 0x0000000714200000|100%| E|CS|TAMS 0x0000000714000000| PB 0x0000000714000000| Complete |  0
| 124|0x0000000714200000, 0x0000000714400000, 0x0000000714400000|100%| E|CS|TAMS 0x0000000714200000| PB 0x0000000714200000| Complete |  0
| 125|0x0000000714400000, 0x0000000714600000, 0x0000000714600000|100%| E|CS|TAMS 0x0000000714400000| PB 0x0000000714400000| Complete |  0
|2010|0x00000007ffe00000, 0x00000007fff256a0, 0x0000000800000000| 57%| O|  |TAMS 0x00000007ffe00000| PB 0x00000007ffe00000| Untracked |  0

Card table byte_map: [0x0000028e7abc0000,0x0000028e7b3a0000] _byte_map_base: 0x0000028e7739b000

Marking Bits: (CMBitMap*) 0x0000028e79e3fcd0
 Bits: [0x0000028e7b3a0000, 0x0000028e7f278000)

Polling page: 0x0000028e77da0000

Metaspace:
Metaspace        used 9186K, committed 9856K, reserved 1114112K
 class space     used 643K, committed 960K, reserved 1048576K

Usage:
  Non-class:      8.34 MB used.
      Class:    643.49 KB used.
       Both:      8.97 MB used.

Virtual space:
  Non-class space:       64.00 MB reserved,       8.69 MB ( 14%) committed,  1 nodes.
      Class space:        1.00 GB reserved,     960.00 KB ( <1%) committed,  1 nodes.
             Both:        1.06 GB reserved,       9.62 MB ( <1%) committed. 

Chunk freelists:
   Non-Class:  6.77 MB
       Class:  14.91 MB
        Both:  21.68 MB

MaxMetaspaceSize: unlimited
CompressedClassSpaceSize: 1.00 GB
Initial GC threshold: 21.00 MB
Current GC threshold: 21.00 MB
CDS: on
 - commit_granule_bytes: 65536.
 - commit_granule_words: 8192.
 - virtual_space_node_default_size: 8388608.
 - enlarge_chunks_in_place: 1.
UseCompressedClassPointers 1, UseCompactObjectHeaders 0
Narrow klass pointer bits 32, Max shift 3
Narrow klass base: 0x000000003c000000, Narrow klass shift: 0
Encoding Range: [0x000000003c000000 - 0x000000013c000000), (4294967296 bytes)
Klass Range:    [0x000000003c010000 - 0x000000007d000000), (1090453504 bytes)
Klass ID Range:  [65536 - 1090519033) (1090453497)
Protection zone: [0x000000003c000000 - 0x000000003c010000), (65536 bytes)


Internal statistics:

num_allocs_failed_limit: 0.
num_arena_births: 860.
num_arena_deaths: 0.
num_vsnodes_births: 2.
num_vsnodes_deaths: 0.
num_space_committed: 153.
num_space_uncommitted: 0.
num_chunks_returned_to_freelist: 0.
num_chunks_taken_from_freelist: 1298.
num_chunk_merges: 0.
num_chunk_splits: 876.
num_chunks_enlarged: 484.
num_inconsistent_stats: 0.

CodeHeap 'non-profiled nmethods': size=120064Kb used=771Kb max_used=771Kb free=119293Kb
 bounds [0x0000028e10280000, 0x0000028e104f0000, 0x0000028e177c0000]
CodeHeap 'profiled nmethods': size=120000Kb used=3718Kb max_used=3718Kb free=116281Kb
 bounds [0x0000028e087c0000, 0x0000028e08b70000, 0x0000028e0fcf0000]
CodeHeap 'non-nmethods': size=5696Kb used=2634Kb max_used=2707Kb free=3061Kb
 bounds [0x0000028e0fcf0000, 0x0000028e0ffa0000, 0x0000028e10280000]
CodeCache: size=245760Kb, used=7123Kb, max_used=7196Kb, free=238635Kb
 total_blobs=4118, nmethods=2336, adapters=1660, full_count=0
Compilation: enabled, stopped_count=0, restarted_count=0

Compilation events (20 events):
Event: 0.753 Thread 0x0000028e7fbbd3f0 2311       3       java.util.stream.ReferencePipeline$2$1::begin (13 bytes)
Event: 0.753 Thread 0x0000028e7fbbd3f0 nmethod 2311 0x0000028e08b57f08 code [0x0000028e08b58000, 0x0000028e08b581d8]
Event: 0.753 Thread 0x0000028e7fbbd3f0 2302       1       jdk.internal.foreign.layout.ValueLayouts$AbstractValueLayout::carrier (5 bytes)
Event: 0.753 Thread 0x0000028e7fbbd3f0 nmethod 2302 0x0000028e1033d688 code [0x0000028e1033d780, 0x0000028e1033d848]
Event: 0.753 Thread 0x0000028e7fbbd3f0 2306       1       jdk.internal.foreign.abi.Binding$VMStore::type (5 bytes)
Event: 0.753 Thread 0x0000028e7fbbd3f0 nmethod 2306 0x0000028e1033d988 code [0x0000028e1033da80, 0x0000028e1033db48]
Event: 0.753 Thread 0x0000028e7fbbd3f0 2313       3       jdk.internal.classfile.impl.StackMapGenerator$Frame::trimAndCompress (61 bytes)
Event: 0.754 Thread 0x0000028e7fbbd3f0 nmethod 2313 0x0000028e08b58208 code [0x0000028e08b58300, 0x0000028e08b588f0]
Event: 0.754 Thread 0x0000028e7fbbd3f0 2315       3       java.lang.invoke.DirectMethodHandle::getFunction (53 bytes)
Event: 0.754 Thread 0x0000028e7fbbd3f0 nmethod 2315 0x0000028e08b58908 code [0x0000028e08b58a00, 0x0000028e08b58d20]
Event: 0.754 Thread 0x0000028e7fbbd3f0 2316       3       java.lang.invoke.LambdaForm$NamedFunction::<init> (7 bytes)
Event: 0.754 Thread 0x0000028e7fbbd3f0 nmethod 2316 0x0000028e08b58d88 code [0x0000028e08b58e80, 0x0000028e08b590d8]
Event: 0.754 Thread 0x0000028e7fbbd3f0 2319       3       java.lang.invoke.LambdaForm$Name::replaceName (86 bytes)
Event: 0.754 Thread 0x0000028e7fbbd3f0 nmethod 2319 0x0000028e08b59108 code [0x0000028e08b59200, 0x0000028e08b59908]
Event: 0.755 Thread 0x0000028e7fbbd3f0 2324       1       java.lang.module.ModuleDescriptor::isOpen (5 bytes)
Event: 0.755 Thread 0x0000028e7fbbd3f0 nmethod 2324 0x0000028e1033f188 code [0x0000028e1033f280, 0x0000028e1033f348]
Event: 0.755 Thread 0x0000028e7fbbd3f0 2325       1       java.lang.module.ModuleDescriptor::isAutomatic (5 bytes)
Event: 0.755 Thread 0x0000028e7fbbd3f0 nmethod 2325 0x0000028e1033f488 code [0x0000028e1033f580, 0x0000028e1033f648]
Event: 0.756 Thread 0x0000028e7fbac7a0 2330       4       java.lang.String::substring (58 bytes)
Event: 0.757 Thread 0x0000028e7fbbd3f0 2331       3       sun.net.www.protocol.jar.Handler::parseURL (173 bytes)

GC Heap Usage History (0 events):
No events

Metaspace Usage History (0 events):
No events

Dll operation events (8 events):
Event: 0.008 Loaded shared library C:\Program Files\Java\jdk-25\bin\java.dll
Event: 0.059 Loaded shared library C:\Program Files\Java\jdk-25\bin\net.dll
Event: 0.061 Loaded shared library C:\Program Files\Java\jdk-25\bin\nio.dll
Event: 0.063 Loaded shared library C:\Program Files\Java\jdk-25\bin\zip.dll
Event: 0.128 Loaded shared library C:\Program Files\Java\jdk-25\bin\jimage.dll
Event: 0.173 Loaded shared library C:\Users\alexi\AppData\Local\Temp\imgui-java-natives\1.92.0\imgui-java64.dll
Event: 0.214 Loaded shared library C:\Users\alexi\AppData\Local\Temp\lwjgl_alexi\3.4.1+2\x64\lwjgl.dll
Event: 0.606 Loaded shared library C:\Users\alexi\AppData\Local\Temp\lwjgl_alexi\3.4.1+2\x64\lwjgl_opengl.dll

Deoptimization events (20 events):
Event: 0.690 Thread 0x0000028e77aa7dc0 Uncommon trap: trap_request=0xffffff54 fr.pc=0x0000028e1031dfe4 relative=0x0000000000000064
Event: 0.690 Thread 0x0000028e77aa7dc0 Uncommon trap: reason=speculate_null_check action=make_not_entrant pc=0x0000028e1031dfe4 method=jdk.internal.misc.Unsafe.getShortUnaligned(Ljava/lang/Object;JZ)S @ 5 c2
Event: 0.690 Thread 0x0000028e77aa7dc0 DEOPT PACKING pc=0x0000028e1031dfe4 sp=0x000000bbb6dfe660
Event: 0.690 Thread 0x0000028e77aa7dc0 DEOPT UNPACKING pc=0x0000028e0fe0f882 sp=0x000000bbb6dfe5b8 mode 2
Event: 0.690 Thread 0x0000028e77aa7dc0 Uncommon trap: trap_request=0xfffffff4 fr.pc=0x0000028e102d30e4 relative=0x0000000000000b64
Event: 0.690 Thread 0x0000028e77aa7dc0 Uncommon trap: reason=null_check action=make_not_entrant pc=0x0000028e102d30e4 method=java.lang.Class.describeConstable()Ljava/util/Optional; @ 17 c2
Event: 0.690 Thread 0x0000028e77aa7dc0 DEOPT PACKING pc=0x0000028e102d30e4 sp=0x000000bbb6dfe9b0
Event: 0.690 Thread 0x0000028e77aa7dc0 DEOPT UNPACKING pc=0x0000028e0fe0f882 sp=0x000000bbb6dfe980 mode 2
Event: 0.704 Thread 0x0000028e77aa7dc0 Uncommon trap: trap_request=0xffffffd6 fr.pc=0x0000028e10330a34 relative=0x00000000000004b4
Event: 0.704 Thread 0x0000028e77aa7dc0 Uncommon trap: reason=array_check action=maybe_recompile pc=0x0000028e10330a34 method=jdk.internal.classfile.impl.AttributeHolder.withAttribute(Ljava/lang/classfile/Attribute;)V @ 115 c2
Event: 0.704 Thread 0x0000028e77aa7dc0 DEOPT PACKING pc=0x0000028e10330a34 sp=0x000000bbb6dfe440
Event: 0.704 Thread 0x0000028e77aa7dc0 DEOPT UNPACKING pc=0x0000028e0fe0f882 sp=0x000000bbb6dfe400 mode 2
Event: 0.704 Thread 0x0000028e77aa7dc0 Uncommon trap: trap_request=0xffffffd6 fr.pc=0x0000028e10330a34 relative=0x00000000000004b4
Event: 0.704 Thread 0x0000028e77aa7dc0 Uncommon trap: reason=array_check action=maybe_recompile pc=0x0000028e10330a34 method=jdk.internal.classfile.impl.AttributeHolder.withAttribute(Ljava/lang/classfile/Attribute;)V @ 115 c2
Event: 0.704 Thread 0x0000028e77aa7dc0 DEOPT PACKING pc=0x0000028e10330a34 sp=0x000000bbb6dfe0b0
Event: 0.704 Thread 0x0000028e77aa7dc0 DEOPT UNPACKING pc=0x0000028e0fe0f882 sp=0x000000bbb6dfe070 mode 2
Event: 0.704 Thread 0x0000028e77aa7dc0 Uncommon trap: trap_request=0xffffff66 fr.pc=0x0000028e10330b60 relative=0x00000000000005e0
Event: 0.704 Thread 0x0000028e77aa7dc0 Uncommon trap: reason=loop_limit_check action=maybe_recompile pc=0x0000028e10330b60 method=jdk.internal.classfile.impl.AttributeHolder.withAttribute(Ljava/lang/classfile/Attribute;)V @ 39 c2
Event: 0.704 Thread 0x0000028e77aa7dc0 DEOPT PACKING pc=0x0000028e10330b60 sp=0x000000bbb6dfe120
Event: 0.704 Thread 0x0000028e77aa7dc0 DEOPT UNPACKING pc=0x0000028e0fe0f882 sp=0x000000bbb6dfe0f0 mode 2

Classes loaded (20 events):
Event: 0.408 Loading class jdk/internal/foreign/abi/UpcallLinker$InvocationData
Event: 0.408 Loading class jdk/internal/foreign/abi/UpcallLinker$InvocationData done
Event: 0.410 Loading class java/util/function/UnaryOperator
Event: 0.410 Loading class java/util/function/UnaryOperator done
Event: 0.412 Loading class jdk/internal/foreign/abi/UpcallStubs
Event: 0.413 Loading class jdk/internal/foreign/abi/UpcallStubs done
Event: 0.413 Loading class jdk/internal/foreign/abi/UpcallStubs$1
Event: 0.413 Loading class jdk/internal/foreign/abi/UpcallStubs$1 done
Event: 0.413 Loading class jdk/internal/foreign/MemorySessionImpl$ResourceList$ResourceCleanup$1
Event: 0.413 Loading class jdk/internal/foreign/MemorySessionImpl$ResourceList$ResourceCleanup$1 done
Event: 0.424 Loading class java/lang/invoke/DirectMethodHandle$StaticAccessor
Event: 0.424 Loading class java/lang/invoke/DirectMethodHandle$StaticAccessor done
Event: 0.424 Loading class jdk/internal/reflect/MethodHandleIntegerFieldAccessorImpl
Event: 0.424 Loading class jdk/internal/reflect/MethodHandleIntegerFieldAccessorImpl done
Event: 0.609 Loading class java/nio/DirectCharBufferU
Event: 0.609 Loading class java/nio/DirectCharBufferU done
Event: 0.716 Loading class jdk/internal/foreign/SegmentBulkOperations
Event: 0.717 Loading class jdk/internal/foreign/SegmentBulkOperations done
Event: 0.717 Loading class jdk/internal/util/Architecture
Event: 0.717 Loading class jdk/internal/util/Architecture done

Classes unloaded (0 events):
No events

Classes redefined (0 events):
No events

Internal exceptions (20 events):
Event: 0.706 Thread 0x0000028e77aa7dc0 Exception <a 'java/lang/NoSuchMethodError'{0x000000071212a948}: 'void java.lang.invoke.DirectMethodHandle$Holder.invokeStatic(java.lang.Object, java.lang.Object, long, int, int, int)'> (0x000000071212a948) 
thrown [s\open\src\hotspot\share\interpreter\linkResolver.cpp, line 804]
Event: 0.706 Thread 0x0000028e77aa7dc0 Exception <a 'java/lang/NoSuchMethodError'{0x0000000712133358}: 'void java.lang.invoke.DirectMethodHandle$Holder.invokeSpecial(java.lang.Object, java.lang.Object, long, int, int, int)'> (0x0000000712133358) 
thrown [s\open\src\hotspot\share\interpreter\linkResolver.cpp, line 804]
Event: 0.706 Thread 0x0000028e77aa7dc0 Exception <a 'java/lang/NoSuchMethodError'{0x000000071213b0f0}: 'void java.lang.invoke.Invokers$Holder.exactInvoker(java.lang.Object, java.lang.Object, long, int, int, int)'> (0x000000071213b0f0) 
thrown [s\open\src\hotspot\share\interpreter\linkResolver.cpp, line 804]
Event: 0.706 Thread 0x0000028e77aa7dc0 Exception <a 'java/lang/NoSuchMethodError'{0x00000007121435f0}: 'void java.lang.invoke.DelegatingMethodHandle$Holder.delegate(java.lang.Object, java.lang.Object, long, int, int, int)'> (0x00000007121435f0) 
thrown [s\open\src\hotspot\share\interpreter\linkResolver.cpp, line 804]
Event: 0.709 Thread 0x0000028e77aa7dc0 Exception <a 'java/lang/NoSuchMethodError'{0x000000071217b2c0}: 'void java.lang.invoke.DirectMethodHandle$Holder.invokeInterface(java.lang.Object, java.lang.Object, long, int, int, int, int)'> (0x000000071217b2c0) 
thrown [s\open\src\hotspot\share\interpreter\linkResolver.cpp, line 804]
Event: 0.710 Thread 0x0000028e77aa7dc0 Exception <a 'java/lang/NoSuchMethodError'{0x00000007121949d0}: 'void java.lang.invoke.DelegatingMethodHandle$Holder.reinvoke_L(java.lang.Object, java.lang.Object, long, int, int, int, int)'> (0x00000007121949d0) 
thrown [s\open\src\hotspot\share\interpreter\linkResolver.cpp, line 804]
Event: 0.711 Thread 0x0000028e77aa7dc0 Exception <a 'java/lang/NoSuchMethodError'{0x00000007121bce18}: 'java.lang.Object java.lang.invoke.DelegatingMethodHandle$Holder.delegate(java.lang.Object, java.lang.Object, long, int, int, int, int)'> (0x00000007121bce18) 
thrown [s\open\src\hotspot\share\interpreter\linkResolver.cpp, line 804]
Event: 0.712 Thread 0x0000028e77aa7dc0 Exception <a 'java/lang/NoSuchMethodError'{0x00000007121f6f00}: 'void java.lang.invoke.DirectMethodHandle$Holder.invokeStatic(java.lang.Object, java.lang.Object, long, int, int, int, int)'> (0x00000007121f6f00) 
thrown [s\open\src\hotspot\share\interpreter\linkResolver.cpp, line 804]
Event: 0.712 Thread 0x0000028e77aa7dc0 Exception <a 'java/lang/NoSuchMethodError'{0x00000007121ff998}: 'void java.lang.invoke.DirectMethodHandle$Holder.invokeSpecial(java.lang.Object, java.lang.Object, long, int, int, int, int)'> (0x00000007121ff998) 
thrown [s\open\src\hotspot\share\interpreter\linkResolver.cpp, line 804]
Event: 0.712 Thread 0x0000028e77aa7dc0 Exception <a 'java/lang/NoSuchMethodError'{0x0000000711e07a88}: 'void java.lang.invoke.Invokers$Holder.exactInvoker(java.lang.Object, java.lang.Object, long, int, int, int, int)'> (0x0000000711e07a88) 
thrown [s\open\src\hotspot\share\interpreter\linkResolver.cpp, line 804]
Event: 0.713 Thread 0x0000028e77aa7dc0 Exception <a 'java/lang/NoSuchMethodError'{0x0000000711e0fff0}: 'void java.lang.invoke.DelegatingMethodHandle$Holder.delegate(java.lang.Object, java.lang.Object, long, int, int, int, int)'> (0x0000000711e0fff0) 
thrown [s\open\src\hotspot\share\interpreter\linkResolver.cpp, line 804]
Event: 0.714 Thread 0x0000028e77aa7dc0 Exception <a 'java/lang/NoSuchMethodError'{0x0000000711e2b3a0}: 'void java.lang.invoke.DirectMethodHandle$Holder.invokeInterface(java.lang.Object, java.lang.Object, long, int)'> (0x0000000711e2b3a0) 
thrown [s\open\src\hotspot\share\interpreter\linkResolver.cpp, line 804]
Event: 0.745 Thread 0x0000028e77aa7dc0 Exception <a 'sun/nio/fs/WindowsException'{0x0000000711fcab68}> (0x0000000711fcab68) 
thrown [s\open\src\hotspot\share\prims\jni.cpp, line 516]
Event: 0.745 Thread 0x0000028e77aa7dc0 Exception <a 'sun/nio/fs/WindowsException'{0x0000000711fcaef8}> (0x0000000711fcaef8) 
thrown [s\open\src\hotspot\share\prims\jni.cpp, line 516]
Event: 0.754 Thread 0x0000028e77aa7dc0 Exception <a 'java/lang/NoSuchMethodError'{0x0000000711c13828}: 'void java.lang.invoke.DirectMethodHandle$Holder.invokeStaticInit(java.lang.Object, java.lang.Object, java.lang.Object, long, long, long, long)'> (0x0000000711c13828) 
thrown [s\open\src\hotspot\share\interpreter\linkResolver.cpp, line 804]
Event: 0.754 Thread 0x0000028e77aa7dc0 Exception <a 'java/lang/NoSuchMethodError'{0x0000000711c23e98}: 'void java.lang.invoke.DelegatingMethodHandle$Holder.reinvoke_L(java.lang.Object, java.lang.Object, java.lang.Object, long, long, long, long)'> (0x0000000711c23e98) 
thrown [s\open\src\hotspot\share\interpreter\linkResolver.cpp, line 804]
Event: 0.754 Thread 0x0000028e77aa7dc0 Exception <a 'java/lang/NoSuchMethodError'{0x0000000711c45450}: 'void java.lang.invoke.DirectMethodHandle$Holder.invokeSpecial(java.lang.Object, java.lang.Object, java.lang.Object, long, long, long, long)'> (0x0000000711c45450) 
thrown [s\open\src\hotspot\share\interpreter\linkResolver.cpp, line 804]
Event: 0.755 Thread 0x0000028e77aa7dc0 Exception <a 'java/lang/NoSuchMethodError'{0x0000000711c6e280}: 'java.lang.Object java.lang.invoke.DirectMethodHandle$Holder.invokeSpecial(java.lang.Object, java.lang.Object, int, int, int)'> (0x0000000711c6e280) 
thrown [s\open\src\hotspot\share\interpreter\linkResolver.cpp, line 804]
Event: 0.755 Thread 0x0000028e77aa7dc0 Exception <a 'java/lang/NoSuchMethodError'{0x0000000711c7e4d0}: 'java.lang.Object java.lang.invoke.DelegatingMethodHandle$Holder.reinvoke_L(java.lang.Object, java.lang.Object, int, int, int)'> (0x0000000711c7e4d0) 
thrown [s\open\src\hotspot\share\interpreter\linkResolver.cpp, line 804]
Event: 0.758 Thread 0x0000028e77aa7dc0 Implicit null exception at 0x0000028e1031d9b2 to 0x0000000000000000

VM Operations (18 events):
Event: 0.131 Executing non-safepoint VM operation: HandshakeAllThreads (Deoptimize)
Event: 0.131 Executing non-safepoint VM operation: HandshakeAllThreads (Deoptimize) done
Event: 0.199 Executing non-safepoint VM operation: HandshakeAllThreads (Deoptimize)
Event: 0.199 Executing non-safepoint VM operation: HandshakeAllThreads (Deoptimize) done
Event: 0.254 Executing non-safepoint VM operation: HandshakeAllThreads (Deoptimize)
Event: 0.255 Executing non-safepoint VM operation: HandshakeAllThreads (Deoptimize) done
Event: 0.334 Executing non-safepoint VM operation: HandshakeAllThreads (Deoptimize)
Event: 0.334 Executing non-safepoint VM operation: HandshakeAllThreads (Deoptimize) done
Event: 0.349 Executing non-safepoint VM operation: HandshakeAllThreads (Deoptimize)
Event: 0.349 Executing non-safepoint VM operation: HandshakeAllThreads (Deoptimize) done
Event: 0.355 Executing non-safepoint VM operation: HandshakeAllThreads (Deoptimize)
Event: 0.355 Executing non-safepoint VM operation: HandshakeAllThreads (Deoptimize) done
Event: 0.365 Executing non-safepoint VM operation: HandshakeAllThreads (Deoptimize)
Event: 0.366 Executing non-safepoint VM operation: HandshakeAllThreads (Deoptimize) done
Event: 0.373 Executing non-safepoint VM operation: HandshakeAllThreads (Deoptimize)
Event: 0.373 Executing non-safepoint VM operation: HandshakeAllThreads (Deoptimize) done
Event: 0.401 Executing non-safepoint VM operation: HandshakeAllThreads (Deoptimize)
Event: 0.401 Executing non-safepoint VM operation: HandshakeAllThreads (Deoptimize) done

Memory protections (0 events):
No events

Nmethod flushes (0 events):
No events

Events (17 events):
Event: 0.019 Thread 0x0000028e77aa7dc0 Thread added: 0x0000028e77aa7dc0
Event: 0.027 Thread 0x0000028e77aa7dc0 Thread added: 0x0000028e7fb95310
Event: 0.027 Thread 0x0000028e77aa7dc0 Thread added: 0x0000028e7fb95d70
Event: 0.027 Thread 0x0000028e77aa7dc0 Thread added: 0x0000028e7fb9c2d0
Event: 0.027 Thread 0x0000028e77aa7dc0 Thread added: 0x0000028e7fba08e0
Event: 0.027 Thread 0x0000028e77aa7dc0 Thread added: 0x0000028e7fb9f400
Event: 0.027 Thread 0x0000028e77aa7dc0 Thread added: 0x0000028e7fba3130
Event: 0.027 Thread 0x0000028e77aa7dc0 Thread added: 0x0000028e7fbac7a0
Event: 0.027 Thread 0x0000028e77aa7dc0 Thread added: 0x0000028e7fbbd3f0
Event: 0.051 Thread 0x0000028e77aa7dc0 Thread added: 0x0000028e19833eb0
Event: 0.054 Thread 0x0000028e77aa7dc0 Thread added: 0x0000028e1983f3e0
Event: 0.251 Thread 0x0000028e7fbbd3f0 Thread added: 0x0000028e1e742c70
Event: 0.331 Thread 0x0000028e7fbbd3f0 Thread added: 0x0000028e1e8a2440
Event: 0.596 Thread 0x0000028e1e742c70 Thread exited: 0x0000028e1e742c70
Event: 0.596 Thread 0x0000028e1e8a2440 Thread exited: 0x0000028e1e8a2440
Event: 0.627 Thread 0x0000028e7fbbd3f0 Thread added: 0x0000028e1ebeaf30
Event: 0.632 Thread 0x0000028e7fbac7a0 Thread added: 0x0000028e1ebed870


Dynamic libraries:
0x00007ff6ff730000 - 0x00007ff6ff740000 	C:\Program Files\Java\jdk-25\bin\java.exe
0x00007ff9372a0000 - 0x00007ff937506000 	C:\Windows\SYSTEM32\ntdll.dll
0x00007ff935d30000 - 0x00007ff935df9000 	C:\Windows\System32\KERNEL32.DLL
0x00007ff9345e0000 - 0x00007ff9349da000 	C:\Windows\System32\KERNELBASE.dll
0x00007ff9349e0000 - 0x00007ff934b2c000 	C:\Windows\System32\ucrtbase.dll
0x00007ff90f660000 - 0x00007ff90f67e000 	C:\Program Files\Java\jdk-25\bin\VCRUNTIME140.dll
0x00007ff911e50000 - 0x00007ff911e67000 	C:\Program Files\Java\jdk-25\bin\jli.dll
0x00007ff936bf0000 - 0x00007ff936db7000 	C:\Windows\System32\USER32.dll
0x00007ff934b30000 - 0x00007ff934b57000 	C:\Windows\System32\win32u.dll
0x00007ff935020000 - 0x00007ff93504b000 	C:\Windows\System32\GDI32.dll
0x00007ff918eb0000 - 0x00007ff919142000 	C:\Windows\WinSxS\amd64_microsoft.windows.common-controls_6595b64144ccf1df_6.0.26100.8521_none_3e08b75ce33403b3\COMCTL32.dll
0x00007ff934e50000 - 0x00007ff934f7b000 	C:\Windows\System32\gdi32full.dll
0x00007ff934530000 - 0x00007ff9345d3000 	C:\Windows\System32\msvcp_win.dll
0x00007ff935880000 - 0x00007ff935929000 	C:\Windows\System32\msvcrt.dll
0x00007ff935cf0000 - 0x00007ff935d22000 	C:\Windows\System32\IMM32.DLL
0x00007ff916270000 - 0x00007ff91627c000 	C:\Program Files\Java\jdk-25\bin\vcruntime140_1.dll
0x00007ff8e4330000 - 0x00007ff8e43bd000 	C:\Program Files\Java\jdk-25\bin\msvcp140.dll
0x00007ff8a1ac0000 - 0x00007ff8a291f000 	C:\Program Files\Java\jdk-25\bin\server\jvm.dll
0x00007ff9371a0000 - 0x00007ff937256000 	C:\Windows\System32\ADVAPI32.dll
0x00007ff9359d0000 - 0x00007ff935a7a000 	C:\Windows\System32\sechost.dll
0x00007ff935e00000 - 0x00007ff935f18000 	C:\Windows\System32\RPCRT4.dll
0x00007ff935b80000 - 0x00007ff935c00000 	C:\Windows\System32\WS2_32.dll
0x00007ff9341e0000 - 0x00007ff93423e000 	C:\Windows\SYSTEM32\POWRPROF.dll
0x00007ff923950000 - 0x00007ff923986000 	C:\Windows\SYSTEM32\WINMM.dll
0x00007ff92c5c0000 - 0x00007ff92c5cb000 	C:\Windows\SYSTEM32\VERSION.dll
0x00007ff9341c0000 - 0x00007ff9341d4000 	C:\Windows\SYSTEM32\UMPDC.dll
0x00007ff933280000 - 0x00007ff93329b000 	C:\Windows\SYSTEM32\kernel.appcore.dll
0x00007ff915eb0000 - 0x00007ff915eba000 	C:\Program Files\Java\jdk-25\bin\jimage.dll
0x00007ff9210c0000 - 0x00007ff921302000 	C:\Windows\SYSTEM32\DBGHELP.DLL
0x00007ff936dc0000 - 0x00007ff937143000 	C:\Windows\System32\combase.dll
0x00007ff935c10000 - 0x00007ff935ce9000 	C:\Windows\System32\OLEAUT32.dll
0x00007ff91b1f0000 - 0x00007ff91b22b000 	C:\Windows\SYSTEM32\dbgcore.DLL
0x00007ff934b60000 - 0x00007ff934c08000 	C:\Windows\System32\bcryptPrimitives.dll
0x00007ff90f640000 - 0x00007ff90f65f000 	C:\Program Files\Java\jdk-25\bin\java.dll
0x00007ff936770000 - 0x00007ff936908000 	C:\Windows\System32\ole32.dll
0x00007ff935f20000 - 0x00007ff9366a4000 	C:\Windows\System32\SHELL32.dll
0x00007ff9320d0000 - 0x00007ff932950000 	C:\Windows\SYSTEM32\windows.storage.dll
0x00007ff935280000 - 0x00007ff935376000 	C:\Windows\System32\SHCORE.dll
0x00007ff936b00000 - 0x00007ff936b67000 	C:\Windows\System32\shlwapi.dll
0x00007ff934450000 - 0x00007ff934479000 	C:\Windows\SYSTEM32\profapi.dll
0x00007ff90f540000 - 0x00007ff90f552000 	C:\Program Files\Java\jdk-25\bin\net.dll
0x00007ff9337e0000 - 0x00007ff93384c000 	C:\Windows\system32\mswsock.dll
0x00007ff90e250000 - 0x00007ff90e266000 	C:\Program Files\Java\jdk-25\bin\nio.dll
0x00007ff90f620000 - 0x00007ff90f637000 	C:\Program Files\Java\jdk-25\bin\zip.dll
0x00007ff89f380000 - 0x00007ff89fe19000 	C:\Users\alexi\AppData\Local\Temp\imgui-java-natives\1.92.0\imgui-java64.dll
0x00007ff911d00000 - 0x00007ff911d84000 	C:\Users\alexi\AppData\Local\Temp\lwjgl_alexi\3.4.1+2\x64\lwjgl.dll
0x00007ff8a5860000 - 0x00007ff8a5ad0000 	C:\Users\alexi\AppData\Local\Temp\lwjgl_alexi\3.4.1+2\x64\jemalloc.dll
0x00007ff90e400000 - 0x00007ff90e48a000 	C:\Users\alexi\AppData\Local\Temp\lwjgl_alexi\3.4.1+2\x64\glfw.dll
0x00007ff9170f0000 - 0x00007ff91713b000 	C:\Windows\SYSTEM32\dinput8.dll
0x00007ff91b1d0000 - 0x00007ff91b1ec000 	C:\Windows\SYSTEM32\xinput1_4.dll
0x00007ff934130000 - 0x00007ff934181000 	C:\Windows\SYSTEM32\cfgmgr32.dll
0x00007ff934100000 - 0x00007ff93412d000 	C:\Windows\SYSTEM32\DEVOBJ.dll
0x00007ff931a20000 - 0x00007ff931a4f000 	C:\Windows\SYSTEM32\dwmapi.dll
0x00007ff9174e0000 - 0x00007ff9176c5000 	C:\Windows\SYSTEM32\inputhost.dll
0x00007ff9312a0000 - 0x00007ff9313c5000 	C:\Windows\SYSTEM32\CoreMessaging.dll
0x00007ff931780000 - 0x00007ff93182a000 	C:\Windows\system32\uxtheme.dll
0x00007ff936910000 - 0x00007ff936a6d000 	C:\Windows\System32\MSCTF.dll
0x00007ff933af0000 - 0x00007ff933afc000 	C:\Windows\SYSTEM32\CRYPTBASE.DLL
0x00007ff910050000 - 0x00007ff91015c000 	C:\Windows\SYSTEM32\opengl32.dll
0x00007ff915cf0000 - 0x00007ff915d1d000 	C:\Windows\SYSTEM32\GLU32.dll
0x00007ff931850000 - 0x00007ff931894000 	C:\Windows\SYSTEM32\dxcore.dll
0x00007ff9154b0000 - 0x00007ff9154cd000 	C:\Windows\SYSTEM32\windows.staterepositorycore.dll
0x00007ff89c4f0000 - 0x00007ff89f375000 	C:\Windows\System32\DriverStore\FileRepository\nv_dispi.inf_amd64_6f3cfb7117944855\nvoglv64.dll
0x00007ff935390000 - 0x00007ff935817000 	C:\Windows\System32\SETUPAPI.dll
0x00007ff9315f0000 - 0x00007ff93161a000 	C:\Windows\SYSTEM32\WTSAPI32.dll
0x00007ff934c10000 - 0x00007ff934d88000 	C:\Windows\System32\CRYPT32.dll
0x00007ff933530000 - 0x00007ff933579000 	C:\Windows\SYSTEM32\SspiCli.dll
0x00007ff933c40000 - 0x00007ff933c53000 	C:\Windows\SYSTEM32\msasn1.dll
0x00007ff92c3a0000 - 0x00007ff92c3db000 	C:\Windows\SYSTEM32\cryptnet.dll
0x00007ff933bd0000 - 0x00007ff933c3a000 	C:\Windows\SYSTEM32\wldp.dll
0x00007ff92c220000 - 0x00007ff92c398000 	C:\Windows\SYSTEM32\drvstore.dll
0x00007ff9333b0000 - 0x00007ff9333e6000 	C:\Windows\SYSTEM32\ntmarta.dll
0x00007ff934f80000 - 0x00007ff935003000 	C:\Windows\System32\WINTRUST.dll
0x00007ff934420000 - 0x00007ff93444a000 	C:\Windows\SYSTEM32\bcrypt.dll
0x00007ff935050000 - 0x00007ff935070000 	C:\Windows\System32\imagehlp.dll
0x00007ff933b00000 - 0x00007ff933b1b000 	C:\Windows\System32\CRYPTSP.dll
0x00007ff9331e0000 - 0x00007ff933219000 	C:\Windows\system32\rsaenh.dll
0x00007ff925640000 - 0x00007ff92b44d000 	C:\Windows\System32\DriverStore\FileRepository\nv_dispi.inf_amd64_6f3cfb7117944855\nvgpucomp64.dll
0x00007ff8c0d40000 - 0x00007ff8c0e87000 	C:\Windows\system32\nvspcap64.dll
0x00007ff933ce0000 - 0x00007ff933d41000 	C:\Windows\SYSTEM32\WINSTA.dll
0x00007ff90e5c0000 - 0x00007ff90e708000 	C:\Windows\SYSTEM32\textinputframework.dll
0x00007ff92cb70000 - 0x00007ff92ce54000 	C:\Windows\SYSTEM32\CoreUIComponents.dll
0x00007ff92e5d0000 - 0x00007ff92e73a000 	C:\Windows\SYSTEM32\wintypes.dll
0x00007ff901120000 - 0x00007ff90117c000 	C:\Users\alexi\AppData\Local\Temp\lwjgl_alexi\3.4.1+2\x64\lwjgl_opengl.dll
0x00007ff8a5630000 - 0x00007ff8a5856000 	C:\Users\alexi\AppData\Local\Temp\lwjgl_alexi\3.4.1+2\x64\freetype.dll
0x00007ff917250000 - 0x00007ff917269000 	C:\Windows\SYSTEM32\USP10.dll
0x00007ff92ff80000 - 0x00007ff9301e7000 	C:\Windows\SYSTEM32\DWrite.dll

JVMTI agents: none

dbghelp: loaded successfully - version: 4.0.5 - missing functions: none
symbol engine: initialized successfully - sym options: 0x614 - pdb path: .;C:\Program Files\Java\jdk-25\bin;C:\Windows\SYSTEM32;C:\Windows\WinSxS\amd64_microsoft.windows.common-controls_6595b64144ccf1df_6.0.26100.8521_none_3e08b75ce33403b3;C:\Program Files\Java\jdk-25\bin\server;C:\Users\alexi\AppData\Local\Temp\imgui-java-natives\1.92.0;C:\Users\alexi\AppData\Local\Temp\lwjgl_alexi\3.4.1+2\x64;C:\Windows\System32\DriverStore\FileRepository\nv_dispi.inf_amd64_6f3cfb7117944855

VM Arguments:
jvm_args: -Dfile.encoding=UTF-8 -Duser.country=GB -Duser.language=en -Duser.variant 
java_command: com.servilious.projmtn.Game -enableDevMode
java_class_path (initial): C:\Users\alexi\Desktop\Coding Stuff\Games i try to code\ProjectMountain-Servilious-LWJGL3\build\classes\java\main;C:\Users\alexi\Desktop\Coding Stuff\Games i try to code\ProjectMountain-Servilious-LWJGL3\build\resources\main;C:\Users\alexi\.gradle\caches\modules-2\files-2.1\io.github.spair\imgui-java-app\1.92.0\f1096806f47609ab640e5379e395c052dc2c6942\imgui-java-app-1.92.0.jar;C:\Users\alexi\.gradle\caches\modules-2\files-2.1\io.github.spair\imgui-java-lwjgl3\1.92.0\172b9eb03e2f54a449d4e5a2a62ecb31695c3ca0\imgui-java-lwjgl3-1.92.0.jar;C:\Users\alexi\.gradle\caches\modules-2\files-2.1\org.lwjgl\lwjgl-freetype\3.4.1\caa75a37e857efc9b0686e434d708d6420c5b6ea\lwjgl-freetype-3.4.1.jar;C:\Users\alexi\.gradle\caches\modules-2\files-2.1\org.lwjgl\lwjgl-freetype\3.4.1\32fc9cfd236aca5433d53af78bfb15f1b4c1103e\lwjgl-freetype-3.4.1-natives-windows.jar;C:\Users\alexi\.gradle\caches\modules-2\files-2.1\org.lwjgl\lwjgl-glfw\3.4.1\a782b1ddd175c9107bf300fd92920579ea65e2a4\lwjgl-glfw-3.4.1.jar;C:\Users\alexi\.gradle\caches\modules-2\files-2.1\org.lwjgl\lwjgl-glfw\3.4.1\2eb4aa895ea190ba8cf4356f8cea24d3ebb40ea1\lwjgl-glfw-3.4.1-natives-windows.jar;C:\Users\alexi\.gradle\caches\modules-2\files-2.1\org.lwjgl\lwjgl-glfw\3.4.1\23cdf7655ce9f3b27ad90f08e73345e0d5b46362\lwjgl-glfw-3.4.1-natives-linux.jar;C:\Users\alexi\.gradle\caches\modules-2\files-2.1\org.lwjgl\lwjgl-glfw\3.4.1\3c8538942f58377d59cd7be2dc164ba71a53868a\lwjgl-glfw-3.4.1-natives-macos.jar;C:\Users\alexi\.gradle\caches\modules-2\files-2.1\org.lwjgl\lwjgl-glfw\3.4.1\ef1f8efca5a60ba3512bc4982b88e446ecc43378\lwjgl-glfw-3.4.1-natives-macos-arm64.jar;C:\Users\alexi\.gradle\caches\modules-2\files-2.1\org.lwjgl\lwjgl-jemalloc\3.4.1\16b663092854fc6adfe0a941e61cae2bb2e437b6\lwjgl-jemalloc-3.4.1.jar;C:\Users\alexi\.gradle\caches\modules-2\files-2.1\org.lwjgl\lwjgl-jemalloc\3.4.1\70db8048d1aca8a6365f46f9963b8d6cd77b9e94\lwjgl-jemalloc-3.4.1-natives-windows.jar;C:\Users\alexi\.gradle\caches\modules-2\files-2.1\org.lwjgl\lwjgl-openal\3.4.1\8508bd60589de0539aa465b78fcf838efd07ae9a\lwjgl-openal-3.4.1.jar;C:\Users\alexi\.gradle\caches\modules-2\files-2.1\org.lwjgl\lwjgl-openal\3.4.1\8e83fdfdf65c80c9877c6fb6cb645d239ed7638\lwjgl-openal-3.4.1-natives-windows.jar;C:\Users\alexi\.gradle\caches\modules-2\files-2.1\org.lwjgl\lwjgl-opengl\3.4.1\830412cab823c029cda6b9729f9d2ed36cf79959\lwjgl-opengl-3.4.1.jar;C:\Users\alexi\.gradle\caches\modules-2\files-2.1\org.lwjgl\lwjgl-opengl\3.4.1\617f37ef4e2ffb727bd5e74333e8073ef43ca1ec\lwjgl-opengl-3.4.1-natives-windows.jar;C:\Users\alexi\.gradle\caches\modules-2\files-2.1\org.lwjgl\lwjgl-opengl\3.4.1\b750599f0e75ddb19f1d0fe993f3011334b710ae\lwjgl-opengl-3.4.1-natives-linux.jar;C:\Users\alexi\.gradle\caches\modules-2\files-2.1\org.lwjgl\lwjgl-opengl\3.4.1\ba18fc6012b88494ee893506934b92b01c4ef14b\lwjgl-opengl-3.4.1-natives-macos.jar;C:\Users\alexi\.gradle\caches\modules-2\files-2.1\org.lwjgl\lwjgl-opengl\3.4.1\35b5550058de4960525f465243bd01805f04fd8b\lwjgl-opengl-3.4.1-natives-macos-arm64.jar;C:\Users\alexi\.gradle\caches\modules-2\files-2.1\org.lwjgl\lwjgl-renderdoc\3.4.1\593ca5cd6367702acb8b17014bb3bc0d29603146\lwjgl-renderdoc-3.4.1.jar;C:\Users\alexi\.gradle\caches\modules-2\files-2.1\org.lwjgl\lwjgl-stb\3.4.1\f077c3dafc31924fbe8acb0b913f08977ba27f8e\lwjgl-stb-3.4.1.jar;C:\Users\alexi\.gradle\caches\modules-2\files-2.1\org.lwjgl\lwjgl-stb\3.4.1\b4e13ece83c228ecf57354639d8555076a989d74\lwjgl-stb-3.4.1-natives-windows.jar;C:\Users\alexi\.gradle\caches\modules-2\files-2.1\org.lwjgl\lwjgl-sdl\3.4.1\ec28db6e949478044c649fea25eae43b1b161971\lwjgl-sdl-3.4.1.jar;C:\Users\alexi\.gradle\caches\modules-2\files-2.1\org.lwjgl\lwjgl-sdl\3.4.1\1da71d0ae8ff2f60a94fdb066c889c195d097607\lwjgl-sdl-3.4.1-natives-linux.jar;C:\Users\alexi\.gradle\caches\modules-2\files-2.1\org.lwjgl\lwjgl-sdl\3.4.1\b6dacfb1f46fe1cefac27b030d75b58f3644d1d3\lwjgl-sdl-3.4.1-natives-windows.jar;C:\Users\alexi\.gradle\caches\modules-2\files-2.1\org.lwjgl\lwjgl-sdl\3.4.1\ac01403f6c3b65666417185661e0ab3db0711769\lwjgl-sdl-3.4.1-natives-macos.jar;C:\Users\alexi\.gradle\caches\modules-2\files-2.1\org.lwjgl\lwjgl-sdl\3.4.1\23fcd784ae6126e49b8db333ef5015a2a58f661c\lwjgl-sdl-3.4.1-natives-macos-arm64.jar;C:\Users\alexi\.gradle\caches\modules-2\files-2.1\org.lwjgl\lwjgl\3.4.1\6105690714874b995aa7812e4f7732a21109276c\lwjgl-3.4.1.jar;C:\Users\alexi\.gradle\caches\modules-2\files-2.1\org.lwjgl\lwjgl\3.4.1\96a217f0428ab73487f114a54179a4f41e851a04\lwjgl-3.4.1-natives-windows.jar;C:\Users\alexi\.gradle\caches\modules-2\files-2.1\org.lwjgl\lwjgl\3.4.1\2734e106bd95db49fe0da8cf8bf7fd96475c436c\lwjgl-3.4.1-natives-linux.jar;C:\Users\alexi\.gradle\caches\modules-2\files-2.1\org.lwjgl\lwjgl\3.4.1\b034fd9a67cb8646c01af7efcefcb93be835542b\lwjgl-3.4.1-natives-macos.jar;C:\Users\alexi\.gradle\caches\modules-2\files-2.1\org.lwjgl\lwjgl\3.4.1\b4cbdef4818abd714ee66985344c0949fd1cd6d6\lwjgl-3.4.1-natives-macos-arm64.jar;C:\Users\alexi\.gradle\caches\modules-2\files-2.1\org.joml\joml\1.10.9\438e036486bad66b189bff385dd07dea4f74a146\joml-1.10.9.jar;C:\Users\alexi\.gradle\caches\modules-2\files-2.1\io.github.spair\imgui-java-binding\1.92.0\f56a0ef3f4c0e8c140264b92ea8bbcb5b581b3b5\imgui-java-binding-1.92.0.jar;C:\Users\alexi\.gradle\caches\modules-2\files-2.1\io.github.spair\imgui-java-natives-windows\1.92.0\eece9b8e1d62081aa6939a723d5349aba0ce174c\imgui-java-natives-windows-1.92.0.jar
Launcher Type: SUN_STANDARD

[Global flags]
     intx CICompilerCount                          = 4                                         {product} {ergonomic}
     uint ConcGCThreads                            = 3                                         {product} {ergonomic}
     uint G1ConcRefinementThreads                  = 10                                        {product} {ergonomic}
   size_t G1HeapRegionSize                         = 2097152                                   {product} {ergonomic}
   size_t InitialHeapSize                          = 264241152                                 {product} {ergonomic}
   size_t MarkStackSize                            = 4194304                                   {product} {ergonomic}
   size_t MarkStackSizeMax                         = 536870912                                 {product} {ergonomic}
   size_t MaxHeapSize                              = 4217372672                                {product} {ergonomic}
   size_t MaxNewSize                               = 2529165312                                {product} {ergonomic}
   size_t MinHeapDeltaBytes                        = 2097152                                   {product} {ergonomic}
   size_t MinHeapSize                              = 8388608                                   {product} {ergonomic}
    uintx NonNMethodCodeHeapSize                   = 5832704                                {pd product} {ergonomic}
    uintx NonProfiledCodeHeapSize                  = 122945536                              {pd product} {ergonomic}
    uintx ProfiledCodeHeapSize                     = 122880000                              {pd product} {ergonomic}
    uintx ReservedCodeCacheSize                    = 251658240                              {pd product} {ergonomic}
     bool SegmentedCodeCache                       = true                                      {product} {ergonomic}
   size_t SoftMaxHeapSize                          = 4217372672                             {manageable} {ergonomic}
     bool UseCompressedOops                        = true                           {product lp64_product} {ergonomic}
     bool UseG1GC                                  = true                                      {product} {ergonomic}
     bool UseLargePagesIndividualAllocation        = false                                  {pd product} {ergonomic}

Logging:
Log output configuration:
 #0: stdout all=warning uptime,level,tags foldmultilines=false
 #1: stderr all=off uptime,level,tags foldmultilines=false

Release file:
IMPLEMENTOR="Oracle Corporation" 
JAVA_RUNTIME_VERSION="25.0.1+8-LTS-27" 
JAVA_VERSION="25.0.1" 
JAVA_VERSION_DATE="2025-10-21" 
LIBC="default" 
MODULES="java.base java.compiler java.datatransfer java.xml java.prefs java.desktop java.instrument java.logging java.management java.security.sasl java.naming java.rmi java.management.rmi java.net.http java.scripting java.security.jgss java.transaction.xa java.sql java.sql.rowset java.xml.crypto java.se java.smartcardio jdk.accessibility jdk.internal.jvmstat jdk.attach jdk.charsets jdk.internal.opt jdk.zipfs jdk.compiler jdk.crypto.cryptoki jdk.crypto.ec jdk.crypto.mscapi jdk.dynalink jdk.internal.ed jdk.editpad jdk.internal.vm.ci jdk.graal.compiler jdk.graal.compiler.management jdk.hotspot.agent jdk.httpserver jdk.incubator.vector jdk.internal.le jdk.internal.md jdk.jartool jdk.javadoc jdk.jcmd jdk.management jdk.management.agent jdk.jconsole jdk.jdeps jdk.jdwp.agent jdk.jdi jdk.jfr jdk.jlink jdk.jpackage jdk.jshell jdk.jsobject jdk.jstatd jdk.localedata jdk.management.jfr jdk.naming.dns jdk.naming.rmi jdk.net jdk.nio.mapmode jdk.sctp jdk.security.auth jdk.security.jgss jdk.unsupported jdk.unsupported.desktop jdk.xml.dom" 
OS_ARCH="x86_64" 
OS_NAME="Windows" 
SOURCE=".:git:862c85bc42b7 open:git:78770bfaefd2" 

Environment Variables:
JAVA_HOME=C:\Program Files\Java\jdk-21.0.10
PATH=C:\Program Files\Eclipse Adoptium\jdk-8.0.482.8-hotspot\bin;C:\Windows\system32;C:\Windows;C:\Windows\System32\Wbem;C:\Windows\System32\WindowsPowerShell\v1.0\;C:\Windows\System32\OpenSSH\;C:\Program Files (x86)\NVIDIA Corporation\PhysX\Common;C:\Program Files\NVIDIA Corporation\NVIDIA App\NvDLISR;C:\Program Files\CMake\bin;C:\Program Files\Java\jdk-21.0.10\bin;C:\Program Files\Git\cmd;C:\Program Files (x86)\Microsoft ASP.NET\ASP.NET Web Pages\v1.0\;C:\Program Files\Microsoft SQL Server\110\Tools\Binn\;C:\Program Files (x86)\Windows Kits\10\Windows Performance Toolkit\;C:\Program Files\dotnet\;C:\Program Files\RenderDoc;C:\Users\alexi\AppData\Local\Programs\Eclipse Adoptium\jdk-17.0.17.10-hotspot\bin;C:\Users\alexi\AppData\Local\Microsoft\WindowsApps;C:\Program Files\RenderDoc;
USERNAME=alexi
OS=Windows_NT
PROCESSOR_IDENTIFIER=Intel64 Family 6 Model 186 Stepping 2, GenuineIntel
TMP=C:\Users\alexi\AppData\Local\Temp
TEMP=C:\Users\alexi\AppData\Local\Temp




Compilation memory statistics disabled.

Periodic native trim disabled

---------------  S Y S T E M  ---------------

OS:
 Windows 11 , 64 bit Build 26100 (10.0.26100.8521)
OS uptime: 3 days 0:29 hours
Hyper-V role detected

CPU: total 12 (initial active 12) (6 cores per cpu, 2 threads per core) family 6 model 186 stepping 2 microcode 0x4123, cx8, cmov, fxsr, ht, mmx, 3dnowpref, sse, sse2, sse3, ssse3, sse4.1, sse4.2, popcnt, lzcnt, tsc, tscinvbit, avx, avx2, aes, erms, clmul, bmi1, bmi2, adx, sha, fma, vzeroupper, clflush, clflushopt, clwb, hv, serialize, rdtscp, rdpid, fsrm, gfni, f16c, cet_ibt, cet_ss
Processor Information for processor 0
  Max Mhz: 2100, Current Mhz: 2100, Mhz Limit: 2100
Processor Information for processor 1
  Max Mhz: 2100, Current Mhz: 2100, Mhz Limit: 2100
Processor Information for processor 2
  Max Mhz: 2100, Current Mhz: 2100, Mhz Limit: 2100
Processor Information for processor 3
  Max Mhz: 2100, Current Mhz: 2100, Mhz Limit: 2100
Processor Information for processor 4
  Max Mhz: 2100, Current Mhz: 2100, Mhz Limit: 2100
Processor Information for processor 5
  Max Mhz: 2100, Current Mhz: 2100, Mhz Limit: 2100
Processor Information for processor 6
  Max Mhz: 2100, Current Mhz: 2100, Mhz Limit: 2100
Processor Information for processor 7
  Max Mhz: 2100, Current Mhz: 2100, Mhz Limit: 2100
Processor Information for processor 8
  Max Mhz: 2100, Current Mhz: 1500, Mhz Limit: 1491
Processor Information for processor 9
  Max Mhz: 2100, Current Mhz: 1500, Mhz Limit: 1491
Processor Information for processor 10
  Max Mhz: 2100, Current Mhz: 1500, Mhz Limit: 1491
Processor Information for processor 11
  Max Mhz: 2100, Current Mhz: 1500, Mhz Limit: 1491

Memory: 4k page, system-wide physical 16087M (4631M free)
TotalPageFile size 17239M (AvailPageFile size 3428M)
current process WorkingSet (physical memory assigned to process): 166M, peak: 166M
current process commit charge ("private bytes"): 449M, peak: 462M

vm_info: Java HotSpot(TM) 64-Bit Server VM (25.0.1+8-LTS-27) for windows-amd64 JRE (25.0.1+8-LTS-27), built on 2025-09-25T16:41:16Z with unknown MS VC++:1943

END.
