#
# A fatal error has been detected by the Java Runtime Environment:
#
#  EXCEPTION_ACCESS_VIOLATION (0xc0000005) at pc=0x00007ff8a07b8adb, pid=8936, tid=14088
#
# JRE version: Java(TM) SE Runtime Environment (25.0.1+8) (build 25.0.1+8-LTS-27)
# Java VM: Java HotSpot(TM) 64-Bit Server VM (25.0.1+8-LTS-27, mixed mode, sharing, tiered, compressed oops, compressed class ptrs, g1 gc, windows-amd64)
# Problematic frame:
# C  [freetype.dll+0x8adb]
#
# No core dump will be written. Minidumps are not enabled by default on client versions of Windows
#
# If you would like to submit a bug report, please visit:
#   https://bugreport.java.com/bugreport/crash.jsp
# The crash happened outside the Java Virtual Machine in native code.
# See problematic frame for where to report the bug.
#

---------------  S U M M A R Y ------------

Command Line: -Dfile.encoding=UTF-8 -Duser.country=GB -Duser.language=en -Duser.variant com.servilious.projmtn.Game -enableDevMode

Host: 13th Gen Intel(R) Core(TM) i5-13420H, 12 cores, 15G,  Windows 11 , 64 bit Build 26100 (10.0.26100.8521)
Time: Wed Jul  1 15:02:07 2026 GMT Summer Time elapsed time: 0.747545 seconds (0d 0h 0m 0s)

---------------  T H R E A D  ---------------

Current thread (0x00000266f382b780):  JavaThread "main"             [_thread_in_native, id=14088, stack(0x000000d6b1200000,0x000000d6b1300000) (1024K)]

Stack: [0x000000d6b1200000,0x000000d6b1300000],  sp=0x000000d6b12fefd0,  free space=1019k
Native frames: (J=compiled Java code, j=interpreted, Vv=VM code, C=native code)
C  [freetype.dll+0x8adb]  (no source info available)
C  0x00000266877d8424  (no source info available)

The last pc belongs to nep_invoker_blob (printed below).
Java frames: (J=compiled Java code, j=interpreted, Vv=VM code)
v  ~RuntimeStub::nep_invoker_blob 0x00000266877d83e8
j  java.lang.invoke.LambdaForm$MH+0x000000003c11a000.invoke(Ljava/lang/Object;JJII)I+14 java.base@25.0.1
j  java.lang.invoke.LambdaForm$MH+0x000000003c11d000.invokeExact_MT(Ljava/lang/Object;JJIILjava/lang/Object;)I+25 java.base@25.0.1
j  jdk.internal.foreign.abi.DowncallStub+0x000000003c11a400.invoke(Ljava/lang/foreign/SegmentAllocator;Ljava/lang/foreign/MemorySegment;JII)I+58 java.base@25.0.1
j  java.lang.invoke.LambdaForm$DMH+0x000000003c11ac00.invokeStaticInit(Ljava/lang/Object;Ljava/lang/Object;Ljava/lang/Object;JII)I+18 java.base@25.0.1
j  java.lang.invoke.LambdaForm$MH+0x000000003c11c000.invoke(Ljava/lang/Object;Ljava/lang/Object;JII)I+45 java.base@25.0.1
j  java.lang.invoke.LambdaForm$MH+0x000000003c11c800.invokeExact_MT(Ljava/lang/Object;Ljava/lang/Object;JIILjava/lang/Object;)I+25 java.base@25.0.1
j  org.lwjgl.system.JNIBindingsImpl+0x000000003c070000.invokePI(Ljava/lang/foreign/MemorySegment;JII)I+9
j  org.lwjgl.system.JNI.invokePI(JIIJ)I+11
j  org.lwjgl.util.freetype.FreeType.nFT_Set_Pixel_Sizes(JII)I+10
j  org.lwjgl.util.freetype.FreeType.FT_Set_Pixel_Sizes(Lorg/lwjgl/util/freetype/FT_Face;II)I+6
j  com.servilious.projmtn.Game.main([Ljava/lang/String;)V+232
v  ~StubRoutines::call_stub 0x00000266875312ed

siginfo: EXCEPTION_ACCESS_VIOLATION (0xc0000005), reading address 0x0000000000000081


Registers:
RAX=0x0000000000000c00, RBX=0x0000026696371df8, RCX=0x000000000000ffff, RDX=0x0000000000000c00
RSP=0x000000d6b12fefd0, RBP=0x000000d6b12ff040, RSI=0x0000000711d25020, RDI=0x0000000000000030
R8 =0x0000000000000000, R9 =0x0000000000000001, R10=0x00007ff8a07b8a60, R11=0x0000026687b85d80
R12=0x0000000000000000, R13=0x000000d6b12ff058, R14=0x000000d6b12ff120, R15=0x00000266f382b780
RIP=0x00007ff8a07b8adb, EFLAGS=0x0000000000010202

XMM[0]=0x3b3b3b3b3b3b3b3b 0x3b3b3b3b3b3b3b3b
XMM[1]=0x0000000000000000 0x0000000000000000
XMM[2]=0x2525252525252525 0x2525252525252525
XMM[3]=0x6d6f43246d726f46 0x6164626d614c2f65
XMM[4]=0x61746f6e6e612f6d 0x762f6c616e726574
XMM[5]=0x78302b484d246d72 0x6f466164626d614c
XMM[6]=0x0000000000000000 0x9f1b22ef50a84614
XMM[7]=0x0000000000000000 0x91ff0dc6f74dde34
XMM[8]=0x0000000000000000 0x8e8662f20aa274b1
XMM[9]=0x0000000000000000 0xba829b1add31c85e
XMM[10]=0x0000000000000000 0x0000000022af2d44
XMM[11]=0x0000000000000000 0x11072ae0ee38f33e
XMM[12]=0x0000000000000000 0x00000000dd31c85e
XMM[13]=0x0000000000000000 0x0000000000000000
XMM[14]=0x0000000000000000 0x0000000000000000
XMM[15]=0x0000000000000000 0x0000000000000000
  MXCSR=0x00001fa0


Register to memory mapping:

RAX=0x0000000000000c00 is an unknown value
RBX={method} {0x0000026696371e00} 'linkToNative' '(JJIILjava/lang/Object;)I' in 'java/lang/invoke/MethodHandle'
RCX=0x000000000000ffff is an unknown value
RDX=0x0000000000000c00 is an unknown value
RSP=0x000000d6b12fefd0 is pointing into the stack for thread: 0x00000266f382b780
RBP=0x000000d6b12ff040 is pointing into the stack for thread: 0x00000266f382b780
RSI=0x0000000711d25020 is an oop: jdk.internal.foreign.abi.NativeEntryPoint 
{0x0000000711d25020} - klass: 'jdk/internal/foreign/abi/NativeEntryPoint' - flags: 

 - ---- fields (total size 3 words):
 - private final 'methodType' 'Ljava/lang/invoke/MethodType;' @12  a 'java/lang/invoke/MethodType'{0x0000000711d24628} = (JJII)I (0xe23a48c5)
 - private final 'downcallStubAddress' 'J' @16  2639383069664 (0x00000266877d83e0)
RDI=0x0000000000000030 is an unknown value
R8 =0x0 is null
R9 =0x0000000000000001 is an unknown value
R10=0x00007ff8a07b8a60 freetype.dll
R11=0x0000026687b85d80 is at entry_point+0 in (nmethod*)0x0000026687b85c88
Compiled method (n/a) 796 2364     n 0       java.lang.invoke.MethodHandle::linkToNative(JJIIL)I (native)
 total in heap  [0x0000026687b85c88,0x0000026687b85d88] = 256
 main code      [0x0000026687b85d80,0x0000026687b85d87] = 7
 stub code      [0x0000026687b85d87,0x0000026687b85d88] = 1
R12=0x0 is null
R13=0x000000d6b12ff058 is pointing into the stack for thread: 0x00000266f382b780
R14=0x000000d6b12ff120 is pointing into the stack for thread: 0x00000266f382b780
R15=0x00000266f382b780 is a thread

Top of Stack: (sp=0x000000d6b12fefd0)
0x000000d6b12fefd0:   0000000000000000 000002668754da39   ........9.T.f...
0x000000d6b12fefe0:   00000000000000f8 00007ff8a220a975   ........u. .....
0x000000d6b12feff0:   00000c0000000000 0000000000000c00   ................
0x000000d6b12ff000:   0000000000000000 00006acfb87c3b98   .........;|..j..
0x000000d6b12ff010:   000000d6b12ff120 00000266877d8424    ./.....$.}.f...
0x000000d6b12ff020:   000000d6b12ff0d8 0000026687549631   ../.....1.T.f...
0x000000d6b12ff030:   0000000000000001 fffffffe00000000   ................
0x000000d6b12ff040:   000000d6b12ff0d8 0000026687538c60   ../.....`.S.f...
0x000000d6b12ff050:   0000026687538c60 0000000711d25020   `.S.f... P......
0x000000d6b12ff060:   0000000000000030 0000000000000000   0...............
0x000000d6b12ff070:   0000000000000001 0000000000000000   ................
0x000000d6b12ff080:   00007ff8a07b8a60 0000000000000000   `.{.............
0x000000d6b12ff090:   fffffffffffffff7 0000026696942a56   ........V*..f...
0x000000d6b12ff0a0:   0000000000000009 0000026696942c00   .........,..f...
0x000000d6b12ff0b0:   0000000000000000 0000000711d2ca90   ................
0x000000d6b12ff0c0:   0000026696942a68 fffffffffffffff0   h*..f...........
0x000000d6b12ff0d0:   000000d6b12ff0f0 000000d6b12ff170   ../.....p./.....
0x000000d6b12ff0e0:   0000026687538c60 0000000711d25020   `.S.f... P......
0x000000d6b12ff0f0:   0000000000000030 0000000000000000   0...............
0x000000d6b12ff100:   0000000000000001 0000000000000000   ................
0x000000d6b12ff110:   00007ff8a07b8a60 0000000000000000   `.{.............
0x000000d6b12ff120:   0000000711d2cbc0 fffffffffffffff7   ................
0x000000d6b12ff130:   0000026696948aa1 0000000000000009   ....f...........
0x000000d6b12ff140:   0000026696948c60 0000000000000000   `...f...........
0x000000d6b12ff150:   0000000711d8ffd0 0000026696948ab0   ............f...
0x000000d6b12ff160:   fffffffffffffff0 000000d6b12ff180   ........../.....
0x000000d6b12ff170:   000000d6b12ff208 0000026687538c60   ../.....`.S.f...
0x000000d6b12ff180:   0000000711d24628 0000000000000030   (F......0.......
0x000000d6b12ff190:   0000000000000000 0000000000000001   ................
0x000000d6b12ff1a0:   0000000000000000 00007ff8a07b8a60   ........`.{.....
0x000000d6b12ff1b0:   0000000000000000 0000000711d2cbc0   ................
0x000000d6b12ff1c0:   fffffffffffffff7 00000266969433aa   .........3..f...

Instructions: (pc=0x00007ff8a07b8adb)
  0x00007ff8a07b89db:   d0 48 85 c0 74 3b 48 8b 00 48 8d 54 24 30 48 8b
  0x00007ff8a07b89eb:   cf ff d0 85 c0 75 2a 83 7c 24 34 0e 75 23 48 83
  0x00007ff8a07b89fb:   c3 08 48 3b de 72 b0 b8 06 00 00 00 48 8b 74 24
  0x00007ff8a07b8a0b:   40 48 8b 5c 24 38 48 8b 6c 24 48 48 83 c4 20 5f
  0x00007ff8a07b8a1b:   c3 48 8b 03 48 89 85 88 00 00 00 33 c0 eb dd 48
  0x00007ff8a07b8a2b:   8b 5c 24 38 b8 26 00 00 00 48 8b 6c 24 48 48 83
  0x00007ff8a07b8a3b:   c4 20 5f c3 cc 48 85 c9 74 14 4d 85 c0 74 0f 83
  0x00007ff8a07b8a4b:   fa 04 73 0a 8b c2 4c 89 84 c1 38 01 00 00 c3 cc
  0x00007ff8a07b8a5b:   cc cc cc cc cc 48 83 ec 48 48 8b 05 15 0b 20 00
  0x00007ff8a07b8a6b:   48 33 c4 48 89 44 24 38 41 8b c0 4c 8b c9 85 d2
  0x00007ff8a07b8a7b:   75 04 8b d0 eb 05 85 c0 0f 44 c2 b9 01 00 00 00
  0x00007ff8a07b8a8b:   3b d1 0f 42 d1 3b c1 0f 42 c1 b9 ff ff 00 00 3b
  0x00007ff8a07b8a9b:   d1 0f 43 d1 3b c1 0f 43 c1 45 33 c0 c1 e0 06 c1
  0x00007ff8a07b8aab:   e2 06 44 89 44 24 20 89 54 24 24 89 44 24 28 4c
  0x00007ff8a07b8abb:   89 44 24 2c 4d 85 c9 75 17 b8 23 00 00 00 48 8b
  0x00007ff8a07b8acb:   4c 24 38 48 33 cc e8 da 31 17 00 48 83 c4 48 c3
=>0x00007ff8a07b8adb:   49 8b 89 80 00 00 00 48 85 c9 75 17 b8 24 00 00
  0x00007ff8a07b8aeb:   00 48 8b 4c 24 38 48 33 cc e8 b7 31 17 00 48 83
  0x00007ff8a07b8afb:   c4 48 c3 85 d2 0f 88 83 01 00 00 85 c0 0f 88 7b
  0x00007ff8a07b8b0b:   01 00 00 48 8b 41 38 44 89 40 10 49 8b 81 90 00
  0x00007ff8a07b8b1b:   00 00 48 8b 48 18 48 8b 81 98 00 00 00 48 85 c0
  0x00007ff8a07b8b2b:   74 20 49 8b 89 80 00 00 00 48 8d 54 24 20 ff d0
  0x00007ff8a07b8b3b:   48 8b 4c 24 38 48 33 cc e8 68 31 17 00 48 83 c4
  0x00007ff8a07b8b4b:   48 c3 41 8b 41 08 a8 01 0f 85 11 01 00 00 a8 02
  0x00007ff8a07b8b5b:   0f 84 09 01 00 00 44 39 44 24 20 74 17 b8 07 00
  0x00007ff8a07b8b6b:   00 00 48 8b 4c 24 38 48 33 cc e8 36 31 17 00 48
  0x00007ff8a07b8b7b:   83 c4 48 c3 8b 4c 24 2c 44 8b 5c 24 24 85 c9 74
  0x00007ff8a07b8b8b:   1c 41 0f af cb b8 39 8e e3 38 83 c1 24 f7 e9 8b
  0x00007ff8a07b8b9b:   ca c1 f9 04 8b c1 c1 e8 1f 03 c8 eb 03 41 8b cb
  0x00007ff8a07b8bab:   8b 54 24 30 44 8b 54 24 28 85 d2 74 1a 41 0f af
  0x00007ff8a07b8bbb:   d2 b8 39 8e e3 38 83 c2 24 f7 ea c1 fa 04 8b c2
  0x00007ff8a07b8bcb:   c1 e8 1f 03 d0 eb 03 41 8b d2 45 85 db 74 09 45


Stack slot to memory mapping:

stack at sp + 0 slots: 0x0 is null
stack at sp + 1 slots: 0x000002668754da39 is at code_begin+89 in an Interpreter codelet
invokehandle  233 invokehandle  [0x000002668754d9e0, 0x000002668754dcc0]  736 bytes
stack at sp + 2 slots: 0x00000000000000f8 is an unknown value
stack at sp + 3 slots: 0x00007ff8a220a975 jvm.dll
stack at sp + 4 slots: 0x00000c0000000000 is an unknown value
stack at sp + 5 slots: 0x0000000000000c00 is an unknown value
stack at sp + 6 slots: 0x0 is null
stack at sp + 7 slots: 0x00006acfb87c3b98 is an unknown value

Lock stack of current Java thread (top to bottom):

--------------------------------------------------------------------------------
Decoding CodeBlob, name: nep_invoker_blob, at  [0x00000266877d83e0, 0x00000266877d84e8]  264 bytes
[MachCode]
  0x00000266877d83e0: 5548 8bec | 4883 ec20 | c5f8 7749 | 89af 3804 | 0000 49ba | e883 7d87 | 6602 0000 | 4d89 9730 
  0x00000266877d8400: 0400 0049 | 89a7 2804 | 0000 41c7 | 87d4 0400 | 0004 0000 | 004c 8bd2 | 498b d149 | 8bc8 4c8b 
  0x00000266877d8420: c741 ffd2 | c5f8 7741 | c787 d404 | 0000 0500 | 0000 f083 | 4424 c000 | 493b 6f28 | 0f87 4d00 
  0x00000266877d8440: 0000 4183 | bfd0 0400 | 0000 0f85 | 3f00 0000 | 41c7 87d4 | 0400 0008 | 0000 0041 | 83bf 5005 
  0x00000266877d8460: 0000 020f | 8453 0000 | 0049 c787 | 2804 0000 | 0000 0000 | 49c7 8738 | 0400 0000 | 0000 0049 
  0x00000266877d8480: c787 3004 | 0000 0000 | 0000 c5f8 | 77c9 c348 | 8904 2449 | 8bcf c5f8 | 774c 8be4 | 4883 ec20 
  0x00000266877d84a0: 4883 e4f0 | 48b8 a0ac | f4a1 f87f | 0000 ffd0 | 498b e44d | 33e4 488b | 0424 eb94 | 4889 0424 
  0x00000266877d84c0: c5f8 774c | 8be4 4883 | ec20 4883 | e4f0 48b8 | 10f7 2da2 | f87f 0000 | ffd0 498b | e44d 33e4 
  0x00000266877d84e0: 488b 0424 | eb83 f4f4 
[/MachCode]
--------------------------------------------------------------------------------


---------------  P R O C E S S  ---------------

Threads class SMR info:
_java_thread_list=0x000002669a974b10, length=13, elements={
0x00000266f382b780, 0x00000266ffc7a3f0, 0x00000266ffc7ae50, 0x00000266ffc7bf10,
0x00000266ffc7dd60, 0x00000266ffc7eba0, 0x00000266ffc86f20, 0x00000266ffc8fa20,
0x0000026695671910, 0x000002669573f6b0, 0x000002669574d5c0, 0x0000026695671100,
0x00000266956769b0
}

Java Threads: ( => current thread )
=>0x00000266f382b780 JavaThread "main"                              [_thread_in_native, id=14088, stack(0x000000d6b1200000,0x000000d6b1300000) (1024K)]
  0x00000266ffc7a3f0 JavaThread "Reference Handler"          daemon [_thread_blocked, id=23604, stack(0x000000d6b1a00000,0x000000d6b1b00000) (1024K)]
  0x00000266ffc7ae50 JavaThread "Finalizer"                  daemon [_thread_blocked, id=12364, stack(0x000000d6b1b00000,0x000000d6b1c00000) (1024K)]
  0x00000266ffc7bf10 JavaThread "Signal Dispatcher"          daemon [_thread_blocked, id=22956, stack(0x000000d6b1c00000,0x000000d6b1d00000) (1024K)]
  0x00000266ffc7dd60 JavaThread "Attach Listener"            daemon [_thread_blocked, id=21972, stack(0x000000d6b1d00000,0x000000d6b1e00000) (1024K)]
  0x00000266ffc7eba0 JavaThread "Service Thread"             daemon [_thread_blocked, id=13280, stack(0x000000d6b1e00000,0x000000d6b1f00000) (1024K)]
  0x00000266ffc86f20 JavaThread "Monitor Deflation Thread"   daemon [_thread_blocked, id=10660, stack(0x000000d6b1f00000,0x000000d6b2000000) (1024K)]
  0x00000266ffc8fa20 JavaThread "C2 CompilerThread0"         daemon [_thread_blocked, id=8280, stack(0x000000d6b2000000,0x000000d6b2100000) (1024K)]
  0x0000026695671910 JavaThread "C1 CompilerThread0"         daemon [_thread_blocked, id=19296, stack(0x000000d6b2100000,0x000000d6b2200000) (1024K)]
  0x000002669573f6b0 JavaThread "Notification Thread"        daemon [_thread_blocked, id=13988, stack(0x000000d6b2200000,0x000000d6b2300000) (1024K)]
  0x000002669574d5c0 JavaThread "Common-Cleaner"             daemon [_thread_blocked, id=2440, stack(0x000000d6b2300000,0x000000d6b2400000) (1024K)]
  0x0000026695671100 JavaThread "C2 CompilerThread1"         daemon [_thread_blocked, id=20752, stack(0x000000d6b2400000,0x000000d6b2500000) (1024K)]
  0x00000266956769b0 JavaThread "C2 CompilerThread2"         daemon [_thread_blocked, id=22036, stack(0x000000d6b2500000,0x000000d6b2600000) (1024K)]
Total: 13

Other Threads:
  0x00000266ffc67940 VMThread "VM Thread"                           [id=8156, stack(0x000000d6b1900000,0x000000d6b1a00000) (1024K)]
  0x00000266ffc59080 WatcherThread "VM Periodic Task Thread"        [id=18008, stack(0x000000d6b1800000,0x000000d6b1900000) (1024K)]
  0x00000266f5d902d0 WorkerThread "GC Thread#0"                     [id=2264, stack(0x000000d6b1300000,0x000000d6b1400000) (1024K)]
  0x00000266f5da6cc0 ConcurrentGCThread "G1 Main Marker"            [id=22276, stack(0x000000d6b1400000,0x000000d6b1500000) (1024K)]
  0x00000266f5da7860 WorkerThread "G1 Conc#0"                       [id=20932, stack(0x000000d6b1500000,0x000000d6b1600000) (1024K)]
  0x00000266f5dde700 ConcurrentGCThread "G1 Refine#0"               [id=2888, stack(0x000000d6b1600000,0x000000d6b1700000) (1024K)]
  0x00000266ffb251a0 ConcurrentGCThread "G1 Service"                [id=22424, stack(0x000000d6b1700000,0x000000d6b1800000) (1024K)]
Total: 7

Threads with active compile tasks:
Total: 0

VM state: not at safepoint (normal execution)

VM Mutex/Monitor currently owned by a thread: None

Heap address: 0x0000000704a00000, size: 4022 MB, Compressed Oops mode: Zero based, Oop shift amount: 3

CDS archive(s) mapped at: [0x000000003b000000-0x000000003bdd0000-0x000000003bdd0000), size 14483456, SharedBaseAddress: 0x000000003b000000, ArchiveRelocationMode: 1.
Compressed class space mapped at: 0x000000003c000000-0x000000007c000000, reserved size: 1073741824
UseCompressedClassPointers 1, UseCompactObjectHeaders 0
Narrow klass pointer bits 32, Max shift 3
Narrow klass base: 0x000000003b000000, Narrow klass shift: 0
Encoding Range: [0x000000003b000000 - 0x000000013b000000), (4294967296 bytes)
Klass Range:    [0x000000003b010000 - 0x000000007c000000), (1090453504 bytes)
Klass ID Range:  [65536 - 1090519033) (1090453497)
Protection zone: [0x000000003b000000 - 0x000000003b010000), (65536 bytes)

GC Precious Log:
 CardTable entry size: 512
 Card Set container configuration: InlinePtr #cards 4 size 8 Array Of Cards #cards 16 size 48 Howl #buckets 8 coarsen threshold 3686 Howl Bitmap #cards 512 size 80 coarsen threshold 460 Card regions per heap region 1 cards per card region 4096
 CPUs: 12 total, 12 available
 Memory: 16087M
 Large Page Support: Disabled
 NUMA Support: Disabled
 Compressed Oops: Enabled (Zero based)
 Heap Region Size: 2M
 Heap Min Capacity: 8M
 Heap Initial Capacity: 252M
 Heap Max Capacity: 4022M
 Pre-touch: Disabled
 Parallel Workers: 10
 Concurrent Workers: 3
 Concurrent Refinement Workers: 10
 Periodic GC: Disabled

Heap:
 garbage-first heap   total reserved 4118528K, committed 260096K, used 42133K [0x0000000704a00000, 0x0000000800000000)
  region size 2048K, 21 young (43008K), 0 survivors (0K)

Heap Regions: E=young(eden), S=young(survivor), O=old, HS=humongous(starts), HC=humongous(continues), CS=collection set, F=free, TAMS=top-at-mark-start, PB=parsable bottom
|   0|0x0000000704a00000, 0x0000000704a00000, 0x0000000704c00000|  0%| F|  |TAMS 0x0000000704a00000| PB 0x0000000704a00000| Untracked |  0
|   1|0x0000000704c00000, 0x0000000704c00000, 0x0000000704e00000|  0%| F|  |TAMS 0x0000000704c00000| PB 0x0000000704c00000| Untracked |  0
|   2|0x0000000704e00000, 0x0000000704e00000, 0x0000000705000000|  0%| F|  |TAMS 0x0000000704e00000| PB 0x0000000704e00000| Untracked |  0
|   3|0x0000000705000000, 0x0000000705000000, 0x0000000705200000|  0%| F|  |TAMS 0x0000000705000000| PB 0x0000000705000000| Untracked |  0
|   4|0x0000000705200000, 0x0000000705200000, 0x0000000705400000|  0%| F|  |TAMS 0x0000000705200000| PB 0x0000000705200000| Untracked |  0
|   5|0x0000000705400000, 0x0000000705400000, 0x0000000705600000|  0%| F|  |TAMS 0x0000000705400000| PB 0x0000000705400000| Untracked |  0
|   6|0x0000000705600000, 0x0000000705600000, 0x0000000705800000|  0%| F|  |TAMS 0x0000000705600000| PB 0x0000000705600000| Untracked |  0
|   7|0x0000000705800000, 0x0000000705800000, 0x0000000705a00000|  0%| F|  |TAMS 0x0000000705800000| PB 0x0000000705800000| Untracked |  0
|   8|0x0000000705a00000, 0x0000000705a00000, 0x0000000705c00000|  0%| F|  |TAMS 0x0000000705a00000| PB 0x0000000705a00000| Untracked |  0
|   9|0x0000000705c00000, 0x0000000705c00000, 0x0000000705e00000|  0%| F|  |TAMS 0x0000000705c00000| PB 0x0000000705c00000| Untracked |  0
|  10|0x0000000705e00000, 0x0000000705e00000, 0x0000000706000000|  0%| F|  |TAMS 0x0000000705e00000| PB 0x0000000705e00000| Untracked |  0
|  11|0x0000000706000000, 0x0000000706000000, 0x0000000706200000|  0%| F|  |TAMS 0x0000000706000000| PB 0x0000000706000000| Untracked |  0
|  12|0x0000000706200000, 0x0000000706200000, 0x0000000706400000|  0%| F|  |TAMS 0x0000000706200000| PB 0x0000000706200000| Untracked |  0
|  13|0x0000000706400000, 0x0000000706400000, 0x0000000706600000|  0%| F|  |TAMS 0x0000000706400000| PB 0x0000000706400000| Untracked |  0
|  14|0x0000000706600000, 0x0000000706600000, 0x0000000706800000|  0%| F|  |TAMS 0x0000000706600000| PB 0x0000000706600000| Untracked |  0
|  15|0x0000000706800000, 0x0000000706800000, 0x0000000706a00000|  0%| F|  |TAMS 0x0000000706800000| PB 0x0000000706800000| Untracked |  0
|  16|0x0000000706a00000, 0x0000000706a00000, 0x0000000706c00000|  0%| F|  |TAMS 0x0000000706a00000| PB 0x0000000706a00000| Untracked |  0
|  17|0x0000000706c00000, 0x0000000706c00000, 0x0000000706e00000|  0%| F|  |TAMS 0x0000000706c00000| PB 0x0000000706c00000| Untracked |  0
|  18|0x0000000706e00000, 0x0000000706e00000, 0x0000000707000000|  0%| F|  |TAMS 0x0000000706e00000| PB 0x0000000706e00000| Untracked |  0
|  19|0x0000000707000000, 0x0000000707000000, 0x0000000707200000|  0%| F|  |TAMS 0x0000000707000000| PB 0x0000000707000000| Untracked |  0
|  20|0x0000000707200000, 0x0000000707200000, 0x0000000707400000|  0%| F|  |TAMS 0x0000000707200000| PB 0x0000000707200000| Untracked |  0
|  21|0x0000000707400000, 0x0000000707400000, 0x0000000707600000|  0%| F|  |TAMS 0x0000000707400000| PB 0x0000000707400000| Untracked |  0
|  22|0x0000000707600000, 0x0000000707600000, 0x0000000707800000|  0%| F|  |TAMS 0x0000000707600000| PB 0x0000000707600000| Untracked |  0
|  23|0x0000000707800000, 0x0000000707800000, 0x0000000707a00000|  0%| F|  |TAMS 0x0000000707800000| PB 0x0000000707800000| Untracked |  0
|  24|0x0000000707a00000, 0x0000000707a00000, 0x0000000707c00000|  0%| F|  |TAMS 0x0000000707a00000| PB 0x0000000707a00000| Untracked |  0
|  25|0x0000000707c00000, 0x0000000707c00000, 0x0000000707e00000|  0%| F|  |TAMS 0x0000000707c00000| PB 0x0000000707c00000| Untracked |  0
|  26|0x0000000707e00000, 0x0000000707e00000, 0x0000000708000000|  0%| F|  |TAMS 0x0000000707e00000| PB 0x0000000707e00000| Untracked |  0
|  27|0x0000000708000000, 0x0000000708000000, 0x0000000708200000|  0%| F|  |TAMS 0x0000000708000000| PB 0x0000000708000000| Untracked |  0
|  28|0x0000000708200000, 0x0000000708200000, 0x0000000708400000|  0%| F|  |TAMS 0x0000000708200000| PB 0x0000000708200000| Untracked |  0
|  29|0x0000000708400000, 0x0000000708400000, 0x0000000708600000|  0%| F|  |TAMS 0x0000000708400000| PB 0x0000000708400000| Untracked |  0
|  30|0x0000000708600000, 0x0000000708600000, 0x0000000708800000|  0%| F|  |TAMS 0x0000000708600000| PB 0x0000000708600000| Untracked |  0
|  31|0x0000000708800000, 0x0000000708800000, 0x0000000708a00000|  0%| F|  |TAMS 0x0000000708800000| PB 0x0000000708800000| Untracked |  0
|  32|0x0000000708a00000, 0x0000000708a00000, 0x0000000708c00000|  0%| F|  |TAMS 0x0000000708a00000| PB 0x0000000708a00000| Untracked |  0
|  33|0x0000000708c00000, 0x0000000708c00000, 0x0000000708e00000|  0%| F|  |TAMS 0x0000000708c00000| PB 0x0000000708c00000| Untracked |  0
|  34|0x0000000708e00000, 0x0000000708e00000, 0x0000000709000000|  0%| F|  |TAMS 0x0000000708e00000| PB 0x0000000708e00000| Untracked |  0
|  35|0x0000000709000000, 0x0000000709000000, 0x0000000709200000|  0%| F|  |TAMS 0x0000000709000000| PB 0x0000000709000000| Untracked |  0
|  36|0x0000000709200000, 0x0000000709200000, 0x0000000709400000|  0%| F|  |TAMS 0x0000000709200000| PB 0x0000000709200000| Untracked |  0
|  37|0x0000000709400000, 0x0000000709400000, 0x0000000709600000|  0%| F|  |TAMS 0x0000000709400000| PB 0x0000000709400000| Untracked |  0
|  38|0x0000000709600000, 0x0000000709600000, 0x0000000709800000|  0%| F|  |TAMS 0x0000000709600000| PB 0x0000000709600000| Untracked |  0
|  39|0x0000000709800000, 0x0000000709800000, 0x0000000709a00000|  0%| F|  |TAMS 0x0000000709800000| PB 0x0000000709800000| Untracked |  0
|  40|0x0000000709a00000, 0x0000000709a00000, 0x0000000709c00000|  0%| F|  |TAMS 0x0000000709a00000| PB 0x0000000709a00000| Untracked |  0
|  41|0x0000000709c00000, 0x0000000709c00000, 0x0000000709e00000|  0%| F|  |TAMS 0x0000000709c00000| PB 0x0000000709c00000| Untracked |  0
|  42|0x0000000709e00000, 0x0000000709e00000, 0x000000070a000000|  0%| F|  |TAMS 0x0000000709e00000| PB 0x0000000709e00000| Untracked |  0
|  43|0x000000070a000000, 0x000000070a000000, 0x000000070a200000|  0%| F|  |TAMS 0x000000070a000000| PB 0x000000070a000000| Untracked |  0
|  44|0x000000070a200000, 0x000000070a200000, 0x000000070a400000|  0%| F|  |TAMS 0x000000070a200000| PB 0x000000070a200000| Untracked |  0
|  45|0x000000070a400000, 0x000000070a400000, 0x000000070a600000|  0%| F|  |TAMS 0x000000070a400000| PB 0x000000070a400000| Untracked |  0
|  46|0x000000070a600000, 0x000000070a600000, 0x000000070a800000|  0%| F|  |TAMS 0x000000070a600000| PB 0x000000070a600000| Untracked |  0
|  47|0x000000070a800000, 0x000000070a800000, 0x000000070aa00000|  0%| F|  |TAMS 0x000000070a800000| PB 0x000000070a800000| Untracked |  0
|  48|0x000000070aa00000, 0x000000070aa00000, 0x000000070ac00000|  0%| F|  |TAMS 0x000000070aa00000| PB 0x000000070aa00000| Untracked |  0
|  49|0x000000070ac00000, 0x000000070ac00000, 0x000000070ae00000|  0%| F|  |TAMS 0x000000070ac00000| PB 0x000000070ac00000| Untracked |  0
|  50|0x000000070ae00000, 0x000000070ae00000, 0x000000070b000000|  0%| F|  |TAMS 0x000000070ae00000| PB 0x000000070ae00000| Untracked |  0
|  51|0x000000070b000000, 0x000000070b000000, 0x000000070b200000|  0%| F|  |TAMS 0x000000070b000000| PB 0x000000070b000000| Untracked |  0
|  52|0x000000070b200000, 0x000000070b200000, 0x000000070b400000|  0%| F|  |TAMS 0x000000070b200000| PB 0x000000070b200000| Untracked |  0
|  53|0x000000070b400000, 0x000000070b400000, 0x000000070b600000|  0%| F|  |TAMS 0x000000070b400000| PB 0x000000070b400000| Untracked |  0
|  54|0x000000070b600000, 0x000000070b600000, 0x000000070b800000|  0%| F|  |TAMS 0x000000070b600000| PB 0x000000070b600000| Untracked |  0
|  55|0x000000070b800000, 0x000000070b800000, 0x000000070ba00000|  0%| F|  |TAMS 0x000000070b800000| PB 0x000000070b800000| Untracked |  0
|  56|0x000000070ba00000, 0x000000070ba00000, 0x000000070bc00000|  0%| F|  |TAMS 0x000000070ba00000| PB 0x000000070ba00000| Untracked |  0
|  57|0x000000070bc00000, 0x000000070bc00000, 0x000000070be00000|  0%| F|  |TAMS 0x000000070bc00000| PB 0x000000070bc00000| Untracked |  0
|  58|0x000000070be00000, 0x000000070be00000, 0x000000070c000000|  0%| F|  |TAMS 0x000000070be00000| PB 0x000000070be00000| Untracked |  0
|  59|0x000000070c000000, 0x000000070c000000, 0x000000070c200000|  0%| F|  |TAMS 0x000000070c000000| PB 0x000000070c000000| Untracked |  0
|  60|0x000000070c200000, 0x000000070c200000, 0x000000070c400000|  0%| F|  |TAMS 0x000000070c200000| PB 0x000000070c200000| Untracked |  0
|  61|0x000000070c400000, 0x000000070c400000, 0x000000070c600000|  0%| F|  |TAMS 0x000000070c400000| PB 0x000000070c400000| Untracked |  0
|  62|0x000000070c600000, 0x000000070c600000, 0x000000070c800000|  0%| F|  |TAMS 0x000000070c600000| PB 0x000000070c600000| Untracked |  0
|  63|0x000000070c800000, 0x000000070c800000, 0x000000070ca00000|  0%| F|  |TAMS 0x000000070c800000| PB 0x000000070c800000| Untracked |  0
|  64|0x000000070ca00000, 0x000000070ca00000, 0x000000070cc00000|  0%| F|  |TAMS 0x000000070ca00000| PB 0x000000070ca00000| Untracked |  0
|  65|0x000000070cc00000, 0x000000070cc00000, 0x000000070ce00000|  0%| F|  |TAMS 0x000000070cc00000| PB 0x000000070cc00000| Untracked |  0
|  66|0x000000070ce00000, 0x000000070ce00000, 0x000000070d000000|  0%| F|  |TAMS 0x000000070ce00000| PB 0x000000070ce00000| Untracked |  0
|  67|0x000000070d000000, 0x000000070d000000, 0x000000070d200000|  0%| F|  |TAMS 0x000000070d000000| PB 0x000000070d000000| Untracked |  0
|  68|0x000000070d200000, 0x000000070d200000, 0x000000070d400000|  0%| F|  |TAMS 0x000000070d200000| PB 0x000000070d200000| Untracked |  0
|  69|0x000000070d400000, 0x000000070d400000, 0x000000070d600000|  0%| F|  |TAMS 0x000000070d400000| PB 0x000000070d400000| Untracked |  0
|  70|0x000000070d600000, 0x000000070d600000, 0x000000070d800000|  0%| F|  |TAMS 0x000000070d600000| PB 0x000000070d600000| Untracked |  0
|  71|0x000000070d800000, 0x000000070d800000, 0x000000070da00000|  0%| F|  |TAMS 0x000000070d800000| PB 0x000000070d800000| Untracked |  0
|  72|0x000000070da00000, 0x000000070da00000, 0x000000070dc00000|  0%| F|  |TAMS 0x000000070da00000| PB 0x000000070da00000| Untracked |  0
|  73|0x000000070dc00000, 0x000000070dc00000, 0x000000070de00000|  0%| F|  |TAMS 0x000000070dc00000| PB 0x000000070dc00000| Untracked |  0
|  74|0x000000070de00000, 0x000000070de00000, 0x000000070e000000|  0%| F|  |TAMS 0x000000070de00000| PB 0x000000070de00000| Untracked |  0
|  75|0x000000070e000000, 0x000000070e000000, 0x000000070e200000|  0%| F|  |TAMS 0x000000070e000000| PB 0x000000070e000000| Untracked |  0
|  76|0x000000070e200000, 0x000000070e200000, 0x000000070e400000|  0%| F|  |TAMS 0x000000070e200000| PB 0x000000070e200000| Untracked |  0
|  77|0x000000070e400000, 0x000000070e400000, 0x000000070e600000|  0%| F|  |TAMS 0x000000070e400000| PB 0x000000070e400000| Untracked |  0
|  78|0x000000070e600000, 0x000000070e600000, 0x000000070e800000|  0%| F|  |TAMS 0x000000070e600000| PB 0x000000070e600000| Untracked |  0
|  79|0x000000070e800000, 0x000000070e800000, 0x000000070ea00000|  0%| F|  |TAMS 0x000000070e800000| PB 0x000000070e800000| Untracked |  0
|  80|0x000000070ea00000, 0x000000070ea00000, 0x000000070ec00000|  0%| F|  |TAMS 0x000000070ea00000| PB 0x000000070ea00000| Untracked |  0
|  81|0x000000070ec00000, 0x000000070ec00000, 0x000000070ee00000|  0%| F|  |TAMS 0x000000070ec00000| PB 0x000000070ec00000| Untracked |  0
|  82|0x000000070ee00000, 0x000000070ee00000, 0x000000070f000000|  0%| F|  |TAMS 0x000000070ee00000| PB 0x000000070ee00000| Untracked |  0
|  83|0x000000070f000000, 0x000000070f000000, 0x000000070f200000|  0%| F|  |TAMS 0x000000070f000000| PB 0x000000070f000000| Untracked |  0
|  84|0x000000070f200000, 0x000000070f200000, 0x000000070f400000|  0%| F|  |TAMS 0x000000070f200000| PB 0x000000070f200000| Untracked |  0
|  85|0x000000070f400000, 0x000000070f400000, 0x000000070f600000|  0%| F|  |TAMS 0x000000070f400000| PB 0x000000070f400000| Untracked |  0
|  86|0x000000070f600000, 0x000000070f600000, 0x000000070f800000|  0%| F|  |TAMS 0x000000070f600000| PB 0x000000070f600000| Untracked |  0
|  87|0x000000070f800000, 0x000000070f800000, 0x000000070fa00000|  0%| F|  |TAMS 0x000000070f800000| PB 0x000000070f800000| Untracked |  0
|  88|0x000000070fa00000, 0x000000070fa00000, 0x000000070fc00000|  0%| F|  |TAMS 0x000000070fa00000| PB 0x000000070fa00000| Untracked |  0
|  89|0x000000070fc00000, 0x000000070fc00000, 0x000000070fe00000|  0%| F|  |TAMS 0x000000070fc00000| PB 0x000000070fc00000| Untracked |  0
|  90|0x000000070fe00000, 0x000000070fe00000, 0x0000000710000000|  0%| F|  |TAMS 0x000000070fe00000| PB 0x000000070fe00000| Untracked |  0
|  91|0x0000000710000000, 0x0000000710000000, 0x0000000710200000|  0%| F|  |TAMS 0x0000000710000000| PB 0x0000000710000000| Untracked |  0
|  92|0x0000000710200000, 0x0000000710200000, 0x0000000710400000|  0%| F|  |TAMS 0x0000000710200000| PB 0x0000000710200000| Untracked |  0
|  93|0x0000000710400000, 0x0000000710400000, 0x0000000710600000|  0%| F|  |TAMS 0x0000000710400000| PB 0x0000000710400000| Untracked |  0
|  94|0x0000000710600000, 0x0000000710600000, 0x0000000710800000|  0%| F|  |TAMS 0x0000000710600000| PB 0x0000000710600000| Untracked |  0
|  95|0x0000000710800000, 0x0000000710800000, 0x0000000710a00000|  0%| F|  |TAMS 0x0000000710800000| PB 0x0000000710800000| Untracked |  0
|  96|0x0000000710a00000, 0x0000000710a00000, 0x0000000710c00000|  0%| F|  |TAMS 0x0000000710a00000| PB 0x0000000710a00000| Untracked |  0
|  97|0x0000000710c00000, 0x0000000710c00000, 0x0000000710e00000|  0%| F|  |TAMS 0x0000000710c00000| PB 0x0000000710c00000| Untracked |  0
|  98|0x0000000710e00000, 0x0000000710e00000, 0x0000000711000000|  0%| F|  |TAMS 0x0000000710e00000| PB 0x0000000710e00000| Untracked |  0
|  99|0x0000000711000000, 0x0000000711000000, 0x0000000711200000|  0%| F|  |TAMS 0x0000000711000000| PB 0x0000000711000000| Untracked |  0
| 100|0x0000000711200000, 0x0000000711200000, 0x0000000711400000|  0%| F|  |TAMS 0x0000000711200000| PB 0x0000000711200000| Untracked |  0
| 101|0x0000000711400000, 0x0000000711400000, 0x0000000711600000|  0%| F|  |TAMS 0x0000000711400000| PB 0x0000000711400000| Untracked |  0
| 102|0x0000000711600000, 0x0000000711600000, 0x0000000711800000|  0%| F|  |TAMS 0x0000000711600000| PB 0x0000000711600000| Untracked |  0
| 103|0x0000000711800000, 0x0000000711800000, 0x0000000711a00000|  0%| F|  |TAMS 0x0000000711800000| PB 0x0000000711800000| Untracked |  0
| 104|0x0000000711a00000, 0x0000000711a00000, 0x0000000711c00000|  0%| F|  |TAMS 0x0000000711a00000| PB 0x0000000711a00000| Untracked |  0
| 105|0x0000000711c00000, 0x0000000711dec8a0, 0x0000000711e00000| 96%| E|  |TAMS 0x0000000711c00000| PB 0x0000000711c00000| Complete |  0
| 106|0x0000000711e00000, 0x0000000712000000, 0x0000000712000000|100%| E|CS|TAMS 0x0000000711e00000| PB 0x0000000711e00000| Complete |  0
| 107|0x0000000712000000, 0x0000000712200000, 0x0000000712200000|100%| E|CS|TAMS 0x0000000712000000| PB 0x0000000712000000| Complete |  0
| 108|0x0000000712200000, 0x0000000712400000, 0x0000000712400000|100%| E|CS|TAMS 0x0000000712200000| PB 0x0000000712200000| Complete |  0
| 109|0x0000000712400000, 0x0000000712600000, 0x0000000712600000|100%| E|CS|TAMS 0x0000000712400000| PB 0x0000000712400000| Complete |  0
| 110|0x0000000712600000, 0x0000000712800000, 0x0000000712800000|100%| E|CS|TAMS 0x0000000712600000| PB 0x0000000712600000| Complete |  0
| 111|0x0000000712800000, 0x0000000712a00000, 0x0000000712a00000|100%| E|CS|TAMS 0x0000000712800000| PB 0x0000000712800000| Complete |  0
| 112|0x0000000712a00000, 0x0000000712c00000, 0x0000000712c00000|100%| E|CS|TAMS 0x0000000712a00000| PB 0x0000000712a00000| Complete |  0
| 113|0x0000000712c00000, 0x0000000712e00000, 0x0000000712e00000|100%| E|CS|TAMS 0x0000000712c00000| PB 0x0000000712c00000| Complete |  0
| 114|0x0000000712e00000, 0x0000000713000000, 0x0000000713000000|100%| E|CS|TAMS 0x0000000712e00000| PB 0x0000000712e00000| Complete |  0
| 115|0x0000000713000000, 0x0000000713200000, 0x0000000713200000|100%| E|CS|TAMS 0x0000000713000000| PB 0x0000000713000000| Complete |  0
| 116|0x0000000713200000, 0x0000000713400000, 0x0000000713400000|100%| E|CS|TAMS 0x0000000713200000| PB 0x0000000713200000| Complete |  0
| 117|0x0000000713400000, 0x0000000713600000, 0x0000000713600000|100%| E|CS|TAMS 0x0000000713400000| PB 0x0000000713400000| Complete |  0
| 118|0x0000000713600000, 0x0000000713800000, 0x0000000713800000|100%| E|CS|TAMS 0x0000000713600000| PB 0x0000000713600000| Complete |  0
| 119|0x0000000713800000, 0x0000000713a00000, 0x0000000713a00000|100%| E|CS|TAMS 0x0000000713800000| PB 0x0000000713800000| Complete |  0
| 120|0x0000000713a00000, 0x0000000713c00000, 0x0000000713c00000|100%| E|CS|TAMS 0x0000000713a00000| PB 0x0000000713a00000| Complete |  0
| 121|0x0000000713c00000, 0x0000000713e00000, 0x0000000713e00000|100%| E|CS|TAMS 0x0000000713c00000| PB 0x0000000713c00000| Complete |  0
| 122|0x0000000713e00000, 0x0000000714000000, 0x0000000714000000|100%| E|CS|TAMS 0x0000000713e00000| PB 0x0000000713e00000| Complete |  0
| 123|0x0000000714000000, 0x0000000714200000, 0x0000000714200000|100%| E|CS|TAMS 0x0000000714000000| PB 0x0000000714000000| Complete |  0
| 124|0x0000000714200000, 0x0000000714400000, 0x0000000714400000|100%| E|CS|TAMS 0x0000000714200000| PB 0x0000000714200000| Complete |  0
| 125|0x0000000714400000, 0x0000000714600000, 0x0000000714600000|100%| E|CS|TAMS 0x0000000714400000| PB 0x0000000714400000| Complete |  0
|2010|0x00000007ffe00000, 0x00000007fff256a0, 0x0000000800000000| 57%| O|  |TAMS 0x00000007ffe00000| PB 0x00000007ffe00000| Untracked |  0

Card table byte_map: [0x00000266ff2d0000,0x00000266ffab0000] _byte_map_base: 0x00000266fbaab000

Marking Bits: (CMBitMap*) 0x00000266f5d90a60
 Bits: [0x000002668f000000, 0x0000026692ed8000)

Polling page: 0x00000266f3af0000

Metaspace:
Metaspace        used 9267K, committed 9984K, reserved 1114112K
 class space     used 659K, committed 960K, reserved 1048576K

Usage:
  Non-class:      8.41 MB used.
      Class:    659.42 KB used.
       Both:      9.05 MB used.

Virtual space:
  Non-class space:       64.00 MB reserved,       8.81 MB ( 14%) committed,  1 nodes.
      Class space:        1.00 GB reserved,     960.00 KB ( <1%) committed,  1 nodes.
             Both:        1.06 GB reserved,       9.75 MB ( <1%) committed. 

Chunk freelists:
   Non-Class:  6.71 MB
       Class:  14.89 MB
        Both:  21.60 MB

MaxMetaspaceSize: unlimited
CompressedClassSpaceSize: 1.00 GB
Initial GC threshold: 21.00 MB
Current GC threshold: 21.00 MB
CDS: on
 - commit_granule_bytes: 65536.
 - commit_granule_words: 8192.
 - virtual_space_node_default_size: 8388608.
 - enlarge_chunks_in_place: 1.
UseCompressedClassPointers 1, UseCompactObjectHeaders 0
Narrow klass pointer bits 32, Max shift 3
Narrow klass base: 0x000000003b000000, Narrow klass shift: 0
Encoding Range: [0x000000003b000000 - 0x000000013b000000), (4294967296 bytes)
Klass Range:    [0x000000003b010000 - 0x000000007c000000), (1090453504 bytes)
Klass ID Range:  [65536 - 1090519033) (1090453497)
Protection zone: [0x000000003b000000 - 0x000000003b010000), (65536 bytes)


Internal statistics:

num_allocs_failed_limit: 0.
num_arena_births: 912.
num_arena_deaths: 0.
num_vsnodes_births: 2.
num_vsnodes_deaths: 0.
num_space_committed: 155.
num_space_uncommitted: 0.
num_chunks_returned_to_freelist: 0.
num_chunks_taken_from_freelist: 1350.
num_chunk_merges: 0.
num_chunk_splits: 915.
num_chunks_enlarged: 510.
num_inconsistent_stats: 0.

CodeHeap 'non-profiled nmethods': size=120064Kb used=798Kb max_used=798Kb free=119265Kb
 bounds [0x0000026687ac0000, 0x0000026687d30000, 0x000002668f000000]
CodeHeap 'profiled nmethods': size=120000Kb used=3741Kb max_used=3741Kb free=116258Kb
 bounds [0x0000026680000000, 0x00000266803b0000, 0x0000026687530000]
CodeHeap 'non-nmethods': size=5696Kb used=2637Kb max_used=2703Kb free=3058Kb
 bounds [0x0000026687530000, 0x00000266877e0000, 0x0000026687ac0000]
CodeCache: size=245760Kb, used=7176Kb, max_used=7242Kb, free=238581Kb
 total_blobs=4166, nmethods=2379, adapters=1663, full_count=0
Compilation: enabled, stopped_count=0, restarted_count=0

Compilation events (20 events):
Event: 0.739 Thread 0x0000026695671910 nmethod 2354 0x000002668039fb08 code [0x000002668039fc00, 0x00000266803a2ea8]
Event: 0.739 Thread 0x0000026695671910 2360       3       java.lang.invoke.MemberName::<init> (139 bytes)
Event: 0.740 Thread 0x0000026695671910 nmethod 2360 0x00000266803a2f08 code [0x00000266803a3000, 0x00000266803a43f8]
Event: 0.740 Thread 0x0000026695671910 2363       3       java.lang.invoke.Invokers$Holder::linkToTargetMethod (10 bytes)
Event: 0.741 Thread 0x0000026695671910 nmethod 2363 0x00000266803a4488 code [0x00000266803a4580, 0x00000266803a4940]
Event: 0.741 Thread 0x0000026695671910 2365       3       jdk.internal.classfile.impl.StackMapGenerator$Frame::checkAssignableTo (213 bytes)
Event: 0.741 Thread 0x0000026695671910 nmethod 2365 0x00000266803a4988 code [0x00000266803a4a80, 0x00000266803a5530]
Event: 0.742 Thread 0x0000026695671910 2369       3       java.lang.invoke.LambdaForm::editor (5 bytes)
Event: 0.742 Thread 0x0000026695671910 nmethod 2369 0x00000266803a5588 code [0x00000266803a5680, 0x00000266803a59b8]
Event: 0.742 Thread 0x0000026695671910 2374       3       java.lang.invoke.LambdaFormEditor::getInCache (165 bytes)
Event: 0.742 Thread 0x00000266956769b0 2377       4       jdk.internal.classfile.impl.AbstractPoolEntry$AbstractRefsEntry::<init> (37 bytes)
Event: 0.742 Thread 0x0000026695671910 nmethod 2374 0x00000266803a5a08 code [0x00000266803a5b00, 0x00000266803a6828]
Event: 0.742 Thread 0x0000026695671910 2370       3       java.lang.invoke.LambdaFormEditor::lambdaFormEditor (12 bytes)
Event: 0.742 Thread 0x0000026695671910 nmethod 2370 0x00000266803a6888 code [0x00000266803a6980, 0x00000266803a6c30]
Event: 0.742 Thread 0x0000026695671910 2371       3       java.lang.invoke.LambdaFormEditor::<init> (10 bytes)
Event: 0.742 Thread 0x0000026695671910 nmethod 2371 0x00000266803a6c88 code [0x00000266803a6d80, 0x00000266803a6f40]
Event: 0.742 Thread 0x0000026695671910 2372       3       java.lang.invoke.LambdaFormEditor$TransformKey::inRange (36 bytes)
Event: 0.742 Thread 0x0000026695671910 nmethod 2372 0x00000266803a6f88 code [0x00000266803a7080, 0x00000266803a71c8]
Event: 0.742 Thread 0x0000026695671910 2373       3       java.lang.invoke.LambdaFormEditor$TransformKey::<init> (15 bytes)
Event: 0.742 Thread 0x0000026695671910 nmethod 2373 0x00000266803a7288 code [0x00000266803a7380, 0x00000266803a7518]

GC Heap Usage History (0 events):
No events

Metaspace Usage History (0 events):
No events

Dll operation events (8 events):
Event: 0.010 Loaded shared library C:\Program Files\Java\jdk-25\bin\java.dll
Event: 0.046 Loaded shared library C:\Program Files\Java\jdk-25\bin\net.dll
Event: 0.047 Loaded shared library C:\Program Files\Java\jdk-25\bin\nio.dll
Event: 0.049 Loaded shared library C:\Program Files\Java\jdk-25\bin\zip.dll
Event: 0.099 Loaded shared library C:\Program Files\Java\jdk-25\bin\jimage.dll
Event: 0.157 Loaded shared library C:\Users\alexi\AppData\Local\Temp\imgui-java-natives\1.92.0\imgui-java64.dll
Event: 0.196 Loaded shared library C:\Users\alexi\AppData\Local\Temp\lwjgl_alexi\3.4.1+2\x64\lwjgl.dll
Event: 0.587 Loaded shared library C:\Users\alexi\AppData\Local\Temp\lwjgl_alexi\3.4.1+2\x64\lwjgl_opengl.dll

Deoptimization events (20 events):
Event: 0.670 Thread 0x00000266f382b780 Uncommon trap: trap_request=0xfffffff4 fr.pc=0x0000026687b18064 relative=0x0000000000000b64
Event: 0.670 Thread 0x00000266f382b780 Uncommon trap: reason=null_check action=make_not_entrant pc=0x0000026687b18064 method=java.lang.Class.describeConstable()Ljava/util/Optional; @ 17 c2
Event: 0.670 Thread 0x00000266f382b780 DEOPT PACKING pc=0x0000026687b18064 sp=0x000000d6b12febe0
Event: 0.670 Thread 0x00000266f382b780 DEOPT UNPACKING pc=0x0000026687650b82 sp=0x000000d6b12febb0 mode 2
Event: 0.670 Thread 0x00000266f382b780 Uncommon trap: trap_request=0xffffff45 fr.pc=0x0000026687b368a0 relative=0x00000000000001a0
Event: 0.670 Thread 0x00000266f382b780 Uncommon trap: reason=unstable_if action=reinterpret pc=0x0000026687b368a0 method=jdk.internal.classfile.impl.DirectMethodBuilder.parameterSlot(I)I @ 11 c2
Event: 0.670 Thread 0x00000266f382b780 DEOPT PACKING pc=0x0000026687b368a0 sp=0x000000d6b12fe7a0
Event: 0.670 Thread 0x00000266f382b780 DEOPT UNPACKING pc=0x0000026687650b82 sp=0x000000d6b12fe6e8 mode 2
Event: 0.682 Thread 0x00000266f382b780 Uncommon trap: trap_request=0xffffffd6 fr.pc=0x0000026687b6f734 relative=0x00000000000004b4
Event: 0.682 Thread 0x00000266f382b780 Uncommon trap: reason=array_check action=maybe_recompile pc=0x0000026687b6f734 method=jdk.internal.classfile.impl.AttributeHolder.withAttribute(Ljava/lang/classfile/Attribute;)V @ 115 c2
Event: 0.683 Thread 0x00000266f382b780 DEOPT PACKING pc=0x0000026687b6f734 sp=0x000000d6b12fe810
Event: 0.683 Thread 0x00000266f382b780 DEOPT UNPACKING pc=0x0000026687650b82 sp=0x000000d6b12fe7d0 mode 2
Event: 0.683 Thread 0x00000266f382b780 Uncommon trap: trap_request=0xffffffd6 fr.pc=0x0000026687b6f734 relative=0x00000000000004b4
Event: 0.683 Thread 0x00000266f382b780 Uncommon trap: reason=array_check action=maybe_recompile pc=0x0000026687b6f734 method=jdk.internal.classfile.impl.AttributeHolder.withAttribute(Ljava/lang/classfile/Attribute;)V @ 115 c2
Event: 0.683 Thread 0x00000266f382b780 DEOPT PACKING pc=0x0000026687b6f734 sp=0x000000d6b12fe480
Event: 0.683 Thread 0x00000266f382b780 DEOPT UNPACKING pc=0x0000026687650b82 sp=0x000000d6b12fe440 mode 2
Event: 0.683 Thread 0x00000266f382b780 Uncommon trap: trap_request=0xffffff66 fr.pc=0x0000026687b6f860 relative=0x00000000000005e0
Event: 0.683 Thread 0x00000266f382b780 Uncommon trap: reason=loop_limit_check action=maybe_recompile pc=0x0000026687b6f860 method=jdk.internal.classfile.impl.AttributeHolder.withAttribute(Ljava/lang/classfile/Attribute;)V @ 39 c2
Event: 0.683 Thread 0x00000266f382b780 DEOPT PACKING pc=0x0000026687b6f860 sp=0x000000d6b12fe4f0
Event: 0.683 Thread 0x00000266f382b780 DEOPT UNPACKING pc=0x0000026687650b82 sp=0x000000d6b12fe4c0 mode 2

Classes loaded (20 events):
Event: 0.391 Loading class jdk/internal/foreign/MemorySessionImpl$ResourceList$ResourceCleanup$1
Event: 0.391 Loading class jdk/internal/foreign/MemorySessionImpl$ResourceList$ResourceCleanup$1 done
Event: 0.402 Loading class java/lang/invoke/DirectMethodHandle$StaticAccessor
Event: 0.403 Loading class java/lang/invoke/DirectMethodHandle$StaticAccessor done
Event: 0.403 Loading class jdk/internal/reflect/MethodHandleIntegerFieldAccessorImpl
Event: 0.403 Loading class jdk/internal/reflect/MethodHandleIntegerFieldAccessorImpl done
Event: 0.590 Loading class java/nio/DirectCharBufferU
Event: 0.590 Loading class java/nio/DirectCharBufferU done
Event: 0.694 Loading class jdk/internal/foreign/SegmentBulkOperations
Event: 0.694 Loading class jdk/internal/foreign/SegmentBulkOperations done
Event: 0.694 Loading class jdk/internal/util/Architecture
Event: 0.694 Loading class jdk/internal/util/Architecture done
Event: 0.737 Loading class java/io/FileNotFoundException
Event: 0.737 Loading class java/io/FileNotFoundException done
Event: 0.737 Loading class java/io/Reader
Event: 0.737 Loading class java/io/Reader done
Event: 0.737 Loading class java/io/FileReader
Event: 0.737 Loading class java/io/InputStreamReader
Event: 0.737 Loading class java/io/InputStreamReader done
Event: 0.737 Loading class java/io/FileReader done

Classes unloaded (0 events):
No events

Classes redefined (0 events):
No events

Internal exceptions (20 events):
Event: 0.688 Thread 0x00000266f382b780 Exception <a 'java/lang/NoSuchMethodError'{0x00000007121900c0}: 'void java.lang.invoke.DelegatingMethodHandle$Holder.reinvoke_L(java.lang.Object, java.lang.Object, long, int, int, int, int)'> (0x00000007121900c0) 
thrown [s\open\src\hotspot\share\interpreter\linkResolver.cpp, line 804]
Event: 0.688 Thread 0x00000266f382b780 Exception <a 'java/lang/NoSuchMethodError'{0x00000007121b8508}: 'java.lang.Object java.lang.invoke.DelegatingMethodHandle$Holder.delegate(java.lang.Object, java.lang.Object, long, int, int, int, int)'> (0x00000007121b8508) 
thrown [s\open\src\hotspot\share\interpreter\linkResolver.cpp, line 804]
Event: 0.690 Thread 0x00000266f382b780 Exception <a 'java/lang/NoSuchMethodError'{0x00000007121ef7a0}: 'void java.lang.invoke.DirectMethodHandle$Holder.invokeStatic(java.lang.Object, java.lang.Object, long, int, int, int, int)'> (0x00000007121ef7a0) 
thrown [s\open\src\hotspot\share\interpreter\linkResolver.cpp, line 804]
Event: 0.690 Thread 0x00000266f382b780 Exception <a 'java/lang/NoSuchMethodError'{0x00000007121fab78}: 'void java.lang.invoke.DirectMethodHandle$Holder.invokeSpecial(java.lang.Object, java.lang.Object, long, int, int, int, int)'> (0x00000007121fab78) 
thrown [s\open\src\hotspot\share\interpreter\linkResolver.cpp, line 804]
Event: 0.690 Thread 0x00000266f382b780 Exception <a 'java/lang/NoSuchMethodError'{0x0000000711e068f0}: 'void java.lang.invoke.Invokers$Holder.exactInvoker(java.lang.Object, java.lang.Object, long, int, int, int, int)'> (0x0000000711e068f0) 
thrown [s\open\src\hotspot\share\interpreter\linkResolver.cpp, line 804]
Event: 0.690 Thread 0x00000266f382b780 Exception <a 'java/lang/NoSuchMethodError'{0x0000000711e0ee58}: 'void java.lang.invoke.DelegatingMethodHandle$Holder.delegate(java.lang.Object, java.lang.Object, long, int, int, int, int)'> (0x0000000711e0ee58) 
thrown [s\open\src\hotspot\share\interpreter\linkResolver.cpp, line 804]
Event: 0.691 Thread 0x00000266f382b780 Exception <a 'java/lang/NoSuchMethodError'{0x0000000711e2a208}: 'void java.lang.invoke.DirectMethodHandle$Holder.invokeInterface(java.lang.Object, java.lang.Object, long, int)'> (0x0000000711e2a208) 
thrown [s\open\src\hotspot\share\interpreter\linkResolver.cpp, line 804]
Event: 0.722 Thread 0x00000266f382b780 Exception <a 'sun/nio/fs/WindowsException'{0x0000000711fc8670}> (0x0000000711fc8670) 
thrown [s\open\src\hotspot\share\prims\jni.cpp, line 516]
Event: 0.722 Thread 0x00000266f382b780 Exception <a 'sun/nio/fs/WindowsException'{0x0000000711fc8a00}> (0x0000000711fc8a00) 
thrown [s\open\src\hotspot\share\prims\jni.cpp, line 516]
Event: 0.730 Thread 0x00000266f382b780 Exception <a 'java/lang/NoSuchMethodError'{0x0000000711c12240}: 'void java.lang.invoke.DirectMethodHandle$Holder.invokeStaticInit(java.lang.Object, java.lang.Object, java.lang.Object, long, long, long, long)'> (0x0000000711c12240) 
thrown [s\open\src\hotspot\share\interpreter\linkResolver.cpp, line 804]
Event: 0.731 Thread 0x00000266f382b780 Exception <a 'java/lang/NoSuchMethodError'{0x0000000711c228b0}: 'void java.lang.invoke.DelegatingMethodHandle$Holder.reinvoke_L(java.lang.Object, java.lang.Object, java.lang.Object, long, long, long, long)'> (0x0000000711c228b0) 
thrown [s\open\src\hotspot\share\interpreter\linkResolver.cpp, line 804]
Event: 0.731 Thread 0x00000266f382b780 Exception <a 'java/lang/NoSuchMethodError'{0x0000000711c43e68}: 'void java.lang.invoke.DirectMethodHandle$Holder.invokeSpecial(java.lang.Object, java.lang.Object, java.lang.Object, long, long, long, long)'> (0x0000000711c43e68) 
thrown [s\open\src\hotspot\share\interpreter\linkResolver.cpp, line 804]
Event: 0.732 Thread 0x00000266f382b780 Exception <a 'java/lang/NoSuchMethodError'{0x0000000711c6cc98}: 'java.lang.Object java.lang.invoke.DirectMethodHandle$Holder.invokeSpecial(java.lang.Object, java.lang.Object, int, int, int)'> (0x0000000711c6cc98) 
thrown [s\open\src\hotspot\share\interpreter\linkResolver.cpp, line 804]
Event: 0.732 Thread 0x00000266f382b780 Exception <a 'java/lang/NoSuchMethodError'{0x0000000711c7cee8}: 'java.lang.Object java.lang.invoke.DelegatingMethodHandle$Holder.reinvoke_L(java.lang.Object, java.lang.Object, int, int, int)'> (0x0000000711c7cee8) 
thrown [s\open\src\hotspot\share\interpreter\linkResolver.cpp, line 804]
Event: 0.739 Thread 0x00000266f382b780 Exception <a 'java/lang/NoSuchMethodError'{0x0000000711cceaf0}: 'int java.lang.invoke.DirectMethodHandle$Holder.invokeStaticInit(java.lang.Object, java.lang.Object, java.lang.Object, long, long, long, long)'> (0x0000000711cceaf0) 
thrown [s\open\src\hotspot\share\interpreter\linkResolver.cpp, line 804]
Event: 0.739 Thread 0x00000266f382b780 Exception <a 'java/lang/NoSuchMethodError'{0x0000000711cdf160}: 'int java.lang.invoke.DelegatingMethodHandle$Holder.reinvoke_L(java.lang.Object, java.lang.Object, java.lang.Object, long, long, long, long)'> (0x0000000711cdf160) 
thrown [s\open\src\hotspot\share\interpreter\linkResolver.cpp, line 804]
Event: 0.739 Thread 0x00000266f382b780 Exception <a 'java/lang/NoSuchMethodError'{0x0000000711d00df0}: 'int java.lang.invoke.DirectMethodHandle$Holder.invokeSpecial(java.lang.Object, java.lang.Object, java.lang.Object, long, long, long, long)'> (0x0000000711d00df0) 
thrown [s\open\src\hotspot\share\interpreter\linkResolver.cpp, line 804]
Event: 0.741 Thread 0x00000266f382b780 Exception <a 'java/lang/NoSuchMethodError'{0x0000000711d3ee40}: 'int java.lang.invoke.DirectMethodHandle$Holder.invokeStaticInit(java.lang.Object, java.lang.Object, java.lang.Object, long, int, int)'> (0x0000000711d3ee40) 
thrown [s\open\src\hotspot\share\interpreter\linkResolver.cpp, line 804]
Event: 0.742 Thread 0x00000266f382b780 Exception <a 'java/lang/NoSuchMethodError'{0x0000000711d4f350}: 'int java.lang.invoke.DelegatingMethodHandle$Holder.reinvoke_L(java.lang.Object, java.lang.Object, java.lang.Object, long, int, int)'> (0x0000000711d4f350) 
thrown [s\open\src\hotspot\share\interpreter\linkResolver.cpp, line 804]
Event: 0.742 Thread 0x00000266f382b780 Exception <a 'java/lang/NoSuchMethodError'{0x0000000711d70818}: 'int java.lang.invoke.DirectMethodHandle$Holder.invokeSpecial(java.lang.Object, java.lang.Object, java.lang.Object, long, int, int)'> (0x0000000711d70818) 
thrown [s\open\src\hotspot\share\interpreter\linkResolver.cpp, line 804]

VM Operations (18 events):
Event: 0.102 Executing non-safepoint VM operation: HandshakeAllThreads (Deoptimize)
Event: 0.102 Executing non-safepoint VM operation: HandshakeAllThreads (Deoptimize) done
Event: 0.179 Executing non-safepoint VM operation: HandshakeAllThreads (Deoptimize)
Event: 0.179 Executing non-safepoint VM operation: HandshakeAllThreads (Deoptimize) done
Event: 0.238 Executing non-safepoint VM operation: HandshakeAllThreads (Deoptimize)
Event: 0.238 Executing non-safepoint VM operation: HandshakeAllThreads (Deoptimize) done
Event: 0.323 Executing non-safepoint VM operation: HandshakeAllThreads (Deoptimize)
Event: 0.323 Executing non-safepoint VM operation: HandshakeAllThreads (Deoptimize) done
Event: 0.338 Executing non-safepoint VM operation: HandshakeAllThreads (Deoptimize)
Event: 0.339 Executing non-safepoint VM operation: HandshakeAllThreads (Deoptimize) done
Event: 0.344 Executing non-safepoint VM operation: HandshakeAllThreads (Deoptimize)
Event: 0.344 Executing non-safepoint VM operation: HandshakeAllThreads (Deoptimize) done
Event: 0.355 Executing non-safepoint VM operation: HandshakeAllThreads (Deoptimize)
Event: 0.355 Executing non-safepoint VM operation: HandshakeAllThreads (Deoptimize) done
Event: 0.363 Executing non-safepoint VM operation: HandshakeAllThreads (Deoptimize)
Event: 0.363 Executing non-safepoint VM operation: HandshakeAllThreads (Deoptimize) done
Event: 0.384 Executing non-safepoint VM operation: HandshakeAllThreads (Deoptimize)
Event: 0.384 Executing non-safepoint VM operation: HandshakeAllThreads (Deoptimize) done

Memory protections (0 events):
No events

Nmethod flushes (0 events):
No events

Events (17 events):
Event: 0.019 Thread 0x00000266f382b780 Thread added: 0x00000266f382b780
Event: 0.025 Thread 0x00000266f382b780 Thread added: 0x00000266ffc7a3f0
Event: 0.025 Thread 0x00000266f382b780 Thread added: 0x00000266ffc7ae50
Event: 0.025 Thread 0x00000266f382b780 Thread added: 0x00000266ffc7bf10
Event: 0.025 Thread 0x00000266f382b780 Thread added: 0x00000266ffc7dd60
Event: 0.025 Thread 0x00000266f382b780 Thread added: 0x00000266ffc7eba0
Event: 0.025 Thread 0x00000266f382b780 Thread added: 0x00000266ffc86f20
Event: 0.025 Thread 0x00000266f382b780 Thread added: 0x00000266ffc8fa20
Event: 0.025 Thread 0x00000266f382b780 Thread added: 0x0000026695671910
Event: 0.041 Thread 0x00000266f382b780 Thread added: 0x000002669573f6b0
Event: 0.043 Thread 0x00000266f382b780 Thread added: 0x000002669574d5c0
Event: 0.221 Thread 0x0000026695671910 Thread added: 0x0000026695671100
Event: 0.316 Thread 0x0000026695671910 Thread added: 0x0000026695673140
Event: 0.576 Thread 0x0000026695673140 Thread exited: 0x0000026695673140
Event: 0.576 Thread 0x0000026695671100 Thread exited: 0x0000026695671100
Event: 0.605 Thread 0x0000026695671910 Thread added: 0x0000026695671100
Event: 0.611 Thread 0x0000026695671100 Thread added: 0x00000266956769b0


Dynamic libraries:
0x00007ff6ff730000 - 0x00007ff6ff740000 	C:\Program Files\Java\jdk-25\bin\java.exe
0x00007ff9372a0000 - 0x00007ff937506000 	C:\Windows\SYSTEM32\ntdll.dll
0x00007ff935d30000 - 0x00007ff935df9000 	C:\Windows\System32\KERNEL32.DLL
0x00007ff9345e0000 - 0x00007ff9349da000 	C:\Windows\System32\KERNELBASE.dll
0x00007ff9349e0000 - 0x00007ff934b2c000 	C:\Windows\System32\ucrtbase.dll
0x00007ff911e50000 - 0x00007ff911e67000 	C:\Program Files\Java\jdk-25\bin\jli.dll
0x00007ff936bf0000 - 0x00007ff936db7000 	C:\Windows\System32\USER32.dll
0x00007ff90f660000 - 0x00007ff90f67e000 	C:\Program Files\Java\jdk-25\bin\VCRUNTIME140.dll
0x00007ff934b30000 - 0x00007ff934b57000 	C:\Windows\System32\win32u.dll
0x00007ff935020000 - 0x00007ff93504b000 	C:\Windows\System32\GDI32.dll
0x00007ff918eb0000 - 0x00007ff919142000 	C:\Windows\WinSxS\amd64_microsoft.windows.common-controls_6595b64144ccf1df_6.0.26100.8521_none_3e08b75ce33403b3\COMCTL32.dll
0x00007ff934e50000 - 0x00007ff934f7b000 	C:\Windows\System32\gdi32full.dll
0x00007ff934530000 - 0x00007ff9345d3000 	C:\Windows\System32\msvcp_win.dll
0x00007ff935880000 - 0x00007ff935929000 	C:\Windows\System32\msvcrt.dll
0x00007ff935cf0000 - 0x00007ff935d22000 	C:\Windows\System32\IMM32.DLL
0x00007ff916270000 - 0x00007ff91627c000 	C:\Program Files\Java\jdk-25\bin\vcruntime140_1.dll
0x00007ff8e4330000 - 0x00007ff8e43bd000 	C:\Program Files\Java\jdk-25\bin\msvcp140.dll
0x00007ff8a1ac0000 - 0x00007ff8a291f000 	C:\Program Files\Java\jdk-25\bin\server\jvm.dll
0x00007ff9371a0000 - 0x00007ff937256000 	C:\Windows\System32\ADVAPI32.dll
0x00007ff9359d0000 - 0x00007ff935a7a000 	C:\Windows\System32\sechost.dll
0x00007ff935e00000 - 0x00007ff935f18000 	C:\Windows\System32\RPCRT4.dll
0x00007ff935b80000 - 0x00007ff935c00000 	C:\Windows\System32\WS2_32.dll
0x00007ff923950000 - 0x00007ff923986000 	C:\Windows\SYSTEM32\WINMM.dll
0x00007ff9341e0000 - 0x00007ff93423e000 	C:\Windows\SYSTEM32\POWRPROF.dll
0x00007ff92c5c0000 - 0x00007ff92c5cb000 	C:\Windows\SYSTEM32\VERSION.dll
0x00007ff9341c0000 - 0x00007ff9341d4000 	C:\Windows\SYSTEM32\UMPDC.dll
0x00007ff933280000 - 0x00007ff93329b000 	C:\Windows\SYSTEM32\kernel.appcore.dll
0x00007ff915eb0000 - 0x00007ff915eba000 	C:\Program Files\Java\jdk-25\bin\jimage.dll
0x00007ff9210c0000 - 0x00007ff921302000 	C:\Windows\SYSTEM32\DBGHELP.DLL
0x00007ff936dc0000 - 0x00007ff937143000 	C:\Windows\System32\combase.dll
0x00007ff935c10000 - 0x00007ff935ce9000 	C:\Windows\System32\OLEAUT32.dll
0x00007ff91b1f0000 - 0x00007ff91b22b000 	C:\Windows\SYSTEM32\dbgcore.DLL
0x00007ff934b60000 - 0x00007ff934c08000 	C:\Windows\System32\bcryptPrimitives.dll
0x00007ff90f640000 - 0x00007ff90f65f000 	C:\Program Files\Java\jdk-25\bin\java.dll
0x00007ff936770000 - 0x00007ff936908000 	C:\Windows\System32\ole32.dll
0x00007ff935f20000 - 0x00007ff9366a4000 	C:\Windows\System32\SHELL32.dll
0x00007ff9320d0000 - 0x00007ff932950000 	C:\Windows\SYSTEM32\windows.storage.dll
0x00007ff935280000 - 0x00007ff935376000 	C:\Windows\System32\SHCORE.dll
0x00007ff936b00000 - 0x00007ff936b67000 	C:\Windows\System32\shlwapi.dll
0x00007ff934450000 - 0x00007ff934479000 	C:\Windows\SYSTEM32\profapi.dll
0x00007ff90f540000 - 0x00007ff90f552000 	C:\Program Files\Java\jdk-25\bin\net.dll
0x00007ff9337e0000 - 0x00007ff93384c000 	C:\Windows\system32\mswsock.dll
0x00007ff90e250000 - 0x00007ff90e266000 	C:\Program Files\Java\jdk-25\bin\nio.dll
0x00007ff90f620000 - 0x00007ff90f637000 	C:\Program Files\Java\jdk-25\bin\zip.dll
0x00007ff89fab0000 - 0x00007ff8a0549000 	C:\Users\alexi\AppData\Local\Temp\imgui-java-natives\1.92.0\imgui-java64.dll
0x00007ff90e400000 - 0x00007ff90e484000 	C:\Users\alexi\AppData\Local\Temp\lwjgl_alexi\3.4.1+2\x64\lwjgl.dll
0x00007ff8a46a0000 - 0x00007ff8a4910000 	C:\Users\alexi\AppData\Local\Temp\lwjgl_alexi\3.4.1+2\x64\jemalloc.dll
0x00007ff9010f0000 - 0x00007ff90117a000 	C:\Users\alexi\AppData\Local\Temp\lwjgl_alexi\3.4.1+2\x64\glfw.dll
0x00007ff9170f0000 - 0x00007ff91713b000 	C:\Windows\SYSTEM32\dinput8.dll
0x00007ff91b1d0000 - 0x00007ff91b1ec000 	C:\Windows\SYSTEM32\xinput1_4.dll
0x00007ff934100000 - 0x00007ff93412d000 	C:\Windows\SYSTEM32\DEVOBJ.dll
0x00007ff934130000 - 0x00007ff934181000 	C:\Windows\SYSTEM32\cfgmgr32.dll
0x00007ff931a20000 - 0x00007ff931a4f000 	C:\Windows\SYSTEM32\dwmapi.dll
0x00007ff931780000 - 0x00007ff93182a000 	C:\Windows\system32\uxtheme.dll
0x00007ff9174e0000 - 0x00007ff9176c5000 	C:\Windows\SYSTEM32\inputhost.dll
0x00007ff9312a0000 - 0x00007ff9313c5000 	C:\Windows\SYSTEM32\CoreMessaging.dll
0x00007ff936910000 - 0x00007ff936a6d000 	C:\Windows\System32\MSCTF.dll
0x00007ff933af0000 - 0x00007ff933afc000 	C:\Windows\SYSTEM32\CRYPTBASE.DLL
0x00007ff910050000 - 0x00007ff91015c000 	C:\Windows\SYSTEM32\opengl32.dll
0x00007ff915cf0000 - 0x00007ff915d1d000 	C:\Windows\SYSTEM32\GLU32.dll
0x00007ff931850000 - 0x00007ff931894000 	C:\Windows\SYSTEM32\dxcore.dll
0x00007ff9154b0000 - 0x00007ff9154cd000 	C:\Windows\SYSTEM32\windows.staterepositorycore.dll
0x00007ff89cc20000 - 0x00007ff89faa5000 	C:\Windows\System32\DriverStore\FileRepository\nv_dispi.inf_amd64_6f3cfb7117944855\nvoglv64.dll
0x00007ff935390000 - 0x00007ff935817000 	C:\Windows\System32\SETUPAPI.dll
0x00007ff9315f0000 - 0x00007ff93161a000 	C:\Windows\SYSTEM32\WTSAPI32.dll
0x00007ff934c10000 - 0x00007ff934d88000 	C:\Windows\System32\CRYPT32.dll
0x00007ff933530000 - 0x00007ff933579000 	C:\Windows\SYSTEM32\SspiCli.dll
0x00007ff933c40000 - 0x00007ff933c53000 	C:\Windows\SYSTEM32\msasn1.dll
0x00007ff92c3a0000 - 0x00007ff92c3db000 	C:\Windows\SYSTEM32\cryptnet.dll
0x00007ff933bd0000 - 0x00007ff933c3a000 	C:\Windows\SYSTEM32\wldp.dll
0x00007ff92c220000 - 0x00007ff92c398000 	C:\Windows\SYSTEM32\drvstore.dll
0x00007ff9333b0000 - 0x00007ff9333e6000 	C:\Windows\SYSTEM32\ntmarta.dll
0x00007ff934f80000 - 0x00007ff935003000 	C:\Windows\System32\WINTRUST.dll
0x00007ff934420000 - 0x00007ff93444a000 	C:\Windows\SYSTEM32\bcrypt.dll
0x00007ff935050000 - 0x00007ff935070000 	C:\Windows\System32\imagehlp.dll
0x00007ff933b00000 - 0x00007ff933b1b000 	C:\Windows\System32\CRYPTSP.dll
0x00007ff9331e0000 - 0x00007ff933219000 	C:\Windows\system32\rsaenh.dll
0x00007ff925640000 - 0x00007ff92b44d000 	C:\Windows\System32\DriverStore\FileRepository\nv_dispi.inf_amd64_6f3cfb7117944855\nvgpucomp64.dll
0x00007ff8c0d40000 - 0x00007ff8c0e87000 	C:\Windows\system32\nvspcap64.dll
0x00007ff933ce0000 - 0x00007ff933d41000 	C:\Windows\SYSTEM32\WINSTA.dll
0x00007ff90e5c0000 - 0x00007ff90e708000 	C:\Windows\SYSTEM32\textinputframework.dll
0x00007ff92cb70000 - 0x00007ff92ce54000 	C:\Windows\SYSTEM32\CoreUIComponents.dll
0x00007ff92e5d0000 - 0x00007ff92e73a000 	C:\Windows\SYSTEM32\wintypes.dll
0x00007ff8f60f0000 - 0x00007ff8f614c000 	C:\Users\alexi\AppData\Local\Temp\lwjgl_alexi\3.4.1+2\x64\lwjgl_opengl.dll
0x00007ff8a07b0000 - 0x00007ff8a09d6000 	C:\Users\alexi\AppData\Local\Temp\lwjgl_alexi\3.4.1+2\x64\freetype.dll
0x00007ff92ff80000 - 0x00007ff9301e7000 	C:\Windows\SYSTEM32\DWrite.dll
0x00007ff917250000 - 0x00007ff917269000 	C:\Windows\SYSTEM32\USP10.dll

JVMTI agents: none

dbghelp: loaded successfully - version: 4.0.5 - missing functions: none
symbol engine: initialized successfully - sym options: 0x614 - pdb path: .;C:\Program Files\Java\jdk-25\bin;C:\Windows\SYSTEM32;C:\Windows\WinSxS\amd64_microsoft.windows.common-controls_6595b64144ccf1df_6.0.26100.8521_none_3e08b75ce33403b3;C:\Program Files\Java\jdk-25\bin\server;C:\Users\alexi\AppData\Local\Temp\imgui-java-natives\1.92.0;C:\Users\alexi\AppData\Local\Temp\lwjgl_alexi\3.4.1+2\x64;C:\Windows\System32\DriverStore\FileRepository\nv_dispi.inf_amd64_6f3cfb7117944855

VM Arguments:
jvm_args: -Dfile.encoding=UTF-8 -Duser.country=GB -Duser.language=en -Duser.variant 
java_command: com.servilious.projmtn.Game -enableDevMode
java_class_path (initial): C:\Users\alexi\Desktop\Coding Stuff\Games i try to code\ProjectMountain-Servilious-LWJGL3\build\classes\java\main;C:\Users\alexi\Desktop\Coding Stuff\Games i try to code\ProjectMountain-Servilious-LWJGL3\build\resources\main;C:\Users\alexi\.gradle\caches\modules-2\files-2.1\io.github.spair\imgui-java-app\1.92.0\f1096806f47609ab640e5379e395c052dc2c6942\imgui-java-app-1.92.0.jar;C:\Users\alexi\.gradle\caches\modules-2\files-2.1\io.github.spair\imgui-java-lwjgl3\1.92.0\172b9eb03e2f54a449d4e5a2a62ecb31695c3ca0\imgui-java-lwjgl3-1.92.0.jar;C:\Users\alexi\.gradle\caches\modules-2\files-2.1\org.lwjgl\lwjgl-freetype\3.4.1\caa75a37e857efc9b0686e434d708d6420c5b6ea\lwjgl-freetype-3.4.1.jar;C:\Users\alexi\.gradle\caches\modules-2\files-2.1\org.lwjgl\lwjgl-freetype\3.4.1\32fc9cfd236aca5433d53af78bfb15f1b4c1103e\lwjgl-freetype-3.4.1-natives-windows.jar;C:\Users\alexi\.gradle\caches\modules-2\files-2.1\org.lwjgl\lwjgl-glfw\3.4.1\a782b1ddd175c9107bf300fd92920579ea65e2a4\lwjgl-glfw-3.4.1.jar;C:\Users\alexi\.gradle\caches\modules-2\files-2.1\org.lwjgl\lwjgl-glfw\3.4.1\2eb4aa895ea190ba8cf4356f8cea24d3ebb40ea1\lwjgl-glfw-3.4.1-natives-windows.jar;C:\Users\alexi\.gradle\caches\modules-2\files-2.1\org.lwjgl\lwjgl-glfw\3.4.1\23cdf7655ce9f3b27ad90f08e73345e0d5b46362\lwjgl-glfw-3.4.1-natives-linux.jar;C:\Users\alexi\.gradle\caches\modules-2\files-2.1\org.lwjgl\lwjgl-glfw\3.4.1\3c8538942f58377d59cd7be2dc164ba71a53868a\lwjgl-glfw-3.4.1-natives-macos.jar;C:\Users\alexi\.gradle\caches\modules-2\files-2.1\org.lwjgl\lwjgl-glfw\3.4.1\ef1f8efca5a60ba3512bc4982b88e446ecc43378\lwjgl-glfw-3.4.1-natives-macos-arm64.jar;C:\Users\alexi\.gradle\caches\modules-2\files-2.1\org.lwjgl\lwjgl-jemalloc\3.4.1\16b663092854fc6adfe0a941e61cae2bb2e437b6\lwjgl-jemalloc-3.4.1.jar;C:\Users\alexi\.gradle\caches\modules-2\files-2.1\org.lwjgl\lwjgl-jemalloc\3.4.1\70db8048d1aca8a6365f46f9963b8d6cd77b9e94\lwjgl-jemalloc-3.4.1-natives-windows.jar;C:\Users\alexi\.gradle\caches\modules-2\files-2.1\org.lwjgl\lwjgl-openal\3.4.1\8508bd60589de0539aa465b78fcf838efd07ae9a\lwjgl-openal-3.4.1.jar;C:\Users\alexi\.gradle\caches\modules-2\files-2.1\org.lwjgl\lwjgl-openal\3.4.1\8e83fdfdf65c80c9877c6fb6cb645d239ed7638\lwjgl-openal-3.4.1-natives-windows.jar;C:\Users\alexi\.gradle\caches\modules-2\files-2.1\org.lwjgl\lwjgl-opengl\3.4.1\830412cab823c029cda6b9729f9d2ed36cf79959\lwjgl-opengl-3.4.1.jar;C:\Users\alexi\.gradle\caches\modules-2\files-2.1\org.lwjgl\lwjgl-opengl\3.4.1\617f37ef4e2ffb727bd5e74333e8073ef43ca1ec\lwjgl-opengl-3.4.1-natives-windows.jar;C:\Users\alexi\.gradle\caches\modules-2\files-2.1\org.lwjgl\lwjgl-opengl\3.4.1\b750599f0e75ddb19f1d0fe993f3011334b710ae\lwjgl-opengl-3.4.1-natives-linux.jar;C:\Users\alexi\.gradle\caches\modules-2\files-2.1\org.lwjgl\lwjgl-opengl\3.4.1\ba18fc6012b88494ee893506934b92b01c4ef14b\lwjgl-opengl-3.4.1-natives-macos.jar;C:\Users\alexi\.gradle\caches\modules-2\files-2.1\org.lwjgl\lwjgl-opengl\3.4.1\35b5550058de4960525f465243bd01805f04fd8b\lwjgl-opengl-3.4.1-natives-macos-arm64.jar;C:\Users\alexi\.gradle\caches\modules-2\files-2.1\org.lwjgl\lwjgl-renderdoc\3.4.1\593ca5cd6367702acb8b17014bb3bc0d29603146\lwjgl-renderdoc-3.4.1.jar;C:\Users\alexi\.gradle\caches\modules-2\files-2.1\org.lwjgl\lwjgl-stb\3.4.1\f077c3dafc31924fbe8acb0b913f08977ba27f8e\lwjgl-stb-3.4.1.jar;C:\Users\alexi\.gradle\caches\modules-2\files-2.1\org.lwjgl\lwjgl-stb\3.4.1\b4e13ece83c228ecf57354639d8555076a989d74\lwjgl-stb-3.4.1-natives-windows.jar;C:\Users\alexi\.gradle\caches\modules-2\files-2.1\org.lwjgl\lwjgl-sdl\3.4.1\ec28db6e949478044c649fea25eae43b1b161971\lwjgl-sdl-3.4.1.jar;C:\Users\alexi\.gradle\caches\modules-2\files-2.1\org.lwjgl\lwjgl-sdl\3.4.1\1da71d0ae8ff2f60a94fdb066c889c195d097607\lwjgl-sdl-3.4.1-natives-linux.jar;C:\Users\alexi\.gradle\caches\modules-2\files-2.1\org.lwjgl\lwjgl-sdl\3.4.1\b6dacfb1f46fe1cefac27b030d75b58f3644d1d3\lwjgl-sdl-3.4.1-natives-windows.jar;C:\Users\alexi\.gradle\caches\modules-2\files-2.1\org.lwjgl\lwjgl-sdl\3.4.1\ac01403f6c3b65666417185661e0ab3db0711769\lwjgl-sdl-3.4.1-natives-macos.jar;C:\Users\alexi\.gradle\caches\modules-2\files-2.1\org.lwjgl\lwjgl-sdl\3.4.1\23fcd784ae6126e49b8db333ef5015a2a58f661c\lwjgl-sdl-3.4.1-natives-macos-arm64.jar;C:\Users\alexi\.gradle\caches\modules-2\files-2.1\org.lwjgl\lwjgl\3.4.1\6105690714874b995aa7812e4f7732a21109276c\lwjgl-3.4.1.jar;C:\Users\alexi\.gradle\caches\modules-2\files-2.1\org.lwjgl\lwjgl\3.4.1\96a217f0428ab73487f114a54179a4f41e851a04\lwjgl-3.4.1-natives-windows.jar;C:\Users\alexi\.gradle\caches\modules-2\files-2.1\org.lwjgl\lwjgl\3.4.1\2734e106bd95db49fe0da8cf8bf7fd96475c436c\lwjgl-3.4.1-natives-linux.jar;C:\Users\alexi\.gradle\caches\modules-2\files-2.1\org.lwjgl\lwjgl\3.4.1\b034fd9a67cb8646c01af7efcefcb93be835542b\lwjgl-3.4.1-natives-macos.jar;C:\Users\alexi\.gradle\caches\modules-2\files-2.1\org.lwjgl\lwjgl\3.4.1\b4cbdef4818abd714ee66985344c0949fd1cd6d6\lwjgl-3.4.1-natives-macos-arm64.jar;C:\Users\alexi\.gradle\caches\modules-2\files-2.1\org.joml\joml\1.10.9\438e036486bad66b189bff385dd07dea4f74a146\joml-1.10.9.jar;C:\Users\alexi\.gradle\caches\modules-2\files-2.1\io.github.spair\imgui-java-binding\1.92.0\f56a0ef3f4c0e8c140264b92ea8bbcb5b581b3b5\imgui-java-binding-1.92.0.jar;C:\Users\alexi\.gradle\caches\modules-2\files-2.1\io.github.spair\imgui-java-natives-windows\1.92.0\eece9b8e1d62081aa6939a723d5349aba0ce174c\imgui-java-natives-windows-1.92.0.jar
Launcher Type: SUN_STANDARD

[Global flags]
     intx CICompilerCount                          = 4                                         {product} {ergonomic}
     uint ConcGCThreads                            = 3                                         {product} {ergonomic}
     uint G1ConcRefinementThreads                  = 10                                        {product} {ergonomic}
   size_t G1HeapRegionSize                         = 2097152                                   {product} {ergonomic}
   size_t InitialHeapSize                          = 264241152                                 {product} {ergonomic}
   size_t MarkStackSize                            = 4194304                                   {product} {ergonomic}
   size_t MarkStackSizeMax                         = 536870912                                 {product} {ergonomic}
   size_t MaxHeapSize                              = 4217372672                                {product} {ergonomic}
   size_t MaxNewSize                               = 2529165312                                {product} {ergonomic}
   size_t MinHeapDeltaBytes                        = 2097152                                   {product} {ergonomic}
   size_t MinHeapSize                              = 8388608                                   {product} {ergonomic}
    uintx NonNMethodCodeHeapSize                   = 5832704                                {pd product} {ergonomic}
    uintx NonProfiledCodeHeapSize                  = 122945536                              {pd product} {ergonomic}
    uintx ProfiledCodeHeapSize                     = 122880000                              {pd product} {ergonomic}
    uintx ReservedCodeCacheSize                    = 251658240                              {pd product} {ergonomic}
     bool SegmentedCodeCache                       = true                                      {product} {ergonomic}
   size_t SoftMaxHeapSize                          = 4217372672                             {manageable} {ergonomic}
     bool UseCompressedOops                        = true                           {product lp64_product} {ergonomic}
     bool UseG1GC                                  = true                                      {product} {ergonomic}
     bool UseLargePagesIndividualAllocation        = false                                  {pd product} {ergonomic}

Logging:
Log output configuration:
 #0: stdout all=warning uptime,level,tags foldmultilines=false
 #1: stderr all=off uptime,level,tags foldmultilines=false

Release file:
IMPLEMENTOR="Oracle Corporation" 
JAVA_RUNTIME_VERSION="25.0.1+8-LTS-27" 
JAVA_VERSION="25.0.1" 
JAVA_VERSION_DATE="2025-10-21" 
LIBC="default" 
MODULES="java.base java.compiler java.datatransfer java.xml java.prefs java.desktop java.instrument java.logging java.management java.security.sasl java.naming java.rmi java.management.rmi java.net.http java.scripting java.security.jgss java.transaction.xa java.sql java.sql.rowset java.xml.crypto java.se java.smartcardio jdk.accessibility jdk.internal.jvmstat jdk.attach jdk.charsets jdk.internal.opt jdk.zipfs jdk.compiler jdk.crypto.cryptoki jdk.crypto.ec jdk.crypto.mscapi jdk.dynalink jdk.internal.ed jdk.editpad jdk.internal.vm.ci jdk.graal.compiler jdk.graal.compiler.management jdk.hotspot.agent jdk.httpserver jdk.incubator.vector jdk.internal.le jdk.internal.md jdk.jartool jdk.javadoc jdk.jcmd jdk.management jdk.management.agent jdk.jconsole jdk.jdeps jdk.jdwp.agent jdk.jdi jdk.jfr jdk.jlink jdk.jpackage jdk.jshell jdk.jsobject jdk.jstatd jdk.localedata jdk.management.jfr jdk.naming.dns jdk.naming.rmi jdk.net jdk.nio.mapmode jdk.sctp jdk.security.auth jdk.security.jgss jdk.unsupported jdk.unsupported.desktop jdk.xml.dom" 
OS_ARCH="x86_64" 
OS_NAME="Windows" 
SOURCE=".:git:862c85bc42b7 open:git:78770bfaefd2" 

Environment Variables:
JAVA_HOME=C:\Program Files\Java\jdk-21.0.10
PATH=C:\Program Files\Eclipse Adoptium\jdk-8.0.482.8-hotspot\bin;C:\Windows\system32;C:\Windows;C:\Windows\System32\Wbem;C:\Windows\System32\WindowsPowerShell\v1.0\;C:\Windows\System32\OpenSSH\;C:\Program Files (x86)\NVIDIA Corporation\PhysX\Common;C:\Program Files\NVIDIA Corporation\NVIDIA App\NvDLISR;C:\Program Files\CMake\bin;C:\Program Files\Java\jdk-21.0.10\bin;C:\Program Files\Git\cmd;C:\Program Files (x86)\Microsoft ASP.NET\ASP.NET Web Pages\v1.0\;C:\Program Files\Microsoft SQL Server\110\Tools\Binn\;C:\Program Files (x86)\Windows Kits\10\Windows Performance Toolkit\;C:\Program Files\dotnet\;C:\Program Files\RenderDoc;C:\Users\alexi\AppData\Local\Programs\Eclipse Adoptium\jdk-17.0.17.10-hotspot\bin;C:\Users\alexi\AppData\Local\Microsoft\WindowsApps;C:\Program Files\RenderDoc;
USERNAME=alexi
OS=Windows_NT
PROCESSOR_IDENTIFIER=Intel64 Family 6 Model 186 Stepping 2, GenuineIntel
TMP=C:\Users\alexi\AppData\Local\Temp
TEMP=C:\Users\alexi\AppData\Local\Temp




Compilation memory statistics disabled.

Periodic native trim disabled

---------------  S Y S T E M  ---------------

OS:
 Windows 11 , 64 bit Build 26100 (10.0.26100.8521)
OS uptime: 3 days 0:22 hours
Hyper-V role detected

CPU: total 12 (initial active 12) (6 cores per cpu, 2 threads per core) family 6 model 186 stepping 2 microcode 0x4123, cx8, cmov, fxsr, ht, mmx, 3dnowpref, sse, sse2, sse3, ssse3, sse4.1, sse4.2, popcnt, lzcnt, tsc, tscinvbit, avx, avx2, aes, erms, clmul, bmi1, bmi2, adx, sha, fma, vzeroupper, clflush, clflushopt, clwb, hv, serialize, rdtscp, rdpid, fsrm, gfni, f16c, cet_ibt, cet_ss
Processor Information for processor 0
  Max Mhz: 2100, Current Mhz: 2100, Mhz Limit: 2100
Processor Information for processor 1
  Max Mhz: 2100, Current Mhz: 2100, Mhz Limit: 2100
Processor Information for processor 2
  Max Mhz: 2100, Current Mhz: 2100, Mhz Limit: 2100
Processor Information for processor 3
  Max Mhz: 2100, Current Mhz: 2100, Mhz Limit: 2100
Processor Information for processor 4
  Max Mhz: 2100, Current Mhz: 2100, Mhz Limit: 2100
Processor Information for processor 5
  Max Mhz: 2100, Current Mhz: 2100, Mhz Limit: 2100
Processor Information for processor 6
  Max Mhz: 2100, Current Mhz: 2100, Mhz Limit: 2100
Processor Information for processor 7
  Max Mhz: 2100, Current Mhz: 2100, Mhz Limit: 2100
Processor Information for processor 8
  Max Mhz: 2100, Current Mhz: 1500, Mhz Limit: 1491
Processor Information for processor 9
  Max Mhz: 2100, Current Mhz: 1500, Mhz Limit: 1491
Processor Information for processor 10
  Max Mhz: 2100, Current Mhz: 1500, Mhz Limit: 1491
Processor Information for processor 11
  Max Mhz: 2100, Current Mhz: 1500, Mhz Limit: 1491

Memory: 4k page, system-wide physical 16087M (5006M free)
TotalPageFile size 17239M (AvailPageFile size 3690M)
current process WorkingSet (physical memory assigned to process): 167M, peak: 167M
current process commit charge ("private bytes"): 449M, peak: 463M

vm_info: Java HotSpot(TM) 64-Bit Server VM (25.0.1+8-LTS-27) for windows-amd64 JRE (25.0.1+8-LTS-27), built on 2025-09-25T16:41:16Z with unknown MS VC++:1943

END.
