#
# A fatal error has been detected by the Java Runtime Environment:
#
#  EXCEPTION_ACCESS_VIOLATION (0xc0000005) at pc=0x0000000000000000, pid=7504, tid=5088
#
# JRE version: Java(TM) SE Runtime Environment (25.0.1+8) (build 25.0.1+8-LTS-27)
# Java VM: Java HotSpot(TM) 64-Bit Server VM (25.0.1+8-LTS-27, mixed mode, sharing, tiered, compressed oops, compressed class ptrs, g1 gc, windows-amd64)
# Problematic frame:
# C  [freetype.dll+0x5a7a]
#
# No core dump will be written. Minidumps are not enabled by default on client versions of Windows
#
# If you would like to submit a bug report, please visit:
#   https://bugreport.java.com/bugreport/crash.jsp
# The crash happened outside the Java Virtual Machine in native code.
# See problematic frame for where to report the bug.
#

---------------  S U M M A R Y ------------

Command Line: -Dfile.encoding=UTF-8 -Duser.country=GB -Duser.language=en -Duser.variant com.servilious.projmtn.Game -enableDevMode

Host: 13th Gen Intel(R) Core(TM) i5-13420H, 12 cores, 15G,  Windows 11 , 64 bit Build 26100 (10.0.26100.8521)
Time: Wed Jul  1 12:01:47 2026 GMT Summer Time elapsed time: 0.750012 seconds (0d 0h 0m 0s)

---------------  T H R E A D  ---------------

Current thread (0x00000291d0ef6440):  JavaThread "main"             [_thread_in_native, id=5088, stack(0x00000095b7b00000,0x00000095b7c00000) (1024K)]

Stack: [0x00000095b7b00000,0x00000095b7c00000],  sp=0x00000095b7bff050,  free space=1020k
Native frames: (J=compiled Java code, j=interpreted, Vv=VM code, C=native code)

Java frames: (J=compiled Java code, j=interpreted, Vv=VM code)
v  ~RuntimeStub::nep_invoker_blob 0x00000291e33832e8
j  java.lang.invoke.LambdaForm$MH+0x000000009010a000.invoke(Ljava/lang/Object;JJJ)I+12 java.base@25.0.1
j  java.lang.invoke.LambdaForm$MH+0x0000000090111000.invokeExact_MT(Ljava/lang/Object;JJJLjava/lang/Object;)I+23 java.base@25.0.1
j  jdk.internal.foreign.abi.DowncallStub+0x000000009010a400.invoke(Ljava/lang/foreign/SegmentAllocator;Ljava/lang/foreign/MemorySegment;JJ)I+52 java.base@25.0.1
j  java.lang.invoke.LambdaForm$DMH+0x000000009010ac00.invokeStaticInit(Ljava/lang/Object;Ljava/lang/Object;Ljava/lang/Object;JJ)I+16 java.base@25.0.1
j  java.lang.invoke.LambdaForm$MH+0x0000000090110000.invoke(Ljava/lang/Object;Ljava/lang/Object;JJ)I+43 java.base@25.0.1
j  java.lang.invoke.LambdaForm$MH+0x0000000090110800.invokeExact_MT(Ljava/lang/Object;Ljava/lang/Object;JJLjava/lang/Object;)I+23 java.base@25.0.1
j  org.lwjgl.system.JNIBindingsImpl+0x0000000090070000.invokePPI(Ljava/lang/foreign/MemorySegment;JJ)I+7
j  org.lwjgl.system.JNI.invokePPI(JJJ)I+10
j  org.lwjgl.util.freetype.FreeType.nFT_New_Library(JJ)I+9
j  org.lwjgl.util.freetype.FreeType.FT_New_Library(Lorg/lwjgl/util/freetype/FT_Memory;Lorg/lwjgl/PointerBuffer;)I+19
j  com.servilious.projmtn.Game.main([Ljava/lang/String;)V+94
v  ~StubRoutines::call_stub 0x00000291e30f12ed

siginfo: EXCEPTION_ACCESS_VIOLATION (0xc0000005), data execution prevention violation at address 0x0000000000000000


Registers:
RAX=0x0000000000000000, RBX=0x00000291f33679c8, RCX=0x00000291f8638320, RDX=0x0000000000000178
RSP=0x00000095b7bff048, RBP=0x00000095b7bff0a0, RSI=0x00000291f8815440, RDI=0x00000291f8638320
R8 =0x00000291f8638320, R9 =0x00000291f8815440, R10=0x00007ff89ce85a50, R11=0x00000291e3739b80
R12=0x0000000000000000, R13=0x00000095b7bff0b8, R14=0x00000095b7bff180, R15=0x00000291d0ef6440
RIP=0x0000000000000000, EFLAGS=0x0000000000010202

XMM[0]=0x3b3b3b3b3b3b3b3b 0x3b3b3b3b3b3b3b3b
XMM[1]=0x0000000000000000 0x0000000000000000
XMM[2]=0x2525252525252525 0x2525252525252525
XMM[3]=0x65746e692f6b646a 0x4c2800013b64656c
XMM[4]=0x013b656e696c6e49 0x6563726f462f6e6f
XMM[5]=0x78302b484d246d72 0x6f466164626d614c
XMM[6]=0x0000000000000000 0x9f1b22ef50a84614
XMM[7]=0x0000000000000000 0x91ff0dc6f74dde34
XMM[8]=0x0000000000000000 0x8e8662f20aa274b1
XMM[9]=0x0000000000000000 0xba829b1add31c85e
XMM[10]=0x0000000000000000 0x0000000022af2d44
XMM[11]=0x0000000000000000 0x11072ae0ee38f33e
XMM[12]=0x0000000000000000 0x00000000dd31c85e
XMM[13]=0x0000000000000000 0x0000000000000000
XMM[14]=0x0000000000000000 0x0000000000000000
XMM[15]=0x0000000000000000 0x0000000000000000
  MXCSR=0x00001fa0


Register to memory mapping:

RAX=0x0 is null
RBX={method} {0x00000291f33679d0} 'linkToNative' '(JJJLjava/lang/Object;)I' in 'java/lang/invoke/MethodHandle'
RCX=0x00000291f8638320 points into unknown readable memory: 0x0000000000000000 | 00 00 00 00 00 00 00 00
RDX=0x0000000000000178 is an unknown value
RSP=0x00000095b7bff048 is pointing into the stack for thread: 0x00000291d0ef6440
RBP=0x00000095b7bff0a0 is pointing into the stack for thread: 0x00000291d0ef6440
RSI=0x00000291f8815440 points into unknown readable memory: 0x0000000000000000 | 00 00 00 00 00 00 00 00
RDI=0x00000291f8638320 points into unknown readable memory: 0x0000000000000000 | 00 00 00 00 00 00 00 00
R8 =0x00000291f8638320 points into unknown readable memory: 0x0000000000000000 | 00 00 00 00 00 00 00 00
R9 =0x00000291f8815440 points into unknown readable memory: 0x0000000000000000 | 00 00 00 00 00 00 00 00
R10=0x00007ff89ce85a50 freetype.dll
R11=0x00000291e3739b80 is at entry_point+0 in (nmethod*)0x00000291e3739a88
Compiled method (n/a) 794 2286     n 0       java.lang.invoke.MethodHandle::linkToNative(JJJL)I (native)
 total in heap  [0x00000291e3739a88,0x00000291e3739b88] = 256
 main code      [0x00000291e3739b80,0x00000291e3739b87] = 7
 stub code      [0x00000291e3739b87,0x00000291e3739b88] = 1
R12=0x0 is null
R13=0x00000095b7bff0b8 is pointing into the stack for thread: 0x00000291d0ef6440
R14=0x00000095b7bff180 is pointing into the stack for thread: 0x00000291d0ef6440
R15=0x00000291d0ef6440 is a thread

Top of Stack: (sp=0x00000095b7bff048)
0x00000095b7bff048:   00007ff89ce85a7a 3ff0000000000000   zZ.............?
0x00000095b7bff058:   00000291d0ef6440 0000000000000001   @d..............
0x00000095b7bff068:   00007ff8a1f4f6c6 0000000711f0ad18   ................
0x00000095b7bff078:   00000291e3383321 00000291f33679c8   !38......y6.....
0x00000095b7bff088:   0000000090018e48 0000000000000001   H...............
0x00000095b7bff098:   fffffffe00000000 00000095b7bff138   ........8.......
0x00000095b7bff0a8:   00000291e30f8c60 00000291e30f8c60   `.......`.......
0x00000095b7bff0b8:   0000000711f0ad18 00000291f8815440   ........@T......
0x00000095b7bff0c8:   0000000000000000 00000291f8638320   ........ .c.....
0x00000095b7bff0d8:   0000000000000000 00007ff89ce85a50   ........PZ......
0x00000095b7bff0e8:   0000000000000000 fffffffffffffff7   ................
0x00000095b7bff0f8:   00000291f3928254 0000000000000009   T...............
0x00000095b7bff108:   00000291f39283f8 0000000000000000   ................
0x00000095b7bff118:   0000000711f12708 00000291f3928260   .'......`.......
0x00000095b7bff128:   fffffffffffffff0 00000095b7bff150   ........P.......
0x00000095b7bff138:   00000095b7bff1d0 00000291e30f8c60   ........`.......
0x00000095b7bff148:   0000000711f0ad18 00000291f8815440   ........@T......
0x00000095b7bff158:   0000000000000000 00000291f8638320   ........ .c.....
0x00000095b7bff168:   0000000000000000 00007ff89ce85a50   ........PZ......
0x00000095b7bff178:   0000000000000000 0000000711f12838   ........8(......
0x00000095b7bff188:   fffffffffffffff7 00000291f392e29f   ................
0x00000095b7bff198:   0000000000000009 00000291f392e460   ........`.......
0x00000095b7bff1a8:   0000000000000000 0000000711f75740   ........@W......
0x00000095b7bff1b8:   00000291f392e2b0 fffffffffffffff0   ................
0x00000095b7bff1c8:   00000095b7bff1e0 00000095b7bff268   ........h.......
0x00000095b7bff1d8:   00000291e30f8c60 0000000713fc2568   `.......h%......
0x00000095b7bff1e8:   00000291f8815440 0000000000000000   @T..............
0x00000095b7bff1f8:   00000291f8638320 0000000000000000    .c.............
0x00000095b7bff208:   00007ff89ce85a50 0000000000000000   PZ..............
0x00000095b7bff218:   0000000711f12838 fffffffffffffff7   8(..............
0x00000095b7bff228:   00000291f3928ba4 0000000000000010   ................
0x00000095b7bff238:   00000291f3928da8 0000000000000000   ................

Instructions: (pc=0x00007ff89ce85a7a)
  0x00007ff89ce8597a:   ff d0 4c 8b e0 48 85 c0 75 07 bb 40 00 00 00 eb
  0x00007ff89ce8598a:   18 48 8d 48 08 33 d2 41 b8 a8 00 00 00 e8 b4 20
  0x00007ff89ce8599a:   19 00 49 89 2c 24 4d 89 27 85 db 75 1b 4c 8b e7
  0x00007ff89ce859aa:   48 8b 84 24 88 00 00 00 48 8b 40 68 48 85 c0 74
  0x00007ff89ce859ba:   07 49 8b cc ff d0 8b d8 48 8b 44 24 20 48 8b 00
  0x00007ff89ce859ca:   f7 40 08 00 00 01 00 74 55 48 8b 45 08 ba 48 00
  0x00007ff89ce859da:   00 00 48 8b cd ff d0 48 85 c0 0f 84 4a ff ff ff
  0x00007ff89ce859ea:   0f 57 c0 33 c9 0f 11 00 33 db 0f 11 40 10 0f 11
  0x00007ff89ce859fa:   40 20 0f 11 40 30 48 89 48 40 48 89 87 e8 00 00
  0x00007ff89ce85a0a:   00 48 8b 46 78 48 89 47 10 48 89 7e 78 4d 85 f6
  0x00007ff89ce85a1a:   0f 84 9f fe ff ff 49 89 3e e9 97 fe ff ff 85 db
  0x00007ff89ce85a2a:   74 df 48 8b cf e8 bc 5a 00 00 49 8b 45 10 48 8b
  0x00007ff89ce85a3a:   d7 49 8b cd ff d0 e9 7a fe ff ff cc cc cc cc cc
  0x00007ff89ce85a4a:   cc cc cc cc cc cc 48 89 74 24 10 57 48 83 ec 20
  0x00007ff89ce85a5a:   48 8b f2 48 8b f9 48 85 c9 74 7b 48 85 d2 74 76
  0x00007ff89ce85a6a:   48 8b 41 08 ba 78 01 00 00 48 89 5c 24 30 ff d0
=>0x00007ff89ce85a7a:   48 8b d8 48 85 c0 74 49 48 8d 48 14 33 d2 41 b8
  0x00007ff89ce85a8a:   5c 01 00 00 e8 bd 1f 19 00 48 c7 83 70 01 00 00
  0x00007ff89ce85a9a:   01 00 00 00 33 c0 48 89 3b c7 43 08 02 00 00 00
  0x00007ff89ce85aaa:   c7 43 0c 0e 00 00 00 c7 43 10 01 00 00 00 48 89
  0x00007ff89ce85aba:   1e 48 8b 5c 24 30 48 8b 74 24 38 48 83 c4 20 5f
  0x00007ff89ce85aca:   c3 48 8b 5c 24 30 b8 40 00 00 00 48 8b 74 24 38
  0x00007ff89ce85ada:   48 83 c4 20 5f c3 48 8b 74 24 38 b8 06 00 00 00
  0x00007ff89ce85aea:   48 83 c4 20 5f c3 48 83 ec 78 41 8b c1 48 85 d2
  0x00007ff89ce85afa:   75 0a b8 06 00 00 00 48 83 c4 78 c3 4c 8b 8c 24
  0x00007ff89ce85b0a:   a0 00 00 00 48 89 54 24 38 48 8d 54 24 30 44 89
  0x00007ff89ce85b1a:   44 24 40 44 8b c0 c7 44 24 30 01 00 00 00 48 c7
  0x00007ff89ce85b2a:   44 24 50 00 00 00 00 c6 44 24 20 01 e8 a5 6b 00
  0x00007ff89ce85b3a:   00 48 83 c4 78 c3 40 55 41 54 48 83 ec 38 4c 8b
  0x00007ff89ce85b4a:   e2 48 8b e9 48 85 c9 75 0d b8 23 00 00 00 48 83
  0x00007ff89ce85b5a:   c4 38 41 5c 5d c3 48 89 5c 24 58 4d 85 e4 75 12
  0x00007ff89ce85b6a:   48 8b 5c 24 58 b8 06 00 00 00 48 83 c4 38 41 5c


Stack slot to memory mapping:

stack at sp + 0 slots: 0x3ff0000000000000 is an unknown value
stack at sp + 1 slots: 0x00000291d0ef6440 is a thread
stack at sp + 2 slots: 0x0000000000000001 is an unknown value
stack at sp + 3 slots: 0x00007ff8a1f4f6c6 jvm.dll
stack at sp + 4 slots: 0x0000000711f0ad18 is an oop: jdk.internal.foreign.abi.NativeEntryPoint 
{0x0000000711f0ad18} - klass: 'jdk/internal/foreign/abi/NativeEntryPoint' - flags: 

 - ---- fields (total size 3 words):
 - private final 'methodType' 'Ljava/lang/invoke/MethodType;' @12  a 'java/lang/invoke/MethodType'{0x0000000713fc2568} = (JJJ)I (0xe27f84ad)
 - private final 'downcallStubAddress' 'J' @16  2825605624544 (0x00000291e33832e0)
stack at sp + 5 slots: 0x00000291e3383321 is at code_begin+65 in 
[CodeBlob kind:6 (0x00000291e3383288)]
Framesize: 6
Runtime Stub (0x00000291e3383288): nep_invoker_blob
--------------------------------------------------------------------------------
Decoding CodeBlob, name: nep_invoker_blob, at  [0x00000291e33832e0, 0x00000291e33833e8]  264 bytes
[MachCode]
  0x00000291e33832e0: 5548 8bec | 4883 ec20 | c5f8 7749 | 89af 3804 | 0000 49ba | e832 38e3 | 9102 0000 | 4d89 9730 
  0x00000291e3383300: 0400 0049 | 89a7 2804 | 0000 41c7 | 87d4 0400 | 0004 0000 | 004c 8bd2 | 498b d149 | 8bc8 41ff 
  0x00000291e3383320: d2c5 f877 | 41c7 87d4 | 0400 0005 | 0000 00f0 | 8344 24c0 | 0049 3b6f | 280f 874d | 0000 0041 
  0x00000291e3383340: 83bf d004 | 0000 000f | 853f 0000 | 0041 c787 | d404 0000 | 0800 0000 | 4183 bf50 | 0500 0002 
  0x00000291e3383360: 0f84 5300 | 0000 49c7 | 8728 0400 | 0000 0000 | 0049 c787 | 3804 0000 | 0000 0000 | 49c7 8730 
  0x00000291e3383380: 0400 0000 | 0000 00c5 | f877 c9c3 | 4889 0424 | 498b cfc5 | f877 4c8b | e448 83ec | 2048 83e4 
  0x00000291e33833a0: f048 b8a0 | acf4 a1f8 | 7f00 00ff | d049 8be4 | 4d33 e448 | 8b04 24eb | 9448 8904 | 24c5 f877 
  0x00000291e33833c0: 4c8b e448 | 83ec 2048 | 83e4 f048 | b810 f72d | a2f8 7f00 | 00ff d049 | 8be4 4d33 | e448 8b04 
  0x00000291e33833e0: 24eb 83f4 | f4f4 f4f4 
[/MachCode]
--------------------------------------------------------------------------------
stack at sp + 6 slots: {method} {0x00000291f33679d0} 'linkToNative' '(JJJLjava/lang/Object;)I' in 'java/lang/invoke/MethodHandle'
stack at sp + 7 slots: 0x0000000090018e48 is a pointer to class: 
java.lang.invoke.NativeMethodHandle {0x0000000090018e50}
 - instance size:     5
 - klass size:        108
 - access:            final synchronized 
 - flags:             rewritten has_nonstatic_fields defined_by_boot_loader has_localvariable_table has_final_method has_resolved_methods 
 - state:             fully_initialized
 - name:              'java/lang/invoke/NativeMethodHandle'
 - super:             'java/lang/invoke/MethodHandle'
 - sub:               
 - arrays:            null
 - methods:           Array<T>(0x00000291f31a66c8)
 - method ordering:   Array<T>(0x000000008f720208)
 - local interfaces:  Array<T>(0x000000008f6a06a8)
 - trans. interfaces: Array<T>(0x000000008f80cf70)
 - secondary supers: Array<T>(0x000000008f80cf70)
 - hash_slot:         34
 - secondary bitmap: 0x8000000000000000
 - constants:         constant pool [266] {0x00000291f31a5d40} for 'java/lang/invoke/NativeMethodHandle' cache=0x00000291f32dcf98
 - class loader data:  loader data: 0x00000291f2858e40 of 'bootstrap'
 - source file:       'NativeMethodHandle.java'
 - inner classes:     Array<T>(0x00000291f31a72b8)
 - nest members:     Array<T>(0x00000291f31a72f0)
 - permitted subclasses:     Array<T>(0x000000008f6a06a0)
 - java mirror:       a 'java/lang/Class'{0x0000000713f911e8} = 'java/lang/invoke/NativeMethodHandle'
 - vtable length      43  (start addr: 0x0000000090019020)
 - itable length      5 (start addr: 0x0000000090019178)
 - ---- static fields (1 words):
 - private static final 'IMPL_NAMES' 'Ljava/lang/invoke/MemberName$Factory;' @120 
 - static final synthetic '$assertionsDisabled' 'Z' @124 
 - ---- non-static fields (6 words):
 - private 'customizationCount' 'B' @12 
 - private volatile 'updateInProgress' 'Z' @13 
 - private final 'type' 'Ljava/lang/invoke/MethodType;' @16 
 - final 'form' 'Ljava/lang/invoke/LambdaForm;' @20 
 - private 'asTypeCache' 'Ljava/lang/invoke/MethodHandle;' @24 
 - private 'asTypeSoftCache' 'Ljava/lang/ref/SoftReference;' @28 
 - final 'nep' 'Ljdk/internal/foreign/abi/NativeEntryPoint;' @32 
 - non-static oop maps (1 entries): 16-32 

Lock stack of current Java thread (top to bottom):

--------------------------------------------------------------------------------
Decoding CodeBlob, name: nep_invoker_blob, at  [0x00000291e33832e0, 0x00000291e33833e8]  264 bytes
[MachCode]
  0x00000291e33832e0: 5548 8bec | 4883 ec20 | c5f8 7749 | 89af 3804 | 0000 49ba | e832 38e3 | 9102 0000 | 4d89 9730 
  0x00000291e3383300: 0400 0049 | 89a7 2804 | 0000 41c7 | 87d4 0400 | 0004 0000 | 004c 8bd2 | 498b d149 | 8bc8 41ff 
  0x00000291e3383320: d2c5 f877 | 41c7 87d4 | 0400 0005 | 0000 00f0 | 8344 24c0 | 0049 3b6f | 280f 874d | 0000 0041 
  0x00000291e3383340: 83bf d004 | 0000 000f | 853f 0000 | 0041 c787 | d404 0000 | 0800 0000 | 4183 bf50 | 0500 0002 
  0x00000291e3383360: 0f84 5300 | 0000 49c7 | 8728 0400 | 0000 0000 | 0049 c787 | 3804 0000 | 0000 0000 | 49c7 8730 
  0x00000291e3383380: 0400 0000 | 0000 00c5 | f877 c9c3 | 4889 0424 | 498b cfc5 | f877 4c8b | e448 83ec | 2048 83e4 
  0x00000291e33833a0: f048 b8a0 | acf4 a1f8 | 7f00 00ff | d049 8be4 | 4d33 e448 | 8b04 24eb | 9448 8904 | 24c5 f877 
  0x00000291e33833c0: 4c8b e448 | 83ec 2048 | 83e4 f048 | b810 f72d | a2f8 7f00 | 00ff d049 | 8be4 4d33 | e448 8b04 
  0x00000291e33833e0: 24eb 83f4 | f4f4 f4f4 
[/MachCode]
--------------------------------------------------------------------------------


---------------  P R O C E S S  ---------------

Threads class SMR info:
_java_thread_list=0x00000291f7a77120, length=13, elements={
0x00000291d0ef6440, 0x00000291f29b4f70, 0x00000291f29b59d0, 0x00000291f29bc0b0,
0x00000291f29c4a30, 0x00000291f29c4260, 0x00000291f29c32c0, 0x00000291f29ef820,
0x00000291f29f0a30, 0x00000291f29c2320, 0x00000291f29c1380, 0x00000291f84fc060,
0x00000291f84fcd90
}

Java Threads: ( => current thread )
=>0x00000291d0ef6440 JavaThread "main"                              [_thread_in_native, id=5088, stack(0x00000095b7b00000,0x00000095b7c00000) (1024K)]
  0x00000291f29b4f70 JavaThread "Reference Handler"          daemon [_thread_blocked, id=2972, stack(0x00000095b8300000,0x00000095b8400000) (1024K)]
  0x00000291f29b59d0 JavaThread "Finalizer"                  daemon [_thread_blocked, id=20392, stack(0x00000095b8400000,0x00000095b8500000) (1024K)]
  0x00000291f29bc0b0 JavaThread "Signal Dispatcher"          daemon [_thread_blocked, id=5968, stack(0x00000095b8500000,0x00000095b8600000) (1024K)]
  0x00000291f29c4a30 JavaThread "Attach Listener"            daemon [_thread_blocked, id=828, stack(0x00000095b8600000,0x00000095b8700000) (1024K)]
  0x00000291f29c4260 JavaThread "Service Thread"             daemon [_thread_blocked, id=22120, stack(0x00000095b8700000,0x00000095b8800000) (1024K)]
  0x00000291f29c32c0 JavaThread "Monitor Deflation Thread"   daemon [_thread_blocked, id=3224, stack(0x00000095b8800000,0x00000095b8900000) (1024K)]
  0x00000291f29ef820 JavaThread "C2 CompilerThread0"         daemon [_thread_blocked, id=20540, stack(0x00000095b8900000,0x00000095b8a00000) (1024K)]
  0x00000291f29f0a30 JavaThread "C1 CompilerThread0"         daemon [_thread_blocked, id=21900, stack(0x00000095b8a00000,0x00000095b8b00000) (1024K)]
  0x00000291f29c2320 JavaThread "Notification Thread"        daemon [_thread_blocked, id=3400, stack(0x00000095b8b00000,0x00000095b8c00000) (1024K)]
  0x00000291f29c1380 JavaThread "Common-Cleaner"             daemon [_thread_blocked, id=7300, stack(0x00000095b8c00000,0x00000095b8d00000) (1024K)]
  0x00000291f84fc060 JavaThread "C2 CompilerThread1"         daemon [_thread_blocked, id=22628, stack(0x00000095b8d00000,0x00000095b8e00000) (1024K)]
  0x00000291f84fcd90 JavaThread "C2 CompilerThread2"         daemon [_thread_blocked, id=24048, stack(0x00000095b8e00000,0x00000095b8f00000) (1024K)]
Total: 13

Other Threads:
  0x00000291f29a0150 VMThread "VM Thread"                           [id=21300, stack(0x00000095b8200000,0x00000095b8300000) (1024K)]
  0x00000291f2991e30 WatcherThread "VM Periodic Task Thread"        [id=8224, stack(0x00000095b8100000,0x00000095b8200000) (1024K)]
  0x00000291d33ad370 WorkerThread "GC Thread#0"                     [id=19292, stack(0x00000095b7c00000,0x00000095b7d00000) (1024K)]
  0x00000291d33c71d0 ConcurrentGCThread "G1 Main Marker"            [id=19572, stack(0x00000095b7d00000,0x00000095b7e00000) (1024K)]
  0x00000291d33c8ae0 WorkerThread "G1 Conc#0"                       [id=9464, stack(0x00000095b7e00000,0x00000095b7f00000) (1024K)]
  0x00000291f2854270 ConcurrentGCThread "G1 Refine#0"               [id=13476, stack(0x00000095b7f00000,0x00000095b8000000) (1024K)]
  0x00000291f2856b40 ConcurrentGCThread "G1 Service"                [id=20088, stack(0x00000095b8000000,0x00000095b8100000) (1024K)]
Total: 7

Threads with active compile tasks:
Total: 0

VM state: not at safepoint (normal execution)

VM Mutex/Monitor currently owned by a thread: None

Heap address: 0x0000000704a00000, size: 4022 MB, Compressed Oops mode: Zero based, Oop shift amount: 3

CDS archive(s) mapped at: [0x000000008f000000-0x000000008fdd0000-0x000000008fdd0000), size 14483456, SharedBaseAddress: 0x000000008f000000, ArchiveRelocationMode: 1.
Compressed class space mapped at: 0x0000000090000000-0x00000000d0000000, reserved size: 1073741824
UseCompressedClassPointers 1, UseCompactObjectHeaders 0
Narrow klass pointer bits 32, Max shift 3
Narrow klass base: 0x000000008f000000, Narrow klass shift: 0
Encoding Range: [0x000000008f000000 - 0x000000018f000000), (4294967296 bytes)
Klass Range:    [0x000000008f010000 - 0x00000000d0000000), (1090453504 bytes)
Klass ID Range:  [65536 - 1090519033) (1090453497)
Protection zone: [0x000000008f000000 - 0x000000008f010000), (65536 bytes)

GC Precious Log:
 CardTable entry size: 512
 Card Set container configuration: InlinePtr #cards 4 size 8 Array Of Cards #cards 16 size 48 Howl #buckets 8 coarsen threshold 3686 Howl Bitmap #cards 512 size 80 coarsen threshold 460 Card regions per heap region 1 cards per card region 4096
 CPUs: 12 total, 12 available
 Memory: 16087M
 Large Page Support: Disabled
 NUMA Support: Disabled
 Compressed Oops: Enabled (Zero based)
 Heap Region Size: 2M
 Heap Min Capacity: 8M
 Heap Initial Capacity: 252M
 Heap Max Capacity: 4022M
 Pre-touch: Disabled
 Parallel Workers: 10
 Concurrent Workers: 3
 Concurrent Refinement Workers: 10
 Periodic GC: Disabled

Heap:
 garbage-first heap   total reserved 4118528K, committed 260096K, used 38037K [0x0000000704a00000, 0x0000000800000000)
  region size 2048K, 20 young (40960K), 0 survivors (0K)

Heap Regions: E=young(eden), S=young(survivor), O=old, HS=humongous(starts), HC=humongous(continues), CS=collection set, F=free, TAMS=top-at-mark-start, PB=parsable bottom
|   0|0x0000000704a00000, 0x0000000704a00000, 0x0000000704c00000|  0%| F|  |TAMS 0x0000000704a00000| PB 0x0000000704a00000| Untracked |  0
|   1|0x0000000704c00000, 0x0000000704c00000, 0x0000000704e00000|  0%| F|  |TAMS 0x0000000704c00000| PB 0x0000000704c00000| Untracked |  0
|   2|0x0000000704e00000, 0x0000000704e00000, 0x0000000705000000|  0%| F|  |TAMS 0x0000000704e00000| PB 0x0000000704e00000| Untracked |  0
|   3|0x0000000705000000, 0x0000000705000000, 0x0000000705200000|  0%| F|  |TAMS 0x0000000705000000| PB 0x0000000705000000| Untracked |  0
|   4|0x0000000705200000, 0x0000000705200000, 0x0000000705400000|  0%| F|  |TAMS 0x0000000705200000| PB 0x0000000705200000| Untracked |  0
|   5|0x0000000705400000, 0x0000000705400000, 0x0000000705600000|  0%| F|  |TAMS 0x0000000705400000| PB 0x0000000705400000| Untracked |  0
|   6|0x0000000705600000, 0x0000000705600000, 0x0000000705800000|  0%| F|  |TAMS 0x0000000705600000| PB 0x0000000705600000| Untracked |  0
|   7|0x0000000705800000, 0x0000000705800000, 0x0000000705a00000|  0%| F|  |TAMS 0x0000000705800000| PB 0x0000000705800000| Untracked |  0
|   8|0x0000000705a00000, 0x0000000705a00000, 0x0000000705c00000|  0%| F|  |TAMS 0x0000000705a00000| PB 0x0000000705a00000| Untracked |  0
|   9|0x0000000705c00000, 0x0000000705c00000, 0x0000000705e00000|  0%| F|  |TAMS 0x0000000705c00000| PB 0x0000000705c00000| Untracked |  0
|  10|0x0000000705e00000, 0x0000000705e00000, 0x0000000706000000|  0%| F|  |TAMS 0x0000000705e00000| PB 0x0000000705e00000| Untracked |  0
|  11|0x0000000706000000, 0x0000000706000000, 0x0000000706200000|  0%| F|  |TAMS 0x0000000706000000| PB 0x0000000706000000| Untracked |  0
|  12|0x0000000706200000, 0x0000000706200000, 0x0000000706400000|  0%| F|  |TAMS 0x0000000706200000| PB 0x0000000706200000| Untracked |  0
|  13|0x0000000706400000, 0x0000000706400000, 0x0000000706600000|  0%| F|  |TAMS 0x0000000706400000| PB 0x0000000706400000| Untracked |  0
|  14|0x0000000706600000, 0x0000000706600000, 0x0000000706800000|  0%| F|  |TAMS 0x0000000706600000| PB 0x0000000706600000| Untracked |  0
|  15|0x0000000706800000, 0x0000000706800000, 0x0000000706a00000|  0%| F|  |TAMS 0x0000000706800000| PB 0x0000000706800000| Untracked |  0
|  16|0x0000000706a00000, 0x0000000706a00000, 0x0000000706c00000|  0%| F|  |TAMS 0x0000000706a00000| PB 0x0000000706a00000| Untracked |  0
|  17|0x0000000706c00000, 0x0000000706c00000, 0x0000000706e00000|  0%| F|  |TAMS 0x0000000706c00000| PB 0x0000000706c00000| Untracked |  0
|  18|0x0000000706e00000, 0x0000000706e00000, 0x0000000707000000|  0%| F|  |TAMS 0x0000000706e00000| PB 0x0000000706e00000| Untracked |  0
|  19|0x0000000707000000, 0x0000000707000000, 0x0000000707200000|  0%| F|  |TAMS 0x0000000707000000| PB 0x0000000707000000| Untracked |  0
|  20|0x0000000707200000, 0x0000000707200000, 0x0000000707400000|  0%| F|  |TAMS 0x0000000707200000| PB 0x0000000707200000| Untracked |  0
|  21|0x0000000707400000, 0x0000000707400000, 0x0000000707600000|  0%| F|  |TAMS 0x0000000707400000| PB 0x0000000707400000| Untracked |  0
|  22|0x0000000707600000, 0x0000000707600000, 0x0000000707800000|  0%| F|  |TAMS 0x0000000707600000| PB 0x0000000707600000| Untracked |  0
|  23|0x0000000707800000, 0x0000000707800000, 0x0000000707a00000|  0%| F|  |TAMS 0x0000000707800000| PB 0x0000000707800000| Untracked |  0
|  24|0x0000000707a00000, 0x0000000707a00000, 0x0000000707c00000|  0%| F|  |TAMS 0x0000000707a00000| PB 0x0000000707a00000| Untracked |  0
|  25|0x0000000707c00000, 0x0000000707c00000, 0x0000000707e00000|  0%| F|  |TAMS 0x0000000707c00000| PB 0x0000000707c00000| Untracked |  0
|  26|0x0000000707e00000, 0x0000000707e00000, 0x0000000708000000|  0%| F|  |TAMS 0x0000000707e00000| PB 0x0000000707e00000| Untracked |  0
|  27|0x0000000708000000, 0x0000000708000000, 0x0000000708200000|  0%| F|  |TAMS 0x0000000708000000| PB 0x0000000708000000| Untracked |  0
|  28|0x0000000708200000, 0x0000000708200000, 0x0000000708400000|  0%| F|  |TAMS 0x0000000708200000| PB 0x0000000708200000| Untracked |  0
|  29|0x0000000708400000, 0x0000000708400000, 0x0000000708600000|  0%| F|  |TAMS 0x0000000708400000| PB 0x0000000708400000| Untracked |  0
|  30|0x0000000708600000, 0x0000000708600000, 0x0000000708800000|  0%| F|  |TAMS 0x0000000708600000| PB 0x0000000708600000| Untracked |  0
|  31|0x0000000708800000, 0x0000000708800000, 0x0000000708a00000|  0%| F|  |TAMS 0x0000000708800000| PB 0x0000000708800000| Untracked |  0
|  32|0x0000000708a00000, 0x0000000708a00000, 0x0000000708c00000|  0%| F|  |TAMS 0x0000000708a00000| PB 0x0000000708a00000| Untracked |  0
|  33|0x0000000708c00000, 0x0000000708c00000, 0x0000000708e00000|  0%| F|  |TAMS 0x0000000708c00000| PB 0x0000000708c00000| Untracked |  0
|  34|0x0000000708e00000, 0x0000000708e00000, 0x0000000709000000|  0%| F|  |TAMS 0x0000000708e00000| PB 0x0000000708e00000| Untracked |  0
|  35|0x0000000709000000, 0x0000000709000000, 0x0000000709200000|  0%| F|  |TAMS 0x0000000709000000| PB 0x0000000709000000| Untracked |  0
|  36|0x0000000709200000, 0x0000000709200000, 0x0000000709400000|  0%| F|  |TAMS 0x0000000709200000| PB 0x0000000709200000| Untracked |  0
|  37|0x0000000709400000, 0x0000000709400000, 0x0000000709600000|  0%| F|  |TAMS 0x0000000709400000| PB 0x0000000709400000| Untracked |  0
|  38|0x0000000709600000, 0x0000000709600000, 0x0000000709800000|  0%| F|  |TAMS 0x0000000709600000| PB 0x0000000709600000| Untracked |  0
|  39|0x0000000709800000, 0x0000000709800000, 0x0000000709a00000|  0%| F|  |TAMS 0x0000000709800000| PB 0x0000000709800000| Untracked |  0
|  40|0x0000000709a00000, 0x0000000709a00000, 0x0000000709c00000|  0%| F|  |TAMS 0x0000000709a00000| PB 0x0000000709a00000| Untracked |  0
|  41|0x0000000709c00000, 0x0000000709c00000, 0x0000000709e00000|  0%| F|  |TAMS 0x0000000709c00000| PB 0x0000000709c00000| Untracked |  0
|  42|0x0000000709e00000, 0x0000000709e00000, 0x000000070a000000|  0%| F|  |TAMS 0x0000000709e00000| PB 0x0000000709e00000| Untracked |  0
|  43|0x000000070a000000, 0x000000070a000000, 0x000000070a200000|  0%| F|  |TAMS 0x000000070a000000| PB 0x000000070a000000| Untracked |  0
|  44|0x000000070a200000, 0x000000070a200000, 0x000000070a400000|  0%| F|  |TAMS 0x000000070a200000| PB 0x000000070a200000| Untracked |  0
|  45|0x000000070a400000, 0x000000070a400000, 0x000000070a600000|  0%| F|  |TAMS 0x000000070a400000| PB 0x000000070a400000| Untracked |  0
|  46|0x000000070a600000, 0x000000070a600000, 0x000000070a800000|  0%| F|  |TAMS 0x000000070a600000| PB 0x000000070a600000| Untracked |  0
|  47|0x000000070a800000, 0x000000070a800000, 0x000000070aa00000|  0%| F|  |TAMS 0x000000070a800000| PB 0x000000070a800000| Untracked |  0
|  48|0x000000070aa00000, 0x000000070aa00000, 0x000000070ac00000|  0%| F|  |TAMS 0x000000070aa00000| PB 0x000000070aa00000| Untracked |  0
|  49|0x000000070ac00000, 0x000000070ac00000, 0x000000070ae00000|  0%| F|  |TAMS 0x000000070ac00000| PB 0x000000070ac00000| Untracked |  0
|  50|0x000000070ae00000, 0x000000070ae00000, 0x000000070b000000|  0%| F|  |TAMS 0x000000070ae00000| PB 0x000000070ae00000| Untracked |  0
|  51|0x000000070b000000, 0x000000070b000000, 0x000000070b200000|  0%| F|  |TAMS 0x000000070b000000| PB 0x000000070b000000| Untracked |  0
|  52|0x000000070b200000, 0x000000070b200000, 0x000000070b400000|  0%| F|  |TAMS 0x000000070b200000| PB 0x000000070b200000| Untracked |  0
|  53|0x000000070b400000, 0x000000070b400000, 0x000000070b600000|  0%| F|  |TAMS 0x000000070b400000| PB 0x000000070b400000| Untracked |  0
|  54|0x000000070b600000, 0x000000070b600000, 0x000000070b800000|  0%| F|  |TAMS 0x000000070b600000| PB 0x000000070b600000| Untracked |  0
|  55|0x000000070b800000, 0x000000070b800000, 0x000000070ba00000|  0%| F|  |TAMS 0x000000070b800000| PB 0x000000070b800000| Untracked |  0
|  56|0x000000070ba00000, 0x000000070ba00000, 0x000000070bc00000|  0%| F|  |TAMS 0x000000070ba00000| PB 0x000000070ba00000| Untracked |  0
|  57|0x000000070bc00000, 0x000000070bc00000, 0x000000070be00000|  0%| F|  |TAMS 0x000000070bc00000| PB 0x000000070bc00000| Untracked |  0
|  58|0x000000070be00000, 0x000000070be00000, 0x000000070c000000|  0%| F|  |TAMS 0x000000070be00000| PB 0x000000070be00000| Untracked |  0
|  59|0x000000070c000000, 0x000000070c000000, 0x000000070c200000|  0%| F|  |TAMS 0x000000070c000000| PB 0x000000070c000000| Untracked |  0
|  60|0x000000070c200000, 0x000000070c200000, 0x000000070c400000|  0%| F|  |TAMS 0x000000070c200000| PB 0x000000070c200000| Untracked |  0
|  61|0x000000070c400000, 0x000000070c400000, 0x000000070c600000|  0%| F|  |TAMS 0x000000070c400000| PB 0x000000070c400000| Untracked |  0
|  62|0x000000070c600000, 0x000000070c600000, 0x000000070c800000|  0%| F|  |TAMS 0x000000070c600000| PB 0x000000070c600000| Untracked |  0
|  63|0x000000070c800000, 0x000000070c800000, 0x000000070ca00000|  0%| F|  |TAMS 0x000000070c800000| PB 0x000000070c800000| Untracked |  0
|  64|0x000000070ca00000, 0x000000070ca00000, 0x000000070cc00000|  0%| F|  |TAMS 0x000000070ca00000| PB 0x000000070ca00000| Untracked |  0
|  65|0x000000070cc00000, 0x000000070cc00000, 0x000000070ce00000|  0%| F|  |TAMS 0x000000070cc00000| PB 0x000000070cc00000| Untracked |  0
|  66|0x000000070ce00000, 0x000000070ce00000, 0x000000070d000000|  0%| F|  |TAMS 0x000000070ce00000| PB 0x000000070ce00000| Untracked |  0
|  67|0x000000070d000000, 0x000000070d000000, 0x000000070d200000|  0%| F|  |TAMS 0x000000070d000000| PB 0x000000070d000000| Untracked |  0
|  68|0x000000070d200000, 0x000000070d200000, 0x000000070d400000|  0%| F|  |TAMS 0x000000070d200000| PB 0x000000070d200000| Untracked |  0
|  69|0x000000070d400000, 0x000000070d400000, 0x000000070d600000|  0%| F|  |TAMS 0x000000070d400000| PB 0x000000070d400000| Untracked |  0
|  70|0x000000070d600000, 0x000000070d600000, 0x000000070d800000|  0%| F|  |TAMS 0x000000070d600000| PB 0x000000070d600000| Untracked |  0
|  71|0x000000070d800000, 0x000000070d800000, 0x000000070da00000|  0%| F|  |TAMS 0x000000070d800000| PB 0x000000070d800000| Untracked |  0
|  72|0x000000070da00000, 0x000000070da00000, 0x000000070dc00000|  0%| F|  |TAMS 0x000000070da00000| PB 0x000000070da00000| Untracked |  0
|  73|0x000000070dc00000, 0x000000070dc00000, 0x000000070de00000|  0%| F|  |TAMS 0x000000070dc00000| PB 0x000000070dc00000| Untracked |  0
|  74|0x000000070de00000, 0x000000070de00000, 0x000000070e000000|  0%| F|  |TAMS 0x000000070de00000| PB 0x000000070de00000| Untracked |  0
|  75|0x000000070e000000, 0x000000070e000000, 0x000000070e200000|  0%| F|  |TAMS 0x000000070e000000| PB 0x000000070e000000| Untracked |  0
|  76|0x000000070e200000, 0x000000070e200000, 0x000000070e400000|  0%| F|  |TAMS 0x000000070e200000| PB 0x000000070e200000| Untracked |  0
|  77|0x000000070e400000, 0x000000070e400000, 0x000000070e600000|  0%| F|  |TAMS 0x000000070e400000| PB 0x000000070e400000| Untracked |  0
|  78|0x000000070e600000, 0x000000070e600000, 0x000000070e800000|  0%| F|  |TAMS 0x000000070e600000| PB 0x000000070e600000| Untracked |  0
|  79|0x000000070e800000, 0x000000070e800000, 0x000000070ea00000|  0%| F|  |TAMS 0x000000070e800000| PB 0x000000070e800000| Untracked |  0
|  80|0x000000070ea00000, 0x000000070ea00000, 0x000000070ec00000|  0%| F|  |TAMS 0x000000070ea00000| PB 0x000000070ea00000| Untracked |  0
|  81|0x000000070ec00000, 0x000000070ec00000, 0x000000070ee00000|  0%| F|  |TAMS 0x000000070ec00000| PB 0x000000070ec00000| Untracked |  0
|  82|0x000000070ee00000, 0x000000070ee00000, 0x000000070f000000|  0%| F|  |TAMS 0x000000070ee00000| PB 0x000000070ee00000| Untracked |  0
|  83|0x000000070f000000, 0x000000070f000000, 0x000000070f200000|  0%| F|  |TAMS 0x000000070f000000| PB 0x000000070f000000| Untracked |  0
|  84|0x000000070f200000, 0x000000070f200000, 0x000000070f400000|  0%| F|  |TAMS 0x000000070f200000| PB 0x000000070f200000| Untracked |  0
|  85|0x000000070f400000, 0x000000070f400000, 0x000000070f600000|  0%| F|  |TAMS 0x000000070f400000| PB 0x000000070f400000| Untracked |  0
|  86|0x000000070f600000, 0x000000070f600000, 0x000000070f800000|  0%| F|  |TAMS 0x000000070f600000| PB 0x000000070f600000| Untracked |  0
|  87|0x000000070f800000, 0x000000070f800000, 0x000000070fa00000|  0%| F|  |TAMS 0x000000070f800000| PB 0x000000070f800000| Untracked |  0
|  88|0x000000070fa00000, 0x000000070fa00000, 0x000000070fc00000|  0%| F|  |TAMS 0x000000070fa00000| PB 0x000000070fa00000| Untracked |  0
|  89|0x000000070fc00000, 0x000000070fc00000, 0x000000070fe00000|  0%| F|  |TAMS 0x000000070fc00000| PB 0x000000070fc00000| Untracked |  0
|  90|0x000000070fe00000, 0x000000070fe00000, 0x0000000710000000|  0%| F|  |TAMS 0x000000070fe00000| PB 0x000000070fe00000| Untracked |  0
|  91|0x0000000710000000, 0x0000000710000000, 0x0000000710200000|  0%| F|  |TAMS 0x0000000710000000| PB 0x0000000710000000| Untracked |  0
|  92|0x0000000710200000, 0x0000000710200000, 0x0000000710400000|  0%| F|  |TAMS 0x0000000710200000| PB 0x0000000710200000| Untracked |  0
|  93|0x0000000710400000, 0x0000000710400000, 0x0000000710600000|  0%| F|  |TAMS 0x0000000710400000| PB 0x0000000710400000| Untracked |  0
|  94|0x0000000710600000, 0x0000000710600000, 0x0000000710800000|  0%| F|  |TAMS 0x0000000710600000| PB 0x0000000710600000| Untracked |  0
|  95|0x0000000710800000, 0x0000000710800000, 0x0000000710a00000|  0%| F|  |TAMS 0x0000000710800000| PB 0x0000000710800000| Untracked |  0
|  96|0x0000000710a00000, 0x0000000710a00000, 0x0000000710c00000|  0%| F|  |TAMS 0x0000000710a00000| PB 0x0000000710a00000| Untracked |  0
|  97|0x0000000710c00000, 0x0000000710c00000, 0x0000000710e00000|  0%| F|  |TAMS 0x0000000710c00000| PB 0x0000000710c00000| Untracked |  0
|  98|0x0000000710e00000, 0x0000000710e00000, 0x0000000711000000|  0%| F|  |TAMS 0x0000000710e00000| PB 0x0000000710e00000| Untracked |  0
|  99|0x0000000711000000, 0x0000000711000000, 0x0000000711200000|  0%| F|  |TAMS 0x0000000711000000| PB 0x0000000711000000| Untracked |  0
| 100|0x0000000711200000, 0x0000000711200000, 0x0000000711400000|  0%| F|  |TAMS 0x0000000711200000| PB 0x0000000711200000| Untracked |  0
| 101|0x0000000711400000, 0x0000000711400000, 0x0000000711600000|  0%| F|  |TAMS 0x0000000711400000| PB 0x0000000711400000| Untracked |  0
| 102|0x0000000711600000, 0x0000000711600000, 0x0000000711800000|  0%| F|  |TAMS 0x0000000711600000| PB 0x0000000711600000| Untracked |  0
| 103|0x0000000711800000, 0x0000000711800000, 0x0000000711a00000|  0%| F|  |TAMS 0x0000000711800000| PB 0x0000000711800000| Untracked |  0
| 104|0x0000000711a00000, 0x0000000711a00000, 0x0000000711c00000|  0%| F|  |TAMS 0x0000000711a00000| PB 0x0000000711a00000| Untracked |  0
| 105|0x0000000711c00000, 0x0000000711c00000, 0x0000000711e00000|  0%| F|  |TAMS 0x0000000711c00000| PB 0x0000000711c00000| Untracked |  0
| 106|0x0000000711e00000, 0x0000000712000000, 0x0000000712000000|100%| E|  |TAMS 0x0000000711e00000| PB 0x0000000711e00000| Complete |  0
| 107|0x0000000712000000, 0x0000000712200000, 0x0000000712200000|100%| E|CS|TAMS 0x0000000712000000| PB 0x0000000712000000| Complete |  0
| 108|0x0000000712200000, 0x0000000712400000, 0x0000000712400000|100%| E|CS|TAMS 0x0000000712200000| PB 0x0000000712200000| Complete |  0
| 109|0x0000000712400000, 0x0000000712600000, 0x0000000712600000|100%| E|CS|TAMS 0x0000000712400000| PB 0x0000000712400000| Complete |  0
| 110|0x0000000712600000, 0x0000000712800000, 0x0000000712800000|100%| E|CS|TAMS 0x0000000712600000| PB 0x0000000712600000| Complete |  0
| 111|0x0000000712800000, 0x0000000712a00000, 0x0000000712a00000|100%| E|CS|TAMS 0x0000000712800000| PB 0x0000000712800000| Complete |  0
| 112|0x0000000712a00000, 0x0000000712c00000, 0x0000000712c00000|100%| E|  |TAMS 0x0000000712a00000| PB 0x0000000712a00000| Complete |  0
| 113|0x0000000712c00000, 0x0000000712e00000, 0x0000000712e00000|100%| E|CS|TAMS 0x0000000712c00000| PB 0x0000000712c00000| Complete |  0
| 114|0x0000000712e00000, 0x0000000713000000, 0x0000000713000000|100%| E|CS|TAMS 0x0000000712e00000| PB 0x0000000712e00000| Complete |  0
| 115|0x0000000713000000, 0x0000000713200000, 0x0000000713200000|100%| E|CS|TAMS 0x0000000713000000| PB 0x0000000713000000| Complete |  0
| 116|0x0000000713200000, 0x0000000713400000, 0x0000000713400000|100%| E|CS|TAMS 0x0000000713200000| PB 0x0000000713200000| Complete |  0
| 117|0x0000000713400000, 0x0000000713600000, 0x0000000713600000|100%| E|CS|TAMS 0x0000000713400000| PB 0x0000000713400000| Complete |  0
| 118|0x0000000713600000, 0x0000000713800000, 0x0000000713800000|100%| E|CS|TAMS 0x0000000713600000| PB 0x0000000713600000| Complete |  0
| 119|0x0000000713800000, 0x0000000713a00000, 0x0000000713a00000|100%| E|CS|TAMS 0x0000000713800000| PB 0x0000000713800000| Complete |  0
| 120|0x0000000713a00000, 0x0000000713c00000, 0x0000000713c00000|100%| E|CS|TAMS 0x0000000713a00000| PB 0x0000000713a00000| Complete |  0
| 121|0x0000000713c00000, 0x0000000713e00000, 0x0000000713e00000|100%| E|CS|TAMS 0x0000000713c00000| PB 0x0000000713c00000| Complete |  0
| 122|0x0000000713e00000, 0x0000000714000000, 0x0000000714000000|100%| E|CS|TAMS 0x0000000713e00000| PB 0x0000000713e00000| Complete |  0
| 123|0x0000000714000000, 0x0000000714200000, 0x0000000714200000|100%| E|CS|TAMS 0x0000000714000000| PB 0x0000000714000000| Complete |  0
| 124|0x0000000714200000, 0x0000000714400000, 0x0000000714400000|100%| E|CS|TAMS 0x0000000714200000| PB 0x0000000714200000| Complete |  0
| 125|0x0000000714400000, 0x0000000714600000, 0x0000000714600000|100%| E|CS|TAMS 0x0000000714400000| PB 0x0000000714400000| Complete |  0
|2010|0x00000007ffe00000, 0x00000007fff256a0, 0x0000000800000000| 57%| O|  |TAMS 0x00000007ffe00000| PB 0x00000007ffe00000| Untracked |  0

Card table byte_map: [0x00000291eb8f0000,0x00000291ec0d0000] _byte_map_base: 0x00000291e80cb000

Marking Bits: (CMBitMap*) 0x00000291d33adb00
 Bits: [0x00000291ec0d0000, 0x00000291effa8000)

Polling page: 0x00000291d1510000

Metaspace:
Metaspace        used 9125K, committed 9792K, reserved 1114112K
 class space     used 638K, committed 960K, reserved 1048576K

Usage:
  Non-class:      8.29 MB used.
      Class:    638.05 KB used.
       Both:      8.91 MB used.

Virtual space:
  Non-class space:       64.00 MB reserved,       8.62 MB ( 13%) committed,  1 nodes.
      Class space:        1.00 GB reserved,     960.00 KB ( <1%) committed,  1 nodes.
             Both:        1.06 GB reserved,       9.56 MB ( <1%) committed. 

Chunk freelists:
   Non-Class:  6.82 MB
       Class:  14.93 MB
        Both:  21.75 MB

MaxMetaspaceSize: unlimited
CompressedClassSpaceSize: 1.00 GB
Initial GC threshold: 21.00 MB
Current GC threshold: 21.00 MB
CDS: on
 - commit_granule_bytes: 65536.
 - commit_granule_words: 8192.
 - virtual_space_node_default_size: 8388608.
 - enlarge_chunks_in_place: 1.
UseCompressedClassPointers 1, UseCompactObjectHeaders 0
Narrow klass pointer bits 32, Max shift 3
Narrow klass base: 0x000000008f000000, Narrow klass shift: 0
Encoding Range: [0x000000008f000000 - 0x000000018f000000), (4294967296 bytes)
Klass Range:    [0x000000008f010000 - 0x00000000d0000000), (1090453504 bytes)
Klass ID Range:  [65536 - 1090519033) (1090453497)
Protection zone: [0x000000008f000000 - 0x000000008f010000), (65536 bytes)


Internal statistics:

num_allocs_failed_limit: 0.
num_arena_births: 848.
num_arena_deaths: 0.
num_vsnodes_births: 2.
num_vsnodes_deaths: 0.
num_space_committed: 152.
num_space_uncommitted: 0.
num_chunks_returned_to_freelist: 0.
num_chunks_taken_from_freelist: 1251.
num_chunk_merges: 0.
num_chunk_splits: 864.
num_chunks_enlarged: 504.
num_inconsistent_stats: 0.

CodeHeap 'non-profiled nmethods': size=120064Kb used=750Kb max_used=750Kb free=119313Kb
 bounds [0x00000291e3680000, 0x00000291e38f0000, 0x00000291eabc0000]
CodeHeap 'profiled nmethods': size=120000Kb used=3666Kb max_used=3666Kb free=116333Kb
 bounds [0x00000291dbbc0000, 0x00000291dbf60000, 0x00000291e30f0000]
CodeHeap 'non-nmethods': size=5696Kb used=2629Kb max_used=2694Kb free=3066Kb
 bounds [0x00000291e30f0000, 0x00000291e33a0000, 0x00000291e3680000]
CodeCache: size=245760Kb, used=7045Kb, max_used=7110Kb, free=238712Kb
 total_blobs=4073, nmethods=2298, adapters=1653, full_count=0
Compilation: enabled, stopped_count=0, restarted_count=0

Compilation events (20 events):
Event: 0.742 Thread 0x00000291f29f0a30 2281       3       java.lang.invoke.DirectMethodHandle$Holder::invokeStatic (15 bytes)
Event: 0.742 Thread 0x00000291f29f0a30 nmethod 2281 0x00000291dbf52288 code [0x00000291dbf52380, 0x00000291dbf527f8]
Event: 0.742 Thread 0x00000291f29f0a30 2283       3       java.util.ArrayList::toArray (12 bytes)
Event: 0.742 Thread 0x00000291f29f0a30 nmethod 2283 0x00000291dbf52808 code [0x00000291dbf52900, 0x00000291dbf52b50]
Event: 0.742 Thread 0x00000291f29f0a30 2284       3       jdk.internal.foreign.FunctionDescriptorImpl$$Lambda/0x000000009002b1b8::test (8 bytes)
Event: 0.742 Thread 0x00000291f29f0a30 nmethod 2284 0x00000291dbf52b88 code [0x00000291dbf52c80, 0x00000291dbf52fb8]
Event: 0.742 Thread 0x00000291f29f0a30 2285       3       jdk.internal.foreign.FunctionDescriptorImpl::lambda$new$0 (5 bytes)
Event: 0.743 Thread 0x00000291f29f0a30 nmethod 2285 0x00000291dbf53008 code [0x00000291dbf53100, 0x00000291dbf532d8]
Event: 0.743 Thread 0x00000291f29f0a30 2282       1       jdk.internal.foreign.layout.ValueLayouts$AbstractValueLayout::carrier (5 bytes)
Event: 0.743 Thread 0x00000291f29f0a30 nmethod 2282 0x00000291e3739d88 code [0x00000291e3739e80, 0x00000291e3739f48]
Event: 0.743 Thread 0x00000291f29f0a30 2287       1       jdk.internal.foreign.abi.Binding$VMStore::type (5 bytes)
Event: 0.743 Thread 0x00000291f29f0a30 nmethod 2287 0x00000291e373a088 code [0x00000291e373a180, 0x00000291e373a248]
Event: 0.743 Thread 0x00000291f29f0a30 2288       3       jdk.internal.classfile.impl.StackMapGenerator$Frame::trimAndCompress (61 bytes)
Event: 0.743 Thread 0x00000291f29f0a30 nmethod 2288 0x00000291dbf53308 code [0x00000291dbf53400, 0x00000291dbf539f0]
Event: 0.743 Thread 0x00000291f29f0a30 2290       3       java.lang.invoke.DirectMethodHandle::getFunction (53 bytes)
Event: 0.743 Thread 0x00000291f29f0a30 nmethod 2290 0x00000291dbf53a08 code [0x00000291dbf53b00, 0x00000291dbf53e20]
Event: 0.743 Thread 0x00000291f29f0a30 2291       3       java.lang.invoke.LambdaForm$NamedFunction::<init> (7 bytes)
Event: 0.743 Thread 0x00000291f29f0a30 nmethod 2291 0x00000291dbf53e88 code [0x00000291dbf53f80, 0x00000291dbf541d8]
Event: 0.744 Thread 0x00000291f29f0a30 2294       3       java.lang.invoke.LambdaForm$Name::replaceName (86 bytes)
Event: 0.744 Thread 0x00000291f29f0a30 nmethod 2294 0x00000291dbf54208 code [0x00000291dbf54300, 0x00000291dbf54a08]

GC Heap Usage History (0 events):
No events

Metaspace Usage History (0 events):
No events

Dll operation events (8 events):
Event: 0.006 Loaded shared library C:\Program Files\Java\jdk-25\bin\java.dll
Event: 0.044 Loaded shared library C:\Program Files\Java\jdk-25\bin\net.dll
Event: 0.045 Loaded shared library C:\Program Files\Java\jdk-25\bin\nio.dll
Event: 0.047 Loaded shared library C:\Program Files\Java\jdk-25\bin\zip.dll
Event: 0.097 Loaded shared library C:\Program Files\Java\jdk-25\bin\jimage.dll
Event: 0.170 Loaded shared library C:\Users\alexi\AppData\Local\Temp\imgui-java-natives\1.92.0\imgui-java64.dll
Event: 0.210 Loaded shared library C:\Users\alexi\AppData\Local\Temp\lwjgl_alexi\3.4.1+2\x64\lwjgl.dll
Event: 0.602 Loaded shared library C:\Users\alexi\AppData\Local\Temp\lwjgl_alexi\3.4.1+2\x64\lwjgl_opengl.dll

Deoptimization events (20 events):
Event: 0.610 Thread 0x00000291d0ef6440 Uncommon trap: trap_request=0xffffffcc fr.pc=0x00000291e370bc20 relative=0x00000000000003a0
Event: 0.610 Thread 0x00000291d0ef6440 Uncommon trap: reason=intrinsic_or_type_checked_inlining action=make_not_entrant pc=0x00000291e370bc20 method=java.util.Arrays.copyOf([Ljava/lang/Object;ILjava/lang/Class;)[Ljava/lang/Object; @ 35 c2
Event: 0.610 Thread 0x00000291d0ef6440 DEOPT PACKING pc=0x00000291e370bc20 sp=0x00000095b7bfdeb0
Event: 0.610 Thread 0x00000291d0ef6440 DEOPT UNPACKING pc=0x00000291e3210f02 sp=0x00000095b7bfde58 mode 2
Event: 0.671 Thread 0x00000291d0ef6440 Uncommon trap: trap_request=0xffffff54 fr.pc=0x00000291e36a5960 relative=0x0000000000000060
Event: 0.671 Thread 0x00000291d0ef6440 Uncommon trap: reason=speculate_null_check action=make_not_entrant pc=0x00000291e36a5960 method=jdk.internal.misc.Unsafe.getIntUnaligned(Ljava/lang/Object;JZ)I @ 5 c2
Event: 0.671 Thread 0x00000291d0ef6440 DEOPT PACKING pc=0x00000291e36a5960 sp=0x00000095b7bfefe0
Event: 0.671 Thread 0x00000291d0ef6440 DEOPT UNPACKING pc=0x00000291e3210f02 sp=0x00000095b7bfef60 mode 2
Event: 0.683 Thread 0x00000291d0ef6440 Uncommon trap: trap_request=0xfffffff4 fr.pc=0x00000291e36d4360 relative=0x0000000000000b60
Event: 0.683 Thread 0x00000291d0ef6440 Uncommon trap: reason=null_check action=make_not_entrant pc=0x00000291e36d4360 method=java.lang.Class.describeConstable()Ljava/util/Optional; @ 17 c2
Event: 0.683 Thread 0x00000291d0ef6440 DEOPT PACKING pc=0x00000291e36d4360 sp=0x00000095b7bfec40
Event: 0.683 Thread 0x00000291d0ef6440 DEOPT UNPACKING pc=0x00000291e3210f02 sp=0x00000095b7bfec10 mode 2
Event: 0.697 Thread 0x00000291d0ef6440 Uncommon trap: trap_request=0xffffffd6 fr.pc=0x00000291e372f4b4 relative=0x00000000000004b4
Event: 0.697 Thread 0x00000291d0ef6440 Uncommon trap: reason=array_check action=maybe_recompile pc=0x00000291e372f4b4 method=jdk.internal.classfile.impl.AttributeHolder.withAttribute(Ljava/lang/classfile/Attribute;)V @ 115 c2
Event: 0.697 Thread 0x00000291d0ef6440 DEOPT PACKING pc=0x00000291e372f4b4 sp=0x00000095b7bfe700
Event: 0.697 Thread 0x00000291d0ef6440 DEOPT UNPACKING pc=0x00000291e3210f02 sp=0x00000095b7bfe6c0 mode 2
Event: 0.697 Thread 0x00000291d0ef6440 Uncommon trap: trap_request=0xffffff66 fr.pc=0x00000291e372f5e0 relative=0x00000000000005e0
Event: 0.697 Thread 0x00000291d0ef6440 Uncommon trap: reason=loop_limit_check action=maybe_recompile pc=0x00000291e372f5e0 method=jdk.internal.classfile.impl.AttributeHolder.withAttribute(Ljava/lang/classfile/Attribute;)V @ 39 c2
Event: 0.697 Thread 0x00000291d0ef6440 DEOPT PACKING pc=0x00000291e372f5e0 sp=0x00000095b7bfe730
Event: 0.697 Thread 0x00000291d0ef6440 DEOPT UNPACKING pc=0x00000291e3210f02 sp=0x00000095b7bfe700 mode 2

Classes loaded (20 events):
Event: 0.399 Loading class jdk/internal/foreign/abi/UpcallLinker$InvocationData
Event: 0.399 Loading class jdk/internal/foreign/abi/UpcallLinker$InvocationData done
Event: 0.401 Loading class java/util/function/UnaryOperator
Event: 0.401 Loading class java/util/function/UnaryOperator done
Event: 0.403 Loading class jdk/internal/foreign/abi/UpcallStubs
Event: 0.403 Loading class jdk/internal/foreign/abi/UpcallStubs done
Event: 0.403 Loading class jdk/internal/foreign/abi/UpcallStubs$1
Event: 0.403 Loading class jdk/internal/foreign/abi/UpcallStubs$1 done
Event: 0.403 Loading class jdk/internal/foreign/MemorySessionImpl$ResourceList$ResourceCleanup$1
Event: 0.403 Loading class jdk/internal/foreign/MemorySessionImpl$ResourceList$ResourceCleanup$1 done
Event: 0.413 Loading class java/lang/invoke/DirectMethodHandle$StaticAccessor
Event: 0.413 Loading class java/lang/invoke/DirectMethodHandle$StaticAccessor done
Event: 0.413 Loading class jdk/internal/reflect/MethodHandleIntegerFieldAccessorImpl
Event: 0.413 Loading class jdk/internal/reflect/MethodHandleIntegerFieldAccessorImpl done
Event: 0.604 Loading class java/nio/DirectCharBufferU
Event: 0.604 Loading class java/nio/DirectCharBufferU done
Event: 0.706 Loading class jdk/internal/foreign/SegmentBulkOperations
Event: 0.706 Loading class jdk/internal/foreign/SegmentBulkOperations done
Event: 0.706 Loading class jdk/internal/util/Architecture
Event: 0.706 Loading class jdk/internal/util/Architecture done

Classes unloaded (0 events):
No events

Classes redefined (0 events):
No events

Internal exceptions (20 events):
Event: 0.695 Thread 0x00000291d0ef6440 Exception <a 'java/lang/NoSuchMethodError'{0x00000007123c09b0}: 'void java.lang.invoke.DirectMethodHandle$Holder.invokeInterface(java.lang.Object, java.lang.Object, long, int, int, int)'> (0x00000007123c09b0) 
thrown [s\open\src\hotspot\share\interpreter\linkResolver.cpp, line 804]
Event: 0.696 Thread 0x00000291d0ef6440 Exception <a 'java/lang/NoSuchMethodError'{0x00000007123da070}: 'void java.lang.invoke.DelegatingMethodHandle$Holder.reinvoke_L(java.lang.Object, java.lang.Object, long, int, int, int)'> (0x00000007123da070) 
thrown [s\open\src\hotspot\share\interpreter\linkResolver.cpp, line 804]
Event: 0.696 Thread 0x00000291d0ef6440 Exception <a 'java/lang/NoSuchMethodError'{0x00000007123fe7c0}: 'java.lang.Object java.lang.invoke.DelegatingMethodHandle$Holder.delegate(java.lang.Object, java.lang.Object, long, int, int, int)'> (0x00000007123fe7c0) 
thrown [s\open\src\hotspot\share\interpreter\linkResolver.cpp, line 804]
Event: 0.697 Thread 0x00000291d0ef6440 Exception <a 'java/lang/NoSuchMethodError'{0x0000000712038d18}: 'void java.lang.invoke.DirectMethodHandle$Holder.invokeStatic(java.lang.Object, java.lang.Object, long, int, int, int)'> (0x0000000712038d18) 
thrown [s\open\src\hotspot\share\interpreter\linkResolver.cpp, line 804]
Event: 0.697 Thread 0x00000291d0ef6440 Exception <a 'java/lang/NoSuchMethodError'{0x0000000712041728}: 'void java.lang.invoke.DirectMethodHandle$Holder.invokeSpecial(java.lang.Object, java.lang.Object, long, int, int, int)'> (0x0000000712041728) 
thrown [s\open\src\hotspot\share\interpreter\linkResolver.cpp, line 804]
Event: 0.697 Thread 0x00000291d0ef6440 Exception <a 'java/lang/NoSuchMethodError'{0x00000007120494c0}: 'void java.lang.invoke.Invokers$Holder.exactInvoker(java.lang.Object, java.lang.Object, long, int, int, int)'> (0x00000007120494c0) 
thrown [s\open\src\hotspot\share\interpreter\linkResolver.cpp, line 804]
Event: 0.697 Thread 0x00000291d0ef6440 Exception <a 'java/lang/NoSuchMethodError'{0x00000007120519c0}: 'void java.lang.invoke.DelegatingMethodHandle$Holder.delegate(java.lang.Object, java.lang.Object, long, int, int, int)'> (0x00000007120519c0) 
thrown [s\open\src\hotspot\share\interpreter\linkResolver.cpp, line 804]
Event: 0.700 Thread 0x00000291d0ef6440 Exception <a 'java/lang/NoSuchMethodError'{0x0000000712089690}: 'void java.lang.invoke.DirectMethodHandle$Holder.invokeInterface(java.lang.Object, java.lang.Object, long, int, int, int, int)'> (0x0000000712089690) 
thrown [s\open\src\hotspot\share\interpreter\linkResolver.cpp, line 804]
Event: 0.700 Thread 0x00000291d0ef6440 Exception <a 'java/lang/NoSuchMethodError'{0x00000007120a2da0}: 'void java.lang.invoke.DelegatingMethodHandle$Holder.reinvoke_L(java.lang.Object, java.lang.Object, long, int, int, int, int)'> (0x00000007120a2da0) 
thrown [s\open\src\hotspot\share\interpreter\linkResolver.cpp, line 804]
Event: 0.701 Thread 0x00000291d0ef6440 Exception <a 'java/lang/NoSuchMethodError'{0x00000007120cb1e8}: 'java.lang.Object java.lang.invoke.DelegatingMethodHandle$Holder.delegate(java.lang.Object, java.lang.Object, long, int, int, int, int)'> (0x00000007120cb1e8) 
thrown [s\open\src\hotspot\share\interpreter\linkResolver.cpp, line 804]
Event: 0.702 Thread 0x00000291d0ef6440 Exception <a 'java/lang/NoSuchMethodError'{0x00000007121052d0}: 'void java.lang.invoke.DirectMethodHandle$Holder.invokeStatic(java.lang.Object, java.lang.Object, long, int, int, int, int)'> (0x00000007121052d0) 
thrown [s\open\src\hotspot\share\interpreter\linkResolver.cpp, line 804]
Event: 0.702 Thread 0x00000291d0ef6440 Exception <a 'java/lang/NoSuchMethodError'{0x000000071210dd68}: 'void java.lang.invoke.DirectMethodHandle$Holder.invokeSpecial(java.lang.Object, java.lang.Object, long, int, int, int, int)'> (0x000000071210dd68) 
thrown [s\open\src\hotspot\share\interpreter\linkResolver.cpp, line 804]
Event: 0.702 Thread 0x00000291d0ef6440 Exception <a 'java/lang/NoSuchMethodError'{0x0000000712115b38}: 'void java.lang.invoke.Invokers$Holder.exactInvoker(java.lang.Object, java.lang.Object, long, int, int, int, int)'> (0x0000000712115b38) 
thrown [s\open\src\hotspot\share\interpreter\linkResolver.cpp, line 804]
Event: 0.702 Thread 0x00000291d0ef6440 Exception <a 'java/lang/NoSuchMethodError'{0x000000071211e0a0}: 'void java.lang.invoke.DelegatingMethodHandle$Holder.delegate(java.lang.Object, java.lang.Object, long, int, int, int, int)'> (0x000000071211e0a0) 
thrown [s\open\src\hotspot\share\interpreter\linkResolver.cpp, line 804]
Event: 0.703 Thread 0x00000291d0ef6440 Exception <a 'java/lang/NoSuchMethodError'{0x0000000712139450}: 'void java.lang.invoke.DirectMethodHandle$Holder.invokeInterface(java.lang.Object, java.lang.Object, long, int)'> (0x0000000712139450) 
thrown [s\open\src\hotspot\share\interpreter\linkResolver.cpp, line 804]
Event: 0.736 Thread 0x00000291d0ef6440 Exception <a 'sun/nio/fs/WindowsException'{0x0000000711ee25f8}> (0x0000000711ee25f8) 
thrown [s\open\src\hotspot\share\prims\jni.cpp, line 516]
Event: 0.736 Thread 0x00000291d0ef6440 Exception <a 'sun/nio/fs/WindowsException'{0x0000000711ee2988}> (0x0000000711ee2988) 
thrown [s\open\src\hotspot\share\prims\jni.cpp, line 516]
Event: 0.743 Thread 0x00000291d0ef6440 Exception <a 'java/lang/NoSuchMethodError'{0x0000000711f24878}: 'int java.lang.invoke.DirectMethodHandle$Holder.invokeStaticInit(java.lang.Object, java.lang.Object, java.lang.Object, long, long)'> (0x0000000711f24878) 
thrown [s\open\src\hotspot\share\interpreter\linkResolver.cpp, line 804]
Event: 0.743 Thread 0x00000291d0ef6440 Exception <a 'java/lang/NoSuchMethodError'{0x0000000711f35128}: 'int java.lang.invoke.DelegatingMethodHandle$Holder.reinvoke_L(java.lang.Object, java.lang.Object, java.lang.Object, long, long)'> (0x0000000711f35128) 
thrown [s\open\src\hotspot\share\interpreter\linkResolver.cpp, line 804]
Event: 0.744 Thread 0x00000291d0ef6440 Exception <a 'java/lang/NoSuchMethodError'{0x0000000711f56020}: 'int java.lang.invoke.DirectMethodHandle$Holder.invokeSpecial(java.lang.Object, java.lang.Object, java.lang.Object, long, long)'> (0x0000000711f56020) 
thrown [s\open\src\hotspot\share\interpreter\linkResolver.cpp, line 804]

VM Operations (18 events):
Event: 0.100 Executing non-safepoint VM operation: HandshakeAllThreads (Deoptimize)
Event: 0.100 Executing non-safepoint VM operation: HandshakeAllThreads (Deoptimize) done
Event: 0.195 Executing non-safepoint VM operation: HandshakeAllThreads (Deoptimize)
Event: 0.195 Executing non-safepoint VM operation: HandshakeAllThreads (Deoptimize) done
Event: 0.250 Executing non-safepoint VM operation: HandshakeAllThreads (Deoptimize)
Event: 0.250 Executing non-safepoint VM operation: HandshakeAllThreads (Deoptimize) done
Event: 0.334 Executing non-safepoint VM operation: HandshakeAllThreads (Deoptimize)
Event: 0.334 Executing non-safepoint VM operation: HandshakeAllThreads (Deoptimize) done
Event: 0.348 Executing non-safepoint VM operation: HandshakeAllThreads (Deoptimize)
Event: 0.348 Executing non-safepoint VM operation: HandshakeAllThreads (Deoptimize) done
Event: 0.354 Executing non-safepoint VM operation: HandshakeAllThreads (Deoptimize)
Event: 0.354 Executing non-safepoint VM operation: HandshakeAllThreads (Deoptimize) done
Event: 0.365 Executing non-safepoint VM operation: HandshakeAllThreads (Deoptimize)
Event: 0.365 Executing non-safepoint VM operation: HandshakeAllThreads (Deoptimize) done
Event: 0.373 Executing non-safepoint VM operation: HandshakeAllThreads (Deoptimize)
Event: 0.373 Executing non-safepoint VM operation: HandshakeAllThreads (Deoptimize) done
Event: 0.396 Executing non-safepoint VM operation: HandshakeAllThreads (Deoptimize)
Event: 0.396 Executing non-safepoint VM operation: HandshakeAllThreads (Deoptimize) done

Memory protections (0 events):
No events

Nmethod flushes (0 events):
No events

Events (17 events):
Event: 0.015 Thread 0x00000291d0ef6440 Thread added: 0x00000291d0ef6440
Event: 0.021 Thread 0x00000291d0ef6440 Thread added: 0x00000291f29b4f70
Event: 0.021 Thread 0x00000291d0ef6440 Thread added: 0x00000291f29b59d0
Event: 0.021 Thread 0x00000291d0ef6440 Thread added: 0x00000291f29bc0b0
Event: 0.021 Thread 0x00000291d0ef6440 Thread added: 0x00000291f29c4a30
Event: 0.021 Thread 0x00000291d0ef6440 Thread added: 0x00000291f29c4260
Event: 0.021 Thread 0x00000291d0ef6440 Thread added: 0x00000291f29c32c0
Event: 0.021 Thread 0x00000291d0ef6440 Thread added: 0x00000291f29ef820
Event: 0.022 Thread 0x00000291d0ef6440 Thread added: 0x00000291f29f0a30
Event: 0.038 Thread 0x00000291d0ef6440 Thread added: 0x00000291f29c2320
Event: 0.040 Thread 0x00000291d0ef6440 Thread added: 0x00000291f29c1380
Event: 0.236 Thread 0x00000291f29f0a30 Thread added: 0x00000291f776cc10
Event: 0.324 Thread 0x00000291f29f0a30 Thread added: 0x00000291f7cfbc80
Event: 0.588 Thread 0x00000291f776cc10 Thread exited: 0x00000291f776cc10
Event: 0.588 Thread 0x00000291f7cfbc80 Thread exited: 0x00000291f7cfbc80
Event: 0.625 Thread 0x00000291f29f0a30 Thread added: 0x00000291f84fc060
Event: 0.628 Thread 0x00000291f29ef820 Thread added: 0x00000291f84fcd90


Dynamic libraries:
0x00007ff6ff730000 - 0x00007ff6ff740000 	C:\Program Files\Java\jdk-25\bin\java.exe
0x00007ff9372a0000 - 0x00007ff937506000 	C:\Windows\SYSTEM32\ntdll.dll
0x00007ff935d30000 - 0x00007ff935df9000 	C:\Windows\System32\KERNEL32.DLL
0x00007ff9345e0000 - 0x00007ff9349da000 	C:\Windows\System32\KERNELBASE.dll
0x00007ff9349e0000 - 0x00007ff934b2c000 	C:\Windows\System32\ucrtbase.dll
0x00007ff90f660000 - 0x00007ff90f67e000 	C:\Program Files\Java\jdk-25\bin\VCRUNTIME140.dll
0x00007ff911e50000 - 0x00007ff911e67000 	C:\Program Files\Java\jdk-25\bin\jli.dll
0x00007ff936bf0000 - 0x00007ff936db7000 	C:\Windows\System32\USER32.dll
0x00007ff934b30000 - 0x00007ff934b57000 	C:\Windows\System32\win32u.dll
0x00007ff918eb0000 - 0x00007ff919142000 	C:\Windows\WinSxS\amd64_microsoft.windows.common-controls_6595b64144ccf1df_6.0.26100.8521_none_3e08b75ce33403b3\COMCTL32.dll
0x00007ff935020000 - 0x00007ff93504b000 	C:\Windows\System32\GDI32.dll
0x00007ff935880000 - 0x00007ff935929000 	C:\Windows\System32\msvcrt.dll
0x00007ff934e50000 - 0x00007ff934f7b000 	C:\Windows\System32\gdi32full.dll
0x00007ff934530000 - 0x00007ff9345d3000 	C:\Windows\System32\msvcp_win.dll
0x00007ff935cf0000 - 0x00007ff935d22000 	C:\Windows\System32\IMM32.DLL
0x00007ff916270000 - 0x00007ff91627c000 	C:\Program Files\Java\jdk-25\bin\vcruntime140_1.dll
0x00007ff8e4330000 - 0x00007ff8e43bd000 	C:\Program Files\Java\jdk-25\bin\msvcp140.dll
0x00007ff8a1ac0000 - 0x00007ff8a291f000 	C:\Program Files\Java\jdk-25\bin\server\jvm.dll
0x00007ff9371a0000 - 0x00007ff937256000 	C:\Windows\System32\ADVAPI32.dll
0x00007ff9359d0000 - 0x00007ff935a7a000 	C:\Windows\System32\sechost.dll
0x00007ff935e00000 - 0x00007ff935f18000 	C:\Windows\System32\RPCRT4.dll
0x00007ff935b80000 - 0x00007ff935c00000 	C:\Windows\System32\WS2_32.dll
0x00007ff9341e0000 - 0x00007ff93423e000 	C:\Windows\SYSTEM32\POWRPROF.dll
0x00007ff92c5c0000 - 0x00007ff92c5cb000 	C:\Windows\SYSTEM32\VERSION.dll
0x00007ff923950000 - 0x00007ff923986000 	C:\Windows\SYSTEM32\WINMM.dll
0x00007ff9341c0000 - 0x00007ff9341d4000 	C:\Windows\SYSTEM32\UMPDC.dll
0x00007ff933280000 - 0x00007ff93329b000 	C:\Windows\SYSTEM32\kernel.appcore.dll
0x00007ff915eb0000 - 0x00007ff915eba000 	C:\Program Files\Java\jdk-25\bin\jimage.dll
0x00007ff9210c0000 - 0x00007ff921302000 	C:\Windows\SYSTEM32\DBGHELP.DLL
0x00007ff936dc0000 - 0x00007ff937143000 	C:\Windows\System32\combase.dll
0x00007ff935c10000 - 0x00007ff935ce9000 	C:\Windows\System32\OLEAUT32.dll
0x00007ff91b1f0000 - 0x00007ff91b22b000 	C:\Windows\SYSTEM32\dbgcore.DLL
0x00007ff934b60000 - 0x00007ff934c08000 	C:\Windows\System32\bcryptPrimitives.dll
0x00007ff90f640000 - 0x00007ff90f65f000 	C:\Program Files\Java\jdk-25\bin\java.dll
0x00007ff936770000 - 0x00007ff936908000 	C:\Windows\System32\ole32.dll
0x00007ff935f20000 - 0x00007ff9366a4000 	C:\Windows\System32\SHELL32.dll
0x00007ff9320d0000 - 0x00007ff932950000 	C:\Windows\SYSTEM32\windows.storage.dll
0x00007ff935280000 - 0x00007ff935376000 	C:\Windows\System32\SHCORE.dll
0x00007ff936b00000 - 0x00007ff936b67000 	C:\Windows\System32\shlwapi.dll
0x00007ff934450000 - 0x00007ff934479000 	C:\Windows\SYSTEM32\profapi.dll
0x00007ff90f540000 - 0x00007ff90f552000 	C:\Program Files\Java\jdk-25\bin\net.dll
0x00007ff9337e0000 - 0x00007ff93384c000 	C:\Windows\system32\mswsock.dll
0x00007ff90e250000 - 0x00007ff90e266000 	C:\Program Files\Java\jdk-25\bin\nio.dll
0x00007ff90f620000 - 0x00007ff90f637000 	C:\Program Files\Java\jdk-25\bin\zip.dll
0x00007ff89ff40000 - 0x00007ff8a09d9000 	C:\Users\alexi\AppData\Local\Temp\imgui-java-natives\1.92.0\imgui-java64.dll
0x00007ff9115a0000 - 0x00007ff911624000 	C:\Users\alexi\AppData\Local\Temp\lwjgl_alexi\3.4.1+2\x64\lwjgl.dll
0x00007ff8a46a0000 - 0x00007ff8a4910000 	C:\Users\alexi\AppData\Local\Temp\lwjgl_alexi\3.4.1+2\x64\jemalloc.dll
0x00007ff911280000 - 0x00007ff91130a000 	C:\Users\alexi\AppData\Local\Temp\lwjgl_alexi\3.4.1+2\x64\glfw.dll
0x00007ff9170f0000 - 0x00007ff91713b000 	C:\Windows\SYSTEM32\dinput8.dll
0x00007ff92f4e0000 - 0x00007ff92f4fc000 	C:\Windows\SYSTEM32\xinput1_4.dll
0x00007ff934130000 - 0x00007ff934181000 	C:\Windows\SYSTEM32\cfgmgr32.dll
0x00007ff934100000 - 0x00007ff93412d000 	C:\Windows\SYSTEM32\DEVOBJ.dll
0x00007ff931a20000 - 0x00007ff931a4f000 	C:\Windows\SYSTEM32\dwmapi.dll
0x00007ff931780000 - 0x00007ff93182a000 	C:\Windows\system32\uxtheme.dll
0x00007ff9174e0000 - 0x00007ff9176c5000 	C:\Windows\SYSTEM32\inputhost.dll
0x00007ff9312a0000 - 0x00007ff9313c5000 	C:\Windows\SYSTEM32\CoreMessaging.dll
0x00007ff936910000 - 0x00007ff936a6d000 	C:\Windows\System32\MSCTF.dll
0x00007ff933af0000 - 0x00007ff933afc000 	C:\Windows\SYSTEM32\CRYPTBASE.DLL
0x00007ff910050000 - 0x00007ff91015c000 	C:\Windows\SYSTEM32\opengl32.dll
0x00007ff915cf0000 - 0x00007ff915d1d000 	C:\Windows\SYSTEM32\GLU32.dll
0x00007ff931850000 - 0x00007ff931894000 	C:\Windows\SYSTEM32\dxcore.dll
0x00007ff9154b0000 - 0x00007ff9154cd000 	C:\Windows\SYSTEM32\windows.staterepositorycore.dll
0x00007ff89d0b0000 - 0x00007ff89ff35000 	C:\Windows\System32\DriverStore\FileRepository\nv_dispi.inf_amd64_6f3cfb7117944855\nvoglv64.dll
0x00007ff935390000 - 0x00007ff935817000 	C:\Windows\System32\SETUPAPI.dll
0x00007ff9315f0000 - 0x00007ff93161a000 	C:\Windows\SYSTEM32\WTSAPI32.dll
0x00007ff934c10000 - 0x00007ff934d88000 	C:\Windows\System32\CRYPT32.dll
0x00007ff933530000 - 0x00007ff933579000 	C:\Windows\SYSTEM32\SspiCli.dll
0x00007ff933c40000 - 0x00007ff933c53000 	C:\Windows\SYSTEM32\msasn1.dll
0x00007ff92c3a0000 - 0x00007ff92c3db000 	C:\Windows\SYSTEM32\cryptnet.dll
0x00007ff933bd0000 - 0x00007ff933c3a000 	C:\Windows\SYSTEM32\wldp.dll
0x00007ff92c220000 - 0x00007ff92c398000 	C:\Windows\SYSTEM32\drvstore.dll
0x00007ff9333b0000 - 0x00007ff9333e6000 	C:\Windows\SYSTEM32\ntmarta.dll
0x00007ff934f80000 - 0x00007ff935003000 	C:\Windows\System32\WINTRUST.dll
0x00007ff934420000 - 0x00007ff93444a000 	C:\Windows\SYSTEM32\bcrypt.dll
0x00007ff935050000 - 0x00007ff935070000 	C:\Windows\System32\imagehlp.dll
0x00007ff933b00000 - 0x00007ff933b1b000 	C:\Windows\System32\CRYPTSP.dll
0x00007ff9331e0000 - 0x00007ff933219000 	C:\Windows\system32\rsaenh.dll
0x00007ff925640000 - 0x00007ff92b44d000 	C:\Windows\System32\DriverStore\FileRepository\nv_dispi.inf_amd64_6f3cfb7117944855\nvgpucomp64.dll
0x00007ff8c0d40000 - 0x00007ff8c0e87000 	C:\Windows\system32\nvspcap64.dll
0x00007ff933ce0000 - 0x00007ff933d41000 	C:\Windows\SYSTEM32\WINSTA.dll
0x00007ff90e5c0000 - 0x00007ff90e708000 	C:\Windows\SYSTEM32\textinputframework.dll
0x00007ff92cb70000 - 0x00007ff92ce54000 	C:\Windows\SYSTEM32\CoreUIComponents.dll
0x00007ff92e5d0000 - 0x00007ff92e73a000 	C:\Windows\SYSTEM32\wintypes.dll
0x00007ff911a50000 - 0x00007ff911aac000 	C:\Users\alexi\AppData\Local\Temp\lwjgl_alexi\3.4.1+2\x64\lwjgl_opengl.dll
0x00007ff89ce80000 - 0x00007ff89d0a6000 	C:\Users\alexi\AppData\Local\Temp\lwjgl_alexi\3.4.1+2\x64\freetype.dll
0x00007ff917250000 - 0x00007ff917269000 	C:\Windows\SYSTEM32\USP10.dll
0x00007ff92ff80000 - 0x00007ff9301e7000 	C:\Windows\SYSTEM32\DWrite.dll

JVMTI agents: none

dbghelp: loaded successfully - version: 4.0.5 - missing functions: none
symbol engine: initialized successfully - sym options: 0x614 - pdb path: .;C:\Program Files\Java\jdk-25\bin;C:\Windows\SYSTEM32;C:\Windows\WinSxS\amd64_microsoft.windows.common-controls_6595b64144ccf1df_6.0.26100.8521_none_3e08b75ce33403b3;C:\Program Files\Java\jdk-25\bin\server;C:\Users\alexi\AppData\Local\Temp\imgui-java-natives\1.92.0;C:\Users\alexi\AppData\Local\Temp\lwjgl_alexi\3.4.1+2\x64;C:\Windows\System32\DriverStore\FileRepository\nv_dispi.inf_amd64_6f3cfb7117944855

VM Arguments:
jvm_args: -Dfile.encoding=UTF-8 -Duser.country=GB -Duser.language=en -Duser.variant 
java_command: com.servilious.projmtn.Game -enableDevMode
java_class_path (initial): C:\Users\alexi\Desktop\Coding Stuff\Games i try to code\ProjectMountain-Servilious-LWJGL3\build\classes\java\main;C:\Users\alexi\Desktop\Coding Stuff\Games i try to code\ProjectMountain-Servilious-LWJGL3\build\resources\main;C:\Users\alexi\.gradle\caches\modules-2\files-2.1\io.github.spair\imgui-java-app\1.92.0\f1096806f47609ab640e5379e395c052dc2c6942\imgui-java-app-1.92.0.jar;C:\Users\alexi\.gradle\caches\modules-2\files-2.1\io.github.spair\imgui-java-lwjgl3\1.92.0\172b9eb03e2f54a449d4e5a2a62ecb31695c3ca0\imgui-java-lwjgl3-1.92.0.jar;C:\Users\alexi\.gradle\caches\modules-2\files-2.1\org.lwjgl\lwjgl-freetype\3.4.1\caa75a37e857efc9b0686e434d708d6420c5b6ea\lwjgl-freetype-3.4.1.jar;C:\Users\alexi\.gradle\caches\modules-2\files-2.1\org.lwjgl\lwjgl-freetype\3.4.1\32fc9cfd236aca5433d53af78bfb15f1b4c1103e\lwjgl-freetype-3.4.1-natives-windows.jar;C:\Users\alexi\.gradle\caches\modules-2\files-2.1\org.lwjgl\lwjgl-glfw\3.4.1\a782b1ddd175c9107bf300fd92920579ea65e2a4\lwjgl-glfw-3.4.1.jar;C:\Users\alexi\.gradle\caches\modules-2\files-2.1\org.lwjgl\lwjgl-glfw\3.4.1\2eb4aa895ea190ba8cf4356f8cea24d3ebb40ea1\lwjgl-glfw-3.4.1-natives-windows.jar;C:\Users\alexi\.gradle\caches\modules-2\files-2.1\org.lwjgl\lwjgl-glfw\3.4.1\23cdf7655ce9f3b27ad90f08e73345e0d5b46362\lwjgl-glfw-3.4.1-natives-linux.jar;C:\Users\alexi\.gradle\caches\modules-2\files-2.1\org.lwjgl\lwjgl-glfw\3.4.1\3c8538942f58377d59cd7be2dc164ba71a53868a\lwjgl-glfw-3.4.1-natives-macos.jar;C:\Users\alexi\.gradle\caches\modules-2\files-2.1\org.lwjgl\lwjgl-glfw\3.4.1\ef1f8efca5a60ba3512bc4982b88e446ecc43378\lwjgl-glfw-3.4.1-natives-macos-arm64.jar;C:\Users\alexi\.gradle\caches\modules-2\files-2.1\org.lwjgl\lwjgl-jemalloc\3.4.1\16b663092854fc6adfe0a941e61cae2bb2e437b6\lwjgl-jemalloc-3.4.1.jar;C:\Users\alexi\.gradle\caches\modules-2\files-2.1\org.lwjgl\lwjgl-jemalloc\3.4.1\70db8048d1aca8a6365f46f9963b8d6cd77b9e94\lwjgl-jemalloc-3.4.1-natives-windows.jar;C:\Users\alexi\.gradle\caches\modules-2\files-2.1\org.lwjgl\lwjgl-openal\3.4.1\8508bd60589de0539aa465b78fcf838efd07ae9a\lwjgl-openal-3.4.1.jar;C:\Users\alexi\.gradle\caches\modules-2\files-2.1\org.lwjgl\lwjgl-openal\3.4.1\8e83fdfdf65c80c9877c6fb6cb645d239ed7638\lwjgl-openal-3.4.1-natives-windows.jar;C:\Users\alexi\.gradle\caches\modules-2\files-2.1\org.lwjgl\lwjgl-opengl\3.4.1\830412cab823c029cda6b9729f9d2ed36cf79959\lwjgl-opengl-3.4.1.jar;C:\Users\alexi\.gradle\caches\modules-2\files-2.1\org.lwjgl\lwjgl-opengl\3.4.1\617f37ef4e2ffb727bd5e74333e8073ef43ca1ec\lwjgl-opengl-3.4.1-natives-windows.jar;C:\Users\alexi\.gradle\caches\modules-2\files-2.1\org.lwjgl\lwjgl-opengl\3.4.1\b750599f0e75ddb19f1d0fe993f3011334b710ae\lwjgl-opengl-3.4.1-natives-linux.jar;C:\Users\alexi\.gradle\caches\modules-2\files-2.1\org.lwjgl\lwjgl-opengl\3.4.1\ba18fc6012b88494ee893506934b92b01c4ef14b\lwjgl-opengl-3.4.1-natives-macos.jar;C:\Users\alexi\.gradle\caches\modules-2\files-2.1\org.lwjgl\lwjgl-opengl\3.4.1\35b5550058de4960525f465243bd01805f04fd8b\lwjgl-opengl-3.4.1-natives-macos-arm64.jar;C:\Users\alexi\.gradle\caches\modules-2\files-2.1\org.lwjgl\lwjgl-renderdoc\3.4.1\593ca5cd6367702acb8b17014bb3bc0d29603146\lwjgl-renderdoc-3.4.1.jar;C:\Users\alexi\.gradle\caches\modules-2\files-2.1\org.lwjgl\lwjgl-stb\3.4.1\f077c3dafc31924fbe8acb0b913f08977ba27f8e\lwjgl-stb-3.4.1.jar;C:\Users\alexi\.gradle\caches\modules-2\files-2.1\org.lwjgl\lwjgl-stb\3.4.1\b4e13ece83c228ecf57354639d8555076a989d74\lwjgl-stb-3.4.1-natives-windows.jar;C:\Users\alexi\.gradle\caches\modules-2\files-2.1\org.lwjgl\lwjgl-sdl\3.4.1\ec28db6e949478044c649fea25eae43b1b161971\lwjgl-sdl-3.4.1.jar;C:\Users\alexi\.gradle\caches\modules-2\files-2.1\org.lwjgl\lwjgl-sdl\3.4.1\1da71d0ae8ff2f60a94fdb066c889c195d097607\lwjgl-sdl-3.4.1-natives-linux.jar;C:\Users\alexi\.gradle\caches\modules-2\files-2.1\org.lwjgl\lwjgl-sdl\3.4.1\b6dacfb1f46fe1cefac27b030d75b58f3644d1d3\lwjgl-sdl-3.4.1-natives-windows.jar;C:\Users\alexi\.gradle\caches\modules-2\files-2.1\org.lwjgl\lwjgl-sdl\3.4.1\ac01403f6c3b65666417185661e0ab3db0711769\lwjgl-sdl-3.4.1-natives-macos.jar;C:\Users\alexi\.gradle\caches\modules-2\files-2.1\org.lwjgl\lwjgl-sdl\3.4.1\23fcd784ae6126e49b8db333ef5015a2a58f661c\lwjgl-sdl-3.4.1-natives-macos-arm64.jar;C:\Users\alexi\.gradle\caches\modules-2\files-2.1\org.lwjgl\lwjgl\3.4.1\6105690714874b995aa7812e4f7732a21109276c\lwjgl-3.4.1.jar;C:\Users\alexi\.gradle\caches\modules-2\files-2.1\org.lwjgl\lwjgl\3.4.1\96a217f0428ab73487f114a54179a4f41e851a04\lwjgl-3.4.1-natives-windows.jar;C:\Users\alexi\.gradle\caches\modules-2\files-2.1\org.lwjgl\lwjgl\3.4.1\2734e106bd95db49fe0da8cf8bf7fd96475c436c\lwjgl-3.4.1-natives-linux.jar;C:\Users\alexi\.gradle\caches\modules-2\files-2.1\org.lwjgl\lwjgl\3.4.1\b034fd9a67cb8646c01af7efcefcb93be835542b\lwjgl-3.4.1-natives-macos.jar;C:\Users\alexi\.gradle\caches\modules-2\files-2.1\org.lwjgl\lwjgl\3.4.1\b4cbdef4818abd714ee66985344c0949fd1cd6d6\lwjgl-3.4.1-natives-macos-arm64.jar;C:\Users\alexi\.gradle\caches\modules-2\files-2.1\org.joml\joml\1.10.9\438e036486bad66b189bff385dd07dea4f74a146\joml-1.10.9.jar;C:\Users\alexi\.gradle\caches\modules-2\files-2.1\io.github.spair\imgui-java-binding\1.92.0\f56a0ef3f4c0e8c140264b92ea8bbcb5b581b3b5\imgui-java-binding-1.92.0.jar;C:\Users\alexi\.gradle\caches\modules-2\files-2.1\io.github.spair\imgui-java-natives-windows\1.92.0\eece9b8e1d62081aa6939a723d5349aba0ce174c\imgui-java-natives-windows-1.92.0.jar
Launcher Type: SUN_STANDARD

[Global flags]
     intx CICompilerCount                          = 4                                         {product} {ergonomic}
     uint ConcGCThreads                            = 3                                         {product} {ergonomic}
     uint G1ConcRefinementThreads                  = 10                                        {product} {ergonomic}
   size_t G1HeapRegionSize                         = 2097152                                   {product} {ergonomic}
   size_t InitialHeapSize                          = 264241152                                 {product} {ergonomic}
   size_t MarkStackSize                            = 4194304                                   {product} {ergonomic}
   size_t MarkStackSizeMax                         = 536870912                                 {product} {ergonomic}
   size_t MaxHeapSize                              = 4217372672                                {product} {ergonomic}
   size_t MaxNewSize                               = 2529165312                                {product} {ergonomic}
   size_t MinHeapDeltaBytes                        = 2097152                                   {product} {ergonomic}
   size_t MinHeapSize                              = 8388608                                   {product} {ergonomic}
    uintx NonNMethodCodeHeapSize                   = 5832704                                {pd product} {ergonomic}
    uintx NonProfiledCodeHeapSize                  = 122945536                              {pd product} {ergonomic}
    uintx ProfiledCodeHeapSize                     = 122880000                              {pd product} {ergonomic}
    uintx ReservedCodeCacheSize                    = 251658240                              {pd product} {ergonomic}
     bool SegmentedCodeCache                       = true                                      {product} {ergonomic}
   size_t SoftMaxHeapSize                          = 4217372672                             {manageable} {ergonomic}
     bool UseCompressedOops                        = true                           {product lp64_product} {ergonomic}
     bool UseG1GC                                  = true                                      {product} {ergonomic}
     bool UseLargePagesIndividualAllocation        = false                                  {pd product} {ergonomic}

Logging:
Log output configuration:
 #0: stdout all=warning uptime,level,tags foldmultilines=false
 #1: stderr all=off uptime,level,tags foldmultilines=false

Release file:
IMPLEMENTOR="Oracle Corporation" 
JAVA_RUNTIME_VERSION="25.0.1+8-LTS-27" 
JAVA_VERSION="25.0.1" 
JAVA_VERSION_DATE="2025-10-21" 
LIBC="default" 
MODULES="java.base java.compiler java.datatransfer java.xml java.prefs java.desktop java.instrument java.logging java.management java.security.sasl java.naming java.rmi java.management.rmi java.net.http java.scripting java.security.jgss java.transaction.xa java.sql java.sql.rowset java.xml.crypto java.se java.smartcardio jdk.accessibility jdk.internal.jvmstat jdk.attach jdk.charsets jdk.internal.opt jdk.zipfs jdk.compiler jdk.crypto.cryptoki jdk.crypto.ec jdk.crypto.mscapi jdk.dynalink jdk.internal.ed jdk.editpad jdk.internal.vm.ci jdk.graal.compiler jdk.graal.compiler.management jdk.hotspot.agent jdk.httpserver jdk.incubator.vector jdk.internal.le jdk.internal.md jdk.jartool jdk.javadoc jdk.jcmd jdk.management jdk.management.agent jdk.jconsole jdk.jdeps jdk.jdwp.agent jdk.jdi jdk.jfr jdk.jlink jdk.jpackage jdk.jshell jdk.jsobject jdk.jstatd jdk.localedata jdk.management.jfr jdk.naming.dns jdk.naming.rmi jdk.net jdk.nio.mapmode jdk.sctp jdk.security.auth jdk.security.jgss jdk.unsupported jdk.unsupported.desktop jdk.xml.dom" 
OS_ARCH="x86_64" 
OS_NAME="Windows" 
SOURCE=".:git:862c85bc42b7 open:git:78770bfaefd2" 

Environment Variables:
JAVA_HOME=C:\Program Files\Java\jdk-21.0.10
PATH=C:\Program Files\Eclipse Adoptium\jdk-8.0.482.8-hotspot\bin;C:\Windows\system32;C:\Windows;C:\Windows\System32\Wbem;C:\Windows\System32\WindowsPowerShell\v1.0\;C:\Windows\System32\OpenSSH\;C:\Program Files (x86)\NVIDIA Corporation\PhysX\Common;C:\Program Files\NVIDIA Corporation\NVIDIA App\NvDLISR;C:\Program Files\CMake\bin;C:\Program Files\Java\jdk-21.0.10\bin;C:\Program Files\Git\cmd;C:\Program Files (x86)\Microsoft ASP.NET\ASP.NET Web Pages\v1.0\;C:\Program Files\Microsoft SQL Server\110\Tools\Binn\;C:\Program Files (x86)\Windows Kits\10\Windows Performance Toolkit\;C:\Program Files\dotnet\;C:\Program Files\RenderDoc;C:\Users\alexi\AppData\Local\Programs\Eclipse Adoptium\jdk-17.0.17.10-hotspot\bin;C:\Users\alexi\AppData\Local\Microsoft\WindowsApps;C:\Program Files\RenderDoc;
USERNAME=alexi
OS=Windows_NT
PROCESSOR_IDENTIFIER=Intel64 Family 6 Model 186 Stepping 2, GenuineIntel
TMP=C:\Users\alexi\AppData\Local\Temp
TEMP=C:\Users\alexi\AppData\Local\Temp




Compilation memory statistics disabled.

Periodic native trim disabled

---------------  S Y S T E M  ---------------

OS:
 Windows 11 , 64 bit Build 26100 (10.0.26100.8521)
OS uptime: 2 days 21:22 hours
Hyper-V role detected

CPU: total 12 (initial active 12) (6 cores per cpu, 2 threads per core) family 6 model 186 stepping 2 microcode 0x4123, cx8, cmov, fxsr, ht, mmx, 3dnowpref, sse, sse2, sse3, ssse3, sse4.1, sse4.2, popcnt, lzcnt, tsc, tscinvbit, avx, avx2, aes, erms, clmul, bmi1, bmi2, adx, sha, fma, vzeroupper, clflush, clflushopt, clwb, hv, serialize, rdtscp, rdpid, fsrm, gfni, f16c, cet_ibt, cet_ss
Processor Information for processor 0
  Max Mhz: 2100, Current Mhz: 2100, Mhz Limit: 2100
Processor Information for processor 1
  Max Mhz: 2100, Current Mhz: 2100, Mhz Limit: 2100
Processor Information for processor 2
  Max Mhz: 2100, Current Mhz: 2100, Mhz Limit: 2100
Processor Information for processor 3
  Max Mhz: 2100, Current Mhz: 2100, Mhz Limit: 2100
Processor Information for processor 4
  Max Mhz: 2100, Current Mhz: 2100, Mhz Limit: 2100
Processor Information for processor 5
  Max Mhz: 2100, Current Mhz: 2100, Mhz Limit: 2100
Processor Information for processor 6
  Max Mhz: 2100, Current Mhz: 2100, Mhz Limit: 2100
Processor Information for processor 7
  Max Mhz: 2100, Current Mhz: 2100, Mhz Limit: 2100
Processor Information for processor 8
  Max Mhz: 2100, Current Mhz: 1500, Mhz Limit: 1491
Processor Information for processor 9
  Max Mhz: 2100, Current Mhz: 1500, Mhz Limit: 1491
Processor Information for processor 10
  Max Mhz: 2100, Current Mhz: 1500, Mhz Limit: 1491
Processor Information for processor 11
  Max Mhz: 2100, Current Mhz: 1500, Mhz Limit: 1491

Memory: 4k page, system-wide physical 16087M (6465M free)
TotalPageFile size 17239M (AvailPageFile size 5711M)
current process WorkingSet (physical memory assigned to process): 166M, peak: 166M
current process commit charge ("private bytes"): 443M, peak: 451M

vm_info: Java HotSpot(TM) 64-Bit Server VM (25.0.1+8-LTS-27) for windows-amd64 JRE (25.0.1+8-LTS-27), built on 2025-09-25T16:41:16Z with unknown MS VC++:1943

END.
