#
# A fatal error has been detected by the Java Runtime Environment:
#
#  EXCEPTION_ACCESS_VIOLATION (0xc0000005) at pc=0x00007ff89daa8c61, pid=22000, tid=18760
#
# JRE version: Java(TM) SE Runtime Environment (25.0.1+8) (build 25.0.1+8-LTS-27)
# Java VM: Java HotSpot(TM) 64-Bit Server VM (25.0.1+8-LTS-27, mixed mode, sharing, tiered, compressed oops, compressed class ptrs, g1 gc, windows-amd64)
# Problematic frame:
# C  [nvoglv64.dll+0x15b8c61]
#
# No core dump will be written. Minidumps are not enabled by default on client versions of Windows
#
# If you would like to submit a bug report, please visit:
#   https://bugreport.java.com/bugreport/crash.jsp
# The crash happened outside the Java Virtual Machine in native code.
# See problematic frame for where to report the bug.
#

---------------  S U M M A R Y ------------

Command Line: -Dfile.encoding=UTF-8 -Duser.country=GB -Duser.language=en -Duser.variant com.servilious.projmtn.Game -enableDevMode

Host: 13th Gen Intel(R) Core(TM) i5-13420H, 12 cores, 15G,  Windows 11 , 64 bit Build 26100 (10.0.26100.8521)
Time: Wed Jul  1 15:44:16 2026 GMT Summer Time elapsed time: 0.791680 seconds (0d 0h 0m 0s)

---------------  T H R E A D  ---------------

Current thread (0x000002136aef72d0):  JavaThread "main"             [_thread_in_native, id=18760, stack(0x000000ad38f00000,0x000000ad39000000) (1024K)]

Stack: [0x000000ad38f00000,0x000000ad39000000],  sp=0x000000ad38ffee18,  free space=1019k
Native frames: (J=compiled Java code, j=interpreted, Vv=VM code, C=native code)
C  [nvoglv64.dll+0x15b8c61]  (no source info available)
C  [nvoglv64.dll+0x5ce961]  (no source info available)
C  [opengl32.dll+0x31d1b]  (no source info available)
C  [lwjgl_opengl.dll+0xd2e8]  (no source info available)
C  0x000002130753d193  (no source info available)

The last pc belongs to native method entry point (kind = native) (printed below).
Java frames: (J=compiled Java code, j=interpreted, Vv=VM code)
j  org.lwjgl.opengl.GL11C.nglTexImage2D(IIIIIIIIJ)V+0
j  org.lwjgl.opengl.GL11C.glTexImage2D(IIIIIIIILjava/nio/ByteBuffer;)V+17
j  org.lwjgl.opengl.GL11.glTexImage2D(IIIIIIIILjava/nio/ByteBuffer;)V+14
j  com.servilious.projmtn.Game.main([Ljava/lang/String;)V+397
v  ~StubRoutines::call_stub 0x00000213075312ed

siginfo: EXCEPTION_ACCESS_VIOLATION (0xc0000005), reading address 0x000002137f745000


Registers:
RAX=0x00000213157ba84c, RBX=0x00000213157ba84c, RCX=0x00000213157ba84c, RDX=0x000002137f744b20
RSP=0x000000ad38ffee18, RBP=0x000000000028e03b, RSI=0x00000000000004ec, RDI=0x00000213147300c0
R8 =0x00000000000004ec, R9 =0x00000213157ba84c, R10=0x00007ff89c4f0000, R11=0x0000000711f4d890
R12=0x0000000000000021, R13=0x0000000000000de1, R14=0x0000000000000023, R15=0x0000000000001903
RIP=0x00007ff89daa8c61, EFLAGS=0x0000000000010283

XMM[0]=0xdfbd935a11000000 0x0000000000000000
XMM[1]=0x0000000000000000 0x000000ad38ffeee0
XMM[2]=0x0000000000000000 0x0000000000000000
XMM[3]=0x0000000000000000 0x0000000000000000
XMM[4]=0x0000000000000000 0x0000000000000000
XMM[5]=0x0000000000000000 0x0000000000000000
XMM[6]=0x0000000000000000 0x4a319941fc018edf
XMM[7]=0x0000000000000000 0x59db6a41e191dddf
XMM[8]=0x0000000000000000 0x34e63b4167e12cdf
XMM[9]=0x0000000000000000 0x351b734c4789fad8
XMM[10]=0x0000000000000000 0xe14fd9ee7c97227f
XMM[11]=0x0000000000000000 0xb76c25743b68cd3d
XMM[12]=0x0000000000000000 0x5120ff6c12573cf1
XMM[13]=0x0000000000000000 0x0000000000000000
XMM[14]=0x0000000000000000 0x0000000000000000
XMM[15]=0x0000000000000000 0x0000000000000000
  MXCSR=0x00001fa0


Register to memory mapping:

RAX=0x00000213157ba84c points into unknown readable memory: 00 00 00 00
RBX=0x00000213157ba84c points into unknown readable memory: 00 00 00 00
RCX=0x00000213157ba84c points into unknown readable memory: 00 00 00 00
RDX=0x000002137f744b20 points into unknown readable memory: 0x0000000000000000 | 00 00 00 00 00 00 00 00
RSP=0x000000ad38ffee18 is pointing into the stack for thread: 0x000002136aef72d0
RBP=0x000000000028e03b is an unknown value
RSI=0x00000000000004ec is an unknown value
RDI=0x00000213147300c0 points into unknown readable memory: 0x0000000000000000 | 00 00 00 00 00 00 00 00
R8 =0x00000000000004ec is an unknown value
R9 =0x00000213157ba84c points into unknown readable memory: 00 00 00 00
R10=0x00007ff89c4f0000 nvoglv64.dll
R11=0x0000000711f4d890 is an oop: java.lang.Class 
{0x0000000711f4d890} - klass: 'java/lang/Class' - flags: 

 - ---- fields (total size 117 words):
 - private volatile transient 'classRedefinedCount' 'I' @12  0 (0x00000000)
 - injected 'klass' 'J' @16  454092792 (0x000000001b10e7f8)
 - injected 'array_klass' 'J' @24  0 (0x0000000000000000)
 - injected 'oop_size' 'I' @32  117 (0x00000075)
 - injected 'static_oop_field_count' 'I' @36  0 (0x00000000)
 - private final transient 'modifiers' 'C' @40    1 (0x0001)
 - private final transient 'primitive' 'Z' @42  false (0x00)
 - private volatile transient 'cachedConstructor' 'Ljava/lang/reflect/Constructor;' @44  null (0x00000000)
 - private transient 'name' 'Ljava/lang/String;' @48  "org.lwjgl.opengl.GL11C"{0x0000000711f4dc48} (0xe23e9b89)
 - private transient 'module' 'Ljava/lang/Module;' @52  a 'java/lang/Module'{0x00000007ffe1f4d8} (0xfffc3e9b)
 - private final 'classLoader' 'Ljava/lang/ClassLoader;' @56  a 'jdk/internal/loader/ClassLoaders$AppClassLoader'{0x00000007ffe1f458} (0xfffc3e8b)
 - private transient 'classData' 'Ljava/lang/Object;' @60  null (0x00000000)
 - private transient 'signers' '[Ljava/lang/Object;' @64  null (0x00000000)
 - private transient 'packageName' 'Ljava/lang/String;' @68  "org.lwjgl.opengl"{0x0000000712a38328} (0xe2547065)
 - private final transient 'componentType' 'Ljava/lang/Class;' @72  null (0x00000000)
 - private final transient 'protectionDomain' 'Ljava/security/ProtectionDomain;' @76  a 'java/security/ProtectionDomain'{0x0000000712a48e88} (0xe25491d1)
 - private volatile transient 'reflectionData' 'Ljava/lang/ref/SoftReference;' @80  null (0x00000000)
 - private volatile transient 'genericInfo' 'Lsun/reflect/generics/repository/ClassRepository;' @84  null (0x00000000)
 - private volatile transient 'enumConstants' '[Ljava/lang/Object;' @88  null (0x00000000)
 - private volatile transient 'enumConstantDirectory' 'Ljava/util/Map;' @92  null (0x00000000)
 - private volatile transient 'annotationData' 'Ljava/lang/Class$AnnotationData;' @96  null (0x00000000)
 - private volatile transient 'annotationType' 'Lsun/reflect/annotation/AnnotationType;' @100  null (0x00000000)
 - transient 'classValueMap' 'Ljava/lang/ClassValue$ClassValueMap;' @104  null (0x00000000)
 - injected 'source_file' 'Ljava/lang/Object;' @108  null (0x00000000)
 - injected '<init_lock>' 'Ljava/lang/Object;' @112  null (0x00000000)
 - signature: Lorg/lwjgl/opengl/GL11C;
 - ---- static fields (0):
 - public static final 'GL_NEVER' 'I' @120  512 (0x00000200)
 - public static final 'GL_LESS' 'I' @124  513 (0x00000201)
 - public static final 'GL_EQUAL' 'I' @128  514 (0x00000202)
 - public static final 'GL_LEQUAL' 'I' @132  515 (0x00000203)
 - public static final 'GL_GREATER' 'I' @136  516 (0x00000204)
 - public static final 'GL_NOTEQUAL' 'I' @140  517 (0x00000205)
 - public static final 'GL_GEQUAL' 'I' @144  518 (0x00000206)
 - public static final 'GL_ALWAYS' 'I' @148  519 (0x00000207)
 - public static final 'GL_DEPTH_BUFFER_BIT' 'I' @152  256 (0x00000100)
 - public static final 'GL_STENCIL_BUFFER_BIT' 'I' @156  1024 (0x00000400)
 - public static final 'GL_COLOR_BUFFER_BIT' 'I' @160  16384 (0x00004000)
 - public static final 'GL_POINTS' 'I' @164  0 (0x00000000)
 - public static final 'GL_LINES' 'I' @168  1 (0x00000001)
 - public static final 'GL_LINE_LOOP' 'I' @172  2 (0x00000002)
 - public static final 'GL_LINE_STRIP' 'I' @176  3 (0x00000003)
 - public static final 'GL_TRIANGLES' 'I' @180  4 (0x00000004)
 - public static final 'GL_TRIANGLE_STRIP' 'I' @184  5 (0x00000005)
 - public static final 'GL_TRIANGLE_FAN' 'I' @188  6 (0x00000006)
 - public static final 'GL_QUADS' 'I' @192  7 (0x00000007)
 - public static final 'GL_ZERO' 'I' @196  0 (0x00000000)
 - public static final 'GL_ONE' 'I' @200  1 (0x00000001)
 - public static final 'GL_SRC_COLOR' 'I' @204  768 (0x00000300)
 - public static final 'GL_ONE_MINUS_SRC_COLOR' 'I' @208  769 (0x00000301)
 - public static final 'GL_SRC_ALPHA' 'I' @212  770 (0x00000302)
 - public static final 'GL_ONE_MINUS_SRC_ALPHA' 'I' @216  771 (0x00000303)
 - public static final 'GL_DST_ALPHA' 'I' @220  772 (0x00000304)
 - public static final 'GL_ONE_MINUS_DST_ALPHA' 'I' @224  773 (0x00000305)
 - public static final 'GL_DST_COLOR' 'I' @228  774 (0x00000306)
 - public static final 'GL_ONE_MINUS_DST_COLOR' 'I' @232  775 (0x00000307)
 - public static final 'GL_SRC_ALPHA_SATURATE' 'I' @236  776 (0x00000308)
 - public static final 'GL_TRUE' 'I' @240  1 (0x00000001)
 - public static final 'GL_FALSE' 'I' @244  0 (0x00000000)
 - public static final 'GL_BYTE' 'I' @248  5120 (0x00001400)
 - public static final 'GL_UNSIGNED_BYTE' 'I' @252  5121 (0x00001401)
 - public static final 'GL_SHORT' 'I' @256  5122 (0x00001402)
 - public static final 'GL_UNSIGNED_SHORT' 'I' @260  5123 (0x00001403)
 - public static final 'GL_INT' 'I' @264  5124 (0x00001404)
 - public static final 'GL_UNSIGNED_INT' 'I' @268  5125 (0x00001405)
 - public static final 'GL_FLOAT' 'I' @272  5126 (0x00001406)
 - public static final 'GL_DOUBLE' 'I' @276  5130 (0x0000140a)
 - public static final 'GL_NONE' 'I' @280  0 (0x00000000)
 - public static final 'GL_FRONT_LEFT' 'I' @284  1024 (0x00000400)
 - public static final 'GL_FRONT_RIGHT' 'I' @288  1025 (0x00000401)
 - public static final 'GL_BACK_LEFT' 'I' @292  1026 (0x00000402)
 - public static final 'GL_BACK_RIGHT' 'I' @296  1027 (0x00000403)
 - public static final 'GL_FRONT' 'I' @300  1028 (0x00000404)
 - public static final 'GL_BACK' 'I' @304  1029 (0x00000405)
 - public static final 'GL_LEFT' 'I' @308  1030 (0x00000406)
 - public static final 'GL_RIGHT' 'I' @312  1031 (0x00000407)
 - public static final 'GL_FRONT_AND_BACK' 'I' @316  1032 (0x00000408)
 - public static final 'GL_NO_ERROR' 'I' @320  0 (0x00000000)
 - public static final 'GL_INVALID_ENUM' 'I' @324  1280 (0x00000500)
 - public static final 'GL_INVALID_VALUE' 'I' @328  1281 (0x00000501)
 - public static final 'GL_INVALID_OPERATION' 'I' @332  1282 (0x00000502)
 - public static final 'GL_STACK_OVERFLOW' 'I' @336  1283 (0x00000503)
 - public static final 'GL_STACK_UNDERFLOW' 'I' @340  1284 (0x00000504)
 - public static final 'GL_OUT_OF_MEMORY' 'I' @344  1285 (0x00000505)
 - public static final 'GL_CW' 'I' @348  2304 (0x00000900)
 - public static final 'GL_CCW' 'I' @352  2305 (0x00000901)
 - public static final 'GL_POINT_SIZE' 'I' @356  2833 (0x00000b11)
 - public static final 'GL_POINT_SIZE_RANGE' 'I' @360  2834 (0x00000b12)
 - public static final 'GL_POINT_SIZE_GRANULARITY' 'I' @364  2835 (0x00000b13)
 - public static final 'GL_LINE_SMOOTH' 'I' @368  2848 (0x00000b20)
 - public static final 'GL_LINE_WIDTH' 'I' @372  2849 (0x00000b21)
 - public static final 'GL_LINE_WIDTH_RANGE' 'I' @376  2850 (0x00000b22)
 - public static final 'GL_LINE_WIDTH_GRANULARITY' 'I' @380  2851 (0x00000b23)
 - public static final 'GL_POLYGON_MODE' 'I' @384  2880 (0x00000b40)
 - public static final 'GL_POLYGON_SMOOTH' 'I' @388  2881 (0x00000b41)
 - public static final 'GL_CULL_FACE' 'I' @392  2884 (0x00000b44)
 - public static final 'GL_CULL_FACE_MODE' 'I' @396  2885 (0x00000b45)
 - public static final 'GL_FRONT_FACE' 'I' @400  2886 (0x00000b46)
 - public static final 'GL_DEPTH_RANGE' 'I' @404  2928 (0x00000b70)
 - public static final 'GL_DEPTH_TEST' 'I' @408  2929 (0x00000b71)
 - public static final 'GL_DEPTH_WRITEMASK' 'I' @412  2930 (0x00000b72)
 - public static final 'GL_DEPTH_CLEAR_VALUE' 'I' @416  2931 (0x00000b73)
 - public static final 'GL_DEPTH_FUNC' 'I' @420  2932 (0x00000b74)
 - public static final 'GL_STENCIL_TEST' 'I' @424  2960 (0x00000b90)
 - public static final 'GL_STENCIL_CLEAR_VALUE' 'I' @428  2961 (0x00000b91)
 - public static final 'GL_STENCIL_FUNC' 'I' @432  2962 (0x00000b92)
 - public static final 'GL_STENCIL_VALUE_MASK' 'I' @436  2963 (0x00000b93)
 - public static final 'GL_STENCIL_FAIL' 'I' @440  2964 (0x00000b94)
 - public static final 'GL_STENCIL_PASS_DEPTH_FAIL' 'I' @444  2965 (0x00000b95)
 - public static final 'GL_STENCIL_PASS_DEPTH_PASS' 'I' @448  2966 (0x00000b96)
 - public static final 'GL_STENCIL_REF' 'I' @452  2967 (0x00000b97)
 - public static final 'GL_STENCIL_WRITEMASK' 'I' @456  2968 (0x00000b98)
 - public static final 'GL_VIEWPORT' 'I' @460  2978 (0x00000ba2)
 - public static final 'GL_DITHER' 'I' @464  3024 (0x00000bd0)
 - public static final 'GL_BLEND_DST' 'I' @468  3040 (0x00000be0)
 - public static final 'GL_BLEND_SRC' 'I' @472  3041 (0x00000be1)
 - public static final 'GL_BLEND' 'I' @476  3042 (0x00000be2)
 - public static final 'GL_LOGIC_OP_MODE' 'I' @480  3056 (0x00000bf0)
 - public static final 'GL_COLOR_LOGIC_OP' 'I' @484  3058 (0x00000bf2)
 - public static final 'GL_DRAW_BUFFER' 'I' @488  3073 (0x00000c01)
 - public static final 'GL_READ_BUFFER' 'I' @492  3074 (0x00000c02)
 - public static final 'GL_SCISSOR_BOX' 'I' @496  3088 (0x00000c10)
 - public static final 'GL_SCISSOR_TEST' 'I' @500  3089 (0x00000c11)
 - public static final 'GL_COLOR_CLEAR_VALUE' 'I' @504  3106 (0x00000c22)
 - public static final 'GL_COLOR_WRITEMASK' 'I' @508  3107 (0x00000c23)
 - public static final 'GL_DOUBLEBUFFER' 'I' @512  3122 (0x00000c32)
 - public static final 'GL_STEREO' 'I' @516  3123 (0x00000c33)
 - public static final 'GL_LINE_SMOOTH_HINT' 'I' @520  3154 (0x00000c52)
 - public static final 'GL_POLYGON_SMOOTH_HINT' 'I' @524  3155 (0x00000c53)
 - public static final 'GL_UNPACK_SWAP_BYTES' 'I' @528  3312 (0x00000cf0)
 - public static final 'GL_UNPACK_LSB_FIRST' 'I' @532  3313 (0x00000cf1)
 - public static final 'GL_UNPACK_ROW_LENGTH' 'I' @536  3314 (0x00000cf2)
 - public static final 'GL_UNPACK_SKIP_ROWS' 'I' @540  3315 (0x00000cf3)
 - public static final 'GL_UNPACK_SKIP_PIXELS' 'I' @544  3316 (0x00000cf4)
 - public static final 'GL_UNPACK_ALIGNMENT' 'I' @548  3317 (0x00000cf5)
 - public static final 'GL_PACK_SWAP_BYTES' 'I' @552  3328 (0x00000d00)
 - public static final 'GL_PACK_LSB_FIRST' 'I' @556  3329 (0x00000d01)
 - public static final 'GL_PACK_ROW_LENGTH' 'I' @560  3330 (0x00000d02)
 - public static final 'GL_PACK_SKIP_ROWS' 'I' @564  3331 (0x00000d03)
 - public static final 'GL_PACK_SKIP_PIXELS' 'I' @568  3332 (0x00000d04)
 - public static final 'GL_PACK_ALIGNMENT' 'I' @572  3333 (0x00000d05)
 - public static final 'GL_MAX_TEXTURE_SIZE' 'I' @576  3379 (0x00000d33)
 - public static final 'GL_MAX_VIEWPORT_DIMS' 'I' @580  3386 (0x00000d3a)
 - public static final 'GL_SUBPIXEL_BITS' 'I' @584  3408 (0x00000d50)
 - public static final 'GL_TEXTURE_1D' 'I' @588  3552 (0x00000de0)
 - public static final 'GL_TEXTURE_2D' 'I' @592  3553 (0x00000de1)
 - public static final 'GL_TEXTURE_WIDTH' 'I' @596  4096 (0x00001000)
 - public static final 'GL_TEXTURE_HEIGHT' 'I' @600  4097 (0x00001001)
 - public static final 'GL_TEXTURE_INTERNAL_FORMAT' 'I' @604  4099 (0x00001003)
 - public static final 'GL_TEXTURE_BORDER_COLOR' 'I' @608  4100 (0x00001004)
 - public static final 'GL_DONT_CARE' 'I' @612  4352 (0x00001100)
 - public static final 'GL_FASTEST' 'I' @616  4353 (0x00001101)
 - public static final 'GL_NICEST' 'I' @620  4354 (0x00001102)
 - public static final 'GL_CLEAR' 'I' @624  5376 (0x00001500)
 - public static final 'GL_AND' 'I' @628  5377 (0x00001501)
 - public static final 'GL_AND_REVERSE' 'I' @632  5378 (0x00001502)
 - public static final 'GL_COPY' 'I' @636  5379 (0x00001503)
 - public static final 'GL_AND_INVERTED' 'I' @640  5380 (0x00001504)
 - public static final 'GL_NOOP' 'I' @644  5381 (0x00001505)
 - public static final 'GL_XOR' 'I' @648  5382 (0x00001506)
 - public static final 'GL_OR' 'I' @652  5383 (0x00001507)
 - public static final 'GL_NOR' 'I' @656  5384 (0x00001508)
 - public static final 'GL_EQUIV' 'I' @660  5385 (0x00001509)
 - public static final 'GL_INVERT' 'I' @664  5386 (0x0000150a)
 - public static final 'GL_OR_REVERSE' 'I' @668  5387 (0x0000150b)
 - public static final 'GL_COPY_INVERTED' 'I' @672  5388 (0x0000150c)
 - public static final 'GL_OR_INVERTED' 'I' @676  5389 (0x0000150d)
 - public static final 'GL_NAND' 'I' @680  5390 (0x0000150e)
 - public static final 'GL_SET' 'I' @684  5391 (0x0000150f)
 - public static final 'GL_TEXTURE' 'I' @688  5890 (0x00001702)
 - public static final 'GL_COLOR' 'I' @692  6144 (0x00001800)
 - public static final 'GL_DEPTH' 'I' @696  6145 (0x00001801)
 - public static final 'GL_STENCIL' 'I' @700  6146 (0x00001802)
 - public static final 'GL_STENCIL_INDEX' 'I' @704  6401 (0x00001901)
 - public static final 'GL_DEPTH_COMPONENT' 'I' @708  6402 (0x00001902)
 - public static final 'GL_RED' 'I' @712  6403 (0x00001903)
 - public static final 'GL_GREEN' 'I' @716  6404 (0x00001904)
 - public static final 'GL_BLUE' 'I' @720  6405 (0x00001905)
 - public static final 'GL_ALPHA' 'I' @724  6406 (0x00001906)
 - public static final 'GL_RGB' 'I' @728  6407 (0x00001907)
 - public static final 'GL_RGBA' 'I' @732  6408 (0x00001908)
 - public static final 'GL_POINT' 'I' @736  6912 (0x00001b00)
 - public static final 'GL_LINE' 'I' @740  6913 (0x00001b01)
 - public static final 'GL_FILL' 'I' @744  6914 (0x00001b02)
 - public static final 'GL_KEEP' 'I' @748  7680 (0x00001e00)
 - public static final 'GL_REPLACE' 'I' @752  7681 (0x00001e01)
 - public static final 'GL_INCR' 'I' @756  7682 (0x00001e02)
 - public static final 'GL_DECR' 'I' @760  7683 (0x00001e03)
 - public static final 'GL_VENDOR' 'I' @764  7936 (0x00001f00)
 - public static final 'GL_RENDERER' 'I' @768  7937 (0x00001f01)
 - public static final 'GL_VERSION' 'I' @772  7938 (0x00001f02)
 - public static final 'GL_EXTENSIONS' 'I' @776  7939 (0x00001f03)
 - public static final 'GL_NEAREST' 'I' @780  9728 (0x00002600)
 - public static final 'GL_LINEAR' 'I' @784  9729 (0x00002601)
 - public static final 'GL_NEAREST_MIPMAP_NEAREST' 'I' @788  9984 (0x00002700)
 - public static final 'GL_LINEAR_MIPMAP_NEAREST' 'I' @792  9985 (0x00002701)
 - public static final 'GL_NEAREST_MIPMAP_LINEAR' 'I' @796  9986 (0x00002702)
 - public static final 'GL_LINEAR_MIPMAP_LINEAR' 'I' @800  9987 (0x00002703)
 - public static final 'GL_TEXTURE_MAG_FILTER' 'I' @804  10240 (0x00002800)
 - public static final 'GL_TEXTURE_MIN_FILTER' 'I' @808  10241 (0x00002801)
 - public static final 'GL_TEXTURE_WRAP_S' 'I' @812  10242 (0x00002802)
 - public static final 'GL_TEXTURE_WRAP_T' 'I' @816  10243 (0x00002803)
 - public static final 'GL_REPEAT' 'I' @820  10497 (0x00002901)
 - public static final 'GL_POLYGON_OFFSET_FACTOR' 'I' @824  32824 (0x00008038)
 - public static final 'GL_POLYGON_OFFSET_UNITS' 'I' @828  10752 (0x00002a00)
 - public static final 'GL_POLYGON_OFFSET_POINT' 'I' @832  10753 (0x00002a01)
 - public static final 'GL_POLYGON_OFFSET_LINE' 'I' @836  10754 (0x00002a02)
 - public static final 'GL_POLYGON_OFFSET_FILL' 'I' @840  32823 (0x00008037)
 - public static final 'GL_R3_G3_B2' 'I' @844  10768 (0x00002a10)
 - public static final 'GL_RGB4' 'I' @848  32847 (0x0000804f)
 - public static final 'GL_RGB5' 'I' @852  32848 (0x00008050)
 - public static final 'GL_RGB8' 'I' @856  32849 (0x00008051)
 - public static final 'GL_RGB10' 'I' @860  32850 (0x00008052)
 - public static final 'GL_RGB12' 'I' @864  32851 (0x00008053)
 - public static final 'GL_RGB16' 'I' @868  32852 (0x00008054)
 - public static final 'GL_RGBA2' 'I' @872  32853 (0x00008055)
 - public static final 'GL_RGBA4' 'I' @876  32854 (0x00008056)
 - public static final 'GL_RGB5_A1' 'I' @880  32855 (0x00008057)
 - public static final 'GL_RGBA8' 'I' @884  32856 (0x00008058)
 - public static final 'GL_RGB10_A2' 'I' @888  32857 (0x00008059)
 - public static final 'GL_RGBA12' 'I' @892  32858 (0x0000805a)
 - public static final 'GL_RGBA16' 'I' @896  32859 (0x0000805b)
 - public static final 'GL_TEXTURE_RED_SIZE' 'I' @900  32860 (0x0000805c)
 - public static final 'GL_TEXTURE_GREEN_SIZE' 'I' @904  32861 (0x0000805d)
 - public static final 'GL_TEXTURE_BLUE_SIZE' 'I' @908  32862 (0x0000805e)
 - public static final 'GL_TEXTURE_ALPHA_SIZE' 'I' @912  32863 (0x0000805f)
 - public static final 'GL_PROXY_TEXTURE_1D' 'I' @916  32867 (0x00008063)
 - public static final 'GL_PROXY_TEXTURE_2D' 'I' @920  32868 (0x00008064)
 - public static final 'GL_TEXTURE_BINDING_1D' 'I' @924  32872 (0x00008068)
 - public static final 'GL_TEXTURE_BINDING_2D' 'I' @928  32873 (0x00008069)
 - public static final 'GL_VERTEX_ARRAY' 'I' @932  32884 (0x00008074)
R12=0x0000000000000021 is an unknown value
R13=0x0000000000000de1 is an unknown value
R14=0x0000000000000023 is an unknown value
R15=0x0000000000001903 is an unknown value

Top of Stack: (sp=0x000000ad38ffee18)
0x000000ad38ffee18:   00007ff89cabe961 0000000000001401   a...............
0x000000ad38ffee28:   0000000000000de1 00000213147300c0   ..........s.....
0x000000ad38ffee38:   0000000000000000 0000000700001903   ................
0x000000ad38ffee48:   0000000000001401 000002137f744b20   ........ Kt.....
0x000000ad38ffee58:   00007ff8a1fe2c00 000002136aef72d0   .,.......r.j....
0x000000ad38ffee68:   000000ad38fff070 000002130f8e3588   p..8.....5......
0x000000ad38ffee78:   0000000000000000 0000000000001903   ................
0x000000ad38ffee88:   00007ff910081d1b 0000000000000021   ........!.......
0x000000ad38ffee98:   0000021300000000 0000000000000de1   ................
0x000000ad38ffeea8:   0000000000000000 0000021300000023   ........#.......
0x000000ad38ffeeb8:   0000000000000000 0000000700001903   ................
0x000000ad38ffeec8:   0000000700001401 000002137f744b20   ........ Kt.....
0x000000ad38ffeed8:   000002130031e704 0000000000069b88   ..1.............
0x000000ad38ffeee8:   00007ff91122d2e8 0000000000000de1   ..".............
0x000000ad38ffeef8:   000000ad38fff008 000002137f744b20   ...8.... Kt.....
0x000000ad38ffef08:   0000000711a9e150 0000000000000023   P.......#.......
0x000000ad38ffef18:   0000021300000000 0000000700001903   ................
0x000000ad38ffef28:   0000000700001401 000002137f744b20   ........ Kt.....
0x000000ad38ffef38:   0000000000000000 000002130f8e3588   .........5......
0x000000ad38ffef48:   000002130753d193 00000213147300c0   ..S.......s.....
0x000000ad38ffef58:   0000000000000000 0000000000000001   ................
0x000000ad38ffef68:   0000000000000001 0000021300001903   ................
0x000000ad38ffef78:   0000000000000021 0000026400000023   !.......#...d...
0x000000ad38ffef88:   0000000000000000 000000ad00001903   ................
0x000000ad38ffef98:   0000021300001401 000002137f744b20   ........ Kt.....
0x000000ad38ffefa8:   0000000000000000 000002137ebbbe88   ...........~....
0x000000ad38ffefb8:   0000000000000000 fffffffffffffff7   ................
0x000000ad38ffefc8:   0000000000000000 000000000000000d   ................
0x000000ad38ffefd8:   000002130f8ea438 0000000000000000   8...............
0x000000ad38ffefe8:   0000000711f4d890 000002130f8e3588   .........5......
0x000000ad38ffeff8:   0000000000000000 000000ad38fff028   ........(..8....
0x000000ad38fff008:   000000ad38fff0c0 0000021307538b18   ...8......S.....

Instructions: (pc=0x00007ff89daa8c61)
  0x00007ff89daa8b61:   40 04 44 88 48 06 c3 4c 8b 02 8b 4a 08 44 0f b7
  0x00007ff89daa8b71:   4a 0c 4c 89 00 89 48 08 66 44 89 48 0c c3 0f b7
  0x00007ff89daa8b81:   0a 44 0f b6 42 02 66 89 08 44 88 40 02 c3 90 4c
  0x00007ff89daa8b91:   8b 02 8b 4a 08 44 0f b6 4a 0c 4c 89 00 89 48 08
  0x00007ff89daa8ba1:   44 88 48 0c c3 4c 8b 02 0f b7 4a 08 4c 89 00 66
  0x00007ff89daa8bb1:   89 48 08 c3 4c 8b 02 0f b6 4a 08 4c 89 00 88 48
  0x00007ff89daa8bc1:   08 c3 4c 8b 02 8b 4a 08 4c 89 00 89 48 08 c3 8b
  0x00007ff89daa8bd1:   0a 44 0f b7 42 04 89 08 66 44 89 40 04 c3 8b 0a
  0x00007ff89daa8be1:   44 0f b6 42 04 89 08 44 88 40 04 c3 48 8b 0a 48
  0x00007ff89daa8bf1:   89 08 c3 0f b6 0a 88 08 c3 8b 0a 89 08 c3 90 49
  0x00007ff89daa8c01:   83 f8 20 77 17 f3 0f 6f 0a f3 42 0f 6f 54 02 f0
  0x00007ff89daa8c11:   f3 0f 7f 09 f3 42 0f 7f 54 01 f0 c3 4e 8d 0c 02
  0x00007ff89daa8c21:   48 3b ca 4c 0f 46 c9 49 3b c9 0f 82 3f 04 00 00
  0x00007ff89daa8c31:   83 3d d8 19 6c 01 03 0f 82 e2 02 00 00 49 81 f8
  0x00007ff89daa8c41:   00 20 00 00 76 16 49 81 f8 00 00 18 00 77 0d f6
  0x00007ff89daa8c51:   05 91 72 77 01 02 0f 85 73 fe ff ff c5 fe 6f 02
=>0x00007ff89daa8c61:   c4 a1 7e 6f 6c 02 e0 49 81 f8 00 01 00 00 0f 86
  0x00007ff89daa8c71:   c3 00 00 00 4c 8b c9 49 83 e1 1f 49 83 e9 20 49
  0x00007ff89daa8c81:   2b c9 49 2b d1 4d 03 c1 49 81 f8 00 01 00 00 0f
  0x00007ff89daa8c91:   86 a2 00 00 00 49 81 f8 00 00 18 00 0f 87 3d 01
  0x00007ff89daa8ca1:   00 00 66 66 66 66 66 0f 1f 84 00 00 00 00 00 c5
  0x00007ff89daa8cb1:   fe 6f 0a c5 fe 6f 52 20 c5 fe 6f 5a 40 c5 fe 6f
  0x00007ff89daa8cc1:   62 60 c5 fd 7f 09 c5 fd 7f 51 20 c5 fd 7f 59 40
  0x00007ff89daa8cd1:   c5 fd 7f 61 60 c5 fe 6f 8a 80 00 00 00 c5 fe 6f
  0x00007ff89daa8ce1:   92 a0 00 00 00 c5 fe 6f 9a c0 00 00 00 c5 fe 6f
  0x00007ff89daa8cf1:   a2 e0 00 00 00 c5 fd 7f 89 80 00 00 00 c5 fd 7f
  0x00007ff89daa8d01:   91 a0 00 00 00 c5 fd 7f 99 c0 00 00 00 c5 fd 7f
  0x00007ff89daa8d11:   a1 e0 00 00 00 48 81 c1 00 01 00 00 48 81 c2 00
  0x00007ff89daa8d21:   01 00 00 49 81 e8 00 01 00 00 49 81 f8 00 01 00
  0x00007ff89daa8d31:   00 0f 83 78 ff ff ff 4d 8d 48 1f 49 83 e1 e0 4d
  0x00007ff89daa8d41:   8b d9 49 c1 eb 05 47 8b 9c 9a 70 1c a4 02 4d 03
  0x00007ff89daa8d51:   da 41 ff e3 c4 a1 7e 6f 8c 0a 00 ff ff ff c4 a1


Stack slot to memory mapping:

stack at sp + 0 slots: 0x00007ff89cabe961 nvoglv64.dll
stack at sp + 1 slots: 0x0000000000001401 is an unknown value
stack at sp + 2 slots: 0x0000000000000de1 is an unknown value
stack at sp + 3 slots: 0x00000213147300c0 points into unknown readable memory: 0x0000000000000000 | 00 00 00 00 00 00 00 00
stack at sp + 4 slots: 0x0 is null
stack at sp + 5 slots: 0x0000000700001903 is an unknown value
stack at sp + 6 slots: 0x0000000000001401 is an unknown value
stack at sp + 7 slots: 0x000002137f744b20 points into unknown readable memory: 0x0000000000000000 | 00 00 00 00 00 00 00 00

Lock stack of current Java thread (top to bottom):

native method entry point (kind = native)  [0x000002130753cdc0, 0x000002130753d8b8]  2808 bytes
[MachCode]
  0x000002130753cdc0: 488b 4b08 | 0fb7 492e | 584c 8d74 | ccf8 6800 | 0000 0068 | 0000 0000 | 5055 488b | ec41 5548 
  0x000002130753cde0: 8b43 084c | 8d68 3848 | 8b40 0868 | 0000 0000 | 5348 8b50 | 1848 8b52 | 7048 8b12 | 5248 8b53 
  0x000002130753ce00: 1048 85d2 | 7407 4881 | c2d0 0000 | 0052 488b | 5010 5249 | 8bc6 482b | c548 c1e8 | 0350 6800 
  0x000002130753ce20: 0000 0068 | f7ff ffff | 41c6 87f1 | 0400 0001 | 488b 4310 | 4885 c074 | 208b 8890 | 0000 0083 
  0x000002130753ce40: c102 8988 | 9000 0000 | 2388 a400 | 0000 0f84 | b209 0000 | e9cf 0000 | 0048 8b43 | 1848 85c0 
  0x000002130753ce60: 0f85 b000 | 0000 e805 | 0000 00e9 | 9900 0000 | 488b d348 | 8d44 2408 | 4c89 6dc0 | 498b cfc5 
  0x000002130753ce80: f877 4989 | af38 0400 | 0049 8987 | 2804 0000 | 4883 ec20 | 40f6 c40f | 0f84 1900 | 0000 4883 
  0x000002130753cea0: ec08 48b8 | 401f f3a1 | f87f 0000 | ffd0 4883 | c408 e90c | 0000 0048 | b840 1ff3 | a1f8 7f00 
  0x000002130753cec0: 00ff d048 | 83c4 2049 | c787 2804 | 0000 0000 | 0000 49c7 | 8738 0400 | 0000 0000 | 0049 c787 
  0x000002130753cee0: 3004 0000 | 0000 0000 | c5f8 7749 | 837f 0800 | 0f84 0500 | 0000 e9e5 | 42ff ff4c | 8b6d c04c 
  0x000002130753cf00: 8b75 c84e | 8d74 f500 | c348 8b43 | 1848 85c0 | 0f84 1200 | 0000 8b48 | 0883 c102 | 8948 0823 
  0x000002130753cf20: 482c 0f84 | de08 0000 | 493b a770 | 0500 000f | 8748 0000 | 0089 8424 | 00f0 ffff | 8984 2400 
  0x000002130753cf40: e0ff ff89 | 8424 00d0 | ffff 8984 | 2400 c0ff | ff89 8424 | 00b0 ffff | 8984 2400 | a0ff ff89 
  0x000002130753cf60: 8424 0090 | ffff 8984 | 2400 80ff | ff49 3ba7 | 6805 0000 | 7607 4989 | a770 0500 | 0041 c687 
  0x000002130753cf80: f104 0000 | 0048 8b5d | e84c 8b5b | 0845 0fb7 | 5b2e 41c1 | e303 492b | e348 83ec | 2048 83e4 
  0x000002130753cfa0: f04c 8b5b | 604d 85db | 0f85 ab00 | 0000 e805 | 0000 00e9 | 9900 0000 | 488b d348 | 8d44 2408 
  0x000002130753cfc0: 4c89 6dc0 | 498b cfc5 | f877 4989 | af38 0400 | 0049 8987 | 2804 0000 | 4883 ec20 | 40f6 c40f 
  0x000002130753cfe0: 0f84 1900 | 0000 4883 | ec08 48b8 | 7048 f3a1 | f87f 0000 | ffd0 4883 | c408 e90c | 0000 0048 
  0x000002130753d000: b870 48f3 | a1f8 7f00 | 00ff d048 | 83c4 2049 | c787 2804 | 0000 0000 | 0000 49c7 | 8738 0400 
  0x000002130753d020: 0000 0000 | 0049 c787 | 3004 0000 | 0000 0000 | c5f8 7749 | 837f 0800 | 0f84 0500 | 0000 e99d 
  0x000002130753d040: 41ff ff4c | 8b6d c04c | 8b75 c84e | 8d74 f500 | c348 8b5d | e84c 8b5b | 6041 ffd3 | 488b 5de8 
  0x000002130753d060: 4889 4518 | 440f b75b | 2c41 f6c3 | 080f 841b | 0000 004c | 8b5b 084d | 8b5b 084d | 8b5b 184d 
  0x000002130753d080: 8b5b 704d | 8b1b 4c89 | 5d10 488d | 5510 488b | 4358 49ba | a00f 2ea2 | f87f 0000 | 493b c20f 
  0x000002130753d0a0: 85ab 0000 | 00e8 0500 | 0000 e999 | 0000 0048 | 8bd3 488d | 4424 084c | 896d c049 | 8bcf c5f8 
  0x000002130753d0c0: 7749 89af | 3804 0000 | 4989 8728 | 0400 0048 | 83ec 2040 | f6c4 0f0f | 8419 0000 | 0048 83ec 
  0x000002130753d0e0: 0848 b870 | 48f3 a1f8 | 7f00 00ff | d048 83c4 | 08e9 0c00 | 0000 48b8 | 7048 f3a1 | f87f 0000 
  0x000002130753d100: ffd0 4883 | c420 49c7 | 8728 0400 | 0000 0000 | 0049 c787 | 3804 0000 | 0000 0000 | 49c7 8730 
  0x000002130753d120: 0400 0000 | 0000 00c5 | f877 4983 | 7f08 000f | 8405 0000 | 00e9 a640 | ffff 4c8b | 6dc0 4c8b 
  0x000002130753d140: 75c8 4e8d | 74f5 00c3 | 488b 5de8 | 488b 4358 | 498d 8f48 | 0400 004c | 8d15 d500 | 0000 4d89 
  0x000002130753d160: 9730 0400 | 00c5 f877 | 4989 af38 | 0400 0049 | 89a7 2804 | 0000 41c7 | 87d4 0400 | 0004 0000 
  0x000002130753d180: 0049 3ba7 | c805 0000 | 7607 4989 | a7c8 0500 | 00ff d049 | 3ba7 c805 | 0000 720b | 49c7 87c8 
  0x000002130753d1a0: 0500 0000 | 0000 00c5 | f877 4883 | ec10 c5fb | 1104 2448 | 83ec 1048 | 8904 2448 | c744 2408 
  0x000002130753d1c0: 0000 0000 | 41c7 87d4 | 0400 0005 | 0000 00f0 | 8344 24c0 | 0049 3b6f | 280f 870e | 0000 0041 
  0x000002130753d1e0: 83bf d004 | 0000 000f | 8420 0000 | 0049 8bcf | 4c8b e448 | 83ec 2048 | 83e4 f048 | b8a0 acf4 
  0x000002130753d200: a1f8 7f00 | 00ff d049 | 8be4 4d33 | e441 c787 | d404 0000 | 0800 0000 | 4d8b 97f0 | 0500 0049 
  0x000002130753d220: 83fa 0074 | 3549 c787 | f005 0000 | 0000 0000 | 41ff e249 | ba60 be53 | 0713 0200 | 0041 ffd2 
  0x000002130753d240: 4883 ec10 | c5fb 1104 | 2448 83ec | 1048 8904 | 2448 c744 | 2408 0000 | 0000 49c7 | 8728 0400 
  0x000002130753d260: 0000 0000 | 0049 c787 | 3804 0000 | 0000 0000 | 49c7 8730 | 0400 0000 | 0000 00c5 | f877 4d8b 
  0x000002130753d280: 9fb8 0400 | 0041 c783 | 0001 0000 | 0000 0000 | 49bb 5aa7 | 5307 1302 | 0000 4c3b | 5d18 0f85 
  0x000002130753d2a0: 5501 0000 | 488b 0424 | 4883 c410 | 4885 c00f | 842f 0100 | 00a8 030f | 8508 0000 | 0048 8b00 
  0x000002130753d2c0: e91f 0100 | 00a8 010f | 8509 0000 | 0048 8b40 | fee9 0e01 | 0000 488b | 40ff 4180 | 7f48 000f 
  0x000002130753d2e0: 84ff 0000 | 0048 83f8 | 000f 84f5 | 0000 004d | 8b5f 384d | 85db 0f84 | 1400 0000 | 4983 eb08 
  0x000002130753d300: 4d89 5f38 | 4d03 5f40 | 4989 03e9 | d400 0000 | 4883 ec70 | 4889 0424 | 4889 4c24 | 0848 8954 
  0x000002130753d320: 2410 4c89 | 4424 184c | 894c 2420 | 4c89 5424 | 284c 895c | 2430 c5fb | 1144 2440 | c5fb 114c 
  0x000002130753d340: 2448 c5fb | 1154 2450 | c5fb 115c | 2458 c5fb | 1164 2460 | c5fb 116c | 2468 498b | d748 8bc8 
  0x000002130753d360: 4883 ec20 | 40f6 c40f | 0f84 1900 | 0000 4883 | ec08 48b8 | 2076 e7a1 | f87f 0000 | ffd0 4883 
  0x000002130753d380: c408 e90c | 0000 0048 | b820 76e7 | a1f8 7f00 | 00ff d048 | 83c4 20c5 | fb10 6c24 | 68c5 fb10 
  0x000002130753d3a0: 6424 60c5 | fb10 5c24 | 58c5 fb10 | 5424 50c5 | fb10 4c24 | 48c5 fb10 | 4424 404c | 8b5c 2430 
  0x000002130753d3c0: 4c8b 5424 | 284c 8b4c | 2420 4c8b | 4424 1848 | 8b54 2410 | 488b 4c24 | 0848 8b04 | 2448 83c4 
  0x000002130753d3e0: 70c5 f877 | 4889 4510 | 4883 ec10 | 4889 0424 | 48c7 4424 | 0800 0000 | 0041 83bf | 5005 0000 
  0x000002130753d400: 020f 85bf | 0000 0048 | 81ec 8000 | 0000 4889 | 4424 7848 | 894c 2470 | 4889 5424 | 6848 895c 
  0x000002130753d420: 2460 4889 | 6c24 5048 | 8974 2448 | 4889 7c24 | 404c 8944 | 2438 4c89 | 4c24 304c | 8954 2428 
  0x000002130753d440: 4c89 5c24 | 204c 8964 | 2418 4c89 | 6c24 104c | 8974 2408 | 4c89 3c24 | 4c8b e448 | 83ec 2048 
  0x000002130753d460: 83e4 f048 | b810 f72d | a2f8 7f00 | 00ff d049 | 8be4 4c8b | 3c24 4c8b | 7424 084c | 8b6c 2410 
  0x000002130753d480: 4c8b 6424 | 184c 8b5c | 2420 4c8b | 5424 284c | 8b4c 2430 | 4c8b 4424 | 3848 8b7c | 2440 488b 
  0x000002130753d4a0: 7424 4848 | 8b6c 2450 | 488b 5c24 | 6048 8b54 | 2468 488b | 4c24 7048 | 8b44 2478 | 4881 c480 
  0x000002130753d4c0: 0000 004d | 33e4 488b | 5de8 4c8b | 6b08 4d8d | 6d38 4983 | 7f08 000f | 84bb 0000 | 00e8 0500 
  0x000002130753d4e0: 0000 e996 | 0000 0048 | 8d44 2408 | 4c89 6dc0 | 498b cfc5 | f877 4989 | af38 0400 | 0049 8987 
  0x000002130753d500: 2804 0000 | 4883 ec20 | 40f6 c40f | 0f84 1900 | 0000 4883 | ec08 48b8 | b066 f3a1 | f87f 0000 
  0x000002130753d520: ffd0 4883 | c408 e90c | 0000 0048 | b8b0 66f3 | a1f8 7f00 | 00ff d048 | 83c4 2049 | c787 2804 
  0x000002130753d540: 0000 0000 | 0000 49c7 | 8738 0400 | 0000 0000 | 0049 c787 | 3004 0000 | 0000 0000 | c5f8 7749 
  0x000002130753d560: 837f 0800 | 0f84 0500 | 0000 e971 | 3cff ff4c | 8b6d c04c | 8b75 c84e | 8d74 f500 | c348 b948 
  0x000002130753d580: 0857 a2f8 | 7f00 0048 | 83e4 f048 | b800 8d1a | a2f8 7f00 | 00ff d0f4 | 440f b75b | 2c41 f6c3 
  0x000002130753d5a0: 200f 8472 | 0100 0048 | 8d55 a84c | 8b5a 084d | 85db 0f85 | bb00 0000 | e805 0000 | 00e9 9600 
  0x000002130753d5c0: 0000 488d | 4424 084c | 896d c049 | 8bcf c5f8 | 7749 89af | 3804 0000 | 4989 8728 | 0400 0048 
  0x000002130753d5e0: 83ec 2040 | f6c4 0f0f | 8419 0000 | 0048 83ec | 0848 b8e0 | 65f3 a1f8 | 7f00 00ff | d048 83c4 
  0x000002130753d600: 08e9 0c00 | 0000 48b8 | e065 f3a1 | f87f 0000 | ffd0 4883 | c420 49c7 | 8728 0400 | 0000 0000 
  0x000002130753d620: 0049 c787 | 3804 0000 | 0000 0000 | 49c7 8730 | 0400 0000 | 0000 00c5 | f877 4983 | 7f08 000f 
  0x000002130753d640: 8405 0000 | 00e9 963b | ffff 4c8b | 6dc0 4c8b | 75c8 4e8d | 74f5 00c3 | 48b9 4808 | 57a2 f87f 
  0x000002130753d660: 0000 4883 | e4f0 48b8 | 008d 1aa2 | f87f 0000 | ffd0 f44c | 896d c04c | 8b4a 0848 | c742 0800 
  0x000002130753d680: 0000 0045 | 8b87 d806 | 0000 4f3b | 4c07 f80f | 8542 0000 | 0041 83af | d806 0000 | 084f 3b4c 
  0x000002130753d6a0: 07f0 0f84 | 2a00 0000 | 498b 01a8 | 020f 8512 | 0000 004c | 8bc0 4983 | c801 f04d | 0fb1 010f 
  0x000002130753d6c0: 840d 0000 | 0041 8387 | d806 0000 | 08e9 0500 | 0000 e93e | 0000 004c | 894a 0848 | 8bca 4883 
  0x000002130753d6e0: ec20 40f6 | c40f 0f84 | 1900 0000 | 4883 ec08 | 48b8 3038 | f3a1 f87f | 0000 ffd0 | 4883 c408 
  0x000002130753d700: e90c 0000 | 0048 b830 | 38f3 a1f8 | 7f00 00ff | d048 83c4 | 204c 8b6d | c041 c687 | 9603 0000 
  0x000002130753d720: 0149 3b6f | 280f 8705 | 0000 00e9 | ab00 0000 | 4883 ec10 | c5fb 1104 | 2448 83ec | 1048 8904 
  0x000002130753d740: 2448 c744 | 2408 0000 | 0000 c5f8 | 7749 89af | 3804 0000 | 49ba 4ad7 | 5307 1302 | 0000 4d89 
  0x000002130753d760: 9730 0400 | 0049 89a7 | 2804 0000 | 498b cf48 | 83ec 2040 | f6c4 0f0f | 8419 0000 | 0048 83ec 
  0x000002130753d780: 0848 b8d0 | 1ef3 a1f8 | 7f00 00ff | d048 83c4 | 08e9 0c00 | 0000 48b8 | d01e f3a1 | f87f 0000 
  0x000002130753d7a0: ffd0 4883 | c420 49c7 | 8728 0400 | 0000 0000 | 0049 c787 | 3804 0000 | 0000 0000 | 49c7 8730 
  0x000002130753d7c0: 0400 0000 | 0000 00c5 | f877 488b | 0424 4883 | c410 c5fb | 1004 2448 | 83c4 1048 | 8b04 2448 
  0x000002130753d7e0: 83c4 10c5 | fb10 0424 | 4883 c410 | 4c8b 5d18 | 41ff d34c | 8b5d f8c9 | 41c6 8796 | 0300 0000 
  0x000002130753d800: 5f49 8be3 | ffe7 ba00 | 0000 00e8 | 0500 0000 | e996 0000 | 0048 8d44 | 2408 4c89 | 6dc0 498b 
  0x000002130753d820: cfc5 f877 | 4989 af38 | 0400 0049 | 8987 2804 | 0000 4883 | ec20 40f6 | c40f 0f84 | 1900 0000 
  0x000002130753d840: 4883 ec08 | 48b8 202e | f3a1 f87f | 0000 ffd0 | 4883 c408 | e90c 0000 | 0048 b820 | 2ef3 a1f8 
  0x000002130753d860: 7f00 00ff | d048 83c4 | 2049 c787 | 2804 0000 | 0000 0000 | 49c7 8738 | 0400 0000 | 0000 0049 
  0x000002130753d880: c787 3004 | 0000 0000 | 0000 c5f8 | 7749 837f | 0800 0f84 | 0500 0000 | e943 39ff | ff4c 8b6d 
  0x000002130753d8a0: c04c 8b75 | c84e 8d74 | f500 c348 | 8b5d e8e9 | 74f6 ffff | 0f1f 4000 
[/MachCode]

---------------  P R O C E S S  ---------------

Threads class SMR info:
_java_thread_list=0x000002137ecd73b0, length=13, elements={
0x000002136aef72d0, 0x000002137d8d8080, 0x000002137d8d8ae0, 0x000002137d8dba80,
0x000002137d8e1a20, 0x000002137d8e3720, 0x000002137d8ec570, 0x000002137d8ed870,
0x000002137d909f10, 0x000002137d8e6cc0, 0x000002137d8e8430, 0x000002137dceba30,
0x000002137dcec240
}

Java Threads: ( => current thread )
=>0x000002136aef72d0 JavaThread "main"                              [_thread_in_native, id=18760, stack(0x000000ad38f00000,0x000000ad39000000) (1024K)]
  0x000002137d8d8080 JavaThread "Reference Handler"          daemon [_thread_blocked, id=11528, stack(0x000000ad39700000,0x000000ad39800000) (1024K)]
  0x000002137d8d8ae0 JavaThread "Finalizer"                  daemon [_thread_blocked, id=9720, stack(0x000000ad39800000,0x000000ad39900000) (1024K)]
  0x000002137d8dba80 JavaThread "Signal Dispatcher"          daemon [_thread_blocked, id=24532, stack(0x000000ad39900000,0x000000ad39a00000) (1024K)]
  0x000002137d8e1a20 JavaThread "Attach Listener"            daemon [_thread_blocked, id=14248, stack(0x000000ad39a00000,0x000000ad39b00000) (1024K)]
  0x000002137d8e3720 JavaThread "Service Thread"             daemon [_thread_blocked, id=16008, stack(0x000000ad39b00000,0x000000ad39c00000) (1024K)]
  0x000002137d8ec570 JavaThread "Monitor Deflation Thread"   daemon [_thread_blocked, id=19584, stack(0x000000ad39c00000,0x000000ad39d00000) (1024K)]
  0x000002137d8ed870 JavaThread "C2 CompilerThread0"         daemon [_thread_blocked, id=20088, stack(0x000000ad39d00000,0x000000ad39e00000) (1024K)]
  0x000002137d909f10 JavaThread "C1 CompilerThread0"         daemon [_thread_blocked, id=16772, stack(0x000000ad39e00000,0x000000ad39f00000) (1024K)]
  0x000002137d8e6cc0 JavaThread "Notification Thread"        daemon [_thread_blocked, id=19264, stack(0x000000ad39f00000,0x000000ad3a000000) (1024K)]
  0x000002137d8e8430 JavaThread "Common-Cleaner"             daemon [_thread_blocked, id=16548, stack(0x000000ad3a000000,0x000000ad3a100000) (1024K)]
  0x000002137dceba30 JavaThread "C2 CompilerThread1"         daemon [_thread_blocked, id=23616, stack(0x000000ad3a100000,0x000000ad3a200000) (1024K)]
  0x000002137dcec240 JavaThread "C2 CompilerThread2"         daemon [_thread_blocked, id=19828, stack(0x000000ad3a200000,0x000000ad3a300000) (1024K)]
Total: 13

Other Threads:
  0x000002137d8c4180 VMThread "VM Thread"                           [id=13628, stack(0x000000ad39600000,0x000000ad39700000) (1024K)]
  0x000002137d8b79c0 WatcherThread "VM Periodic Task Thread"        [id=22544, stack(0x000000ad39500000,0x000000ad39600000) (1024K)]
  0x000002136d39cbc0 WorkerThread "GC Thread#0"                     [id=20700, stack(0x000000ad39000000,0x000000ad39100000) (1024K)]
  0x000002136d3b7790 ConcurrentGCThread "G1 Main Marker"            [id=9144, stack(0x000000ad39100000,0x000000ad39200000) (1024K)]
  0x000002136d3b8940 WorkerThread "G1 Conc#0"                       [id=10192, stack(0x000000ad39200000,0x000000ad39300000) (1024K)]
  0x000002137d77e890 ConcurrentGCThread "G1 Refine#0"               [id=19868, stack(0x000000ad39300000,0x000000ad39400000) (1024K)]
  0x000002137d7812b0 ConcurrentGCThread "G1 Service"                [id=11204, stack(0x000000ad39400000,0x000000ad39500000) (1024K)]
Total: 7

Threads with active compile tasks:
Total: 0

VM state: not at safepoint (normal execution)

VM Mutex/Monitor currently owned by a thread: None

Heap address: 0x0000000704a00000, size: 4022 MB, Compressed Oops mode: Zero based, Oop shift amount: 3

CDS archive(s) mapped at: [0x000000001a000000-0x000000001add0000-0x000000001add0000), size 14483456, SharedBaseAddress: 0x000000001a000000, ArchiveRelocationMode: 1.
Compressed class space mapped at: 0x000000001b000000-0x000000005b000000, reserved size: 1073741824
UseCompressedClassPointers 1, UseCompactObjectHeaders 0
Narrow klass pointer bits 32, Max shift 3
Narrow klass base: 0x000000001a000000, Narrow klass shift: 0
Encoding Range: [0x000000001a000000 - 0x000000011a000000), (4294967296 bytes)
Klass Range:    [0x000000001a010000 - 0x000000005b000000), (1090453504 bytes)
Klass ID Range:  [65536 - 1090519033) (1090453497)
Protection zone: [0x000000001a000000 - 0x000000001a010000), (65536 bytes)

GC Precious Log:
 CardTable entry size: 512
 Card Set container configuration: InlinePtr #cards 4 size 8 Array Of Cards #cards 16 size 48 Howl #buckets 8 coarsen threshold 3686 Howl Bitmap #cards 512 size 80 coarsen threshold 460 Card regions per heap region 1 cards per card region 4096
 CPUs: 12 total, 12 available
 Memory: 16087M
 Large Page Support: Disabled
 NUMA Support: Disabled
 Compressed Oops: Enabled (Zero based)
 Heap Region Size: 2M
 Heap Min Capacity: 8M
 Heap Initial Capacity: 252M
 Heap Max Capacity: 4022M
 Pre-touch: Disabled
 Parallel Workers: 10
 Concurrent Workers: 3
 Concurrent Refinement Workers: 10
 Periodic GC: Disabled

Heap:
 garbage-first heap   total reserved 4118528K, committed 260096K, used 44181K [0x0000000704a00000, 0x0000000800000000)
  region size 2048K, 22 young (45056K), 0 survivors (0K)

Heap Regions: E=young(eden), S=young(survivor), O=old, HS=humongous(starts), HC=humongous(continues), CS=collection set, F=free, TAMS=top-at-mark-start, PB=parsable bottom
|   0|0x0000000704a00000, 0x0000000704a00000, 0x0000000704c00000|  0%| F|  |TAMS 0x0000000704a00000| PB 0x0000000704a00000| Untracked |  0
|   1|0x0000000704c00000, 0x0000000704c00000, 0x0000000704e00000|  0%| F|  |TAMS 0x0000000704c00000| PB 0x0000000704c00000| Untracked |  0
|   2|0x0000000704e00000, 0x0000000704e00000, 0x0000000705000000|  0%| F|  |TAMS 0x0000000704e00000| PB 0x0000000704e00000| Untracked |  0
|   3|0x0000000705000000, 0x0000000705000000, 0x0000000705200000|  0%| F|  |TAMS 0x0000000705000000| PB 0x0000000705000000| Untracked |  0
|   4|0x0000000705200000, 0x0000000705200000, 0x0000000705400000|  0%| F|  |TAMS 0x0000000705200000| PB 0x0000000705200000| Untracked |  0
|   5|0x0000000705400000, 0x0000000705400000, 0x0000000705600000|  0%| F|  |TAMS 0x0000000705400000| PB 0x0000000705400000| Untracked |  0
|   6|0x0000000705600000, 0x0000000705600000, 0x0000000705800000|  0%| F|  |TAMS 0x0000000705600000| PB 0x0000000705600000| Untracked |  0
|   7|0x0000000705800000, 0x0000000705800000, 0x0000000705a00000|  0%| F|  |TAMS 0x0000000705800000| PB 0x0000000705800000| Untracked |  0
|   8|0x0000000705a00000, 0x0000000705a00000, 0x0000000705c00000|  0%| F|  |TAMS 0x0000000705a00000| PB 0x0000000705a00000| Untracked |  0
|   9|0x0000000705c00000, 0x0000000705c00000, 0x0000000705e00000|  0%| F|  |TAMS 0x0000000705c00000| PB 0x0000000705c00000| Untracked |  0
|  10|0x0000000705e00000, 0x0000000705e00000, 0x0000000706000000|  0%| F|  |TAMS 0x0000000705e00000| PB 0x0000000705e00000| Untracked |  0
|  11|0x0000000706000000, 0x0000000706000000, 0x0000000706200000|  0%| F|  |TAMS 0x0000000706000000| PB 0x0000000706000000| Untracked |  0
|  12|0x0000000706200000, 0x0000000706200000, 0x0000000706400000|  0%| F|  |TAMS 0x0000000706200000| PB 0x0000000706200000| Untracked |  0
|  13|0x0000000706400000, 0x0000000706400000, 0x0000000706600000|  0%| F|  |TAMS 0x0000000706400000| PB 0x0000000706400000| Untracked |  0
|  14|0x0000000706600000, 0x0000000706600000, 0x0000000706800000|  0%| F|  |TAMS 0x0000000706600000| PB 0x0000000706600000| Untracked |  0
|  15|0x0000000706800000, 0x0000000706800000, 0x0000000706a00000|  0%| F|  |TAMS 0x0000000706800000| PB 0x0000000706800000| Untracked |  0
|  16|0x0000000706a00000, 0x0000000706a00000, 0x0000000706c00000|  0%| F|  |TAMS 0x0000000706a00000| PB 0x0000000706a00000| Untracked |  0
|  17|0x0000000706c00000, 0x0000000706c00000, 0x0000000706e00000|  0%| F|  |TAMS 0x0000000706c00000| PB 0x0000000706c00000| Untracked |  0
|  18|0x0000000706e00000, 0x0000000706e00000, 0x0000000707000000|  0%| F|  |TAMS 0x0000000706e00000| PB 0x0000000706e00000| Untracked |  0
|  19|0x0000000707000000, 0x0000000707000000, 0x0000000707200000|  0%| F|  |TAMS 0x0000000707000000| PB 0x0000000707000000| Untracked |  0
|  20|0x0000000707200000, 0x0000000707200000, 0x0000000707400000|  0%| F|  |TAMS 0x0000000707200000| PB 0x0000000707200000| Untracked |  0
|  21|0x0000000707400000, 0x0000000707400000, 0x0000000707600000|  0%| F|  |TAMS 0x0000000707400000| PB 0x0000000707400000| Untracked |  0
|  22|0x0000000707600000, 0x0000000707600000, 0x0000000707800000|  0%| F|  |TAMS 0x0000000707600000| PB 0x0000000707600000| Untracked |  0
|  23|0x0000000707800000, 0x0000000707800000, 0x0000000707a00000|  0%| F|  |TAMS 0x0000000707800000| PB 0x0000000707800000| Untracked |  0
|  24|0x0000000707a00000, 0x0000000707a00000, 0x0000000707c00000|  0%| F|  |TAMS 0x0000000707a00000| PB 0x0000000707a00000| Untracked |  0
|  25|0x0000000707c00000, 0x0000000707c00000, 0x0000000707e00000|  0%| F|  |TAMS 0x0000000707c00000| PB 0x0000000707c00000| Untracked |  0
|  26|0x0000000707e00000, 0x0000000707e00000, 0x0000000708000000|  0%| F|  |TAMS 0x0000000707e00000| PB 0x0000000707e00000| Untracked |  0
|  27|0x0000000708000000, 0x0000000708000000, 0x0000000708200000|  0%| F|  |TAMS 0x0000000708000000| PB 0x0000000708000000| Untracked |  0
|  28|0x0000000708200000, 0x0000000708200000, 0x0000000708400000|  0%| F|  |TAMS 0x0000000708200000| PB 0x0000000708200000| Untracked |  0
|  29|0x0000000708400000, 0x0000000708400000, 0x0000000708600000|  0%| F|  |TAMS 0x0000000708400000| PB 0x0000000708400000| Untracked |  0
|  30|0x0000000708600000, 0x0000000708600000, 0x0000000708800000|  0%| F|  |TAMS 0x0000000708600000| PB 0x0000000708600000| Untracked |  0
|  31|0x0000000708800000, 0x0000000708800000, 0x0000000708a00000|  0%| F|  |TAMS 0x0000000708800000| PB 0x0000000708800000| Untracked |  0
|  32|0x0000000708a00000, 0x0000000708a00000, 0x0000000708c00000|  0%| F|  |TAMS 0x0000000708a00000| PB 0x0000000708a00000| Untracked |  0
|  33|0x0000000708c00000, 0x0000000708c00000, 0x0000000708e00000|  0%| F|  |TAMS 0x0000000708c00000| PB 0x0000000708c00000| Untracked |  0
|  34|0x0000000708e00000, 0x0000000708e00000, 0x0000000709000000|  0%| F|  |TAMS 0x0000000708e00000| PB 0x0000000708e00000| Untracked |  0
|  35|0x0000000709000000, 0x0000000709000000, 0x0000000709200000|  0%| F|  |TAMS 0x0000000709000000| PB 0x0000000709000000| Untracked |  0
|  36|0x0000000709200000, 0x0000000709200000, 0x0000000709400000|  0%| F|  |TAMS 0x0000000709200000| PB 0x0000000709200000| Untracked |  0
|  37|0x0000000709400000, 0x0000000709400000, 0x0000000709600000|  0%| F|  |TAMS 0x0000000709400000| PB 0x0000000709400000| Untracked |  0
|  38|0x0000000709600000, 0x0000000709600000, 0x0000000709800000|  0%| F|  |TAMS 0x0000000709600000| PB 0x0000000709600000| Untracked |  0
|  39|0x0000000709800000, 0x0000000709800000, 0x0000000709a00000|  0%| F|  |TAMS 0x0000000709800000| PB 0x0000000709800000| Untracked |  0
|  40|0x0000000709a00000, 0x0000000709a00000, 0x0000000709c00000|  0%| F|  |TAMS 0x0000000709a00000| PB 0x0000000709a00000| Untracked |  0
|  41|0x0000000709c00000, 0x0000000709c00000, 0x0000000709e00000|  0%| F|  |TAMS 0x0000000709c00000| PB 0x0000000709c00000| Untracked |  0
|  42|0x0000000709e00000, 0x0000000709e00000, 0x000000070a000000|  0%| F|  |TAMS 0x0000000709e00000| PB 0x0000000709e00000| Untracked |  0
|  43|0x000000070a000000, 0x000000070a000000, 0x000000070a200000|  0%| F|  |TAMS 0x000000070a000000| PB 0x000000070a000000| Untracked |  0
|  44|0x000000070a200000, 0x000000070a200000, 0x000000070a400000|  0%| F|  |TAMS 0x000000070a200000| PB 0x000000070a200000| Untracked |  0
|  45|0x000000070a400000, 0x000000070a400000, 0x000000070a600000|  0%| F|  |TAMS 0x000000070a400000| PB 0x000000070a400000| Untracked |  0
|  46|0x000000070a600000, 0x000000070a600000, 0x000000070a800000|  0%| F|  |TAMS 0x000000070a600000| PB 0x000000070a600000| Untracked |  0
|  47|0x000000070a800000, 0x000000070a800000, 0x000000070aa00000|  0%| F|  |TAMS 0x000000070a800000| PB 0x000000070a800000| Untracked |  0
|  48|0x000000070aa00000, 0x000000070aa00000, 0x000000070ac00000|  0%| F|  |TAMS 0x000000070aa00000| PB 0x000000070aa00000| Untracked |  0
|  49|0x000000070ac00000, 0x000000070ac00000, 0x000000070ae00000|  0%| F|  |TAMS 0x000000070ac00000| PB 0x000000070ac00000| Untracked |  0
|  50|0x000000070ae00000, 0x000000070ae00000, 0x000000070b000000|  0%| F|  |TAMS 0x000000070ae00000| PB 0x000000070ae00000| Untracked |  0
|  51|0x000000070b000000, 0x000000070b000000, 0x000000070b200000|  0%| F|  |TAMS 0x000000070b000000| PB 0x000000070b000000| Untracked |  0
|  52|0x000000070b200000, 0x000000070b200000, 0x000000070b400000|  0%| F|  |TAMS 0x000000070b200000| PB 0x000000070b200000| Untracked |  0
|  53|0x000000070b400000, 0x000000070b400000, 0x000000070b600000|  0%| F|  |TAMS 0x000000070b400000| PB 0x000000070b400000| Untracked |  0
|  54|0x000000070b600000, 0x000000070b600000, 0x000000070b800000|  0%| F|  |TAMS 0x000000070b600000| PB 0x000000070b600000| Untracked |  0
|  55|0x000000070b800000, 0x000000070b800000, 0x000000070ba00000|  0%| F|  |TAMS 0x000000070b800000| PB 0x000000070b800000| Untracked |  0
|  56|0x000000070ba00000, 0x000000070ba00000, 0x000000070bc00000|  0%| F|  |TAMS 0x000000070ba00000| PB 0x000000070ba00000| Untracked |  0
|  57|0x000000070bc00000, 0x000000070bc00000, 0x000000070be00000|  0%| F|  |TAMS 0x000000070bc00000| PB 0x000000070bc00000| Untracked |  0
|  58|0x000000070be00000, 0x000000070be00000, 0x000000070c000000|  0%| F|  |TAMS 0x000000070be00000| PB 0x000000070be00000| Untracked |  0
|  59|0x000000070c000000, 0x000000070c000000, 0x000000070c200000|  0%| F|  |TAMS 0x000000070c000000| PB 0x000000070c000000| Untracked |  0
|  60|0x000000070c200000, 0x000000070c200000, 0x000000070c400000|  0%| F|  |TAMS 0x000000070c200000| PB 0x000000070c200000| Untracked |  0
|  61|0x000000070c400000, 0x000000070c400000, 0x000000070c600000|  0%| F|  |TAMS 0x000000070c400000| PB 0x000000070c400000| Untracked |  0
|  62|0x000000070c600000, 0x000000070c600000, 0x000000070c800000|  0%| F|  |TAMS 0x000000070c600000| PB 0x000000070c600000| Untracked |  0
|  63|0x000000070c800000, 0x000000070c800000, 0x000000070ca00000|  0%| F|  |TAMS 0x000000070c800000| PB 0x000000070c800000| Untracked |  0
|  64|0x000000070ca00000, 0x000000070ca00000, 0x000000070cc00000|  0%| F|  |TAMS 0x000000070ca00000| PB 0x000000070ca00000| Untracked |  0
|  65|0x000000070cc00000, 0x000000070cc00000, 0x000000070ce00000|  0%| F|  |TAMS 0x000000070cc00000| PB 0x000000070cc00000| Untracked |  0
|  66|0x000000070ce00000, 0x000000070ce00000, 0x000000070d000000|  0%| F|  |TAMS 0x000000070ce00000| PB 0x000000070ce00000| Untracked |  0
|  67|0x000000070d000000, 0x000000070d000000, 0x000000070d200000|  0%| F|  |TAMS 0x000000070d000000| PB 0x000000070d000000| Untracked |  0
|  68|0x000000070d200000, 0x000000070d200000, 0x000000070d400000|  0%| F|  |TAMS 0x000000070d200000| PB 0x000000070d200000| Untracked |  0
|  69|0x000000070d400000, 0x000000070d400000, 0x000000070d600000|  0%| F|  |TAMS 0x000000070d400000| PB 0x000000070d400000| Untracked |  0
|  70|0x000000070d600000, 0x000000070d600000, 0x000000070d800000|  0%| F|  |TAMS 0x000000070d600000| PB 0x000000070d600000| Untracked |  0
|  71|0x000000070d800000, 0x000000070d800000, 0x000000070da00000|  0%| F|  |TAMS 0x000000070d800000| PB 0x000000070d800000| Untracked |  0
|  72|0x000000070da00000, 0x000000070da00000, 0x000000070dc00000|  0%| F|  |TAMS 0x000000070da00000| PB 0x000000070da00000| Untracked |  0
|  73|0x000000070dc00000, 0x000000070dc00000, 0x000000070de00000|  0%| F|  |TAMS 0x000000070dc00000| PB 0x000000070dc00000| Untracked |  0
|  74|0x000000070de00000, 0x000000070de00000, 0x000000070e000000|  0%| F|  |TAMS 0x000000070de00000| PB 0x000000070de00000| Untracked |  0
|  75|0x000000070e000000, 0x000000070e000000, 0x000000070e200000|  0%| F|  |TAMS 0x000000070e000000| PB 0x000000070e000000| Untracked |  0
|  76|0x000000070e200000, 0x000000070e200000, 0x000000070e400000|  0%| F|  |TAMS 0x000000070e200000| PB 0x000000070e200000| Untracked |  0
|  77|0x000000070e400000, 0x000000070e400000, 0x000000070e600000|  0%| F|  |TAMS 0x000000070e400000| PB 0x000000070e400000| Untracked |  0
|  78|0x000000070e600000, 0x000000070e600000, 0x000000070e800000|  0%| F|  |TAMS 0x000000070e600000| PB 0x000000070e600000| Untracked |  0
|  79|0x000000070e800000, 0x000000070e800000, 0x000000070ea00000|  0%| F|  |TAMS 0x000000070e800000| PB 0x000000070e800000| Untracked |  0
|  80|0x000000070ea00000, 0x000000070ea00000, 0x000000070ec00000|  0%| F|  |TAMS 0x000000070ea00000| PB 0x000000070ea00000| Untracked |  0
|  81|0x000000070ec00000, 0x000000070ec00000, 0x000000070ee00000|  0%| F|  |TAMS 0x000000070ec00000| PB 0x000000070ec00000| Untracked |  0
|  82|0x000000070ee00000, 0x000000070ee00000, 0x000000070f000000|  0%| F|  |TAMS 0x000000070ee00000| PB 0x000000070ee00000| Untracked |  0
|  83|0x000000070f000000, 0x000000070f000000, 0x000000070f200000|  0%| F|  |TAMS 0x000000070f000000| PB 0x000000070f000000| Untracked |  0
|  84|0x000000070f200000, 0x000000070f200000, 0x000000070f400000|  0%| F|  |TAMS 0x000000070f200000| PB 0x000000070f200000| Untracked |  0
|  85|0x000000070f400000, 0x000000070f400000, 0x000000070f600000|  0%| F|  |TAMS 0x000000070f400000| PB 0x000000070f400000| Untracked |  0
|  86|0x000000070f600000, 0x000000070f600000, 0x000000070f800000|  0%| F|  |TAMS 0x000000070f600000| PB 0x000000070f600000| Untracked |  0
|  87|0x000000070f800000, 0x000000070f800000, 0x000000070fa00000|  0%| F|  |TAMS 0x000000070f800000| PB 0x000000070f800000| Untracked |  0
|  88|0x000000070fa00000, 0x000000070fa00000, 0x000000070fc00000|  0%| F|  |TAMS 0x000000070fa00000| PB 0x000000070fa00000| Untracked |  0
|  89|0x000000070fc00000, 0x000000070fc00000, 0x000000070fe00000|  0%| F|  |TAMS 0x000000070fc00000| PB 0x000000070fc00000| Untracked |  0
|  90|0x000000070fe00000, 0x000000070fe00000, 0x0000000710000000|  0%| F|  |TAMS 0x000000070fe00000| PB 0x000000070fe00000| Untracked |  0
|  91|0x0000000710000000, 0x0000000710000000, 0x0000000710200000|  0%| F|  |TAMS 0x0000000710000000| PB 0x0000000710000000| Untracked |  0
|  92|0x0000000710200000, 0x0000000710200000, 0x0000000710400000|  0%| F|  |TAMS 0x0000000710200000| PB 0x0000000710200000| Untracked |  0
|  93|0x0000000710400000, 0x0000000710400000, 0x0000000710600000|  0%| F|  |TAMS 0x0000000710400000| PB 0x0000000710400000| Untracked |  0
|  94|0x0000000710600000, 0x0000000710600000, 0x0000000710800000|  0%| F|  |TAMS 0x0000000710600000| PB 0x0000000710600000| Untracked |  0
|  95|0x0000000710800000, 0x0000000710800000, 0x0000000710a00000|  0%| F|  |TAMS 0x0000000710800000| PB 0x0000000710800000| Untracked |  0
|  96|0x0000000710a00000, 0x0000000710a00000, 0x0000000710c00000|  0%| F|  |TAMS 0x0000000710a00000| PB 0x0000000710a00000| Untracked |  0
|  97|0x0000000710c00000, 0x0000000710c00000, 0x0000000710e00000|  0%| F|  |TAMS 0x0000000710c00000| PB 0x0000000710c00000| Untracked |  0
|  98|0x0000000710e00000, 0x0000000710e00000, 0x0000000711000000|  0%| F|  |TAMS 0x0000000710e00000| PB 0x0000000710e00000| Untracked |  0
|  99|0x0000000711000000, 0x0000000711000000, 0x0000000711200000|  0%| F|  |TAMS 0x0000000711000000| PB 0x0000000711000000| Untracked |  0
| 100|0x0000000711200000, 0x0000000711200000, 0x0000000711400000|  0%| F|  |TAMS 0x0000000711200000| PB 0x0000000711200000| Untracked |  0
| 101|0x0000000711400000, 0x0000000711400000, 0x0000000711600000|  0%| F|  |TAMS 0x0000000711400000| PB 0x0000000711400000| Untracked |  0
| 102|0x0000000711600000, 0x0000000711600000, 0x0000000711800000|  0%| F|  |TAMS 0x0000000711600000| PB 0x0000000711600000| Untracked |  0
| 103|0x0000000711800000, 0x0000000711800000, 0x0000000711a00000|  0%| F|  |TAMS 0x0000000711800000| PB 0x0000000711800000| Untracked |  0
| 104|0x0000000711a00000, 0x0000000711af9c38, 0x0000000711c00000| 48%| E|  |TAMS 0x0000000711a00000| PB 0x0000000711a00000| Complete |  0
| 105|0x0000000711c00000, 0x0000000711e00000, 0x0000000711e00000|100%| E|CS|TAMS 0x0000000711c00000| PB 0x0000000711c00000| Complete |  0
| 106|0x0000000711e00000, 0x0000000712000000, 0x0000000712000000|100%| E|CS|TAMS 0x0000000711e00000| PB 0x0000000711e00000| Complete |  0
| 107|0x0000000712000000, 0x0000000712200000, 0x0000000712200000|100%| E|CS|TAMS 0x0000000712000000| PB 0x0000000712000000| Complete |  0
| 108|0x0000000712200000, 0x0000000712400000, 0x0000000712400000|100%| E|CS|TAMS 0x0000000712200000| PB 0x0000000712200000| Complete |  0
| 109|0x0000000712400000, 0x0000000712600000, 0x0000000712600000|100%| E|CS|TAMS 0x0000000712400000| PB 0x0000000712400000| Complete |  0
| 110|0x0000000712600000, 0x0000000712800000, 0x0000000712800000|100%| E|CS|TAMS 0x0000000712600000| PB 0x0000000712600000| Complete |  0
| 111|0x0000000712800000, 0x0000000712a00000, 0x0000000712a00000|100%| E|CS|TAMS 0x0000000712800000| PB 0x0000000712800000| Complete |  0
| 112|0x0000000712a00000, 0x0000000712c00000, 0x0000000712c00000|100%| E|CS|TAMS 0x0000000712a00000| PB 0x0000000712a00000| Complete |  0
| 113|0x0000000712c00000, 0x0000000712e00000, 0x0000000712e00000|100%| E|CS|TAMS 0x0000000712c00000| PB 0x0000000712c00000| Complete |  0
| 114|0x0000000712e00000, 0x0000000713000000, 0x0000000713000000|100%| E|CS|TAMS 0x0000000712e00000| PB 0x0000000712e00000| Complete |  0
| 115|0x0000000713000000, 0x0000000713200000, 0x0000000713200000|100%| E|CS|TAMS 0x0000000713000000| PB 0x0000000713000000| Complete |  0
| 116|0x0000000713200000, 0x0000000713400000, 0x0000000713400000|100%| E|CS|TAMS 0x0000000713200000| PB 0x0000000713200000| Complete |  0
| 117|0x0000000713400000, 0x0000000713600000, 0x0000000713600000|100%| E|CS|TAMS 0x0000000713400000| PB 0x0000000713400000| Complete |  0
| 118|0x0000000713600000, 0x0000000713800000, 0x0000000713800000|100%| E|CS|TAMS 0x0000000713600000| PB 0x0000000713600000| Complete |  0
| 119|0x0000000713800000, 0x0000000713a00000, 0x0000000713a00000|100%| E|CS|TAMS 0x0000000713800000| PB 0x0000000713800000| Complete |  0
| 120|0x0000000713a00000, 0x0000000713c00000, 0x0000000713c00000|100%| E|CS|TAMS 0x0000000713a00000| PB 0x0000000713a00000| Complete |  0
| 121|0x0000000713c00000, 0x0000000713e00000, 0x0000000713e00000|100%| E|CS|TAMS 0x0000000713c00000| PB 0x0000000713c00000| Complete |  0
| 122|0x0000000713e00000, 0x0000000714000000, 0x0000000714000000|100%| E|CS|TAMS 0x0000000713e00000| PB 0x0000000713e00000| Complete |  0
| 123|0x0000000714000000, 0x0000000714200000, 0x0000000714200000|100%| E|CS|TAMS 0x0000000714000000| PB 0x0000000714000000| Complete |  0
| 124|0x0000000714200000, 0x0000000714400000, 0x0000000714400000|100%| E|CS|TAMS 0x0000000714200000| PB 0x0000000714200000| Complete |  0
| 125|0x0000000714400000, 0x0000000714600000, 0x0000000714600000|100%| E|CS|TAMS 0x0000000714400000| PB 0x0000000714400000| Complete |  0
|2010|0x00000007ffe00000, 0x00000007fff256a0, 0x0000000800000000| 57%| O|  |TAMS 0x00000007ffe00000| PB 0x00000007ffe00000| Untracked |  0

Card table byte_map: [0x0000021376900000,0x00000213770e0000] _byte_map_base: 0x00000213730db000

Marking Bits: (CMBitMap*) 0x000002136d39d350
 Bits: [0x00000213770e0000, 0x000002137afb8000)

Polling page: 0x000002136b1a0000

Metaspace:
Metaspace        used 9417K, committed 10176K, reserved 1114112K
 class space     used 675K, committed 1024K, reserved 1048576K

Usage:
  Non-class:      8.54 MB used.
      Class:    675.09 KB used.
       Both:      9.20 MB used.

Virtual space:
  Non-class space:       64.00 MB reserved,       8.94 MB ( 14%) committed,  1 nodes.
      Class space:        1.00 GB reserved,       1.00 MB ( <1%) committed,  1 nodes.
             Both:        1.06 GB reserved,       9.94 MB ( <1%) committed. 

Chunk freelists:
   Non-Class:  6.60 MB
       Class:  14.87 MB
        Both:  21.48 MB

MaxMetaspaceSize: unlimited
CompressedClassSpaceSize: 1.00 GB
Initial GC threshold: 21.00 MB
Current GC threshold: 21.00 MB
CDS: on
 - commit_granule_bytes: 65536.
 - commit_granule_words: 8192.
 - virtual_space_node_default_size: 8388608.
 - enlarge_chunks_in_place: 1.
UseCompressedClassPointers 1, UseCompactObjectHeaders 0
Narrow klass pointer bits 32, Max shift 3
Narrow klass base: 0x000000001a000000, Narrow klass shift: 0
Encoding Range: [0x000000001a000000 - 0x000000011a000000), (4294967296 bytes)
Klass Range:    [0x000000001a010000 - 0x000000005b000000), (1090453504 bytes)
Klass ID Range:  [65536 - 1090519033) (1090453497)
Protection zone: [0x000000001a000000 - 0x000000001a010000), (65536 bytes)


Internal statistics:

num_allocs_failed_limit: 0.
num_arena_births: 944.
num_arena_deaths: 0.
num_vsnodes_births: 2.
num_vsnodes_deaths: 0.
num_space_committed: 158.
num_space_uncommitted: 0.
num_chunks_returned_to_freelist: 0.
num_chunks_taken_from_freelist: 1410.
num_chunk_merges: 0.
num_chunk_splits: 939.
num_chunks_enlarged: 510.
num_inconsistent_stats: 0.

CodeHeap 'non-profiled nmethods': size=120064Kb used=820Kb max_used=820Kb free=119243Kb
 bounds [0x0000021307ac0000, 0x0000021307d30000, 0x000002130f000000]
CodeHeap 'profiled nmethods': size=120000Kb used=3868Kb max_used=3868Kb free=116131Kb
 bounds [0x0000021300000000, 0x00000213003d0000, 0x0000021307530000]
CodeHeap 'non-nmethods': size=5696Kb used=2646Kb max_used=2707Kb free=3049Kb
 bounds [0x0000021307530000, 0x00000213077e0000, 0x0000021307ac0000]
CodeCache: size=245760Kb, used=7334Kb, max_used=7395Kb, free=238423Kb
 total_blobs=4210, nmethods=2415, adapters=1670, full_count=0
Compilation: enabled, stopped_count=0, restarted_count=0

Compilation events (20 events):
Event: 0.780 Thread 0x000002137d8ed870 nmethod 2390 0x0000021307b8c088 code [0x0000021307b8c180, 0x0000021307b8cd50]
Event: 0.780 Thread 0x000002137dceba30 nmethod 2413 0x0000021307b8cd88 code [0x0000021307b8ce80, 0x0000021307b8cf68]
Event: 0.781 Thread 0x000002137d909f10 nmethod 2399 0x00000213003ab288 code [0x00000213003ab380, 0x00000213003b02d0]
Event: 0.781 Thread 0x000002137d909f10 2400       3       org.lwjgl.util.freetype.FT_Face::nglyph (13 bytes)
Event: 0.783 Thread 0x000002137d909f10 nmethod 2400 0x00000213003b0488 code [0x00000213003b0580, 0x00000213003b4c38]
Event: 0.783 Thread 0x000002137d909f10 2401       3       org.lwjgl.util.freetype.FT_GlyphSlot::createSafe (20 bytes)
Event: 0.783 Thread 0x000002137d909f10 nmethod 2401 0x00000213003b4e08 code [0x00000213003b4f00, 0x00000213003b51d0]
Event: 0.783 Thread 0x000002137d909f10 2402       3       org.lwjgl.util.freetype.FT_GlyphSlot::<init> (7 bytes)
Event: 0.783 Thread 0x000002137d909f10 nmethod 2402 0x00000213003b5208 code [0x00000213003b5300, 0x00000213003b56a0]
Event: 0.783 Thread 0x000002137d909f10 2403   !   3       jdk.internal.misc.ScopedMemoryAccess::getIntUnaligned (18 bytes)
Event: 0.783 Thread 0x000002137d909f10 nmethod 2403 0x00000213003b5708 code [0x00000213003b5800, 0x00000213003b6098]
Event: 0.783 Thread 0x000002137d909f10 2404   !   3       jdk.internal.misc.ScopedMemoryAccess::getIntUnalignedInternal (36 bytes)
Event: 0.783 Thread 0x000002137d909f10 nmethod 2404 0x00000213003b6108 code [0x00000213003b6200, 0x00000213003b66f8]
Event: 0.783 Thread 0x000002137d909f10 2405       3       java.lang.invoke.VarHandleSegmentAsInts::get (14 bytes)
Event: 0.784 Thread 0x000002137d909f10 nmethod 2405 0x00000213003b6708 code [0x00000213003b6800, 0x00000213003b9350]
Event: 0.784 Thread 0x000002137d909f10 2406       3       java.lang.invoke.VarHandleSegmentAsInts::get (46 bytes)
Event: 0.785 Thread 0x000002137d909f10 nmethod 2406 0x00000213003b9388 code [0x00000213003b9480, 0x00000213003bbea0]
Event: 0.785 Thread 0x000002137d909f10 2407       3       org.lwjgl.system.MemoryUtil::memGetInt (8 bytes)
Event: 0.786 Thread 0x000002137d909f10 nmethod 2407 0x00000213003bbf08 code [0x00000213003bc000, 0x00000213003c0870]
Event: 0.786 Thread 0x000002137d909f10 2414       3       java.lang.invoke.LambdaForm$MH/0x000000001b120000::invoke (52 bytes)

GC Heap Usage History (0 events):
No events

Metaspace Usage History (0 events):
No events

Dll operation events (9 events):
Event: 0.005 Loaded shared library C:\Program Files\Java\jdk-25\bin\java.dll
Event: 0.041 Loaded shared library C:\Program Files\Java\jdk-25\bin\net.dll
Event: 0.042 Loaded shared library C:\Program Files\Java\jdk-25\bin\nio.dll
Event: 0.044 Loaded shared library C:\Program Files\Java\jdk-25\bin\zip.dll
Event: 0.092 Loaded shared library C:\Program Files\Java\jdk-25\bin\jimage.dll
Event: 0.146 Loaded shared library C:\Users\alexi\AppData\Local\Temp\imgui-java-natives\1.92.0\imgui-java64.dll
Event: 0.191 Loaded shared library C:\Users\alexi\AppData\Local\Temp\lwjgl_alexi\3.4.1+2\x64\lwjgl.dll
Event: 0.620 Loaded shared library C:\Users\alexi\AppData\Local\Temp\lwjgl_alexi\3.4.1+2\x64\lwjgl_opengl.dll
Event: 0.774 Loaded shared library C:\Program Files\Java\jdk-25\bin\verify.dll

Deoptimization events (20 events):
Event: 0.691 Thread 0x000002136aef72d0 Uncommon trap: trap_request=0xffffff54 fr.pc=0x0000021307ae6b64 relative=0x0000000000000064
Event: 0.691 Thread 0x000002136aef72d0 Uncommon trap: reason=speculate_null_check action=make_not_entrant pc=0x0000021307ae6b64 method=jdk.internal.misc.Unsafe.getIntUnaligned(Ljava/lang/Object;JZ)I @ 5 c2
Event: 0.691 Thread 0x000002136aef72d0 DEOPT PACKING pc=0x0000021307ae6b64 sp=0x000000ad38ffeae0
Event: 0.691 Thread 0x000002136aef72d0 DEOPT UNPACKING pc=0x0000021307650b82 sp=0x000000ad38ffea60 mode 2
Event: 0.703 Thread 0x000002136aef72d0 Uncommon trap: trap_request=0xfffffff4 fr.pc=0x0000021307b19834 relative=0x0000000000000b34
Event: 0.703 Thread 0x000002136aef72d0 Uncommon trap: reason=null_check action=make_not_entrant pc=0x0000021307b19834 method=java.lang.Class.describeConstable()Ljava/util/Optional; @ 17 c2
Event: 0.703 Thread 0x000002136aef72d0 DEOPT PACKING pc=0x0000021307b19834 sp=0x000000ad38ffe740
Event: 0.703 Thread 0x000002136aef72d0 DEOPT UNPACKING pc=0x0000021307650b82 sp=0x000000ad38ffe710 mode 2
Event: 0.714 Thread 0x000002136aef72d0 Uncommon trap: trap_request=0xffffffd6 fr.pc=0x0000021307b75634 relative=0x00000000000004b4
Event: 0.714 Thread 0x000002136aef72d0 Uncommon trap: reason=array_check action=maybe_recompile pc=0x0000021307b75634 method=jdk.internal.classfile.impl.AttributeHolder.withAttribute(Ljava/lang/classfile/Attribute;)V @ 115 c2
Event: 0.714 Thread 0x000002136aef72d0 DEOPT PACKING pc=0x0000021307b75634 sp=0x000000ad38ffe0d0
Event: 0.714 Thread 0x000002136aef72d0 DEOPT UNPACKING pc=0x0000021307650b82 sp=0x000000ad38ffe090 mode 2
Event: 0.714 Thread 0x000002136aef72d0 Uncommon trap: trap_request=0xffffffd6 fr.pc=0x0000021307b75634 relative=0x00000000000004b4
Event: 0.714 Thread 0x000002136aef72d0 Uncommon trap: reason=array_check action=maybe_recompile pc=0x0000021307b75634 method=jdk.internal.classfile.impl.AttributeHolder.withAttribute(Ljava/lang/classfile/Attribute;)V @ 115 c2
Event: 0.714 Thread 0x000002136aef72d0 DEOPT PACKING pc=0x0000021307b75634 sp=0x000000ad38ffdd40
Event: 0.714 Thread 0x000002136aef72d0 DEOPT UNPACKING pc=0x0000021307650b82 sp=0x000000ad38ffdd00 mode 2
Event: 0.714 Thread 0x000002136aef72d0 Uncommon trap: trap_request=0xffffff66 fr.pc=0x0000021307b75760 relative=0x00000000000005e0
Event: 0.714 Thread 0x000002136aef72d0 Uncommon trap: reason=loop_limit_check action=maybe_recompile pc=0x0000021307b75760 method=jdk.internal.classfile.impl.AttributeHolder.withAttribute(Ljava/lang/classfile/Attribute;)V @ 39 c2
Event: 0.714 Thread 0x000002136aef72d0 DEOPT PACKING pc=0x0000021307b75760 sp=0x000000ad38ffddb0
Event: 0.714 Thread 0x000002136aef72d0 DEOPT UNPACKING pc=0x0000021307650b82 sp=0x000000ad38ffdd80 mode 2

Classes loaded (20 events):
Event: 0.622 Loading class java/nio/DirectCharBufferU
Event: 0.622 Loading class java/nio/DirectCharBufferU done
Event: 0.725 Loading class jdk/internal/foreign/SegmentBulkOperations
Event: 0.725 Loading class jdk/internal/foreign/SegmentBulkOperations done
Event: 0.725 Loading class jdk/internal/util/Architecture
Event: 0.725 Loading class jdk/internal/util/Architecture done
Event: 0.761 Loading class java/io/FileNotFoundException
Event: 0.761 Loading class java/io/FileNotFoundException done
Event: 0.761 Loading class java/io/Reader
Event: 0.762 Loading class java/io/Reader done
Event: 0.762 Loading class java/io/FileReader
Event: 0.762 Loading class java/io/InputStreamReader
Event: 0.762 Loading class java/io/InputStreamReader done
Event: 0.762 Loading class java/io/FileReader done
Event: 0.773 Loading class java/io/Externalizable
Event: 0.773 Loading class java/io/Externalizable done
Event: 0.775 Loading class java/lang/invoke/VarHandles$1
Event: 0.775 Loading class java/lang/invoke/VarHandles$1 done
Event: 0.775 Loading class java/lang/invoke/BoundMethodHandle$Species_LJLL
Event: 0.775 Loading class java/lang/invoke/BoundMethodHandle$Species_LJLL done

Classes unloaded (0 events):
No events

Classes redefined (0 events):
No events

Internal exceptions (20 events):
Event: 0.721 Thread 0x000002136aef72d0 Exception <a 'java/lang/NoSuchMethodError'{0x0000000711e11248}: 'void java.lang.invoke.DirectMethodHandle$Holder.invokeSpecial(java.lang.Object, java.lang.Object, long, int, int, int, int)'> (0x0000000711e11248) 
thrown [s\open\src\hotspot\share\interpreter\linkResolver.cpp, line 804]
Event: 0.721 Thread 0x000002136aef72d0 Exception <a 'java/lang/NoSuchMethodError'{0x0000000711e19018}: 'void java.lang.invoke.Invokers$Holder.exactInvoker(java.lang.Object, java.lang.Object, long, int, int, int, int)'> (0x0000000711e19018) 
thrown [s\open\src\hotspot\share\interpreter\linkResolver.cpp, line 804]
Event: 0.721 Thread 0x000002136aef72d0 Exception <a 'java/lang/NoSuchMethodError'{0x0000000711e21580}: 'void java.lang.invoke.DelegatingMethodHandle$Holder.delegate(java.lang.Object, java.lang.Object, long, int, int, int, int)'> (0x0000000711e21580) 
thrown [s\open\src\hotspot\share\interpreter\linkResolver.cpp, line 804]
Event: 0.722 Thread 0x000002136aef72d0 Exception <a 'java/lang/NoSuchMethodError'{0x0000000711e3c930}: 'void java.lang.invoke.DirectMethodHandle$Holder.invokeInterface(java.lang.Object, java.lang.Object, long, int)'> (0x0000000711e3c930) 
thrown [s\open\src\hotspot\share\interpreter\linkResolver.cpp, line 804]
Event: 0.751 Thread 0x000002136aef72d0 Exception <a 'sun/nio/fs/WindowsException'{0x0000000711fdab10}> (0x0000000711fdab10) 
thrown [s\open\src\hotspot\share\prims\jni.cpp, line 516]
Event: 0.751 Thread 0x000002136aef72d0 Exception <a 'sun/nio/fs/WindowsException'{0x0000000711fdaea0}> (0x0000000711fdaea0) 
thrown [s\open\src\hotspot\share\prims\jni.cpp, line 516]
Event: 0.759 Thread 0x000002136aef72d0 Exception <a 'java/lang/NoSuchMethodError'{0x0000000711c265d8}: 'void java.lang.invoke.DirectMethodHandle$Holder.invokeStaticInit(java.lang.Object, java.lang.Object, java.lang.Object, long, long, long, long)'> (0x0000000711c265d8) 
thrown [s\open\src\hotspot\share\interpreter\linkResolver.cpp, line 804]
Event: 0.759 Thread 0x000002136aef72d0 Exception <a 'java/lang/NoSuchMethodError'{0x0000000711c36c48}: 'void java.lang.invoke.DelegatingMethodHandle$Holder.reinvoke_L(java.lang.Object, java.lang.Object, java.lang.Object, long, long, long, long)'> (0x0000000711c36c48) 
thrown [s\open\src\hotspot\share\interpreter\linkResolver.cpp, line 804]
Event: 0.759 Thread 0x000002136aef72d0 Exception <a 'java/lang/NoSuchMethodError'{0x0000000711c58200}: 'void java.lang.invoke.DirectMethodHandle$Holder.invokeSpecial(java.lang.Object, java.lang.Object, java.lang.Object, long, long, long, long)'> (0x0000000711c58200) 
thrown [s\open\src\hotspot\share\interpreter\linkResolver.cpp, line 804]
Event: 0.760 Thread 0x000002136aef72d0 Exception <a 'java/lang/NoSuchMethodError'{0x0000000711c81030}: 'java.lang.Object java.lang.invoke.DirectMethodHandle$Holder.invokeSpecial(java.lang.Object, java.lang.Object, int, int, int)'> (0x0000000711c81030) 
thrown [s\open\src\hotspot\share\interpreter\linkResolver.cpp, line 804]
Event: 0.760 Thread 0x000002136aef72d0 Exception <a 'java/lang/NoSuchMethodError'{0x0000000711c91280}: 'java.lang.Object java.lang.invoke.DelegatingMethodHandle$Holder.reinvoke_L(java.lang.Object, java.lang.Object, int, int, int)'> (0x0000000711c91280) 
thrown [s\open\src\hotspot\share\interpreter\linkResolver.cpp, line 804]
Event: 0.763 Thread 0x000002136aef72d0 Exception <a 'java/lang/NoSuchMethodError'{0x0000000711ccea68}: 'int java.lang.invoke.DirectMethodHandle$Holder.invokeStaticInit(java.lang.Object, java.lang.Object, java.lang.Object, long, long, long, long)'> (0x0000000711ccea68) 
thrown [s\open\src\hotspot\share\interpreter\linkResolver.cpp, line 804]
Event: 0.764 Thread 0x000002136aef72d0 Exception <a 'java/lang/NoSuchMethodError'{0x0000000711cdf0d8}: 'int java.lang.invoke.DelegatingMethodHandle$Holder.reinvoke_L(java.lang.Object, java.lang.Object, java.lang.Object, long, long, long, long)'> (0x0000000711cdf0d8) 
thrown [s\open\src\hotspot\share\interpreter\linkResolver.cpp, line 804]
Event: 0.764 Thread 0x000002136aef72d0 Exception <a 'java/lang/NoSuchMethodError'{0x0000000711d00d68}: 'int java.lang.invoke.DirectMethodHandle$Holder.invokeSpecial(java.lang.Object, java.lang.Object, java.lang.Object, long, long, long, long)'> (0x0000000711d00d68) 
thrown [s\open\src\hotspot\share\interpreter\linkResolver.cpp, line 804]
Event: 0.768 Thread 0x000002136aef72d0 Exception <a 'java/lang/NoSuchMethodError'{0x0000000711d532f8}: 'int java.lang.invoke.DirectMethodHandle$Holder.invokeStaticInit(java.lang.Object, java.lang.Object, java.lang.Object, long, int, int)'> (0x0000000711d532f8) 
thrown [s\open\src\hotspot\share\interpreter\linkResolver.cpp, line 804]
Event: 0.768 Thread 0x000002136aef72d0 Exception <a 'java/lang/NoSuchMethodError'{0x0000000711d63808}: 'int java.lang.invoke.DelegatingMethodHandle$Holder.reinvoke_L(java.lang.Object, java.lang.Object, java.lang.Object, long, int, int)'> (0x0000000711d63808) 
thrown [s\open\src\hotspot\share\interpreter\linkResolver.cpp, line 804]
Event: 0.768 Thread 0x000002136aef72d0 Exception <a 'java/lang/NoSuchMethodError'{0x0000000711d84cd0}: 'int java.lang.invoke.DirectMethodHandle$Holder.invokeSpecial(java.lang.Object, java.lang.Object, java.lang.Object, long, int, int)'> (0x0000000711d84cd0) 
thrown [s\open\src\hotspot\share\interpreter\linkResolver.cpp, line 804]
Event: 0.770 Thread 0x000002136aef72d0 Exception <a 'java/lang/NoSuchMethodError'{0x0000000711dc2e40}: 'int java.lang.invoke.DirectMethodHandle$Holder.invokeStaticInit(java.lang.Object, java.lang.Object, java.lang.Object, long, long, int)'> (0x0000000711dc2e40) 
thrown [s\open\src\hotspot\share\interpreter\linkResolver.cpp, line 804]
Event: 0.770 Thread 0x000002136aef72d0 Exception <a 'java/lang/NoSuchMethodError'{0x0000000711dd3358}: 'int java.lang.invoke.DelegatingMethodHandle$Holder.reinvoke_L(java.lang.Object, java.lang.Object, java.lang.Object, long, long, int)'> (0x0000000711dd3358) 
thrown [s\open\src\hotspot\share\interpreter\linkResolver.cpp, line 804]
Event: 0.770 Thread 0x000002136aef72d0 Exception <a 'java/lang/NoSuchMethodError'{0x0000000711df4910}: 'int java.lang.invoke.DirectMethodHandle$Holder.invokeSpecial(java.lang.Object, java.lang.Object, java.lang.Object, long, long, int)'> (0x0000000711df4910) 
thrown [s\open\src\hotspot\share\interpreter\linkResolver.cpp, line 804]

VM Operations (18 events):
Event: 0.094 Executing non-safepoint VM operation: HandshakeAllThreads (Deoptimize)
Event: 0.094 Executing non-safepoint VM operation: HandshakeAllThreads (Deoptimize) done
Event: 0.174 Executing non-safepoint VM operation: HandshakeAllThreads (Deoptimize)
Event: 0.174 Executing non-safepoint VM operation: HandshakeAllThreads (Deoptimize) done
Event: 0.241 Executing non-safepoint VM operation: HandshakeAllThreads (Deoptimize)
Event: 0.241 Executing non-safepoint VM operation: HandshakeAllThreads (Deoptimize) done
Event: 0.342 Executing non-safepoint VM operation: HandshakeAllThreads (Deoptimize)
Event: 0.342 Executing non-safepoint VM operation: HandshakeAllThreads (Deoptimize) done
Event: 0.359 Executing non-safepoint VM operation: HandshakeAllThreads (Deoptimize)
Event: 0.359 Executing non-safepoint VM operation: HandshakeAllThreads (Deoptimize) done
Event: 0.365 Executing non-safepoint VM operation: HandshakeAllThreads (Deoptimize)
Event: 0.365 Executing non-safepoint VM operation: HandshakeAllThreads (Deoptimize) done
Event: 0.377 Executing non-safepoint VM operation: HandshakeAllThreads (Deoptimize)
Event: 0.377 Executing non-safepoint VM operation: HandshakeAllThreads (Deoptimize) done
Event: 0.389 Executing non-safepoint VM operation: HandshakeAllThreads (Deoptimize)
Event: 0.389 Executing non-safepoint VM operation: HandshakeAllThreads (Deoptimize) done
Event: 0.413 Executing non-safepoint VM operation: HandshakeAllThreads (Deoptimize)
Event: 0.413 Executing non-safepoint VM operation: HandshakeAllThreads (Deoptimize) done

Memory protections (0 events):
No events

Nmethod flushes (0 events):
No events

Events (17 events):
Event: 0.014 Thread 0x000002136aef72d0 Thread added: 0x000002136aef72d0
Event: 0.021 Thread 0x000002136aef72d0 Thread added: 0x000002137d8d8080
Event: 0.021 Thread 0x000002136aef72d0 Thread added: 0x000002137d8d8ae0
Event: 0.021 Thread 0x000002136aef72d0 Thread added: 0x000002137d8dba80
Event: 0.021 Thread 0x000002136aef72d0 Thread added: 0x000002137d8e1a20
Event: 0.021 Thread 0x000002136aef72d0 Thread added: 0x000002137d8e3720
Event: 0.021 Thread 0x000002136aef72d0 Thread added: 0x000002137d8ec570
Event: 0.021 Thread 0x000002136aef72d0 Thread added: 0x000002137d8ed870
Event: 0.021 Thread 0x000002136aef72d0 Thread added: 0x000002137d909f10
Event: 0.035 Thread 0x000002136aef72d0 Thread added: 0x000002137d8e6cc0
Event: 0.038 Thread 0x000002136aef72d0 Thread added: 0x000002137d8e8430
Event: 0.218 Thread 0x000002137d8ed870 Thread added: 0x000002137dcea200
Event: 0.323 Thread 0x000002137dcea200 Thread added: 0x000002137dce81c0
Event: 0.610 Thread 0x000002137dce81c0 Thread exited: 0x000002137dce81c0
Event: 0.610 Thread 0x000002137dcea200 Thread exited: 0x000002137dcea200
Event: 0.626 Thread 0x000002137d8ed870 Thread added: 0x000002137dceba30
Event: 0.647 Thread 0x000002137d909f10 Thread added: 0x000002137dcec240


Dynamic libraries:
0x00007ff6ff730000 - 0x00007ff6ff740000 	C:\Program Files\Java\jdk-25\bin\java.exe
0x00007ff9372a0000 - 0x00007ff937506000 	C:\Windows\SYSTEM32\ntdll.dll
0x00007ff935d30000 - 0x00007ff935df9000 	C:\Windows\System32\KERNEL32.DLL
0x00007ff9345e0000 - 0x00007ff9349da000 	C:\Windows\System32\KERNELBASE.dll
0x00007ff9349e0000 - 0x00007ff934b2c000 	C:\Windows\System32\ucrtbase.dll
0x00007ff911e50000 - 0x00007ff911e67000 	C:\Program Files\Java\jdk-25\bin\jli.dll
0x00007ff90f660000 - 0x00007ff90f67e000 	C:\Program Files\Java\jdk-25\bin\VCRUNTIME140.dll
0x00007ff936bf0000 - 0x00007ff936db7000 	C:\Windows\System32\USER32.dll
0x00007ff934b30000 - 0x00007ff934b57000 	C:\Windows\System32\win32u.dll
0x00007ff918eb0000 - 0x00007ff919142000 	C:\Windows\WinSxS\amd64_microsoft.windows.common-controls_6595b64144ccf1df_6.0.26100.8521_none_3e08b75ce33403b3\COMCTL32.dll
0x00007ff935020000 - 0x00007ff93504b000 	C:\Windows\System32\GDI32.dll
0x00007ff935880000 - 0x00007ff935929000 	C:\Windows\System32\msvcrt.dll
0x00007ff934e50000 - 0x00007ff934f7b000 	C:\Windows\System32\gdi32full.dll
0x00007ff934530000 - 0x00007ff9345d3000 	C:\Windows\System32\msvcp_win.dll
0x00007ff935cf0000 - 0x00007ff935d22000 	C:\Windows\System32\IMM32.DLL
0x00007ff916270000 - 0x00007ff91627c000 	C:\Program Files\Java\jdk-25\bin\vcruntime140_1.dll
0x00007ff8e4330000 - 0x00007ff8e43bd000 	C:\Program Files\Java\jdk-25\bin\msvcp140.dll
0x00007ff8a1ac0000 - 0x00007ff8a291f000 	C:\Program Files\Java\jdk-25\bin\server\jvm.dll
0x00007ff9371a0000 - 0x00007ff937256000 	C:\Windows\System32\ADVAPI32.dll
0x00007ff9359d0000 - 0x00007ff935a7a000 	C:\Windows\System32\sechost.dll
0x00007ff935e00000 - 0x00007ff935f18000 	C:\Windows\System32\RPCRT4.dll
0x00007ff935b80000 - 0x00007ff935c00000 	C:\Windows\System32\WS2_32.dll
0x00007ff9341e0000 - 0x00007ff93423e000 	C:\Windows\SYSTEM32\POWRPROF.dll
0x00007ff92c5c0000 - 0x00007ff92c5cb000 	C:\Windows\SYSTEM32\VERSION.dll
0x00007ff923950000 - 0x00007ff923986000 	C:\Windows\SYSTEM32\WINMM.dll
0x00007ff9341c0000 - 0x00007ff9341d4000 	C:\Windows\SYSTEM32\UMPDC.dll
0x00007ff933280000 - 0x00007ff93329b000 	C:\Windows\SYSTEM32\kernel.appcore.dll
0x00007ff915eb0000 - 0x00007ff915eba000 	C:\Program Files\Java\jdk-25\bin\jimage.dll
0x00007ff9210c0000 - 0x00007ff921302000 	C:\Windows\SYSTEM32\DBGHELP.DLL
0x00007ff936dc0000 - 0x00007ff937143000 	C:\Windows\System32\combase.dll
0x00007ff935c10000 - 0x00007ff935ce9000 	C:\Windows\System32\OLEAUT32.dll
0x00007ff91b1f0000 - 0x00007ff91b22b000 	C:\Windows\SYSTEM32\dbgcore.DLL
0x00007ff934b60000 - 0x00007ff934c08000 	C:\Windows\System32\bcryptPrimitives.dll
0x00007ff90f640000 - 0x00007ff90f65f000 	C:\Program Files\Java\jdk-25\bin\java.dll
0x00007ff936770000 - 0x00007ff936908000 	C:\Windows\System32\ole32.dll
0x00007ff935f20000 - 0x00007ff9366a4000 	C:\Windows\System32\SHELL32.dll
0x00007ff9320d0000 - 0x00007ff932950000 	C:\Windows\SYSTEM32\windows.storage.dll
0x00007ff935280000 - 0x00007ff935376000 	C:\Windows\System32\SHCORE.dll
0x00007ff936b00000 - 0x00007ff936b67000 	C:\Windows\System32\shlwapi.dll
0x00007ff934450000 - 0x00007ff934479000 	C:\Windows\SYSTEM32\profapi.dll
0x00007ff90f540000 - 0x00007ff90f552000 	C:\Program Files\Java\jdk-25\bin\net.dll
0x00007ff9337e0000 - 0x00007ff93384c000 	C:\Windows\system32\mswsock.dll
0x00007ff90e250000 - 0x00007ff90e266000 	C:\Program Files\Java\jdk-25\bin\nio.dll
0x00007ff90f620000 - 0x00007ff90f637000 	C:\Program Files\Java\jdk-25\bin\zip.dll
0x00007ff89f380000 - 0x00007ff89fe19000 	C:\Users\alexi\AppData\Local\Temp\imgui-java-natives\1.92.0\imgui-java64.dll
0x00007ff911280000 - 0x00007ff911304000 	C:\Users\alexi\AppData\Local\Temp\lwjgl_alexi\3.4.1+2\x64\lwjgl.dll
0x00007ff8a5860000 - 0x00007ff8a5ad0000 	C:\Users\alexi\AppData\Local\Temp\lwjgl_alexi\3.4.1+2\x64\jemalloc.dll
0x00007ff90e400000 - 0x00007ff90e48a000 	C:\Users\alexi\AppData\Local\Temp\lwjgl_alexi\3.4.1+2\x64\glfw.dll
0x00007ff9170f0000 - 0x00007ff91713b000 	C:\Windows\SYSTEM32\dinput8.dll
0x00007ff91b1d0000 - 0x00007ff91b1ec000 	C:\Windows\SYSTEM32\xinput1_4.dll
0x00007ff934130000 - 0x00007ff934181000 	C:\Windows\SYSTEM32\cfgmgr32.dll
0x00007ff934100000 - 0x00007ff93412d000 	C:\Windows\SYSTEM32\DEVOBJ.dll
0x00007ff931a20000 - 0x00007ff931a4f000 	C:\Windows\SYSTEM32\dwmapi.dll
0x00007ff9174e0000 - 0x00007ff9176c5000 	C:\Windows\SYSTEM32\inputhost.dll
0x00007ff9312a0000 - 0x00007ff9313c5000 	C:\Windows\SYSTEM32\CoreMessaging.dll
0x00007ff931780000 - 0x00007ff93182a000 	C:\Windows\system32\uxtheme.dll
0x00007ff936910000 - 0x00007ff936a6d000 	C:\Windows\System32\MSCTF.dll
0x00007ff933af0000 - 0x00007ff933afc000 	C:\Windows\SYSTEM32\CRYPTBASE.DLL
0x00007ff910050000 - 0x00007ff91015c000 	C:\Windows\SYSTEM32\opengl32.dll
0x00007ff915cf0000 - 0x00007ff915d1d000 	C:\Windows\SYSTEM32\GLU32.dll
0x00007ff931850000 - 0x00007ff931894000 	C:\Windows\SYSTEM32\dxcore.dll
0x00007ff9154b0000 - 0x00007ff9154cd000 	C:\Windows\SYSTEM32\windows.staterepositorycore.dll
0x00007ff89c4f0000 - 0x00007ff89f375000 	C:\Windows\System32\DriverStore\FileRepository\nv_dispi.inf_amd64_6f3cfb7117944855\nvoglv64.dll
0x00007ff935390000 - 0x00007ff935817000 	C:\Windows\System32\SETUPAPI.dll
0x00007ff9315f0000 - 0x00007ff93161a000 	C:\Windows\SYSTEM32\WTSAPI32.dll
0x00007ff934c10000 - 0x00007ff934d88000 	C:\Windows\System32\CRYPT32.dll
0x00007ff933530000 - 0x00007ff933579000 	C:\Windows\SYSTEM32\SspiCli.dll
0x00007ff933c40000 - 0x00007ff933c53000 	C:\Windows\SYSTEM32\msasn1.dll
0x00007ff92c3a0000 - 0x00007ff92c3db000 	C:\Windows\SYSTEM32\cryptnet.dll
0x00007ff933bd0000 - 0x00007ff933c3a000 	C:\Windows\SYSTEM32\wldp.dll
0x00007ff92c220000 - 0x00007ff92c398000 	C:\Windows\SYSTEM32\drvstore.dll
0x00007ff9333b0000 - 0x00007ff9333e6000 	C:\Windows\SYSTEM32\ntmarta.dll
0x00007ff934f80000 - 0x00007ff935003000 	C:\Windows\System32\WINTRUST.dll
0x00007ff934420000 - 0x00007ff93444a000 	C:\Windows\SYSTEM32\bcrypt.dll
0x00007ff935050000 - 0x00007ff935070000 	C:\Windows\System32\imagehlp.dll
0x00007ff933b00000 - 0x00007ff933b1b000 	C:\Windows\System32\CRYPTSP.dll
0x00007ff9331e0000 - 0x00007ff933219000 	C:\Windows\system32\rsaenh.dll
0x00007ff925640000 - 0x00007ff92b44d000 	C:\Windows\System32\DriverStore\FileRepository\nv_dispi.inf_amd64_6f3cfb7117944855\nvgpucomp64.dll
0x00007ff8c0d40000 - 0x00007ff8c0e87000 	C:\Windows\system32\nvspcap64.dll
0x00007ff933ce0000 - 0x00007ff933d41000 	C:\Windows\SYSTEM32\WINSTA.dll
0x00007ff90e5c0000 - 0x00007ff90e708000 	C:\Windows\SYSTEM32\textinputframework.dll
0x00007ff92cb70000 - 0x00007ff92ce54000 	C:\Windows\SYSTEM32\CoreUIComponents.dll
0x00007ff92e5d0000 - 0x00007ff92e73a000 	C:\Windows\SYSTEM32\wintypes.dll
0x00007ff911220000 - 0x00007ff91127c000 	C:\Users\alexi\AppData\Local\Temp\lwjgl_alexi\3.4.1+2\x64\lwjgl_opengl.dll
0x00007ff8a5630000 - 0x00007ff8a5856000 	C:\Users\alexi\AppData\Local\Temp\lwjgl_alexi\3.4.1+2\x64\freetype.dll
0x00007ff92ff80000 - 0x00007ff9301e7000 	C:\Windows\SYSTEM32\DWrite.dll
0x00007ff917250000 - 0x00007ff917269000 	C:\Windows\SYSTEM32\USP10.dll
0x00007ff914510000 - 0x00007ff914520000 	C:\Program Files\Java\jdk-25\bin\verify.dll

JVMTI agents: none

dbghelp: loaded successfully - version: 4.0.5 - missing functions: none
symbol engine: initialized successfully - sym options: 0x614 - pdb path: .;C:\Program Files\Java\jdk-25\bin;C:\Windows\SYSTEM32;C:\Windows\WinSxS\amd64_microsoft.windows.common-controls_6595b64144ccf1df_6.0.26100.8521_none_3e08b75ce33403b3;C:\Program Files\Java\jdk-25\bin\server;C:\Users\alexi\AppData\Local\Temp\imgui-java-natives\1.92.0;C:\Users\alexi\AppData\Local\Temp\lwjgl_alexi\3.4.1+2\x64;C:\Windows\System32\DriverStore\FileRepository\nv_dispi.inf_amd64_6f3cfb7117944855

VM Arguments:
jvm_args: -Dfile.encoding=UTF-8 -Duser.country=GB -Duser.language=en -Duser.variant 
java_command: com.servilious.projmtn.Game -enableDevMode
java_class_path (initial): C:\Users\alexi\Desktop\Coding Stuff\Games i try to code\ProjectMountain-Servilious-LWJGL3\build\classes\java\main;C:\Users\alexi\Desktop\Coding Stuff\Games i try to code\ProjectMountain-Servilious-LWJGL3\build\resources\main;C:\Users\alexi\.gradle\caches\modules-2\files-2.1\io.github.spair\imgui-java-app\1.92.0\f1096806f47609ab640e5379e395c052dc2c6942\imgui-java-app-1.92.0.jar;C:\Users\alexi\.gradle\caches\modules-2\files-2.1\io.github.spair\imgui-java-lwjgl3\1.92.0\172b9eb03e2f54a449d4e5a2a62ecb31695c3ca0\imgui-java-lwjgl3-1.92.0.jar;C:\Users\alexi\.gradle\caches\modules-2\files-2.1\org.lwjgl\lwjgl-freetype\3.4.1\caa75a37e857efc9b0686e434d708d6420c5b6ea\lwjgl-freetype-3.4.1.jar;C:\Users\alexi\.gradle\caches\modules-2\files-2.1\org.lwjgl\lwjgl-freetype\3.4.1\32fc9cfd236aca5433d53af78bfb15f1b4c1103e\lwjgl-freetype-3.4.1-natives-windows.jar;C:\Users\alexi\.gradle\caches\modules-2\files-2.1\org.lwjgl\lwjgl-glfw\3.4.1\a782b1ddd175c9107bf300fd92920579ea65e2a4\lwjgl-glfw-3.4.1.jar;C:\Users\alexi\.gradle\caches\modules-2\files-2.1\org.lwjgl\lwjgl-glfw\3.4.1\2eb4aa895ea190ba8cf4356f8cea24d3ebb40ea1\lwjgl-glfw-3.4.1-natives-windows.jar;C:\Users\alexi\.gradle\caches\modules-2\files-2.1\org.lwjgl\lwjgl-glfw\3.4.1\23cdf7655ce9f3b27ad90f08e73345e0d5b46362\lwjgl-glfw-3.4.1-natives-linux.jar;C:\Users\alexi\.gradle\caches\modules-2\files-2.1\org.lwjgl\lwjgl-glfw\3.4.1\3c8538942f58377d59cd7be2dc164ba71a53868a\lwjgl-glfw-3.4.1-natives-macos.jar;C:\Users\alexi\.gradle\caches\modules-2\files-2.1\org.lwjgl\lwjgl-glfw\3.4.1\ef1f8efca5a60ba3512bc4982b88e446ecc43378\lwjgl-glfw-3.4.1-natives-macos-arm64.jar;C:\Users\alexi\.gradle\caches\modules-2\files-2.1\org.lwjgl\lwjgl-jemalloc\3.4.1\16b663092854fc6adfe0a941e61cae2bb2e437b6\lwjgl-jemalloc-3.4.1.jar;C:\Users\alexi\.gradle\caches\modules-2\files-2.1\org.lwjgl\lwjgl-jemalloc\3.4.1\70db8048d1aca8a6365f46f9963b8d6cd77b9e94\lwjgl-jemalloc-3.4.1-natives-windows.jar;C:\Users\alexi\.gradle\caches\modules-2\files-2.1\org.lwjgl\lwjgl-openal\3.4.1\8508bd60589de0539aa465b78fcf838efd07ae9a\lwjgl-openal-3.4.1.jar;C:\Users\alexi\.gradle\caches\modules-2\files-2.1\org.lwjgl\lwjgl-openal\3.4.1\8e83fdfdf65c80c9877c6fb6cb645d239ed7638\lwjgl-openal-3.4.1-natives-windows.jar;C:\Users\alexi\.gradle\caches\modules-2\files-2.1\org.lwjgl\lwjgl-opengl\3.4.1\830412cab823c029cda6b9729f9d2ed36cf79959\lwjgl-opengl-3.4.1.jar;C:\Users\alexi\.gradle\caches\modules-2\files-2.1\org.lwjgl\lwjgl-opengl\3.4.1\617f37ef4e2ffb727bd5e74333e8073ef43ca1ec\lwjgl-opengl-3.4.1-natives-windows.jar;C:\Users\alexi\.gradle\caches\modules-2\files-2.1\org.lwjgl\lwjgl-opengl\3.4.1\b750599f0e75ddb19f1d0fe993f3011334b710ae\lwjgl-opengl-3.4.1-natives-linux.jar;C:\Users\alexi\.gradle\caches\modules-2\files-2.1\org.lwjgl\lwjgl-opengl\3.4.1\ba18fc6012b88494ee893506934b92b01c4ef14b\lwjgl-opengl-3.4.1-natives-macos.jar;C:\Users\alexi\.gradle\caches\modules-2\files-2.1\org.lwjgl\lwjgl-opengl\3.4.1\35b5550058de4960525f465243bd01805f04fd8b\lwjgl-opengl-3.4.1-natives-macos-arm64.jar;C:\Users\alexi\.gradle\caches\modules-2\files-2.1\org.lwjgl\lwjgl-renderdoc\3.4.1\593ca5cd6367702acb8b17014bb3bc0d29603146\lwjgl-renderdoc-3.4.1.jar;C:\Users\alexi\.gradle\caches\modules-2\files-2.1\org.lwjgl\lwjgl-stb\3.4.1\f077c3dafc31924fbe8acb0b913f08977ba27f8e\lwjgl-stb-3.4.1.jar;C:\Users\alexi\.gradle\caches\modules-2\files-2.1\org.lwjgl\lwjgl-stb\3.4.1\b4e13ece83c228ecf57354639d8555076a989d74\lwjgl-stb-3.4.1-natives-windows.jar;C:\Users\alexi\.gradle\caches\modules-2\files-2.1\org.lwjgl\lwjgl-sdl\3.4.1\ec28db6e949478044c649fea25eae43b1b161971\lwjgl-sdl-3.4.1.jar;C:\Users\alexi\.gradle\caches\modules-2\files-2.1\org.lwjgl\lwjgl-sdl\3.4.1\1da71d0ae8ff2f60a94fdb066c889c195d097607\lwjgl-sdl-3.4.1-natives-linux.jar;C:\Users\alexi\.gradle\caches\modules-2\files-2.1\org.lwjgl\lwjgl-sdl\3.4.1\b6dacfb1f46fe1cefac27b030d75b58f3644d1d3\lwjgl-sdl-3.4.1-natives-windows.jar;C:\Users\alexi\.gradle\caches\modules-2\files-2.1\org.lwjgl\lwjgl-sdl\3.4.1\ac01403f6c3b65666417185661e0ab3db0711769\lwjgl-sdl-3.4.1-natives-macos.jar;C:\Users\alexi\.gradle\caches\modules-2\files-2.1\org.lwjgl\lwjgl-sdl\3.4.1\23fcd784ae6126e49b8db333ef5015a2a58f661c\lwjgl-sdl-3.4.1-natives-macos-arm64.jar;C:\Users\alexi\.gradle\caches\modules-2\files-2.1\org.lwjgl\lwjgl\3.4.1\6105690714874b995aa7812e4f7732a21109276c\lwjgl-3.4.1.jar;C:\Users\alexi\.gradle\caches\modules-2\files-2.1\org.lwjgl\lwjgl\3.4.1\96a217f0428ab73487f114a54179a4f41e851a04\lwjgl-3.4.1-natives-windows.jar;C:\Users\alexi\.gradle\caches\modules-2\files-2.1\org.lwjgl\lwjgl\3.4.1\2734e106bd95db49fe0da8cf8bf7fd96475c436c\lwjgl-3.4.1-natives-linux.jar;C:\Users\alexi\.gradle\caches\modules-2\files-2.1\org.lwjgl\lwjgl\3.4.1\b034fd9a67cb8646c01af7efcefcb93be835542b\lwjgl-3.4.1-natives-macos.jar;C:\Users\alexi\.gradle\caches\modules-2\files-2.1\org.lwjgl\lwjgl\3.4.1\b4cbdef4818abd714ee66985344c0949fd1cd6d6\lwjgl-3.4.1-natives-macos-arm64.jar;C:\Users\alexi\.gradle\caches\modules-2\files-2.1\org.joml\joml\1.10.9\438e036486bad66b189bff385dd07dea4f74a146\joml-1.10.9.jar;C:\Users\alexi\.gradle\caches\modules-2\files-2.1\io.github.spair\imgui-java-binding\1.92.0\f56a0ef3f4c0e8c140264b92ea8bbcb5b581b3b5\imgui-java-binding-1.92.0.jar;C:\Users\alexi\.gradle\caches\modules-2\files-2.1\io.github.spair\imgui-java-natives-windows\1.92.0\eece9b8e1d62081aa6939a723d5349aba0ce174c\imgui-java-natives-windows-1.92.0.jar
Launcher Type: SUN_STANDARD

[Global flags]
     intx CICompilerCount                          = 4                                         {product} {ergonomic}
     uint ConcGCThreads                            = 3                                         {product} {ergonomic}
     uint G1ConcRefinementThreads                  = 10                                        {product} {ergonomic}
   size_t G1HeapRegionSize                         = 2097152                                   {product} {ergonomic}
   size_t InitialHeapSize                          = 264241152                                 {product} {ergonomic}
   size_t MarkStackSize                            = 4194304                                   {product} {ergonomic}
   size_t MarkStackSizeMax                         = 536870912                                 {product} {ergonomic}
   size_t MaxHeapSize                              = 4217372672                                {product} {ergonomic}
   size_t MaxNewSize                               = 2529165312                                {product} {ergonomic}
   size_t MinHeapDeltaBytes                        = 2097152                                   {product} {ergonomic}
   size_t MinHeapSize                              = 8388608                                   {product} {ergonomic}
    uintx NonNMethodCodeHeapSize                   = 5832704                                {pd product} {ergonomic}
    uintx NonProfiledCodeHeapSize                  = 122945536                              {pd product} {ergonomic}
    uintx ProfiledCodeHeapSize                     = 122880000                              {pd product} {ergonomic}
    uintx ReservedCodeCacheSize                    = 251658240                              {pd product} {ergonomic}
     bool SegmentedCodeCache                       = true                                      {product} {ergonomic}
   size_t SoftMaxHeapSize                          = 4217372672                             {manageable} {ergonomic}
     bool UseCompressedOops                        = true                           {product lp64_product} {ergonomic}
     bool UseG1GC                                  = true                                      {product} {ergonomic}
     bool UseLargePagesIndividualAllocation        = false                                  {pd product} {ergonomic}

Logging:
Log output configuration:
 #0: stdout all=warning uptime,level,tags foldmultilines=false
 #1: stderr all=off uptime,level,tags foldmultilines=false

Release file:
IMPLEMENTOR="Oracle Corporation" 
JAVA_RUNTIME_VERSION="25.0.1+8-LTS-27" 
JAVA_VERSION="25.0.1" 
JAVA_VERSION_DATE="2025-10-21" 
LIBC="default" 
MODULES="java.base java.compiler java.datatransfer java.xml java.prefs java.desktop java.instrument java.logging java.management java.security.sasl java.naming java.rmi java.management.rmi java.net.http java.scripting java.security.jgss java.transaction.xa java.sql java.sql.rowset java.xml.crypto java.se java.smartcardio jdk.accessibility jdk.internal.jvmstat jdk.attach jdk.charsets jdk.internal.opt jdk.zipfs jdk.compiler jdk.crypto.cryptoki jdk.crypto.ec jdk.crypto.mscapi jdk.dynalink jdk.internal.ed jdk.editpad jdk.internal.vm.ci jdk.graal.compiler jdk.graal.compiler.management jdk.hotspot.agent jdk.httpserver jdk.incubator.vector jdk.internal.le jdk.internal.md jdk.jartool jdk.javadoc jdk.jcmd jdk.management jdk.management.agent jdk.jconsole jdk.jdeps jdk.jdwp.agent jdk.jdi jdk.jfr jdk.jlink jdk.jpackage jdk.jshell jdk.jsobject jdk.jstatd jdk.localedata jdk.management.jfr jdk.naming.dns jdk.naming.rmi jdk.net jdk.nio.mapmode jdk.sctp jdk.security.auth jdk.security.jgss jdk.unsupported jdk.unsupported.desktop jdk.xml.dom" 
OS_ARCH="x86_64" 
OS_NAME="Windows" 
SOURCE=".:git:862c85bc42b7 open:git:78770bfaefd2" 

Environment Variables:
JAVA_HOME=C:\Program Files\Java\jdk-21.0.10
PATH=C:\Program Files\Eclipse Adoptium\jdk-8.0.482.8-hotspot\bin;C:\Windows\system32;C:\Windows;C:\Windows\System32\Wbem;C:\Windows\System32\WindowsPowerShell\v1.0\;C:\Windows\System32\OpenSSH\;C:\Program Files (x86)\NVIDIA Corporation\PhysX\Common;C:\Program Files\NVIDIA Corporation\NVIDIA App\NvDLISR;C:\Program Files\CMake\bin;C:\Program Files\Java\jdk-21.0.10\bin;C:\Program Files\Git\cmd;C:\Program Files (x86)\Microsoft ASP.NET\ASP.NET Web Pages\v1.0\;C:\Program Files\Microsoft SQL Server\110\Tools\Binn\;C:\Program Files (x86)\Windows Kits\10\Windows Performance Toolkit\;C:\Program Files\dotnet\;C:\Program Files\RenderDoc;C:\Users\alexi\AppData\Local\Programs\Eclipse Adoptium\jdk-17.0.17.10-hotspot\bin;C:\Users\alexi\AppData\Local\Microsoft\WindowsApps;C:\Program Files\RenderDoc;
USERNAME=alexi
OS=Windows_NT
PROCESSOR_IDENTIFIER=Intel64 Family 6 Model 186 Stepping 2, GenuineIntel
TMP=C:\Users\alexi\AppData\Local\Temp
TEMP=C:\Users\alexi\AppData\Local\Temp




Compilation memory statistics disabled.

Periodic native trim disabled

---------------  S Y S T E M  ---------------

OS:
 Windows 11 , 64 bit Build 26100 (10.0.26100.8521)
OS uptime: 3 days 1:04 hours
Hyper-V role detected

CPU: total 12 (initial active 12) (6 cores per cpu, 2 threads per core) family 6 model 186 stepping 2 microcode 0x4123, cx8, cmov, fxsr, ht, mmx, 3dnowpref, sse, sse2, sse3, ssse3, sse4.1, sse4.2, popcnt, lzcnt, tsc, tscinvbit, avx, avx2, aes, erms, clmul, bmi1, bmi2, adx, sha, fma, vzeroupper, clflush, clflushopt, clwb, hv, serialize, rdtscp, rdpid, fsrm, gfni, f16c, cet_ibt, cet_ss
Processor Information for processor 0
  Max Mhz: 2100, Current Mhz: 2100, Mhz Limit: 2100
Processor Information for processor 1
  Max Mhz: 2100, Current Mhz: 2100, Mhz Limit: 2100
Processor Information for processor 2
  Max Mhz: 2100, Current Mhz: 2100, Mhz Limit: 2100
Processor Information for processor 3
  Max Mhz: 2100, Current Mhz: 2100, Mhz Limit: 2100
Processor Information for processor 4
  Max Mhz: 2100, Current Mhz: 2100, Mhz Limit: 2100
Processor Information for processor 5
  Max Mhz: 2100, Current Mhz: 2100, Mhz Limit: 2100
Processor Information for processor 6
  Max Mhz: 2100, Current Mhz: 2100, Mhz Limit: 2100
Processor Information for processor 7
  Max Mhz: 2100, Current Mhz: 2100, Mhz Limit: 2100
Processor Information for processor 8
  Max Mhz: 2100, Current Mhz: 1500, Mhz Limit: 1491
Processor Information for processor 9
  Max Mhz: 2100, Current Mhz: 1500, Mhz Limit: 1491
Processor Information for processor 10
  Max Mhz: 2100, Current Mhz: 1500, Mhz Limit: 1491
Processor Information for processor 11
  Max Mhz: 2100, Current Mhz: 1500, Mhz Limit: 1491

Memory: 4k page, system-wide physical 16087M (4540M free)
TotalPageFile size 17239M (AvailPageFile size 3405M)
current process WorkingSet (physical memory assigned to process): 169M, peak: 169M
current process commit charge ("private bytes"): 451M, peak: 462M

vm_info: Java HotSpot(TM) 64-Bit Server VM (25.0.1+8-LTS-27) for windows-amd64 JRE (25.0.1+8-LTS-27), built on 2025-09-25T16:41:16Z with unknown MS VC++:1943

END.
